{"/Users/nellwatson/Documents/GitHub/MillOS/src/scada/AlarmManager.ts": {"path":"/Users/nellwatson/Documents/GitHub/MillOS/src/scada/AlarmManager.ts","statementMap":{"0":{"start":{"line":23,"column":2},"end":{"line":23,"column":null}},"1":{"start":{"line":24,"column":2},"end":{"line":24,"column":null}},"2":{"start":{"line":25,"column":2},"end":{"line":25,"column":null}},"3":{"start":{"line":26,"column":2},"end":{"line":26,"column":null}},"4":{"start":{"line":27,"column":2},"end":{"line":27,"column":null}},"5":{"start":{"line":30,"column":2},"end":{"line":37,"column":null}},"6":{"start":{"line":40,"column":2},"end":{"line":40,"column":null}},"7":{"start":{"line":48,"column":4},"end":{"line":48,"column":null}},"8":{"start":{"line":49,"column":4},"end":{"line":52,"column":null}},"9":{"start":{"line":50,"column":6},"end":{"line":50,"column":null}},"10":{"start":{"line":51,"column":6},"end":{"line":51,"column":null}},"11":{"start":{"line":41,"column":2},"end":{"line":41,"column":null}},"12":{"start":{"line":45,"column":2},"end":{"line":45,"column":null}},"13":{"start":{"line":59,"column":4},"end":{"line":59,"column":null}},"14":{"start":{"line":71,"column":16},"end":{"line":71,"column":null}},"15":{"start":{"line":72,"column":4},"end":{"line":72,"column":null}},"16":{"start":{"line":72,"column":14},"end":{"line":72,"column":null}},"17":{"start":{"line":75,"column":4},"end":{"line":75,"column":null}},"18":{"start":{"line":78,"column":4},"end":{"line":85,"column":null}},"19":{"start":{"line":80,"column":24},"end":{"line":80,"column":null}},"20":{"start":{"line":81,"column":6},"end":{"line":83,"column":null}},"21":{"start":{"line":82,"column":8},"end":{"line":82,"column":null}},"22":{"start":{"line":84,"column":6},"end":{"line":84,"column":null}},"23":{"start":{"line":87,"column":21},"end":{"line":87,"column":null}},"24":{"start":{"line":88,"column":22},"end":{"line":88,"column":null}},"25":{"start":{"line":89,"column":21},"end":{"line":89,"column":null}},"26":{"start":{"line":92,"column":4},"end":{"line":94,"column":null}},"27":{"start":{"line":93,"column":6},"end":{"line":93,"column":null}},"28":{"start":{"line":97,"column":4},"end":{"line":101,"column":null}},"29":{"start":{"line":98,"column":6},"end":{"line":98,"column":null}},"30":{"start":{"line":99,"column":6},"end":{"line":99,"column":null}},"31":{"start":{"line":100,"column":6},"end":{"line":100,"column":null}},"32":{"start":{"line":104,"column":38},"end":{"line":104,"column":null}},"33":{"start":{"line":105,"column":20},"end":{"line":105,"column":null}},"34":{"start":{"line":106,"column":34},"end":{"line":106,"column":null}},"35":{"start":{"line":108,"column":4},"end":{"line":150,"column":null}},"36":{"start":{"line":109,"column":6},"end":{"line":109,"column":null}},"37":{"start":{"line":110,"column":6},"end":{"line":110,"column":null}},"38":{"start":{"line":111,"column":6},"end":{"line":111,"column":null}},"39":{"start":{"line":112,"column":4},"end":{"line":150,"column":null}},"40":{"start":{"line":114,"column":6},"end":{"line":128,"column":null}},"41":{"start":{"line":115,"column":8},"end":{"line":123,"column":null}},"42":{"start":{"line":116,"column":10},"end":{"line":116,"column":null}},"43":{"start":{"line":117,"column":10},"end":{"line":117,"column":null}},"44":{"start":{"line":118,"column":10},"end":{"line":118,"column":null}},"45":{"start":{"line":120,"column":10},"end":{"line":120,"column":null}},"46":{"start":{"line":121,"column":10},"end":{"line":121,"column":null}},"47":{"start":{"line":122,"column":10},"end":{"line":122,"column":null}},"48":{"start":{"line":125,"column":8},"end":{"line":125,"column":null}},"49":{"start":{"line":126,"column":8},"end":{"line":126,"column":null}},"50":{"start":{"line":127,"column":8},"end":{"line":127,"column":null}},"51":{"start":{"line":129,"column":4},"end":{"line":150,"column":null}},"52":{"start":{"line":130,"column":6},"end":{"line":130,"column":null}},"53":{"start":{"line":131,"column":6},"end":{"line":131,"column":null}},"54":{"start":{"line":132,"column":6},"end":{"line":132,"column":null}},"55":{"start":{"line":133,"column":4},"end":{"line":150,"column":null}},"56":{"start":{"line":135,"column":6},"end":{"line":149,"column":null}},"57":{"start":{"line":136,"column":8},"end":{"line":144,"column":null}},"58":{"start":{"line":137,"column":10},"end":{"line":137,"column":null}},"59":{"start":{"line":138,"column":10},"end":{"line":138,"column":null}},"60":{"start":{"line":139,"column":10},"end":{"line":139,"column":null}},"61":{"start":{"line":141,"column":10},"end":{"line":141,"column":null}},"62":{"start":{"line":142,"column":10},"end":{"line":142,"column":null}},"63":{"start":{"line":143,"column":10},"end":{"line":143,"column":null}},"64":{"start":{"line":146,"column":8},"end":{"line":146,"column":null}},"65":{"start":{"line":147,"column":8},"end":{"line":147,"column":null}},"66":{"start":{"line":148,"column":8},"end":{"line":148,"column":null}},"67":{"start":{"line":153,"column":4},"end":{"line":171,"column":null}},"68":{"start":{"line":155,"column":6},"end":{"line":158,"column":null}},"69":{"start":{"line":157,"column":8},"end":{"line":157,"column":null}},"70":{"start":{"line":159,"column":6},"end":{"line":159,"column":null}},"71":{"start":{"line":162,"column":6},"end":{"line":170,"column":null}},"72":{"start":{"line":163,"column":28},"end":{"line":163,"column":null}},"73":{"start":{"line":164,"column":8},"end":{"line":167,"column":null}},"74":{"start":{"line":165,"column":10},"end":{"line":165,"column":null}},"75":{"start":{"line":166,"column":10},"end":{"line":166,"column":null}},"76":{"start":{"line":169,"column":8},"end":{"line":169,"column":null}},"77":{"start":{"line":179,"column":21},"end":{"line":179,"column":null}},"78":{"start":{"line":181,"column":4},"end":{"line":192,"column":null}},"79":{"start":{"line":183,"column":8},"end":{"line":183,"column":null}},"80":{"start":{"line":185,"column":8},"end":{"line":185,"column":null}},"81":{"start":{"line":187,"column":8},"end":{"line":187,"column":null}},"82":{"start":{"line":189,"column":8},"end":{"line":189,"column":null}},"83":{"start":{"line":191,"column":8},"end":{"line":191,"column":null}},"84":{"start":{"line":203,"column":16},"end":{"line":203,"column":null}},"85":{"start":{"line":204,"column":20},"end":{"line":204,"column":null}},"86":{"start":{"line":206,"column":4},"end":{"line":209,"column":null}},"87":{"start":{"line":207,"column":6},"end":{"line":207,"column":null}},"88":{"start":{"line":208,"column":6},"end":{"line":208,"column":null}},"89":{"start":{"line":219,"column":20},"end":{"line":219,"column":null}},"90":{"start":{"line":220,"column":21},"end":{"line":220,"column":null}},"91":{"start":{"line":222,"column":4},"end":{"line":245,"column":null}},"92":{"start":{"line":223,"column":27},"end":{"line":234,"column":null}},"93":{"start":{"line":236,"column":6},"end":{"line":236,"column":null}},"94":{"start":{"line":237,"column":6},"end":{"line":240,"column":null}},"95":{"start":{"line":241,"column":6},"end":{"line":241,"column":null}},"96":{"start":{"line":244,"column":6},"end":{"line":244,"column":null}},"97":{"start":{"line":249,"column":30},"end":{"line":249,"column":null}},"98":{"start":{"line":251,"column":4},"end":{"line":255,"column":null}},"99":{"start":{"line":252,"column":6},"end":{"line":254,"column":null}},"100":{"start":{"line":253,"column":8},"end":{"line":253,"column":null}},"101":{"start":{"line":257,"column":4},"end":{"line":280,"column":null}},"102":{"start":{"line":258,"column":20},"end":{"line":258,"column":null}},"103":{"start":{"line":259,"column":6},"end":{"line":279,"column":null}},"104":{"start":{"line":260,"column":20},"end":{"line":260,"column":null}},"105":{"start":{"line":262,"column":8},"end":{"line":278,"column":null}},"106":{"start":{"line":264,"column":10},"end":{"line":264,"column":null}},"107":{"start":{"line":265,"column":10},"end":{"line":265,"column":null}},"108":{"start":{"line":266,"column":10},"end":{"line":269,"column":null}},"109":{"start":{"line":270,"column":8},"end":{"line":278,"column":null}},"110":{"start":{"line":272,"column":10},"end":{"line":272,"column":null}},"111":{"start":{"line":273,"column":10},"end":{"line":273,"column":null}},"112":{"start":{"line":274,"column":10},"end":{"line":277,"column":null}},"113":{"start":{"line":282,"column":4},"end":{"line":284,"column":null}},"114":{"start":{"line":283,"column":6},"end":{"line":283,"column":null}},"115":{"start":{"line":291,"column":18},"end":{"line":291,"column":null}},"116":{"start":{"line":292,"column":4},"end":{"line":295,"column":null}},"117":{"start":{"line":293,"column":6},"end":{"line":293,"column":null}},"118":{"start":{"line":294,"column":6},"end":{"line":294,"column":null}},"119":{"start":{"line":297,"column":16},"end":{"line":297,"column":null}},"120":{"start":{"line":298,"column":4},"end":{"line":298,"column":null}},"121":{"start":{"line":299,"column":4},"end":{"line":299,"column":null}},"122":{"start":{"line":301,"column":4},"end":{"line":310,"column":null}},"123":{"start":{"line":303,"column":6},"end":{"line":303,"column":null}},"124":{"start":{"line":304,"column":6},"end":{"line":304,"column":null}},"125":{"start":{"line":305,"column":4},"end":{"line":310,"column":null}},"126":{"start":{"line":307,"column":6},"end":{"line":307,"column":null}},"127":{"start":{"line":308,"column":6},"end":{"line":308,"column":null}},"128":{"start":{"line":309,"column":6},"end":{"line":309,"column":null}},"129":{"start":{"line":312,"column":4},"end":{"line":312,"column":null}},"130":{"start":{"line":313,"column":4},"end":{"line":313,"column":null}},"131":{"start":{"line":320,"column":16},"end":{"line":320,"column":null}},"132":{"start":{"line":321,"column":21},"end":{"line":321,"column":null}},"133":{"start":{"line":323,"column":4},"end":{"line":327,"column":null}},"134":{"start":{"line":324,"column":6},"end":{"line":326,"column":null}},"135":{"start":{"line":325,"column":8},"end":{"line":325,"column":null}},"136":{"start":{"line":329,"column":4},"end":{"line":329,"column":null}},"137":{"start":{"line":333,"column":4},"end":{"line":337,"column":null}},"138":{"start":{"line":340,"column":4},"end":{"line":342,"column":null}},"139":{"start":{"line":341,"column":6},"end":{"line":341,"column":null}},"140":{"start":{"line":353,"column":4},"end":{"line":359,"column":null}},"141":{"start":{"line":360,"column":4},"end":{"line":360,"column":null}},"142":{"start":{"line":367,"column":4},"end":{"line":367,"column":null}},"143":{"start":{"line":368,"column":4},"end":{"line":368,"column":null}},"144":{"start":{"line":375,"column":24},"end":{"line":375,"column":null}},"145":{"start":{"line":376,"column":4},"end":{"line":376,"column":null}},"146":{"start":{"line":376,"column":22},"end":{"line":376,"column":null}},"147":{"start":{"line":379,"column":4},"end":{"line":382,"column":null}},"148":{"start":{"line":380,"column":6},"end":{"line":380,"column":null}},"149":{"start":{"line":381,"column":6},"end":{"line":381,"column":null}},"150":{"start":{"line":384,"column":4},"end":{"line":384,"column":null}},"151":{"start":{"line":395,"column":4},"end":{"line":410,"column":null}},"152":{"start":{"line":396,"column":59},"end":{"line":401,"column":null}},"153":{"start":{"line":404,"column":6},"end":{"line":406,"column":null}},"154":{"start":{"line":405,"column":8},"end":{"line":405,"column":null}},"155":{"start":{"line":409,"column":6},"end":{"line":409,"column":null}},"156":{"start":{"line":417,"column":4},"end":{"line":417,"column":null}},"157":{"start":{"line":417,"column":48},"end":{"line":417,"column":65}},"158":{"start":{"line":424,"column":4},"end":{"line":424,"column":null}},"159":{"start":{"line":424,"column":48},"end":{"line":424,"column":73}},"160":{"start":{"line":431,"column":16},"end":{"line":431,"column":null}},"161":{"start":{"line":432,"column":4},"end":{"line":436,"column":null}},"162":{"start":{"line":433,"column":6},"end":{"line":435,"column":null}},"163":{"start":{"line":434,"column":8},"end":{"line":434,"column":null}},"164":{"start":{"line":437,"column":4},"end":{"line":437,"column":null}},"165":{"start":{"line":444,"column":50},"end":{"line":449,"column":null}},"166":{"start":{"line":451,"column":4},"end":{"line":453,"column":null}},"167":{"start":{"line":452,"column":6},"end":{"line":452,"column":null}},"168":{"start":{"line":455,"column":4},"end":{"line":455,"column":null}},"169":{"start":{"line":462,"column":4},"end":{"line":462,"column":null}},"170":{"start":{"line":469,"column":16},"end":{"line":469,"column":null}},"171":{"start":{"line":470,"column":4},"end":{"line":474,"column":null}},"172":{"start":{"line":471,"column":6},"end":{"line":473,"column":null}},"173":{"start":{"line":472,"column":8},"end":{"line":472,"column":null}},"174":{"start":{"line":482,"column":4},"end":{"line":482,"column":null}},"175":{"start":{"line":483,"column":4},"end":{"line":483,"column":null}},"176":{"start":{"line":494,"column":4},"end":{"line":494,"column":null}},"177":{"start":{"line":497,"column":4},"end":{"line":497,"column":null}},"178":{"start":{"line":499,"column":4},"end":{"line":501,"column":null}},"179":{"start":{"line":500,"column":6},"end":{"line":500,"column":null}},"180":{"start":{"line":505,"column":19},"end":{"line":505,"column":null}},"181":{"start":{"line":507,"column":26},"end":{"line":507,"column":null}},"182":{"start":{"line":508,"column":4},"end":{"line":514,"column":null}},"183":{"start":{"line":509,"column":6},"end":{"line":513,"column":null}},"184":{"start":{"line":510,"column":8},"end":{"line":510,"column":null}},"185":{"start":{"line":512,"column":8},"end":{"line":512,"column":null}},"186":{"start":{"line":525,"column":22},"end":{"line":525,"column":null}},"187":{"start":{"line":526,"column":4},"end":{"line":530,"column":null}},"188":{"start":{"line":527,"column":6},"end":{"line":529,"column":null}},"189":{"start":{"line":528,"column":8},"end":{"line":528,"column":null}},"190":{"start":{"line":531,"column":4},"end":{"line":531,"column":null}},"191":{"start":{"line":544,"column":19},"end":{"line":544,"column":null}},"192":{"start":{"line":545,"column":4},"end":{"line":551,"column":null}},"193":{"start":{"line":558,"column":4},"end":{"line":558,"column":null}},"194":{"start":{"line":559,"column":4},"end":{"line":559,"column":null}},"195":{"start":{"line":560,"column":4},"end":{"line":560,"column":null}},"196":{"start":{"line":561,"column":4},"end":{"line":561,"column":null}},"197":{"start":{"line":562,"column":4},"end":{"line":562,"column":null}},"198":{"start":{"line":563,"column":4},"end":{"line":566,"column":null}},"199":{"start":{"line":564,"column":6},"end":{"line":564,"column":null}},"200":{"start":{"line":565,"column":6},"end":{"line":565,"column":null}},"201":{"start":{"line":567,"column":4},"end":{"line":567,"column":null}}},"fnMap":{"0":{"name":"(anonymous_0)","decl":{"start":{"line":47,"column":2},"end":{"line":47,"column":14}},"loc":{"start":{"line":47,"column":37},"end":{"line":53,"column":null}},"line":47},"1":{"name":"(anonymous_1)","decl":{"start":{"line":49,"column":17},"end":{"line":49,"column":18}},"loc":{"start":{"line":49,"column":24},"end":{"line":52,"column":5}},"line":49},"2":{"name":"(anonymous_2)","decl":{"start":{"line":58,"column":10},"end":{"line":58,"column":32}},"loc":{"start":{"line":58,"column":32},"end":{"line":60,"column":null}},"line":58},"3":{"name":"(anonymous_3)","decl":{"start":{"line":70,"column":2},"end":{"line":70,"column":11}},"loc":{"start":{"line":70,"column":37},"end":{"line":172,"column":null}},"line":70},"4":{"name":"(anonymous_4)","decl":{"start":{"line":174,"column":10},"end":{"line":174,"column":null}},"loc":{"start":{"line":178,"column":13},"end":{"line":193,"column":null}},"line":178},"5":{"name":"(anonymous_5)","decl":{"start":{"line":202,"column":10},"end":{"line":202,"column":23}},"loc":{"start":{"line":202,"column":59},"end":{"line":210,"column":null}},"line":202},"6":{"name":"(anonymous_6)","decl":{"start":{"line":212,"column":10},"end":{"line":212,"column":null}},"loc":{"start":{"line":218,"column":10},"end":{"line":246,"column":null}},"line":218},"7":{"name":"(anonymous_7)","decl":{"start":{"line":248,"column":10},"end":{"line":248,"column":21}},"loc":{"start":{"line":248,"column":42},"end":{"line":285,"column":null}},"line":248},"8":{"name":"(anonymous_8)","decl":{"start":{"line":251,"column":30},"end":{"line":251,"column":31}},"loc":{"start":{"line":251,"column":45},"end":{"line":255,"column":5}},"line":251},"9":{"name":"(anonymous_9)","decl":{"start":{"line":257,"column":20},"end":{"line":257,"column":21}},"loc":{"start":{"line":257,"column":28},"end":{"line":280,"column":5}},"line":257},"10":{"name":"(anonymous_10)","decl":{"start":{"line":290,"column":2},"end":{"line":290,"column":14}},"loc":{"start":{"line":290,"column":58},"end":{"line":314,"column":null}},"line":290},"11":{"name":"(anonymous_11)","decl":{"start":{"line":319,"column":2},"end":{"line":319,"column":17}},"loc":{"start":{"line":319,"column":43},"end":{"line":330,"column":null}},"line":319},"12":{"name":"(anonymous_12)","decl":{"start":{"line":323,"column":21},"end":{"line":323,"column":22}},"loc":{"start":{"line":323,"column":29},"end":{"line":327,"column":5}},"line":323},"13":{"name":"(anonymous_13)","decl":{"start":{"line":332,"column":10},"end":{"line":332,"column":23}},"loc":{"start":{"line":332,"column":62},"end":{"line":343,"column":null}},"line":332},"14":{"name":"(anonymous_14)","decl":{"start":{"line":352,"column":2},"end":{"line":352,"column":11}},"loc":{"start":{"line":352,"column":87},"end":{"line":361,"column":null}},"line":352},"15":{"name":"(anonymous_15)","decl":{"start":{"line":366,"column":2},"end":{"line":366,"column":13}},"loc":{"start":{"line":366,"column":34},"end":{"line":369,"column":null}},"line":366},"16":{"name":"(anonymous_16)","decl":{"start":{"line":374,"column":2},"end":{"line":374,"column":20}},"loc":{"start":{"line":374,"column":44},"end":{"line":385,"column":null}},"line":374},"17":{"name":"(anonymous_17)","decl":{"start":{"line":394,"column":2},"end":{"line":394,"column":29}},"loc":{"start":{"line":394,"column":29},"end":{"line":411,"column":null}},"line":394},"18":{"name":"(anonymous_18)","decl":{"start":{"line":395,"column":55},"end":{"line":395,"column":56}},"loc":{"start":{"line":395,"column":65},"end":{"line":410,"column":5}},"line":395},"19":{"name":"(anonymous_19)","decl":{"start":{"line":416,"column":2},"end":{"line":416,"column":19}},"loc":{"start":{"line":416,"column":47},"end":{"line":418,"column":null}},"line":416},"20":{"name":"(anonymous_20)","decl":{"start":{"line":417,"column":41},"end":{"line":417,"column":42}},"loc":{"start":{"line":417,"column":48},"end":{"line":417,"column":65}},"line":417},"21":{"name":"(anonymous_21)","decl":{"start":{"line":423,"column":2},"end":{"line":423,"column":22}},"loc":{"start":{"line":423,"column":50},"end":{"line":425,"column":null}},"line":423},"22":{"name":"(anonymous_22)","decl":{"start":{"line":424,"column":41},"end":{"line":424,"column":42}},"loc":{"start":{"line":424,"column":48},"end":{"line":424,"column":73}},"line":424},"23":{"name":"(anonymous_23)","decl":{"start":{"line":430,"column":2},"end":{"line":430,"column":35}},"loc":{"start":{"line":430,"column":35},"end":{"line":438,"column":null}},"line":430},"24":{"name":"(anonymous_24)","decl":{"start":{"line":432,"column":30},"end":{"line":432,"column":31}},"loc":{"start":{"line":432,"column":41},"end":{"line":436,"column":5}},"line":432},"25":{"name":"(anonymous_25)","decl":{"start":{"line":443,"column":2},"end":{"line":443,"column":54}},"loc":{"start":{"line":443,"column":54},"end":{"line":456,"column":null}},"line":443},"26":{"name":"(anonymous_26)","decl":{"start":{"line":451,"column":30},"end":{"line":451,"column":31}},"loc":{"start":{"line":451,"column":41},"end":{"line":453,"column":5}},"line":451},"27":{"name":"(anonymous_27)","decl":{"start":{"line":461,"column":2},"end":{"line":461,"column":18}},"loc":{"start":{"line":461,"column":40},"end":{"line":463,"column":null}},"line":461},"28":{"name":"(anonymous_28)","decl":{"start":{"line":468,"column":10},"end":{"line":468,"column":43}},"loc":{"start":{"line":468,"column":43},"end":{"line":475,"column":null}},"line":468},"29":{"name":"(anonymous_29)","decl":{"start":{"line":470,"column":30},"end":{"line":470,"column":31}},"loc":{"start":{"line":470,"column":46},"end":{"line":474,"column":5}},"line":470},"30":{"name":"(anonymous_30)","decl":{"start":{"line":480,"column":2},"end":{"line":480,"column":42}},"loc":{"start":{"line":480,"column":42},"end":{"line":484,"column":null}},"line":480},"31":{"name":"(anonymous_31)","decl":{"start":{"line":493,"column":2},"end":{"line":493,"column":12}},"loc":{"start":{"line":493,"column":61},"end":{"line":502,"column":null}},"line":493},"32":{"name":"(anonymous_32)","decl":{"start":{"line":499,"column":11},"end":{"line":499,"column":17}},"loc":{"start":{"line":499,"column":17},"end":{"line":501,"column":null}},"line":499},"33":{"name":"(anonymous_33)","decl":{"start":{"line":504,"column":10},"end":{"line":504,"column":34}},"loc":{"start":{"line":504,"column":34},"end":{"line":515,"column":null}},"line":504},"34":{"name":"(anonymous_34)","decl":{"start":{"line":508,"column":26},"end":{"line":508,"column":27}},"loc":{"start":{"line":508,"column":34},"end":{"line":514,"column":5}},"line":508},"35":{"name":"(anonymous_35)","decl":{"start":{"line":524,"column":2},"end":{"line":524,"column":31}},"loc":{"start":{"line":524,"column":31},"end":{"line":532,"column":null}},"line":524},"36":{"name":"(anonymous_36)","decl":{"start":{"line":526,"column":30},"end":{"line":526,"column":31}},"loc":{"start":{"line":526,"column":41},"end":{"line":530,"column":5}},"line":526},"37":{"name":"(anonymous_37)","decl":{"start":{"line":537,"column":2},"end":{"line":537,"column":null}},"loc":{"start":{"line":543,"column":4},"end":{"line":552,"column":null}},"line":543},"38":{"name":"(anonymous_38)","decl":{"start":{"line":557,"column":2},"end":{"line":557,"column":16}},"loc":{"start":{"line":557,"column":16},"end":{"line":568,"column":null}},"line":557},"39":{"name":"(anonymous_39)","decl":{"start":{"line":563,"column":33},"end":{"line":563,"column":34}},"loc":{"start":{"line":563,"column":44},"end":{"line":566,"column":5}},"line":563}},"branchMap":{"0":{"loc":{"start":{"line":72,"column":4},"end":{"line":72,"column":null}},"type":"if","locations":[{"start":{"line":72,"column":4},"end":{"line":72,"column":null}},{"start":{},"end":{}}],"line":72},"1":{"loc":{"start":{"line":78,"column":4},"end":{"line":85,"column":null}},"type":"if","locations":[{"start":{"line":78,"column":4},"end":{"line":85,"column":null}},{"start":{},"end":{}}],"line":78},"2":{"loc":{"start":{"line":81,"column":6},"end":{"line":83,"column":null}},"type":"if","locations":[{"start":{"line":81,"column":6},"end":{"line":83,"column":null}},{"start":{},"end":{}}],"line":81},"3":{"loc":{"start":{"line":89,"column":21},"end":{"line":89,"column":null}},"type":"binary-expr","locations":[{"start":{"line":89,"column":21},"end":{"line":89,"column":37}},{"start":{"line":89,"column":37},"end":{"line":89,"column":null}}],"line":89},"4":{"loc":{"start":{"line":92,"column":4},"end":{"line":94,"column":null}},"type":"if","locations":[{"start":{"line":92,"column":4},"end":{"line":94,"column":null}},{"start":{},"end":{}}],"line":92},"5":{"loc":{"start":{"line":97,"column":4},"end":{"line":101,"column":null}},"type":"if","locations":[{"start":{"line":97,"column":4},"end":{"line":101,"column":null}},{"start":{},"end":{}}],"line":97},"6":{"loc":{"start":{"line":108,"column":4},"end":{"line":150,"column":null}},"type":"if","locations":[{"start":{"line":108,"column":4},"end":{"line":150,"column":null}},{"start":{"line":112,"column":4},"end":{"line":150,"column":null}}],"line":108},"7":{"loc":{"start":{"line":108,"column":8},"end":{"line":108,"column":66}},"type":"binary-expr","locations":[{"start":{"line":108,"column":8},"end":{"line":108,"column":39}},{"start":{"line":108,"column":39},"end":{"line":108,"column":66}}],"line":108},"8":{"loc":{"start":{"line":112,"column":4},"end":{"line":150,"column":null}},"type":"if","locations":[{"start":{"line":112,"column":4},"end":{"line":150,"column":null}},{"start":{"line":129,"column":4},"end":{"line":150,"column":null}}],"line":112},"9":{"loc":{"start":{"line":112,"column":15},"end":{"line":112,"column":69}},"type":"binary-expr","locations":[{"start":{"line":112,"column":15},"end":{"line":112,"column":44}},{"start":{"line":112,"column":44},"end":{"line":112,"column":69}}],"line":112},"10":{"loc":{"start":{"line":114,"column":6},"end":{"line":128,"column":null}},"type":"if","locations":[{"start":{"line":114,"column":6},"end":{"line":128,"column":null}},{"start":{"line":124,"column":13},"end":{"line":128,"column":null}}],"line":114},"11":{"loc":{"start":{"line":115,"column":8},"end":{"line":123,"column":null}},"type":"if","locations":[{"start":{"line":115,"column":8},"end":{"line":123,"column":null}},{"start":{"line":119,"column":15},"end":{"line":123,"column":null}}],"line":115},"12":{"loc":{"start":{"line":129,"column":4},"end":{"line":150,"column":null}},"type":"if","locations":[{"start":{"line":129,"column":4},"end":{"line":150,"column":null}},{"start":{"line":133,"column":4},"end":{"line":150,"column":null}}],"line":129},"13":{"loc":{"start":{"line":129,"column":15},"end":{"line":129,"column":73}},"type":"binary-expr","locations":[{"start":{"line":129,"column":15},"end":{"line":129,"column":46}},{"start":{"line":129,"column":46},"end":{"line":129,"column":73}}],"line":129},"14":{"loc":{"start":{"line":133,"column":4},"end":{"line":150,"column":null}},"type":"if","locations":[{"start":{"line":133,"column":4},"end":{"line":150,"column":null}},{"start":{},"end":{}}],"line":133},"15":{"loc":{"start":{"line":133,"column":15},"end":{"line":133,"column":69}},"type":"binary-expr","locations":[{"start":{"line":133,"column":15},"end":{"line":133,"column":44}},{"start":{"line":133,"column":44},"end":{"line":133,"column":69}}],"line":133},"16":{"loc":{"start":{"line":135,"column":6},"end":{"line":149,"column":null}},"type":"if","locations":[{"start":{"line":135,"column":6},"end":{"line":149,"column":null}},{"start":{"line":145,"column":13},"end":{"line":149,"column":null}}],"line":135},"17":{"loc":{"start":{"line":136,"column":8},"end":{"line":144,"column":null}},"type":"if","locations":[{"start":{"line":136,"column":8},"end":{"line":144,"column":null}},{"start":{"line":140,"column":15},"end":{"line":144,"column":null}}],"line":136},"18":{"loc":{"start":{"line":153,"column":4},"end":{"line":171,"column":null}},"type":"if","locations":[{"start":{"line":153,"column":4},"end":{"line":171,"column":null}},{"start":{"line":160,"column":11},"end":{"line":171,"column":null}}],"line":153},"19":{"loc":{"start":{"line":155,"column":6},"end":{"line":158,"column":null}},"type":"if","locations":[{"start":{"line":155,"column":6},"end":{"line":158,"column":null}},{"start":{},"end":{}}],"line":155},"20":{"loc":{"start":{"line":155,"column":10},"end":{"line":155,"column":63}},"type":"binary-expr","locations":[{"start":{"line":155,"column":10},"end":{"line":155,"column":33}},{"start":{"line":155,"column":33},"end":{"line":155,"column":63}}],"line":155},"21":{"loc":{"start":{"line":162,"column":6},"end":{"line":170,"column":null}},"type":"if","locations":[{"start":{"line":162,"column":6},"end":{"line":170,"column":null}},{"start":{"line":168,"column":13},"end":{"line":170,"column":null}}],"line":162},"22":{"loc":{"start":{"line":164,"column":8},"end":{"line":167,"column":null}},"type":"if","locations":[{"start":{"line":164,"column":8},"end":{"line":167,"column":null}},{"start":{},"end":{}}],"line":164},"23":{"loc":{"start":{"line":179,"column":21},"end":{"line":179,"column":null}},"type":"binary-expr","locations":[{"start":{"line":179,"column":21},"end":{"line":179,"column":37}},{"start":{"line":179,"column":37},"end":{"line":179,"column":null}}],"line":179},"24":{"loc":{"start":{"line":181,"column":4},"end":{"line":192,"column":null}},"type":"switch","locations":[{"start":{"line":182,"column":6},"end":{"line":183,"column":null}},{"start":{"line":184,"column":6},"end":{"line":185,"column":null}},{"start":{"line":186,"column":6},"end":{"line":187,"column":null}},{"start":{"line":188,"column":6},"end":{"line":189,"column":null}},{"start":{"line":190,"column":6},"end":{"line":191,"column":null}}],"line":181},"25":{"loc":{"start":{"line":183,"column":15},"end":{"line":183,"column":null}},"type":"binary-expr","locations":[{"start":{"line":183,"column":15},"end":{"line":183,"column":46}},{"start":{"line":183,"column":46},"end":{"line":183,"column":null}}],"line":183},"26":{"loc":{"start":{"line":185,"column":15},"end":{"line":185,"column":null}},"type":"binary-expr","locations":[{"start":{"line":185,"column":15},"end":{"line":185,"column":44}},{"start":{"line":185,"column":44},"end":{"line":185,"column":null}}],"line":185},"27":{"loc":{"start":{"line":187,"column":15},"end":{"line":187,"column":null}},"type":"binary-expr","locations":[{"start":{"line":187,"column":15},"end":{"line":187,"column":46}},{"start":{"line":187,"column":46},"end":{"line":187,"column":null}}],"line":187},"28":{"loc":{"start":{"line":189,"column":15},"end":{"line":189,"column":null}},"type":"binary-expr","locations":[{"start":{"line":189,"column":15},"end":{"line":189,"column":44}},{"start":{"line":189,"column":44},"end":{"line":189,"column":null}}],"line":189},"29":{"loc":{"start":{"line":204,"column":20},"end":{"line":204,"column":null}},"type":"binary-expr","locations":[{"start":{"line":204,"column":20},"end":{"line":204,"column":49}},{"start":{"line":204,"column":49},"end":{"line":204,"column":null}}],"line":204},"30":{"loc":{"start":{"line":206,"column":4},"end":{"line":209,"column":null}},"type":"if","locations":[{"start":{"line":206,"column":4},"end":{"line":209,"column":null}},{"start":{},"end":{}}],"line":206},"31":{"loc":{"start":{"line":222,"column":4},"end":{"line":245,"column":null}},"type":"if","locations":[{"start":{"line":222,"column":4},"end":{"line":245,"column":null}},{"start":{"line":242,"column":11},"end":{"line":245,"column":null}}],"line":222},"32":{"loc":{"start":{"line":252,"column":6},"end":{"line":254,"column":null}},"type":"if","locations":[{"start":{"line":252,"column":6},"end":{"line":254,"column":null}},{"start":{},"end":{}}],"line":252},"33":{"loc":{"start":{"line":259,"column":6},"end":{"line":279,"column":null}},"type":"if","locations":[{"start":{"line":259,"column":6},"end":{"line":279,"column":null}},{"start":{},"end":{}}],"line":259},"34":{"loc":{"start":{"line":262,"column":8},"end":{"line":278,"column":null}},"type":"if","locations":[{"start":{"line":262,"column":8},"end":{"line":278,"column":null}},{"start":{"line":270,"column":8},"end":{"line":278,"column":null}}],"line":262},"35":{"loc":{"start":{"line":270,"column":8},"end":{"line":278,"column":null}},"type":"if","locations":[{"start":{"line":270,"column":8},"end":{"line":278,"column":null}},{"start":{},"end":{}}],"line":270},"36":{"loc":{"start":{"line":282,"column":4},"end":{"line":284,"column":null}},"type":"if","locations":[{"start":{"line":282,"column":4},"end":{"line":284,"column":null}},{"start":{},"end":{}}],"line":282},"37":{"loc":{"start":{"line":292,"column":4},"end":{"line":295,"column":null}},"type":"if","locations":[{"start":{"line":292,"column":4},"end":{"line":295,"column":null}},{"start":{},"end":{}}],"line":292},"38":{"loc":{"start":{"line":301,"column":4},"end":{"line":310,"column":null}},"type":"if","locations":[{"start":{"line":301,"column":4},"end":{"line":310,"column":null}},{"start":{"line":305,"column":4},"end":{"line":310,"column":null}}],"line":301},"39":{"loc":{"start":{"line":305,"column":4},"end":{"line":310,"column":null}},"type":"if","locations":[{"start":{"line":305,"column":4},"end":{"line":310,"column":null}},{"start":{},"end":{}}],"line":305},"40":{"loc":{"start":{"line":324,"column":6},"end":{"line":326,"column":null}},"type":"if","locations":[{"start":{"line":324,"column":6},"end":{"line":326,"column":null}},{"start":{},"end":{}}],"line":324},"41":{"loc":{"start":{"line":340,"column":4},"end":{"line":342,"column":null}},"type":"if","locations":[{"start":{"line":340,"column":4},"end":{"line":342,"column":null}},{"start":{},"end":{}}],"line":340},"42":{"loc":{"start":{"line":358,"column":17},"end":{"line":358,"column":null}},"type":"cond-expr","locations":[{"start":{"line":358,"column":30},"end":{"line":358,"column":56}},{"start":{"line":358,"column":56},"end":{"line":358,"column":null}}],"line":358},"43":{"loc":{"start":{"line":376,"column":4},"end":{"line":376,"column":null}},"type":"if","locations":[{"start":{"line":376,"column":4},"end":{"line":376,"column":null}},{"start":{},"end":{}}],"line":376},"44":{"loc":{"start":{"line":379,"column":4},"end":{"line":382,"column":null}},"type":"if","locations":[{"start":{"line":379,"column":4},"end":{"line":382,"column":null}},{"start":{},"end":{}}],"line":379},"45":{"loc":{"start":{"line":379,"column":8},"end":{"line":379,"column":70}},"type":"binary-expr","locations":[{"start":{"line":379,"column":8},"end":{"line":379,"column":33}},{"start":{"line":379,"column":33},"end":{"line":379,"column":70}}],"line":379},"46":{"loc":{"start":{"line":404,"column":6},"end":{"line":406,"column":null}},"type":"if","locations":[{"start":{"line":404,"column":6},"end":{"line":406,"column":null}},{"start":{},"end":{}}],"line":404},"47":{"loc":{"start":{"line":433,"column":6},"end":{"line":435,"column":null}},"type":"if","locations":[{"start":{"line":433,"column":6},"end":{"line":435,"column":null}},{"start":{},"end":{}}],"line":433},"48":{"loc":{"start":{"line":433,"column":10},"end":{"line":433,"column":66}},"type":"binary-expr","locations":[{"start":{"line":433,"column":10},"end":{"line":433,"column":37}},{"start":{"line":433,"column":37},"end":{"line":433,"column":66}}],"line":433},"49":{"loc":{"start":{"line":461,"column":18},"end":{"line":461,"column":40}},"type":"default-arg","locations":[{"start":{"line":461,"column":26},"end":{"line":461,"column":40}}],"line":461},"50":{"loc":{"start":{"line":471,"column":6},"end":{"line":473,"column":null}},"type":"if","locations":[{"start":{"line":471,"column":6},"end":{"line":473,"column":null}},{"start":{},"end":{}}],"line":471},"51":{"loc":{"start":{"line":471,"column":10},"end":{"line":471,"column":49}},"type":"binary-expr","locations":[{"start":{"line":471,"column":10},"end":{"line":471,"column":27}},{"start":{"line":471,"column":27},"end":{"line":471,"column":49}}],"line":471},"52":{"loc":{"start":{"line":527,"column":6},"end":{"line":529,"column":null}},"type":"if","locations":[{"start":{"line":527,"column":6},"end":{"line":529,"column":null}},{"start":{},"end":{}}],"line":527}},"s":{"0":17,"1":17,"2":17,"3":17,"4":17,"5":17,"6":17,"7":17,"8":17,"9":1530,"10":1530,"11":1,"12":1,"13":0,"14":0,"15":0,"16":0,"17":0,"18":0,"19":0,"20":0,"21":0,"22":0,"23":0,"24":0,"25":0,"26":0,"27":0,"28":0,"29":0,"30":0,"31":0,"32":0,"33":0,"34":0,"35":0,"36":0,"37":0,"38":0,"39":0,"40":0,"41":0,"42":0,"43":0,"44":0,"45":0,"46":0,"47":0,"48":0,"49":0,"50":0,"51":0,"52":0,"53":0,"54":0,"55":0,"56":0,"57":0,"58":0,"59":0,"60":0,"61":0,"62":0,"63":0,"64":0,"65":0,"66":0,"67":0,"68":0,"69":0,"70":0,"71":0,"72":0,"73":0,"74":0,"75":0,"76":0,"77":0,"78":0,"79":0,"80":0,"81":0,"82":0,"83":0,"84":0,"85":0,"86":0,"87":0,"88":0,"89":0,"90":0,"91":0,"92":0,"93":0,"94":0,"95":0,"96":0,"97":0,"98":0,"99":0,"100":0,"101":0,"102":0,"103":0,"104":0,"105":0,"106":0,"107":0,"108":0,"109":0,"110":0,"111":0,"112":0,"113":0,"114":0,"115":0,"116":0,"117":0,"118":0,"119":0,"120":0,"121":0,"122":0,"123":0,"124":0,"125":0,"126":0,"127":0,"128":0,"129":0,"130":0,"131":0,"132":0,"133":0,"134":0,"135":0,"136":0,"137":0,"138":0,"139":0,"140":0,"141":0,"142":0,"143":0,"144":0,"145":0,"146":0,"147":0,"148":0,"149":0,"150":0,"151":39,"152":0,"153":0,"154":0,"155":0,"156":0,"157":0,"158":0,"159":0,"160":1,"161":1,"162":0,"163":0,"164":1,"165":1,"166":1,"167":0,"168":1,"169":0,"170":0,"171":0,"172":0,"173":0,"174":0,"175":0,"176":17,"177":17,"178":17,"179":17,"180":18,"181":18,"182":18,"183":0,"184":0,"185":0,"186":1,"187":1,"188":0,"189":0,"190":1,"191":1,"192":1,"193":18,"194":18,"195":18,"196":18,"197":18,"198":18,"199":1620,"200":1620,"201":18},"f":{"0":17,"1":1530,"2":0,"3":0,"4":0,"5":0,"6":0,"7":0,"8":0,"9":0,"10":0,"11":0,"12":0,"13":0,"14":0,"15":0,"16":0,"17":39,"18":0,"19":0,"20":0,"21":0,"22":0,"23":1,"24":0,"25":1,"26":0,"27":0,"28":0,"29":0,"30":0,"31":17,"32":17,"33":18,"34":0,"35":1,"36":0,"37":1,"38":18,"39":1620},"b":{"0":[0,0],"1":[0,0],"2":[0,0],"3":[0,0],"4":[0,0],"5":[0,0],"6":[0,0],"7":[0,0],"8":[0,0],"9":[0,0],"10":[0,0],"11":[0,0],"12":[0,0],"13":[0,0],"14":[0,0],"15":[0,0],"16":[0,0],"17":[0,0],"18":[0,0],"19":[0,0],"20":[0,0],"21":[0,0],"22":[0,0],"23":[0,0],"24":[0,0,0,0,0],"25":[0,0],"26":[0,0],"27":[0,0],"28":[0,0],"29":[0,0],"30":[0,0],"31":[0,0],"32":[0,0],"33":[0,0],"34":[0,0],"35":[0,0],"36":[0,0],"37":[0,0],"38":[0,0],"39":[0,0],"40":[0,0],"41":[0,0],"42":[0,0],"43":[0,0],"44":[0,0],"45":[0,0],"46":[0,0],"47":[0,0],"48":[0,0],"49":[0],"50":[0,0],"51":[0,0],"52":[0,0]},"meta":{"lastBranch":53,"lastFunction":40,"lastStatement":202,"seen":{"f:47:2:47:14":0,"s:23:2:23:Infinity":0,"s:24:2:24:Infinity":1,"s:25:2:25:Infinity":2,"s:26:2:26:Infinity":3,"s:27:2:27:Infinity":4,"s:30:2:37:Infinity":5,"s:40:2:40:Infinity":6,"s:48:4:48:Infinity":7,"s:49:4:52:Infinity":8,"f:49:17:49:18":1,"s:50:6:50:Infinity":9,"s:51:6:51:Infinity":10,"s:41:2:41:Infinity":11,"s:45:2:45:Infinity":12,"f:58:10:58:32":2,"s:59:4:59:Infinity":13,"f:70:2:70:11":3,"s:71:16:71:Infinity":14,"b:72:4:72:Infinity:undefined:undefined:undefined:undefined":0,"s:72:4:72:Infinity":15,"s:72:14:72:Infinity":16,"s:75:4:75:Infinity":17,"b:78:4:85:Infinity:undefined:undefined:undefined:undefined":1,"s:78:4:85:Infinity":18,"s:80:24:80:Infinity":19,"b:81:6:83:Infinity:undefined:undefined:undefined:undefined":2,"s:81:6:83:Infinity":20,"s:82:8:82:Infinity":21,"s:84:6:84:Infinity":22,"s:87:21:87:Infinity":23,"s:88:22:88:Infinity":24,"s:89:21:89:Infinity":25,"b:89:21:89:37:89:37:89:Infinity":3,"b:92:4:94:Infinity:undefined:undefined:undefined:undefined":4,"s:92:4:94:Infinity":26,"s:93:6:93:Infinity":27,"b:97:4:101:Infinity:undefined:undefined:undefined:undefined":5,"s:97:4:101:Infinity":28,"s:98:6:98:Infinity":29,"s:99:6:99:Infinity":30,"s:100:6:100:Infinity":31,"s:104:38:104:Infinity":32,"s:105:20:105:Infinity":33,"s:106:34:106:Infinity":34,"b:108:4:150:Infinity:112:4:150:Infinity":6,"s:108:4:150:Infinity":35,"b:108:8:108:39:108:39:108:66":7,"s:109:6:109:Infinity":36,"s:110:6:110:Infinity":37,"s:111:6:111:Infinity":38,"b:112:4:150:Infinity:129:4:150:Infinity":8,"s:112:4:150:Infinity":39,"b:112:15:112:44:112:44:112:69":9,"b:114:6:128:Infinity:124:13:128:Infinity":10,"s:114:6:128:Infinity":40,"b:115:8:123:Infinity:119:15:123:Infinity":11,"s:115:8:123:Infinity":41,"s:116:10:116:Infinity":42,"s:117:10:117:Infinity":43,"s:118:10:118:Infinity":44,"s:120:10:120:Infinity":45,"s:121:10:121:Infinity":46,"s:122:10:122:Infinity":47,"s:125:8:125:Infinity":48,"s:126:8:126:Infinity":49,"s:127:8:127:Infinity":50,"b:129:4:150:Infinity:133:4:150:Infinity":12,"s:129:4:150:Infinity":51,"b:129:15:129:46:129:46:129:73":13,"s:130:6:130:Infinity":52,"s:131:6:131:Infinity":53,"s:132:6:132:Infinity":54,"b:133:4:150:Infinity:undefined:undefined:undefined:undefined":14,"s:133:4:150:Infinity":55,"b:133:15:133:44:133:44:133:69":15,"b:135:6:149:Infinity:145:13:149:Infinity":16,"s:135:6:149:Infinity":56,"b:136:8:144:Infinity:140:15:144:Infinity":17,"s:136:8:144:Infinity":57,"s:137:10:137:Infinity":58,"s:138:10:138:Infinity":59,"s:139:10:139:Infinity":60,"s:141:10:141:Infinity":61,"s:142:10:142:Infinity":62,"s:143:10:143:Infinity":63,"s:146:8:146:Infinity":64,"s:147:8:147:Infinity":65,"s:148:8:148:Infinity":66,"b:153:4:171:Infinity:160:11:171:Infinity":18,"s:153:4:171:Infinity":67,"b:155:6:158:Infinity:undefined:undefined:undefined:undefined":19,"s:155:6:158:Infinity":68,"b:155:10:155:33:155:33:155:63":20,"s:157:8:157:Infinity":69,"s:159:6:159:Infinity":70,"b:162:6:170:Infinity:168:13:170:Infinity":21,"s:162:6:170:Infinity":71,"s:163:28:163:Infinity":72,"b:164:8:167:Infinity:undefined:undefined:undefined:undefined":22,"s:164:8:167:Infinity":73,"s:165:10:165:Infinity":74,"s:166:10:166:Infinity":75,"s:169:8:169:Infinity":76,"f:174:10:174:Infinity":4,"s:179:21:179:Infinity":77,"b:179:21:179:37:179:37:179:Infinity":23,"b:182:6:183:Infinity:184:6:185:Infinity:186:6:187:Infinity:188:6:189:Infinity:190:6:191:Infinity":24,"s:181:4:192:Infinity":78,"s:183:8:183:Infinity":79,"b:183:15:183:46:183:46:183:Infinity":25,"s:185:8:185:Infinity":80,"b:185:15:185:44:185:44:185:Infinity":26,"s:187:8:187:Infinity":81,"b:187:15:187:46:187:46:187:Infinity":27,"s:189:8:189:Infinity":82,"b:189:15:189:44:189:44:189:Infinity":28,"s:191:8:191:Infinity":83,"f:202:10:202:23":5,"s:203:16:203:Infinity":84,"s:204:20:204:Infinity":85,"b:204:20:204:49:204:49:204:Infinity":29,"b:206:4:209:Infinity:undefined:undefined:undefined:undefined":30,"s:206:4:209:Infinity":86,"s:207:6:207:Infinity":87,"s:208:6:208:Infinity":88,"f:212:10:212:Infinity":6,"s:219:20:219:Infinity":89,"s:220:21:220:Infinity":90,"b:222:4:245:Infinity:242:11:245:Infinity":31,"s:222:4:245:Infinity":91,"s:223:27:234:Infinity":92,"s:236:6:236:Infinity":93,"s:237:6:240:Infinity":94,"s:241:6:241:Infinity":95,"s:244:6:244:Infinity":96,"f:248:10:248:21":7,"s:249:30:249:Infinity":97,"s:251:4:255:Infinity":98,"f:251:30:251:31":8,"b:252:6:254:Infinity:undefined:undefined:undefined:undefined":32,"s:252:6:254:Infinity":99,"s:253:8:253:Infinity":100,"s:257:4:280:Infinity":101,"f:257:20:257:21":9,"s:258:20:258:Infinity":102,"b:259:6:279:Infinity:undefined:undefined:undefined:undefined":33,"s:259:6:279:Infinity":103,"s:260:20:260:Infinity":104,"b:262:8:278:Infinity:270:8:278:Infinity":34,"s:262:8:278:Infinity":105,"s:264:10:264:Infinity":106,"s:265:10:265:Infinity":107,"s:266:10:269:Infinity":108,"b:270:8:278:Infinity:undefined:undefined:undefined:undefined":35,"s:270:8:278:Infinity":109,"s:272:10:272:Infinity":110,"s:273:10:273:Infinity":111,"s:274:10:277:Infinity":112,"b:282:4:284:Infinity:undefined:undefined:undefined:undefined":36,"s:282:4:284:Infinity":113,"s:283:6:283:Infinity":114,"f:290:2:290:14":10,"s:291:18:291:Infinity":115,"b:292:4:295:Infinity:undefined:undefined:undefined:undefined":37,"s:292:4:295:Infinity":116,"s:293:6:293:Infinity":117,"s:294:6:294:Infinity":118,"s:297:16:297:Infinity":119,"s:298:4:298:Infinity":120,"s:299:4:299:Infinity":121,"b:301:4:310:Infinity:305:4:310:Infinity":38,"s:301:4:310:Infinity":122,"s:303:6:303:Infinity":123,"s:304:6:304:Infinity":124,"b:305:4:310:Infinity:undefined:undefined:undefined:undefined":39,"s:305:4:310:Infinity":125,"s:307:6:307:Infinity":126,"s:308:6:308:Infinity":127,"s:309:6:309:Infinity":128,"s:312:4:312:Infinity":129,"s:313:4:313:Infinity":130,"f:319:2:319:17":11,"s:320:16:320:Infinity":131,"s:321:21:321:Infinity":132,"s:323:4:327:Infinity":133,"f:323:21:323:22":12,"b:324:6:326:Infinity:undefined:undefined:undefined:undefined":40,"s:324:6:326:Infinity":134,"s:325:8:325:Infinity":135,"s:329:4:329:Infinity":136,"f:332:10:332:23":13,"s:333:4:337:Infinity":137,"b:340:4:342:Infinity:undefined:undefined:undefined:undefined":41,"s:340:4:342:Infinity":138,"s:341:6:341:Infinity":139,"f:352:2:352:11":14,"s:353:4:359:Infinity":140,"b:358:30:358:56:358:56:358:Infinity":42,"s:360:4:360:Infinity":141,"f:366:2:366:13":15,"s:367:4:367:Infinity":142,"s:368:4:368:Infinity":143,"f:374:2:374:20":16,"s:375:24:375:Infinity":144,"b:376:4:376:Infinity:undefined:undefined:undefined:undefined":43,"s:376:4:376:Infinity":145,"s:376:22:376:Infinity":146,"b:379:4:382:Infinity:undefined:undefined:undefined:undefined":44,"s:379:4:382:Infinity":147,"b:379:8:379:33:379:33:379:70":45,"s:380:6:380:Infinity":148,"s:381:6:381:Infinity":149,"s:384:4:384:Infinity":150,"f:394:2:394:29":17,"s:395:4:410:Infinity":151,"f:395:55:395:56":18,"s:396:59:401:Infinity":152,"b:404:6:406:Infinity:undefined:undefined:undefined:undefined":46,"s:404:6:406:Infinity":153,"s:405:8:405:Infinity":154,"s:409:6:409:Infinity":155,"f:416:2:416:19":19,"s:417:4:417:Infinity":156,"f:417:41:417:42":20,"s:417:48:417:65":157,"f:423:2:423:22":21,"s:424:4:424:Infinity":158,"f:424:41:424:42":22,"s:424:48:424:73":159,"f:430:2:430:35":23,"s:431:16:431:Infinity":160,"s:432:4:436:Infinity":161,"f:432:30:432:31":24,"b:433:6:435:Infinity:undefined:undefined:undefined:undefined":47,"s:433:6:435:Infinity":162,"b:433:10:433:37:433:37:433:66":48,"s:434:8:434:Infinity":163,"s:437:4:437:Infinity":164,"f:443:2:443:54":25,"s:444:50:449:Infinity":165,"s:451:4:453:Infinity":166,"f:451:30:451:31":26,"s:452:6:452:Infinity":167,"s:455:4:455:Infinity":168,"f:461:2:461:18":27,"b:461:26:461:40":49,"s:462:4:462:Infinity":169,"f:468:10:468:43":28,"s:469:16:469:Infinity":170,"s:470:4:474:Infinity":171,"f:470:30:470:31":29,"b:471:6:473:Infinity:undefined:undefined:undefined:undefined":50,"s:471:6:473:Infinity":172,"b:471:10:471:27:471:27:471:49":51,"s:472:8:472:Infinity":173,"f:480:2:480:42":30,"s:482:4:482:Infinity":174,"s:483:4:483:Infinity":175,"f:493:2:493:12":31,"s:494:4:494:Infinity":176,"s:497:4:497:Infinity":177,"s:499:4:501:Infinity":178,"f:499:11:499:17":32,"s:500:6:500:Infinity":179,"f:504:10:504:34":33,"s:505:19:505:Infinity":180,"s:507:26:507:Infinity":181,"s:508:4:514:Infinity":182,"f:508:26:508:27":34,"s:509:6:513:Infinity":183,"s:510:8:510:Infinity":184,"s:512:8:512:Infinity":185,"f:524:2:524:31":35,"s:525:22:525:Infinity":186,"s:526:4:530:Infinity":187,"f:526:30:526:31":36,"b:527:6:529:Infinity:undefined:undefined:undefined:undefined":52,"s:527:6:529:Infinity":188,"s:528:8:528:Infinity":189,"s:531:4:531:Infinity":190,"f:537:2:537:Infinity":37,"s:544:19:544:Infinity":191,"s:545:4:551:Infinity":192,"f:557:2:557:16":38,"s:558:4:558:Infinity":193,"s:559:4:559:Infinity":194,"s:560:4:560:Infinity":195,"s:561:4:561:Infinity":196,"s:562:4:562:Infinity":197,"s:563:4:566:Infinity":198,"f:563:33:563:34":39,"s:564:6:564:Infinity":199,"s:565:6:565:Infinity":200,"s:567:4:567:Infinity":201}}}
,"/Users/nellwatson/Documents/GitHub/MillOS/src/scada/HistoryStore.ts": {"path":"/Users/nellwatson/Documents/GitHub/MillOS/src/scada/HistoryStore.ts","statementMap":{"0":{"start":{"line":36,"column":43},"end":{"line":42,"column":null}},"1":{"start":{"line":47,"column":20},"end":{"line":52,"column":null}},"2":{"start":{"line":48,"column":18},"end":{"line":50,"column":null}},"3":{"start":{"line":49,"column":4},"end":{"line":49,"column":null}},"4":{"start":{"line":49,"column":21},"end":{"line":49,"column":92}},"5":{"start":{"line":51,"column":2},"end":{"line":51,"column":null}},"6":{"start":{"line":55,"column":2},"end":{"line":55,"column":null}},"7":{"start":{"line":56,"column":2},"end":{"line":56,"column":null}},"8":{"start":{"line":57,"column":2},"end":{"line":57,"column":null}},"9":{"start":{"line":59,"column":2},"end":{"line":59,"column":null}},"10":{"start":{"line":60,"column":2},"end":{"line":60,"column":null}},"11":{"start":{"line":61,"column":2},"end":{"line":61,"column":null}},"12":{"start":{"line":62,"column":2},"end":{"line":62,"column":null}},"13":{"start":{"line":63,"column":2},"end":{"line":63,"column":null}},"14":{"start":{"line":64,"column":2},"end":{"line":64,"column":null}},"15":{"start":{"line":65,"column":2},"end":{"line":65,"column":null}},"16":{"start":{"line":66,"column":2},"end":{"line":66,"column":null}},"17":{"start":{"line":69,"column":2},"end":{"line":69,"column":null}},"18":{"start":{"line":72,"column":4},"end":{"line":72,"column":null}},"19":{"start":{"line":83,"column":4},"end":{"line":83,"column":null}},"20":{"start":{"line":83,"column":28},"end":{"line":83,"column":null}},"21":{"start":{"line":86,"column":4},"end":{"line":91,"column":null}},"22":{"start":{"line":87,"column":6},"end":{"line":87,"column":null}},"23":{"start":{"line":88,"column":6},"end":{"line":88,"column":null}},"24":{"start":{"line":89,"column":6},"end":{"line":89,"column":null}},"25":{"start":{"line":90,"column":6},"end":{"line":90,"column":null}},"26":{"start":{"line":93,"column":4},"end":{"line":147,"column":null}},"27":{"start":{"line":94,"column":22},"end":{"line":94,"column":null}},"28":{"start":{"line":96,"column":6},"end":{"line":122,"column":null}},"29":{"start":{"line":97,"column":20},"end":{"line":97,"column":null}},"30":{"start":{"line":100,"column":8},"end":{"line":108,"column":null}},"31":{"start":{"line":101,"column":24},"end":{"line":104,"column":null}},"32":{"start":{"line":105,"column":10},"end":{"line":105,"column":null}},"33":{"start":{"line":106,"column":10},"end":{"line":106,"column":null}},"34":{"start":{"line":107,"column":10},"end":{"line":107,"column":null}},"35":{"start":{"line":111,"column":8},"end":{"line":119,"column":null}},"36":{"start":{"line":112,"column":24},"end":{"line":115,"column":null}},"37":{"start":{"line":116,"column":10},"end":{"line":116,"column":null}},"38":{"start":{"line":117,"column":10},"end":{"line":117,"column":null}},"39":{"start":{"line":118,"column":10},"end":{"line":118,"column":null}},"40":{"start":{"line":121,"column":8},"end":{"line":121,"column":null}},"41":{"start":{"line":124,"column":6},"end":{"line":139,"column":null}},"42":{"start":{"line":125,"column":8},"end":{"line":125,"column":null}},"43":{"start":{"line":126,"column":8},"end":{"line":126,"column":null}},"44":{"start":{"line":129,"column":8},"end":{"line":129,"column":null}},"45":{"start":{"line":129,"column":47},"end":{"line":129,"column":68}},"46":{"start":{"line":132,"column":8},"end":{"line":132,"column":null}},"47":{"start":{"line":132,"column":49},"end":{"line":132,"column":65}},"48":{"start":{"line":135,"column":8},"end":{"line":135,"column":null}},"49":{"start":{"line":137,"column":8},"end":{"line":137,"column":null}},"50":{"start":{"line":138,"column":8},"end":{"line":138,"column":null}},"51":{"start":{"line":141,"column":6},"end":{"line":146,"column":null}},"52":{"start":{"line":142,"column":8},"end":{"line":142,"column":null}},"53":{"start":{"line":143,"column":8},"end":{"line":143,"column":null}},"54":{"start":{"line":144,"column":8},"end":{"line":144,"column":null}},"55":{"start":{"line":145,"column":8},"end":{"line":145,"column":null}},"56":{"start":{"line":156,"column":4},"end":{"line":159,"column":null}},"57":{"start":{"line":157,"column":6},"end":{"line":157,"column":null}},"58":{"start":{"line":158,"column":6},"end":{"line":158,"column":null}},"59":{"start":{"line":160,"column":4},"end":{"line":163,"column":null}},"60":{"start":{"line":161,"column":6},"end":{"line":161,"column":null}},"61":{"start":{"line":162,"column":6},"end":{"line":162,"column":null}},"62":{"start":{"line":166,"column":4},"end":{"line":168,"column":null}},"63":{"start":{"line":167,"column":6},"end":{"line":167,"column":null}},"64":{"start":{"line":170,"column":4},"end":{"line":173,"column":null}},"65":{"start":{"line":171,"column":6},"end":{"line":171,"column":null}},"66":{"start":{"line":172,"column":6},"end":{"line":172,"column":null}},"67":{"start":{"line":175,"column":4},"end":{"line":175,"column":null}},"68":{"start":{"line":176,"column":4},"end":{"line":176,"column":null}},"69":{"start":{"line":177,"column":4},"end":{"line":177,"column":null}},"70":{"start":{"line":178,"column":4},"end":{"line":178,"column":null}},"71":{"start":{"line":179,"column":4},"end":{"line":179,"column":null}},"72":{"start":{"line":180,"column":4},"end":{"line":180,"column":null}},"73":{"start":{"line":181,"column":4},"end":{"line":181,"column":null}},"74":{"start":{"line":194,"column":4},"end":{"line":194,"column":null}},"75":{"start":{"line":194,"column":30},"end":{"line":194,"column":null}},"76":{"start":{"line":196,"column":21},"end":{"line":196,"column":null}},"77":{"start":{"line":199,"column":22},"end":{"line":199,"column":null}},"78":{"start":{"line":200,"column":4},"end":{"line":205,"column":null}},"79":{"start":{"line":201,"column":20},"end":{"line":201,"column":null}},"80":{"start":{"line":202,"column":6},"end":{"line":204,"column":null}},"81":{"start":{"line":203,"column":8},"end":{"line":203,"column":null}},"82":{"start":{"line":208,"column":4},"end":{"line":208,"column":null}},"83":{"start":{"line":210,"column":4},"end":{"line":215,"column":null}},"84":{"start":{"line":218,"column":4},"end":{"line":220,"column":null}},"85":{"start":{"line":219,"column":6},"end":{"line":219,"column":null}},"86":{"start":{"line":228,"column":4},"end":{"line":228,"column":null}},"87":{"start":{"line":228,"column":26},"end":{"line":228,"column":47}},"88":{"start":{"line":235,"column":4},"end":{"line":235,"column":null}},"89":{"start":{"line":235,"column":30},"end":{"line":235,"column":null}},"90":{"start":{"line":237,"column":4},"end":{"line":249,"column":null}},"91":{"start":{"line":256,"column":4},"end":{"line":256,"column":null}},"92":{"start":{"line":256,"column":30},"end":{"line":256,"column":null}},"93":{"start":{"line":258,"column":15},"end":{"line":258,"column":null}},"94":{"start":{"line":259,"column":4},"end":{"line":259,"column":null}},"95":{"start":{"line":259,"column":13},"end":{"line":259,"column":null}},"96":{"start":{"line":262,"column":4},"end":{"line":265,"column":null}},"97":{"start":{"line":263,"column":6},"end":{"line":263,"column":null}},"98":{"start":{"line":264,"column":6},"end":{"line":264,"column":null}},"99":{"start":{"line":266,"column":4},"end":{"line":266,"column":null}},"100":{"start":{"line":268,"column":4},"end":{"line":324,"column":null}},"101":{"start":{"line":270,"column":6},"end":{"line":292,"column":null}},"102":{"start":{"line":271,"column":24},"end":{"line":271,"column":null}},"103":{"start":{"line":273,"column":8},"end":{"line":291,"column":null}},"104":{"start":{"line":274,"column":30},"end":{"line":274,"column":null}},"105":{"start":{"line":275,"column":24},"end":{"line":275,"column":null}},"106":{"start":{"line":277,"column":10},"end":{"line":279,"column":null}},"107":{"start":{"line":278,"column":12},"end":{"line":278,"column":null}},"108":{"start":{"line":281,"column":10},"end":{"line":284,"column":null}},"109":{"start":{"line":282,"column":12},"end":{"line":282,"column":null}},"110":{"start":{"line":282,"column":43},"end":{"line":282,"column":null}},"111":{"start":{"line":283,"column":12},"end":{"line":283,"column":null}},"112":{"start":{"line":283,"column":40},"end":{"line":283,"column":null}},"113":{"start":{"line":287,"column":10},"end":{"line":287,"column":null}},"114":{"start":{"line":287,"column":60},"end":{"line":287,"column":80}},"115":{"start":{"line":289,"column":10},"end":{"line":289,"column":null}},"116":{"start":{"line":295,"column":6},"end":{"line":317,"column":null}},"117":{"start":{"line":296,"column":24},"end":{"line":296,"column":null}},"118":{"start":{"line":298,"column":8},"end":{"line":316,"column":null}},"119":{"start":{"line":299,"column":30},"end":{"line":299,"column":null}},"120":{"start":{"line":300,"column":24},"end":{"line":300,"column":null}},"121":{"start":{"line":302,"column":10},"end":{"line":304,"column":null}},"122":{"start":{"line":303,"column":12},"end":{"line":303,"column":null}},"123":{"start":{"line":306,"column":10},"end":{"line":309,"column":null}},"124":{"start":{"line":307,"column":12},"end":{"line":307,"column":null}},"125":{"start":{"line":307,"column":43},"end":{"line":307,"column":null}},"126":{"start":{"line":308,"column":12},"end":{"line":308,"column":null}},"127":{"start":{"line":308,"column":40},"end":{"line":308,"column":null}},"128":{"start":{"line":312,"column":10},"end":{"line":312,"column":null}},"129":{"start":{"line":312,"column":60},"end":{"line":312,"column":80}},"130":{"start":{"line":314,"column":10},"end":{"line":314,"column":null}},"131":{"start":{"line":319,"column":6},"end":{"line":319,"column":null}},"132":{"start":{"line":320,"column":6},"end":{"line":323,"column":null}},"133":{"start":{"line":321,"column":8},"end":{"line":321,"column":null}},"134":{"start":{"line":322,"column":8},"end":{"line":322,"column":null}},"135":{"start":{"line":339,"column":4},"end":{"line":339,"column":null}},"136":{"start":{"line":339,"column":30},"end":{"line":339,"column":null}},"137":{"start":{"line":341,"column":15},"end":{"line":341,"column":null}},"138":{"start":{"line":342,"column":4},"end":{"line":342,"column":null}},"139":{"start":{"line":342,"column":13},"end":{"line":342,"column":null}},"140":{"start":{"line":344,"column":18},"end":{"line":364,"column":null}},"141":{"start":{"line":345,"column":26},"end":{"line":345,"column":null}},"142":{"start":{"line":346,"column":20},"end":{"line":346,"column":null}},"143":{"start":{"line":347,"column":20},"end":{"line":347,"column":null}},"144":{"start":{"line":349,"column":20},"end":{"line":349,"column":null}},"145":{"start":{"line":351,"column":22},"end":{"line":351,"column":null}},"146":{"start":{"line":353,"column":6},"end":{"line":361,"column":null}},"147":{"start":{"line":354,"column":8},"end":{"line":360,"column":null}},"148":{"start":{"line":355,"column":37},"end":{"line":359,"column":12}},"149":{"start":{"line":363,"column":6},"end":{"line":363,"column":null}},"150":{"start":{"line":363,"column":30},"end":{"line":363,"column":null}},"151":{"start":{"line":366,"column":4},"end":{"line":366,"column":null}},"152":{"start":{"line":377,"column":4},"end":{"line":377,"column":null}},"153":{"start":{"line":377,"column":30},"end":{"line":377,"column":null}},"154":{"start":{"line":379,"column":54},"end":{"line":379,"column":null}},"155":{"start":{"line":381,"column":4},"end":{"line":385,"column":null}},"156":{"start":{"line":383,"column":8},"end":{"line":383,"column":null}},"157":{"start":{"line":387,"column":4},"end":{"line":387,"column":null}},"158":{"start":{"line":394,"column":4},"end":{"line":394,"column":null}},"159":{"start":{"line":394,"column":30},"end":{"line":394,"column":null}},"160":{"start":{"line":396,"column":15},"end":{"line":396,"column":null}},"161":{"start":{"line":397,"column":4},"end":{"line":397,"column":null}},"162":{"start":{"line":397,"column":13},"end":{"line":397,"column":null}},"163":{"start":{"line":399,"column":18},"end":{"line":422,"column":null}},"164":{"start":{"line":400,"column":26},"end":{"line":400,"column":null}},"165":{"start":{"line":401,"column":20},"end":{"line":401,"column":null}},"166":{"start":{"line":402,"column":20},"end":{"line":402,"column":null}},"167":{"start":{"line":404,"column":20},"end":{"line":404,"column":null}},"168":{"start":{"line":406,"column":22},"end":{"line":406,"column":null}},"169":{"start":{"line":408,"column":6},"end":{"line":419,"column":null}},"170":{"start":{"line":409,"column":23},"end":{"line":409,"column":null}},"171":{"start":{"line":410,"column":8},"end":{"line":418,"column":null}},"172":{"start":{"line":411,"column":10},"end":{"line":415,"column":null}},"173":{"start":{"line":417,"column":10},"end":{"line":417,"column":null}},"174":{"start":{"line":421,"column":6},"end":{"line":421,"column":null}},"175":{"start":{"line":421,"column":30},"end":{"line":421,"column":null}},"176":{"start":{"line":424,"column":4},"end":{"line":424,"column":null}},"177":{"start":{"line":435,"column":4},"end":{"line":435,"column":null}},"178":{"start":{"line":435,"column":30},"end":{"line":435,"column":null}},"179":{"start":{"line":437,"column":15},"end":{"line":437,"column":null}},"180":{"start":{"line":438,"column":4},"end":{"line":438,"column":null}},"181":{"start":{"line":438,"column":13},"end":{"line":438,"column":null}},"182":{"start":{"line":440,"column":18},"end":{"line":461,"column":null}},"183":{"start":{"line":441,"column":26},"end":{"line":441,"column":null}},"184":{"start":{"line":442,"column":20},"end":{"line":442,"column":null}},"185":{"start":{"line":443,"column":20},"end":{"line":443,"column":null}},"186":{"start":{"line":445,"column":20},"end":{"line":445,"column":null}},"187":{"start":{"line":446,"column":44},"end":{"line":446,"column":null}},"188":{"start":{"line":448,"column":22},"end":{"line":448,"column":null}},"189":{"start":{"line":450,"column":6},"end":{"line":458,"column":null}},"190":{"start":{"line":451,"column":23},"end":{"line":451,"column":null}},"191":{"start":{"line":452,"column":8},"end":{"line":457,"column":null}},"192":{"start":{"line":453,"column":10},"end":{"line":453,"column":null}},"193":{"start":{"line":454,"column":10},"end":{"line":454,"column":null}},"194":{"start":{"line":456,"column":10},"end":{"line":456,"column":null}},"195":{"start":{"line":460,"column":6},"end":{"line":460,"column":null}},"196":{"start":{"line":460,"column":30},"end":{"line":460,"column":null}},"197":{"start":{"line":463,"column":4},"end":{"line":463,"column":null}},"198":{"start":{"line":475,"column":4},"end":{"line":482,"column":null}},"199":{"start":{"line":476,"column":6},"end":{"line":481,"column":null}},"200":{"start":{"line":484,"column":15},"end":{"line":484,"column":null}},"201":{"start":{"line":485,"column":4},"end":{"line":492,"column":null}},"202":{"start":{"line":486,"column":6},"end":{"line":491,"column":null}},"203":{"start":{"line":494,"column":21},"end":{"line":502,"column":null}},"204":{"start":{"line":495,"column":6},"end":{"line":501,"column":null}},"205":{"start":{"line":496,"column":28},"end":{"line":496,"column":null}},"206":{"start":{"line":497,"column":22},"end":{"line":497,"column":null}},"207":{"start":{"line":498,"column":24},"end":{"line":498,"column":null}},"208":{"start":{"line":499,"column":8},"end":{"line":499,"column":null}},"209":{"start":{"line":499,"column":34},"end":{"line":499,"column":null}},"210":{"start":{"line":500,"column":8},"end":{"line":500,"column":null}},"211":{"start":{"line":500,"column":32},"end":{"line":500,"column":null}},"212":{"start":{"line":504,"column":30},"end":{"line":516,"column":null}},"213":{"start":{"line":505,"column":6},"end":{"line":515,"column":null}},"214":{"start":{"line":506,"column":28},"end":{"line":506,"column":null}},"215":{"start":{"line":507,"column":22},"end":{"line":507,"column":null}},"216":{"start":{"line":508,"column":22},"end":{"line":508,"column":null}},"217":{"start":{"line":509,"column":24},"end":{"line":509,"column":null}},"218":{"start":{"line":510,"column":8},"end":{"line":513,"column":null}},"219":{"start":{"line":511,"column":25},"end":{"line":511,"column":null}},"220":{"start":{"line":512,"column":10},"end":{"line":512,"column":null}},"221":{"start":{"line":514,"column":8},"end":{"line":514,"column":null}},"222":{"start":{"line":514,"column":32},"end":{"line":514,"column":null}},"223":{"start":{"line":518,"column":29},"end":{"line":530,"column":null}},"224":{"start":{"line":519,"column":6},"end":{"line":529,"column":null}},"225":{"start":{"line":520,"column":28},"end":{"line":520,"column":null}},"226":{"start":{"line":521,"column":22},"end":{"line":521,"column":null}},"227":{"start":{"line":522,"column":22},"end":{"line":522,"column":null}},"228":{"start":{"line":523,"column":24},"end":{"line":523,"column":null}},"229":{"start":{"line":524,"column":8},"end":{"line":527,"column":null}},"230":{"start":{"line":525,"column":25},"end":{"line":525,"column":null}},"231":{"start":{"line":526,"column":10},"end":{"line":526,"column":null}},"232":{"start":{"line":528,"column":8},"end":{"line":528,"column":null}},"233":{"start":{"line":528,"column":32},"end":{"line":528,"column":null}},"234":{"start":{"line":533,"column":6},"end":{"line":538,"column":null}},"235":{"start":{"line":540,"column":4},"end":{"line":545,"column":null}},"236":{"start":{"line":560,"column":4},"end":{"line":560,"column":null}},"237":{"start":{"line":560,"column":30},"end":{"line":560,"column":null}},"238":{"start":{"line":562,"column":17},"end":{"line":562,"column":null}},"239":{"start":{"line":564,"column":4},"end":{"line":569,"column":null}},"240":{"start":{"line":565,"column":22},"end":{"line":565,"column":null}},"241":{"start":{"line":566,"column":6},"end":{"line":568,"column":null}},"242":{"start":{"line":567,"column":8},"end":{"line":567,"column":null}},"243":{"start":{"line":571,"column":4},"end":{"line":571,"column":null}},"244":{"start":{"line":583,"column":4},"end":{"line":591,"column":null}},"245":{"start":{"line":584,"column":6},"end":{"line":590,"column":null}},"246":{"start":{"line":593,"column":52},"end":{"line":593,"column":null}},"247":{"start":{"line":595,"column":4},"end":{"line":597,"column":null}},"248":{"start":{"line":596,"column":6},"end":{"line":596,"column":null}},"249":{"start":{"line":599,"column":32},"end":{"line":605,"column":null}},"250":{"start":{"line":607,"column":4},"end":{"line":609,"column":null}},"251":{"start":{"line":608,"column":6},"end":{"line":608,"column":null}},"252":{"start":{"line":611,"column":4},"end":{"line":611,"column":null}},"253":{"start":{"line":618,"column":20},"end":{"line":618,"column":null}},"254":{"start":{"line":619,"column":17},"end":{"line":621,"column":null}},"255":{"start":{"line":622,"column":16},"end":{"line":622,"column":null}},"256":{"start":{"line":624,"column":14},"end":{"line":624,"column":null}},"257":{"start":{"line":625,"column":4},"end":{"line":625,"column":null}},"258":{"start":{"line":626,"column":4},"end":{"line":626,"column":null}},"259":{"start":{"line":627,"column":4},"end":{"line":627,"column":null}},"260":{"start":{"line":628,"column":4},"end":{"line":628,"column":null}},"261":{"start":{"line":629,"column":4},"end":{"line":629,"column":null}},"262":{"start":{"line":630,"column":4},"end":{"line":630,"column":null}},"263":{"start":{"line":641,"column":4},"end":{"line":641,"column":null}},"264":{"start":{"line":641,"column":30},"end":{"line":641,"column":null}},"265":{"start":{"line":643,"column":15},"end":{"line":643,"column":null}},"266":{"start":{"line":644,"column":4},"end":{"line":644,"column":null}},"267":{"start":{"line":644,"column":13},"end":{"line":644,"column":null}},"268":{"start":{"line":646,"column":19},"end":{"line":646,"column":null}},"269":{"start":{"line":647,"column":23},"end":{"line":647,"column":null}},"270":{"start":{"line":650,"column":4},"end":{"line":677,"column":null}},"271":{"start":{"line":651,"column":26},"end":{"line":651,"column":null}},"272":{"start":{"line":652,"column":20},"end":{"line":652,"column":null}},"273":{"start":{"line":653,"column":20},"end":{"line":653,"column":null}},"274":{"start":{"line":655,"column":20},"end":{"line":655,"column":null}},"275":{"start":{"line":656,"column":22},"end":{"line":656,"column":null}},"276":{"start":{"line":658,"column":6},"end":{"line":665,"column":null}},"277":{"start":{"line":659,"column":23},"end":{"line":659,"column":null}},"278":{"start":{"line":660,"column":8},"end":{"line":664,"column":null}},"279":{"start":{"line":661,"column":10},"end":{"line":661,"column":null}},"280":{"start":{"line":662,"column":10},"end":{"line":662,"column":null}},"281":{"start":{"line":663,"column":10},"end":{"line":663,"column":null}},"282":{"start":{"line":667,"column":6},"end":{"line":670,"column":null}},"283":{"start":{"line":668,"column":8},"end":{"line":668,"column":null}},"284":{"start":{"line":668,"column":39},"end":{"line":668,"column":null}},"285":{"start":{"line":669,"column":8},"end":{"line":669,"column":null}},"286":{"start":{"line":669,"column":36},"end":{"line":669,"column":null}},"287":{"start":{"line":672,"column":6},"end":{"line":674,"column":null}},"288":{"start":{"line":673,"column":8},"end":{"line":673,"column":null}},"289":{"start":{"line":676,"column":6},"end":{"line":676,"column":null}},"290":{"start":{"line":680,"column":24},"end":{"line":680,"column":null}},"291":{"start":{"line":681,"column":4},"end":{"line":709,"column":null}},"292":{"start":{"line":682,"column":26},"end":{"line":682,"column":null}},"293":{"start":{"line":683,"column":20},"end":{"line":683,"column":null}},"294":{"start":{"line":684,"column":20},"end":{"line":684,"column":null}},"295":{"start":{"line":686,"column":20},"end":{"line":686,"column":null}},"296":{"start":{"line":687,"column":22},"end":{"line":687,"column":null}},"297":{"start":{"line":688,"column":30},"end":{"line":688,"column":null}},"298":{"start":{"line":690,"column":6},"end":{"line":697,"column":null}},"299":{"start":{"line":691,"column":23},"end":{"line":691,"column":null}},"300":{"start":{"line":692,"column":8},"end":{"line":696,"column":null}},"301":{"start":{"line":693,"column":10},"end":{"line":693,"column":null}},"302":{"start":{"line":694,"column":10},"end":{"line":694,"column":null}},"303":{"start":{"line":695,"column":10},"end":{"line":695,"column":null}},"304":{"start":{"line":699,"column":6},"end":{"line":702,"column":null}},"305":{"start":{"line":700,"column":8},"end":{"line":700,"column":null}},"306":{"start":{"line":700,"column":39},"end":{"line":700,"column":null}},"307":{"start":{"line":701,"column":8},"end":{"line":701,"column":null}},"308":{"start":{"line":701,"column":36},"end":{"line":701,"column":null}},"309":{"start":{"line":704,"column":6},"end":{"line":706,"column":null}},"310":{"start":{"line":705,"column":8},"end":{"line":705,"column":null}},"311":{"start":{"line":708,"column":6},"end":{"line":708,"column":null}},"312":{"start":{"line":716,"column":4},"end":{"line":716,"column":null}},"313":{"start":{"line":716,"column":30},"end":{"line":716,"column":null}},"314":{"start":{"line":718,"column":15},"end":{"line":718,"column":null}},"315":{"start":{"line":719,"column":4},"end":{"line":719,"column":null}},"316":{"start":{"line":719,"column":13},"end":{"line":719,"column":null}},"317":{"start":{"line":721,"column":23},"end":{"line":729,"column":null}},"318":{"start":{"line":722,"column":6},"end":{"line":728,"column":null}},"319":{"start":{"line":723,"column":28},"end":{"line":723,"column":null}},"320":{"start":{"line":724,"column":22},"end":{"line":724,"column":null}},"321":{"start":{"line":725,"column":24},"end":{"line":725,"column":null}},"322":{"start":{"line":726,"column":8},"end":{"line":726,"column":null}},"323":{"start":{"line":726,"column":34},"end":{"line":726,"column":null}},"324":{"start":{"line":727,"column":8},"end":{"line":727,"column":null}},"325":{"start":{"line":727,"column":32},"end":{"line":727,"column":null}},"326":{"start":{"line":731,"column":4},"end":{"line":731,"column":null}},"327":{"start":{"line":733,"column":4},"end":{"line":733,"column":null}}},"fnMap":{"0":{"name":"(anonymous_0)","decl":{"start":{"line":47,"column":20},"end":{"line":47,"column":24}},"loc":{"start":{"line":47,"column":91},"end":{"line":52,"column":null}},"line":47},"1":{"name":"(anonymous_1)","decl":{"start":{"line":48,"column":37},"end":{"line":48,"column":38}},"loc":{"start":{"line":49,"column":4},"end":{"line":49,"column":null}},"line":49},"2":{"name":"(anonymous_2)","decl":{"start":{"line":49,"column":15},"end":{"line":49,"column":21}},"loc":{"start":{"line":49,"column":21},"end":{"line":49,"column":92}},"line":49},"3":{"name":"(anonymous_3)","decl":{"start":{"line":71,"column":2},"end":{"line":71,"column":14}},"loc":{"start":{"line":71,"column":56},"end":{"line":73,"column":null}},"line":71},"4":{"name":"(anonymous_4)","decl":{"start":{"line":82,"column":8},"end":{"line":82,"column":30}},"loc":{"start":{"line":82,"column":30},"end":{"line":148,"column":null}},"line":82},"5":{"name":"(anonymous_5)","decl":{"start":{"line":93,"column":23},"end":{"line":93,"column":24}},"loc":{"start":{"line":93,"column":45},"end":{"line":147,"column":5}},"line":93},"6":{"name":"(anonymous_6)","decl":{"start":{"line":96,"column":32},"end":{"line":96,"column":33}},"loc":{"start":{"line":96,"column":43},"end":{"line":122,"column":null}},"line":96},"7":{"name":"(anonymous_7)","decl":{"start":{"line":124,"column":26},"end":{"line":124,"column":32}},"loc":{"start":{"line":124,"column":32},"end":{"line":139,"column":null}},"line":124},"8":{"name":"(anonymous_8)","decl":{"start":{"line":129,"column":41},"end":{"line":129,"column":47}},"loc":{"start":{"line":129,"column":47},"end":{"line":129,"column":68}},"line":129},"9":{"name":"(anonymous_9)","decl":{"start":{"line":132,"column":43},"end":{"line":132,"column":49}},"loc":{"start":{"line":132,"column":49},"end":{"line":132,"column":65}},"line":132},"10":{"name":"(anonymous_10)","decl":{"start":{"line":141,"column":24},"end":{"line":141,"column":30}},"loc":{"start":{"line":141,"column":30},"end":{"line":146,"column":null}},"line":141},"11":{"name":"(anonymous_11)","decl":{"start":{"line":154,"column":8},"end":{"line":154,"column":14}},"loc":{"start":{"line":154,"column":43},"end":{"line":182,"column":null}},"line":154},"12":{"name":"(anonymous_12)","decl":{"start":{"line":193,"column":2},"end":{"line":193,"column":16}},"loc":{"start":{"line":193,"column":42},"end":{"line":221,"column":null}},"line":193},"13":{"name":"(anonymous_13)","decl":{"start":{"line":227,"column":2},"end":{"line":227,"column":17}},"loc":{"start":{"line":227,"column":43},"end":{"line":229,"column":null}},"line":227},"14":{"name":"(anonymous_14)","decl":{"start":{"line":228,"column":19},"end":{"line":228,"column":20}},"loc":{"start":{"line":228,"column":26},"end":{"line":228,"column":47}},"line":228},"15":{"name":"(anonymous_15)","decl":{"start":{"line":234,"column":2},"end":{"line":234,"column":13}},"loc":{"start":{"line":234,"column":33},"end":{"line":250,"column":null}},"line":234},"16":{"name":"(anonymous_16)","decl":{"start":{"line":255,"column":16},"end":{"line":255,"column":46}},"loc":{"start":{"line":255,"column":46},"end":{"line":325,"column":null}},"line":255},"17":{"name":"(anonymous_17)","decl":{"start":{"line":277,"column":26},"end":{"line":277,"column":27}},"loc":{"start":{"line":277,"column":38},"end":{"line":279,"column":11}},"line":277},"18":{"name":"(anonymous_18)","decl":{"start":{"line":281,"column":34},"end":{"line":281,"column":35}},"loc":{"start":{"line":281,"column":55},"end":{"line":284,"column":11}},"line":281},"19":{"name":"(anonymous_19)","decl":{"start":{"line":282,"column":37},"end":{"line":282,"column":43}},"loc":{"start":{"line":282,"column":43},"end":{"line":282,"column":null}},"line":282},"20":{"name":"(anonymous_20)","decl":{"start":{"line":283,"column":34},"end":{"line":283,"column":40}},"loc":{"start":{"line":283,"column":40},"end":{"line":283,"column":null}},"line":283},"21":{"name":"(anonymous_21)","decl":{"start":{"line":287,"column":53},"end":{"line":287,"column":54}},"loc":{"start":{"line":287,"column":60},"end":{"line":287,"column":80}},"line":287},"22":{"name":"(anonymous_22)","decl":{"start":{"line":302,"column":26},"end":{"line":302,"column":27}},"loc":{"start":{"line":302,"column":38},"end":{"line":304,"column":11}},"line":302},"23":{"name":"(anonymous_23)","decl":{"start":{"line":306,"column":34},"end":{"line":306,"column":35}},"loc":{"start":{"line":306,"column":55},"end":{"line":309,"column":11}},"line":306},"24":{"name":"(anonymous_24)","decl":{"start":{"line":307,"column":37},"end":{"line":307,"column":43}},"loc":{"start":{"line":307,"column":43},"end":{"line":307,"column":null}},"line":307},"25":{"name":"(anonymous_25)","decl":{"start":{"line":308,"column":34},"end":{"line":308,"column":40}},"loc":{"start":{"line":308,"column":40},"end":{"line":308,"column":null}},"line":308},"26":{"name":"(anonymous_26)","decl":{"start":{"line":312,"column":53},"end":{"line":312,"column":54}},"loc":{"start":{"line":312,"column":60},"end":{"line":312,"column":80}},"line":312},"27":{"name":"(anonymous_27)","decl":{"start":{"line":334,"column":8},"end":{"line":334,"column":null}},"loc":{"start":{"line":338,"column":32},"end":{"line":367,"column":null}},"line":338},"28":{"name":"(anonymous_28)","decl":{"start":{"line":344,"column":49},"end":{"line":344,"column":50}},"loc":{"start":{"line":344,"column":70},"end":{"line":364,"column":5}},"line":344},"29":{"name":"(anonymous_29)","decl":{"start":{"line":353,"column":26},"end":{"line":353,"column":32}},"loc":{"start":{"line":353,"column":32},"end":{"line":361,"column":null}},"line":353},"30":{"name":"(anonymous_30)","decl":{"start":{"line":355,"column":29},"end":{"line":355,"column":30}},"loc":{"start":{"line":355,"column":37},"end":{"line":359,"column":12}},"line":355},"31":{"name":"(anonymous_31)","decl":{"start":{"line":363,"column":24},"end":{"line":363,"column":30}},"loc":{"start":{"line":363,"column":30},"end":{"line":363,"column":null}},"line":363},"32":{"name":"(anonymous_32)","decl":{"start":{"line":372,"column":8},"end":{"line":372,"column":null}},"loc":{"start":{"line":376,"column":48},"end":{"line":388,"column":null}},"line":376},"33":{"name":"(anonymous_33)","decl":{"start":{"line":382,"column":17},"end":{"line":382,"column":24}},"loc":{"start":{"line":382,"column":34},"end":{"line":384,"column":7}},"line":382},"34":{"name":"(anonymous_34)","decl":{"start":{"line":393,"column":8},"end":{"line":393,"column":23}},"loc":{"start":{"line":393,"column":71},"end":{"line":425,"column":null}},"line":393},"35":{"name":"(anonymous_35)","decl":{"start":{"line":399,"column":54},"end":{"line":399,"column":55}},"loc":{"start":{"line":399,"column":75},"end":{"line":422,"column":5}},"line":399},"36":{"name":"(anonymous_36)","decl":{"start":{"line":408,"column":26},"end":{"line":408,"column":32}},"loc":{"start":{"line":408,"column":32},"end":{"line":419,"column":null}},"line":408},"37":{"name":"(anonymous_37)","decl":{"start":{"line":421,"column":24},"end":{"line":421,"column":30}},"loc":{"start":{"line":421,"column":30},"end":{"line":421,"column":null}},"line":421},"38":{"name":"(anonymous_38)","decl":{"start":{"line":430,"column":8},"end":{"line":430,"column":null}},"loc":{"start":{"line":434,"column":35},"end":{"line":464,"column":null}},"line":434},"39":{"name":"(anonymous_39)","decl":{"start":{"line":440,"column":52},"end":{"line":440,"column":53}},"loc":{"start":{"line":440,"column":73},"end":{"line":461,"column":5}},"line":440},"40":{"name":"(anonymous_40)","decl":{"start":{"line":450,"column":26},"end":{"line":450,"column":32}},"loc":{"start":{"line":450,"column":32},"end":{"line":458,"column":null}},"line":450},"41":{"name":"(anonymous_41)","decl":{"start":{"line":460,"column":24},"end":{"line":460,"column":30}},"loc":{"start":{"line":460,"column":30},"end":{"line":460,"column":null}},"line":460},"42":{"name":"(anonymous_42)","decl":{"start":{"line":469,"column":8},"end":{"line":469,"column":null}},"loc":{"start":{"line":474,"column":5},"end":{"line":546,"column":null}},"line":474},"43":{"name":"(anonymous_43)","decl":{"start":{"line":494,"column":21},"end":{"line":494,"column":22}},"loc":{"start":{"line":494,"column":61},"end":{"line":502,"column":null}},"line":494},"44":{"name":"(anonymous_44)","decl":{"start":{"line":495,"column":25},"end":{"line":495,"column":26}},"loc":{"start":{"line":495,"column":46},"end":{"line":501,"column":7}},"line":495},"45":{"name":"(anonymous_45)","decl":{"start":{"line":499,"column":28},"end":{"line":499,"column":34}},"loc":{"start":{"line":499,"column":34},"end":{"line":499,"column":null}},"line":499},"46":{"name":"(anonymous_46)","decl":{"start":{"line":500,"column":26},"end":{"line":500,"column":32}},"loc":{"start":{"line":500,"column":32},"end":{"line":500,"column":null}},"line":500},"47":{"name":"(anonymous_47)","decl":{"start":{"line":504,"column":30},"end":{"line":504,"column":60}},"loc":{"start":{"line":504,"column":60},"end":{"line":516,"column":null}},"line":504},"48":{"name":"(anonymous_48)","decl":{"start":{"line":505,"column":25},"end":{"line":505,"column":26}},"loc":{"start":{"line":505,"column":46},"end":{"line":515,"column":7}},"line":505},"49":{"name":"(anonymous_49)","decl":{"start":{"line":510,"column":28},"end":{"line":510,"column":34}},"loc":{"start":{"line":510,"column":34},"end":{"line":513,"column":null}},"line":510},"50":{"name":"(anonymous_50)","decl":{"start":{"line":514,"column":26},"end":{"line":514,"column":32}},"loc":{"start":{"line":514,"column":32},"end":{"line":514,"column":null}},"line":514},"51":{"name":"(anonymous_51)","decl":{"start":{"line":518,"column":29},"end":{"line":518,"column":59}},"loc":{"start":{"line":518,"column":59},"end":{"line":53
[...]
6},"end":{"line":146,"column":null}},"40":{"start":{"line":150,"column":2},"end":{"line":152,"column":null}},"41":{"start":{"line":151,"column":4},"end":{"line":151,"column":null}},"42":{"start":{"line":154,"column":2},"end":{"line":156,"column":null}},"43":{"start":{"line":155,"column":4},"end":{"line":155,"column":null}},"44":{"start":{"line":158,"column":2},"end":{"line":158,"column":null}},"45":{"start":{"line":168,"column":2},"end":{"line":170,"column":null}},"46":{"start":{"line":169,"column":4},"end":{"line":169,"column":null}},"47":{"start":{"line":172,"column":12},"end":{"line":172,"column":null}},"48":{"start":{"line":175,"column":2},"end":{"line":177,"column":null}},"49":{"start":{"line":176,"column":4},"end":{"line":176,"column":null}},"50":{"start":{"line":179,"column":20},"end":{"line":179,"column":null}},"51":{"start":{"line":180,"column":2},"end":{"line":182,"column":null}},"52":{"start":{"line":181,"column":4},"end":{"line":181,"column":null}},"53":{"start":{"line":184,"column":2},"end":{"line":186,"column":null}},"54":{"start":{"line":185,"column":4},"end":{"line":185,"column":null}},"55":{"start":{"line":188,"column":2},"end":{"line":190,"column":null}},"56":{"start":{"line":189,"column":4},"end":{"line":189,"column":null}},"57":{"start":{"line":192,"column":2},"end":{"line":192,"column":null}},"58":{"start":{"line":202,"column":2},"end":{"line":204,"column":null}},"59":{"start":{"line":203,"column":4},"end":{"line":203,"column":null}},"60":{"start":{"line":206,"column":18},"end":{"line":206,"column":null}},"61":{"start":{"line":209,"column":2},"end":{"line":211,"column":null}},"62":{"start":{"line":210,"column":4},"end":{"line":210,"column":null}},"63":{"start":{"line":213,"column":20},"end":{"line":213,"column":null}},"64":{"start":{"line":214,"column":2},"end":{"line":216,"column":null}},"65":{"start":{"line":215,"column":4},"end":{"line":215,"column":null}},"66":{"start":{"line":218,"column":2},"end":{"line":220,"column":null}},"67":{"start":{"line":219,"column":4},"end":{"line":219,"column":null}},"68":{"start":{"line":222,"column":2},"end":{"line":224,"column":null}},"69":{"start":{"line":223,"column":4},"end":{"line":223,"column":null}},"70":{"start":{"line":227,"column":2},"end":{"line":229,"column":null}},"71":{"start":{"line":228,"column":4},"end":{"line":228,"column":null}},"72":{"start":{"line":231,"column":2},"end":{"line":231,"column":null}},"73":{"start":{"line":243,"column":4},"end":{"line":243,"column":null}},"74":{"start":{"line":240,"column":20},"end":{"line":240,"column":null}},"75":{"start":{"line":241,"column":20},"end":{"line":241,"column":null}},"76":{"start":{"line":244,"column":4},"end":{"line":244,"column":null}}},"fnMap":{"0":{"name":"isValidWSMessage","decl":{"start":{"line":52,"column":16},"end":{"line":52,"column":33}},"loc":{"start":{"line":52,"column":67},"end":{"line":159,"column":null}},"line":52},"1":{"name":"(anonymous_1)","decl":{"start":{"line":117,"column":28},"end":{"line":117,"column":29}},"loc":{"start":{"line":117,"column":36},"end":{"line":117,"column":75}},"line":117},"2":{"name":"isValidBatchTag","decl":{"start":{"line":167,"column":9},"end":{"line":167,"column":25}},"loc":{"start":{"line":167,"column":48},"end":{"line":193,"column":null}},"line":167},"3":{"name":"isValidMQTTPayload","decl":{"start":{"line":201,"column":16},"end":{"line":201,"column":35}},"loc":{"start":{"line":201,"column":74},"end":{"line":232,"column":null}},"line":201},"4":{"name":"(anonymous_4)","decl":{"start":{"line":238,"column":2},"end":{"line":238,"column":null}},"loc":{"start":{"line":242,"column":4},"end":{"line":245,"column":null}},"line":242}},"branchMap":{"0":{"loc":{"start":{"line":53,"column":2},"end":{"line":55,"column":null}},"type":"if","locations":[{"start":{"line":53,"column":2},"end":{"line":55,"column":null}},{"start":{},"end":{}}],"line":53},"1":{"loc":{"start":{"line":53,"column":6},"end":{"line":53,"column":49}},"type":"binary-expr","locations":[{"start":{"line":53,"column":6},"end":{"line":53,"column":34}},{"start":{"line":53,"column":34},"end":{"line":53,"column":49}}],"line":53},"2":{"loc":{"start":{"line":60,"column":2},"end":{"line":62,"column":null}},"type":"if","locations":[{"start":{"line":60,"column":2},"end":{"line":62,"column":null}},{"start":{},"end":{}}],"line":60},"3":{"loc":{"start":{"line":76,"column":2},"end":{"line":78,"column":null}},"type":"if","locations":[{"start":{"line":76,"column":2},"end":{"line":78,"column":null}},{"start":{},"end":{}}],"line":76},"4":{"loc":{"start":{"line":81,"column":2},"end":{"line":147,"column":null}},"type":"switch","locations":[{"start":{"line":82,"column":4},"end":{"line":94,"column":null}},{"start":{"line":96,"column":4},"end":{"line":109,"column":null}},{"start":{"line":111,"column":4},"end":{"line":111,"column":null}},{"start":{"line":112,"column":4},"end":{"line":120,"column":null}},{"start":{"line":122,"column":4},"end":{"line":122,"column":null}},{"start":{"line":123,"column":4},"end":{"line":134,"column":null}},{"start":{"line":136,"column":4},"end":{"line":141,"column":null}},{"start":{"line":143,"column":4},"end":{"line":143,"column":null}},{"start":{"line":144,"column":4},"end":{"line":146,"column":null}}],"line":81},"5":{"loc":{"start":{"line":84,"column":6},"end":{"line":86,"column":null}},"type":"if","locations":[{"start":{"line":84,"column":6},"end":{"line":86,"column":null}},{"start":{},"end":{}}],"line":84},"6":{"loc":{"start":{"line":84,"column":10},"end":{"line":84,"column":67}},"type":"binary-expr","locations":[{"start":{"line":84,"column":10},"end":{"line":84,"column":43}},{"start":{"line":84,"column":43},"end":{"line":84,"column":67}}],"line":84},"7":{"loc":{"start":{"line":88,"column":6},"end":{"line":93,"column":null}},"type":"if","locations":[{"start":{"line":88,"column":6},"end":{"line":93,"column":null}},{"start":{},"end":{}}],"line":88},"8":{"loc":{"start":{"line":90,"column":8},"end":{"line":92,"column":null}},"type":"if","locations":[{"start":{"line":90,"column":8},"end":{"line":92,"column":null}},{"start":{},"end":{}}],"line":90},"9":{"loc":{"start":{"line":90,"column":12},"end":{"line":90,"column":89}},"type":"binary-expr","locations":[{"start":{"line":90,"column":12},"end":{"line":90,"column":38}},{"start":{"line":90,"column":38},"end":{"line":90,"column":65}},{"start":{"line":90,"column":65},"end":{"line":90,"column":89}}],"line":90},"10":{"loc":{"start":{"line":98,"column":6},"end":{"line":100,"column":null}},"type":"if","locations":[{"start":{"line":98,"column":6},"end":{"line":100,"column":null}},{"start":{},"end":{}}],"line":98},"11":{"loc":{"start":{"line":98,"column":10},"end":{"line":98,"column":67}},"type":"binary-expr","locations":[{"start":{"line":98,"column":10},"end":{"line":98,"column":43}},{"start":{"line":98,"column":43},"end":{"line":98,"column":67}}],"line":98},"12":{"loc":{"start":{"line":101,"column":6},"end":{"line":103,"column":null}},"type":"if","locations":[{"start":{"line":101,"column":6},"end":{"line":103,"column":null}},{"start":{},"end":{}}],"line":101},"13":{"loc":{"start":{"line":105,"column":6},"end":{"line":107,"column":null}},"type":"if","locations":[{"start":{"line":105,"column":6},"end":{"line":107,"column":null}},{"start":{},"end":{}}],"line":105},"14":{"loc":{"start":{"line":105,"column":10},"end":{"line":105,"column":87}},"type":"binary-expr","locations":[{"start":{"line":105,"column":10},"end":{"line":105,"column":36}},{"start":{"line":105,"column":36},"end":{"line":105,"column":63}},{"start":{"line":105,"column":63},"end":{"line":105,"column":87}}],"line":105},"15":{"loc":{"start":{"line":114,"column":6},"end":{"line":116,"column":null}},"type":"if","locations":[{"start":{"line":114,"column":6},"end":{"line":116,"column":null}},{"start":{},"end":{}}],"line":114},"16":{"loc":{"start":{"line":117,"column":6},"end":{"line":119,"column":null}},"type":"if","locations":[{"start":{"line":117,"column":6},"end":{"line":119,"column":null}},{"start":{},"end":{}}],"line":117},"17":{"loc":{"start":{"line":117,"column":36},"end":{"line":117,"column":75}},"type":"binary-expr","locations":[{"start":{"line":117,"column":36},"end":{"line":117,"column":62}},{"start":{"line":117,"column":62},"end":{"line":117,"column":75}}],"line":117},"18":{"loc":{"start":{"line":125,"column":6},"end":{"line":127,"column":null}},"type":"if","locations":[{"start":{"line":125,"column":6},"end":{"line":127,"column":null}},{"start":{},"end":{}}],"line":125},"19":{"loc":{"start":{"line":130,"column":8},"end":{"line":132,"column":null}},"type":"if","locations":[{"start":{"line":130,"column":8},"end":{"line":132,"column":null}},{"start":{},"end":{}}],"line":130},"20":{"loc":{"start":{"line":138,"column":6},"end":{"line":140,"column":null}},"type":"if","locations":[{"start":{"line":138,"column":6},"end":{"line":140,"column":null}},{"start":{},"end":{}}],"line":138},"21":{"loc":{"start":{"line":138,"column":10},"end":{"line":138,"column":68}},"type":"binary-expr","locations":[{"start":{"line":138,"column":10},"end":{"line":138,"column":37}},{"start":{"line":138,"column":37},"end":{"line":138,"column":68}}],"line":138},"22":{"loc":{"start":{"line":150,"column":2},"end":{"line":152,"column":null}},"type":"if","locations":[{"start":{"line":150,"column":2},"end":{"line":152,"column":null}},{"start":{},"end":{}}],"line":150},"23":{"loc":{"start":{"line":150,"column":6},"end":{"line":150,"column":68}},"type":"binary-expr","locations":[{"start":{"line":150,"column":6},"end":{"line":150,"column":35}},{"start":{"line":150,"column":35},"end":{"line":150,"column":68}}],"line":150},"24":{"loc":{"start":{"line":154,"column":2},"end":{"line":156,"column":null}},"type":"if","locations":[{"start":{"line":154,"column":2},"end":{"line":156,"column":null}},{"start":{},"end":{}}],"line":154},"25":{"loc":{"start":{"line":154,"column":6},"end":{"line":154,"column":72}},"type":"binary-expr","locations":[{"start":{"line":154,"column":6},"end":{"line":154,"column":37}},{"start":{"line":154,"column":37},"end":{"line":154,"column":72}}],"line":154},"26":{"loc":{"start":{"line":168,"column":2},"end":{"line":170,"column":null}},"type":"if","locations":[{"start":{"line":168,"column":2},"end":{"line":170,"column":null}},{"start":{},"end":{}}],"line":168},"27":{"loc":{"start":{"line":168,"column":6},"end":{"line":168,"column":47}},"type":"binary-expr","locations":[{"start":{"line":168,"column":6},"end":{"line":168,"column":33}},{"start":{"line":168,"column":33},"end":{"line":168,"column":47}}],"line":168},"28":{"loc":{"start":{"line":175,"column":2},"end":{"line":177,"column":null}},"type":"if","locations":[{"start":{"line":175,"column":2},"end":{"line":177,"column":null}},{"start":{},"end":{}}],"line":175},"29":{"loc":{"start":{"line":175,"column":6},"end":{"line":175,"column":59}},"type":"binary-expr","locations":[{"start":{"line":175,"column":6},"end":{"line":175,"column":37}},{"start":{"line":175,"column":37},"end":{"line":175,"column":59}}],"line":175},"30":{"loc":{"start":{"line":180,"column":2},"end":{"line":182,"column":null}},"type":"if","locations":[{"start":{"line":180,"column":2},"end":{"line":182,"column":null}},{"start":{},"end":{}}],"line":180},"31":{"loc":{"start":{"line":180,"column":6},"end":{"line":180,"column":83}},"type":"binary-expr","locations":[{"start":{"line":180,"column":6},"end":{"line":180,"column":32}},{"start":{"line":180,"column":32},"end":{"line":180,"column":59}},{"start":{"line":180,"column":59},"end":{"line":180,"column":83}}],"line":180},"32":{"loc":{"start":{"line":184,"column":2},"end":{"line":186,"column":null}},"type":"if","locations":[{"start":{"line":184,"column":2},"end":{"line":186,"column":null}},{"start":{},"end":{}}],"line":184},"33":{"loc":{"start":{"line":188,"column":2},"end":{"line":190,"column":null}},"type":"if","locations":[{"start":{"line":188,"column":2},"end":{"line":190,"column":null}},{"start":{},"end":{}}],"line":188},"34":{"loc":{"start":{"line":202,"column":2},"end":{"line":204,"column":null}},"type":"if","locations":[{"start":{"line":202,"column":2},"end":{"line":204,"column":null}},{"start":{},"end":{}}],"line":202},"35":{"loc":{"start":{"line":202,"column":6},"end":{"line":202,"column":49}},"type":"binary-expr","locations":[{"start":{"line":202,"column":6},"end":{"line":202,"column":34}},{"start":{"line":202,"column":34},"end":{"line":202,"column":49}}],"line":202},"36":{"loc":{"start":{"line":209,"column":2},"end":{"line":211,"column":null}},"type":"if","locations":[{"start":{"line":209,"column":2},"end":{"line":211,"column":null}},{"start":{},"end":{}}],"line":209},"37":{"loc":{"start":{"line":209,"column":6},"end":{"line":209,"column":71}},"type":"binary-expr","locations":[{"start":{"line":209,"column":6},"end":{"line":209,"column":43}},{"start":{"line":209,"column":43},"end":{"line":209,"column":71}}],"line":209},"38":{"loc":{"start":{"line":214,"column":2},"end":{"line":216,"column":null}},"type":"if","locations":[{"start":{"line":214,"column":2},"end":{"line":216,"column":null}},{"start":{},"end":{}}],"line":214},"39":{"loc":{"start":{"line":214,"column":6},"end":{"line":214,"column":83}},"type":"binary-expr","locations":[{"start":{"line":214,"column":6},"end":{"line":214,"column":32}},{"start":{"line":214,"column":32},"end":{"line":214,"column":59}},{"start":{"line":214,"column":59},"end":{"line":214,"column":83}}],"line":214},"40":{"loc":{"start":{"line":218,"column":2},"end":{"line":220,"column":null}},"type":"if","locations":[{"start":{"line":218,"column":2},"end":{"line":220,"column":null}},{"start":{},"end":{}}],"line":218},"41":{"loc":{"start":{"line":222,"column":2},"end":{"line":224,"column":null}},"type":"if","locations":[{"start":{"line":222,"column":2},"end":{"line":224,"column":null}},{"start":{},"end":{}}],"line":222},"42":{"loc":{"start":{"line":227,"column":2},"end":{"line":229,"column":null}},"type":"if","locations":[{"start":{"line":227,"column":2},"end":{"line":229,"column":null}},{"start":{},"end":{}}],"line":227},"43":{"loc":{"start":{"line":227,"column":6},"end":{"line":227,"column":92}},"type":"binary-expr","locations":[{"start":{"line":227,"column":6},"end":{"line":227,"column":47}},{"start":{"line":227,"column":47},"end":{"line":227,"column":92}}],"line":227}},"s":{"0":25,"1":4,"2":21,"3":21,"4":1,"5":20,"6":20,"7":1,"8":19,"9":7,"10":2,"11":5,"12":5,"13":5,"14":0,"15":5,"16":3,"17":0,"18":3,"19":1,"20":2,"21":2,"22":1,"23":1,"24":3,"25":1,"26":2,"27":5,"28":1,"29":1,"30":3,"31":1,"32":2,"33":3,"34":1,"35":1,"36":1,"37":0,"38":1,"39":2,"40":11,"41":1,"42":10,"43":1,"44":9,"45":3,"46":0,"47":3,"48":3,"49":0,"50":3,"51":3,"52":0,"53":3,"54":0,"55":3,"56":1,"57":2,"58":17,"59":4,"60":13,"61":13,"62":2,"63":11,"64":11,"65":2,"66":9,"67":2,"68":7,"69":2,"70":5,"71":1,"72":4,"73":2,"74":2,"75":2,"76":2},"f":{"0":25,"1":5,"2":3,"3":17,"4":2},"b":{"0":[4,21],"1":[25,22],"2":[1,20],"3":[1,19],"4":[19,3,3,3,3,3,1,1,2],"5":[2,5],"6":[7,6],"7":[5,0],"8":[0,5],"9":[5,2,1],"10":[0,3],"11":[3,3],"12":[1,2],"13":[1,1],"14":[2,1,1],"15":[1,2],"16":[1,1],"17":[5,4],"18":[1,2],"19":[1,2],"20":[0,1],"21":[1,1],"22":[1,10],"23":[11,5],"24":[1,9],"25":[10,4],"26":[0,3],"27":[3,3],"28":[0,3],"29":[3,3],"30":[0,3],"31":[3,0,0],"32":[0,3],"33":[1,2],"34":[4,13],"35":[17,14],"36":[2,11],"37":[13,12],"38":[2,9],"39":[11,4,3],"40":[2,7],"41":[2,5],"42":[1,4],"43":[5,2]},"meta":{"lastBranch":44,"lastFunction":5,"lastStatement":77,"seen":{"f:52:16:52:33":0,"b:53:2:55:Infinity:undefined:undefined:undefined:undefined":0,"s:53:2:55:Infinity":0,"b:53:6:53:34:53:34:53:49":1,"s:54:4:54:Infinity":1,"s:57:14:57:Infinity":2,"b:60:2:62:Infinity:undefined:undefined:undefined:undefined":2,"s:60:2:62:Infinity":3,"s:61:4:61:Infinity":4,"s:64:38:74:Infinity":5,"b:76:2:78:Infinity:undefined:undefined:undefined:undefined":3,"s:76:2:78:Infinity":6,"s:77:4:77:Infinity":7,"b:82:4:94:Infinity:96:4:109:Infinity:111:4:111:Infinity:112:4:120:Infinity:122:4:122:Infinity:123:4:134:Infinity:136:4:141:Infinity:143:4:143:Infinity:144:4:146:Infinity":4,"s:81:2:147:Infinity":8,"b:84:6:86:Infinity:undefined:undefined:undefined:undefined":5,"s:84:6:86:Infinity":9,"b:84:10:84:43:84:43:84:67":6,"s:85:8:85:Infinity":10,"b:88:6:93:Infinity:undefined:undefined:undefined:undefined":7,"s:88:6:93:Infinity":11,"s:89:26:89:Infinity":12,"b:90:8:92:Infinity:undefined:undefined:undefined:undefined":8,"s:90:8:92:Infinity":13,"b:90:12:90:38:90:38:90:65:90:65:90:89":9,"s:91:10:91:Infinity":14,"s:94:6:94:Infinity":15,"b:98:6:100:Infinity:undefined:undefined:undefined:undefined":10,"s:98:6:100:Infinity":16,"b:98:10:98:43:98:43:98:67":11,"s:99:8:99:Infinity":17,"b:101:6:103:Infinity:undefined:undefined:undefined:undefined":12,"s:101:6:103:Infinity":18,"s:102:8:102:Infinity":19,"s:104:24:104:Infinity":20,"b:105:6:107:Infinity:undefined:undefined:undefined:undefined":13,"s:105:6:107:Infinity":21,"b:105:10:105:36:105:36:105:63:105:63:105:87":14,"s:106:8:106:Infinity":22,"s:108:6:108:Infinity":23,"b:114:6:116:Infinity:undefined:undefined:undefined:undefined":15,"s:114:6:116:Infinity":24,"s:115:8:115:Infinity":25,"b:117:6:119:Infinity:undefined:undefined:undefined:undefined":16,"s:117:6:119:Infinity":26,"f:117:28:117:29":1,"s:117:36:117:75":27,"b:117:36:117:62:117:62:117:75":17,"s:118:8:118:Infinity":28,"s:120:6:120:Infinity":29,"b:125:6:127:Infinity:undefined:undefined:undefined:undefined":18,"s:125:6:127:Infinity":30,"s:126:8:126:Infinity":31,"s:129:6:133:Infinity":32,"b:130:8:132:Infinity:undefined:undefined:undefined:undefined":19,"s:130:8:132:Infinity":33,"s:131:10:131:Infinity":34,"s:134:6:134:Infinity":35,"b:138:6:140:Infinity:undefined:undefined:undefined:undefined":20,"s:138:6:140:Infinity":36,"b:138:10:138:37:138:37:138:68":21,"s:139:8:139:Infinity":37,"s:141:6:141:Infinity":38,"s:146:6:146:Infinity":39,"b:150:2:152:Infinity:undefined:undefined:undefined:undefined":22,"s:150:2:152:Infinity":40,"b:150:6:150:35:150:35:150:68":23,"s:151:4:151:Infinity":41,"b:154:2:156:Infinity:undefined:undefined:undefined:undefined":24,"s:154:2:156:Infinity":42,"b:154:6:154:37:154:37:154:72":25,"s:155:4:155:Infinity":43,"s:158:2:158:Infinity":44,"f:167:9:167:25":2,"b:168:2:170:Infinity:undefined:undefined:undefined:undefined":26,"s:168:2:170:Infinity":45,"b:168:6:168:33:168:33:168:47":27,"s:169:4:169:Infinity":46,"s:172:12:172:Infinity":47,"b:175:2:177:Infinity:undefined:undefined:undefined:undefined":28,"s:175:2:177:Infinity":48,"b:175:6:175:37:175:37:175:59":29,"s:176:4:176:Infinity":49,"s:179:20:179:Infinity":50,"b:180:2:182:Infinity:undefined:undefined:undefined:undefined":30,"s:180:2:182:Infinity":51,"b:180:6:180:32:180:32:180:59:180:59:180:83":31,"s:181:4:181:Infinity":52,"b:184:2:186:Infinity:undefined:undefined:undefined:undefined":32,"s:184:2:186:Infinity":53,"s:185:4:185:Infinity":54,"b:188:2:190:Infinity:undefined:undefined:undefined:undefined":33,"s:188:2:190:Infinity":55,"s:189:4:189:Infinity":56,"s:192:2:192:Infinity":57,"f:201:16:201:35":3,"b:202:2:204:Infinity:undefined:undefined:undefined:undefined":34,"s:202:2:204:Infinity":58,"b:202:6:202:34:202:34:202:49":35,"s:203:4:203:Infinity":59,"s:206:18:206:Infinity":60,"b:209:2:211:Infinity:undefined:undefined:undefined:undefined":36,"s:209:2:211:Infinity":61,"b:209:6:209:43:209:43:209:71":37,"s:210:4:210:Infinity":62,"s:213:20:213:Infinity":63,"b:214:2:216:Infinity:undefined:undefined:undefined:undefined":38,"s:214:2:216:Infinity":64,"b:214:6:214:32:214:32:214:59:214:59:214:83":39,"s:215:4:215:Infinity":65,"b:218:2:220:Infinity:undefined:undefined:undefined:undefined":40,"s:218:2:220:Infinity":66,"s:219:4:219:Infinity":67,"b:222:2:224:Infinity:undefined:undefined:undefined:undefined":41,"s:222:2:224:Infinity":68,"s:223:4:223:Infinity":69,"b:227:2:229:Infinity:undefined:undefined:undefined:undefined":42,"s:227:2:229:Infinity":70,"b:227:6:227:47:227:47:227:92":43,"s:228:4:228:Infinity":71,"s:231:2:231:Infinity":72,"f:238:2:238:Infinity":4,"s:243:4:243:Infinity":73,"s:240:20:240:Infinity":74,"s:241:20:241:Infinity":75,"s:244:4:244:Infinity":76}}}
}
