{"/Users/nellwatson/Documents/GitHub/Experiments/src/scada/AlarmManager.ts": {"path":"/Users/nellwatson/Documents/GitHub/Experiments/src/scada/AlarmManager.ts","all":false,"statementMap":{"29":{"start":{"line":30,"column":0},"end":{"line":30,"column":27}},"30":{"start":{"line":31,"column":0},"end":{"line":31,"column":55}},"31":{"start":{"line":32,"column":0},"end":{"line":32,"column":37}},"32":{"start":{"line":33,"column":0},"end":{"line":33,"column":66}},"33":{"start":{"line":34,"column":0},"end":{"line":34,"column":64}},"34":{"start":{"line":35,"column":0},"end":{"line":35,"column":64}},"37":{"start":{"line":38,"column":0},"end":{"line":38,"column":40}},"41":{"start":{"line":42,"column":0},"end":{"line":42,"column":17}},"44":{"start":{"line":45,"column":0},"end":{"line":45,"column":55}},"45":{"start":{"line":46,"column":0},"end":{"line":46,"column":84}},"49":{"start":{"line":50,"column":0},"end":{"line":50,"column":86}},"51":{"start":{"line":52,"column":0},"end":{"line":52,"column":38}},"52":{"start":{"line":53,"column":0},"end":{"line":53,"column":34}},"53":{"start":{"line":54,"column":0},"end":{"line":54,"column":23}},"54":{"start":{"line":55,"column":0},"end":{"line":55,"column":38}},"55":{"start":{"line":56,"column":0},"end":{"line":56,"column":74}},"56":{"start":{"line":57,"column":0},"end":{"line":57,"column":7}},"57":{"start":{"line":58,"column":0},"end":{"line":58,"column":3}},"62":{"start":{"line":63,"column":0},"end":{"line":63,"column":33}},"63":{"start":{"line":64,"column":0},"end":{"line":64,"column":73}},"64":{"start":{"line":65,"column":0},"end":{"line":65,"column":3}},"74":{"start":{"line":75,"column":0},"end":{"line":75,"column":38}},"75":{"start":{"line":76,"column":0},"end":{"line":76,"column":55}},"76":{"start":{"line":77,"column":0},"end":{"line":77,"column":21}},"79":{"start":{"line":80,"column":0},"end":{"line":80,"column":28}},"81":{"start":{"line":82,"column":0},"end":{"line":82,"column":57}},"82":{"start":{"line":83,"column":0},"end":{"line":83,"column":22}},"83":{"start":{"line":84,"column":0},"end":{"line":84,"column":51}},"84":{"start":{"line":85,"column":0},"end":{"line":85,"column":7}},"85":{"start":{"line":86,"column":0},"end":{"line":86,"column":13}},"86":{"start":{"line":87,"column":0},"end":{"line":87,"column":5}},"88":{"start":{"line":89,"column":0},"end":{"line":89,"column":46}},"89":{"start":{"line":90,"column":0},"end":{"line":90,"column":55}},"90":{"start":{"line":91,"column":0},"end":{"line":91,"column":39}},"93":{"start":{"line":94,"column":0},"end":{"line":94,"column":41}},"94":{"start":{"line":95,"column":0},"end":{"line":95,"column":13}},"95":{"start":{"line":96,"column":0},"end":{"line":96,"column":5}},"98":{"start":{"line":99,"column":0},"end":{"line":99,"column":37}},"99":{"start":{"line":100,"column":0},"end":{"line":100,"column":63}},"100":{"start":{"line":101,"column":0},"end":{"line":101,"column":96}},"101":{"start":{"line":102,"column":0},"end":{"line":102,"column":13}},"102":{"start":{"line":103,"column":0},"end":{"line":103,"column":5}},"105":{"start":{"line":106,"column":0},"end":{"line":106,"column":43}},"106":{"start":{"line":107,"column":0},"end":{"line":107,"column":22}},"107":{"start":{"line":108,"column":0},"end":{"line":108,"column":43}},"109":{"start":{"line":110,"column":0},"end":{"line":110,"column":67}},"110":{"start":{"line":111,"column":0},"end":{"line":111,"column":25}},"111":{"start":{"line":112,"column":0},"end":{"line":112,"column":32}},"112":{"start":{"line":113,"column":0},"end":{"line":113,"column":28}},"113":{"start":{"line":114,"column":0},"end":{"line":114,"column":70}},"115":{"start":{"line":116,"column":0},"end":{"line":116,"column":39}},"116":{"start":{"line":117,"column":0},"end":{"line":117,"column":49}},"117":{"start":{"line":118,"column":0},"end":{"line":118,"column":29}},"118":{"start":{"line":119,"column":0},"end":{"line":119,"column":37}},"119":{"start":{"line":120,"column":0},"end":{"line":120,"column":32}},"120":{"start":{"line":121,"column":0},"end":{"line":121,"column":16}},"121":{"start":{"line":122,"column":0},"end":{"line":122,"column":27}},"122":{"start":{"line":123,"column":0},"end":{"line":123,"column":34}},"123":{"start":{"line":124,"column":0},"end":{"line":124,"column":28}},"124":{"start":{"line":125,"column":0},"end":{"line":125,"column":9}},"125":{"start":{"line":126,"column":0},"end":{"line":126,"column":14}},"126":{"start":{"line":127,"column":0},"end":{"line":127,"column":25}},"127":{"start":{"line":128,"column":0},"end":{"line":128,"column":32}},"128":{"start":{"line":129,"column":0},"end":{"line":129,"column":26}},"129":{"start":{"line":130,"column":0},"end":{"line":130,"column":7}},"130":{"start":{"line":131,"column":0},"end":{"line":131,"column":74}},"131":{"start":{"line":132,"column":0},"end":{"line":132,"column":25}},"132":{"start":{"line":133,"column":0},"end":{"line":133,"column":32}},"133":{"start":{"line":134,"column":0},"end":{"line":134,"column":28}},"134":{"start":{"line":135,"column":0},"end":{"line":135,"column":70}},"136":{"start":{"line":137,"column":0},"end":{"line":137,"column":39}},"137":{"start":{"line":138,"column":0},"end":{"line":138,"column":49}},"138":{"start":{"line":139,"column":0},"end":{"line":139,"column":29}},"139":{"start":{"line":140,"column":0},"end":{"line":140,"column":37}},"140":{"start":{"line":141,"column":0},"end":{"line":141,"column":32}},"141":{"start":{"line":142,"column":0},"end":{"line":142,"column":16}},"142":{"start":{"line":143,"column":0},"end":{"line":143,"column":27}},"143":{"start":{"line":144,"column":0},"end":{"line":144,"column":34}},"144":{"start":{"line":145,"column":0},"end":{"line":145,"column":28}},"145":{"start":{"line":146,"column":0},"end":{"line":146,"column":9}},"146":{"start":{"line":147,"column":0},"end":{"line":147,"column":14}},"147":{"start":{"line":148,"column":0},"end":{"line":148,"column":25}},"148":{"start":{"line":149,"column":0},"end":{"line":149,"column":32}},"149":{"start":{"line":150,"column":0},"end":{"line":150,"column":26}},"150":{"start":{"line":151,"column":0},"end":{"line":151,"column":7}},"151":{"start":{"line":152,"column":0},"end":{"line":152,"column":5}},"154":{"start":{"line":155,"column":0},"end":{"line":155,"column":20}},"156":{"start":{"line":157,"column":0},"end":{"line":157,"column":64}},"158":{"start":{"line":159,"column":0},"end":{"line":159,"column":71}},"159":{"start":{"line":160,"column":0},"end":{"line":160,"column":7}},"160":{"start":{"line":161,"column":0},"end":{"line":161,"column":92}},"161":{"start":{"line":162,"column":0},"end":{"line":162,"column":12}},"163":{"start":{"line":164,"column":0},"end":{"line":164,"column":31}},"164":{"start":{"line":165,"column":0},"end":{"line":165,"column":81}},"165":{"start":{"line":166,"column":0},"end":{"line":166,"column":26}},"166":{"start":{"line":167,"column":0},"end":{"line":167,"column":34}},"167":{"start":{"line":168,"column":0},"end":{"line":168,"column":80}},"168":{"start":{"line":169,"column":0},"end":{"line":169,"column":9}},"169":{"start":{"line":170,"column":0},"end":{"line":170,"column":14}},"170":{"start":{"line":171,"column":0},"end":{"line":171,"column":78}},"171":{"start":{"line":172,"column":0},"end":{"line":172,"column":7}},"172":{"start":{"line":173,"column":0},"end":{"line":173,"column":5}},"173":{"start":{"line":174,"column":0},"end":{"line":174,"column":3}},"175":{"start":{"line":176,"column":0},"end":{"line":176,"column":32}},"176":{"start":{"line":177,"column":0},"end":{"line":177,"column":23}},"177":{"start":{"line":178,"column":0},"end":{"line":178,"column":18}},"178":{"start":{"line":179,"column":0},"end":{"line":179,"column":35}},"179":{"start":{"line":180,"column":0},"end":{"line":180,"column":14}},"180":{"start":{"line":181,"column":0},"end":{"line":181,"column":39}},"182":{"start":{"line":183,"column":0},"end":{"line":183,"column":29}},"183":{"start":{"line":184,"column":0},"end":{"line":184,"column":18}},"184":{"start":{"line":185,"column":0},"end":{"line":185,"column":79}},"185":{"start":{"line":186,"column":0},"end":{"line":186,"column":16}},"186":{"start":{"line":187,"column":0},"end":{"line":187,"column":75}},"187":{"start":{"line":188,"column":0},"end":{"line":188,"column":18}},"188":{"start":{"line":189,"column":0},"end":{"line":189,"column":79}},"189":{"start":{"line":190,"column":0},"end":{"line":190,"column":16}},"190":{"start":{"line":191,"column":0},"end":{"line":191,"column":75}},"191":{"start":{"line":192,"column":0},"end":{"line":192,"column":14}},"192":{"start":{"line":193,"column":0},"end":{"line":193,"column":20}},"193":{"start":{"line":194,"column":0},"end":{"line":194,"column":5}},"194":{"start":{"line":195,"column":0},"end":{"line":195,"column":3}},"203":{"start":{"line":204,"column":0},"end":{"line":204,"column":60}},"204":{"start":{"line":205,"column":0},"end":{"line":205,"column":27}},"205":{"start":{"line":206,"column":0},"end":{"line":206,"column":51}},"207":{"start":{"line":208,"column":0},"end":{"line":208,"column":56}},"208":{"start":{"line":209,"column":0},"end":{"line":209,"column":27}},"209":{"start":{"line":210,"column":0},"end":{"line":210,"column":37}},"210":{"start":{"line":211,"column":0},"end":{"line":211,"column":5}},"211":{"start":{"line":212,"column":0},"end":{"line":212,"column":3}},"213":{"start":{"line":214,"column":0},"end":{"line":214,"column":21}},"214":{"start":{"line":215,"column":0},"end":{"line":215,"column":23}},"215":{"start":{"line":216,"column":0},"end":{"line":216,"column":20}},"216":{"start":{"line":217,"column":0},"end":{"line":217,"column":18}},"217":{"start":{"line":218,"column":0},"end":{"line":218,"column":22}},"218":{"start":{"line":219,"column":0},"end":{"line":219,"column":27}},"219":{"start":{"line":220,"column":0},"end":{"line":220,"column":11}},"220":{"start":{"line":221,"column":0},"end":{"line":221,"column":40}},"221":{"start":{"line":222,"column":0},"end":{"line":222,"column":52}},"223":{"start":{"line":224,"column":0},"end":{"line":224,"column":20}},"224":{"start":{"line":225,"column":0},"end":{"line":225,"column":28}},"225":{"start":{"line":226,"column":0},"end":{"line":226,"column":20}},"226":{"start":{"line":227,"column":0},"end":{"line":227,"column":22}},"227":{"start":{"line":228,"column":0},"end":{"line":228,"column":26}},"228":{"start":{"line":229,"column":0},"end":{"line":229,"column":13}},"229":{"start":{"line":230,"column":0},"end":{"line":230,"column":23}},"230":{"start":{"line":231,"column":0},"end":{"line":231,"column":17}},"231":{"start":{"line":232,"column":0},"end":{"line":232,"column":14}},"232":{"start":{"line":233,"column":0},"end":{"line":233,"column":18}},"233":{"start":{"line":234,"column":0},"end":{"line":234,"column":30}},"234":{"start":{"line":235,"column":0},"end":{"line":235,"column":32}},"235":{"start":{"line":236,"column":0},"end":{"line":236,"column":8}},"237":{"start":{"line":238,"column":0},"end":{"line":238,"column":44}},"238":{"start":{"line":239,"column":0},"end":{"line":239,"column":124}},"239":{"start":{"line":240,"column":0},"end":{"line":240,"column":29}},"240":{"start":{"line":241,"column":0},"end":{"line":241,"column":12}},"242":{"start":{"line":243,"column":0},"end":{"line":243,"column":29}},"243":{"start":{"line":244,"column":0},"end":{"line":244,"column":5}},"244":{"start":{"line":245,"column":0},"end":{"line":245,"column":3}},"246":{"start":{"line":247,"column":0},"end":{"line":247,"column":43}},"247":{"start":{"line":248,"column":0},"end":{"line":248,"column":33}},"249":{"start":{"line":250,"column":0},"end":{"line":250,"column":46}},"250":{"start":{"line":251,"column":0},"end":{"line":251,"column":34}},"251":{"start":{"line":252,"column":0},"end":{"line":252,"column":25}},"252":{"start":{"line":253,"column":0},"end":{"line":253,"column":7}},"253":{"start":{"line":254,"column":0},"end":{"line":254,"column":7}},"255":{"start":{"line":256,"column":0},"end":{"line":256,"column":27}},"256":{"start":{"line":257,"column":0},"end":{"line":257,"column":46}},"257":{"start":{"line":258,"column":0},"end":{"line":258,"column":18}},"258":{"start":{"line":259,"column":0},"end":{"line":259,"column":31}},"260":{"start":{"line":261,"column":0},"end":{"line":261,"column":38}},"262":{"start":{"line":263,"column":0},"end":{"line":263,"column":36}},"263":{"start":{"line":264,"column":0},"end":{"line":264,"column":32}},"264":{"start":{"line":265,"column":0},"end":{"line":265,"column":109}},"265":{"start":{"line":266,"column":0},"end":{"line":266,"column":45}},"267":{"start":{"line":268,"column":0},"end":{"line":268,"column":40}},"268":{"start":{"line":269,"column":0},"end":{"line":269,"column":39}},"269":{"start":{"line":270,"column":0},"end":{"line":270,"column":109}},"270":{"start":{"line":271,"column":0},"end":{"line":271,"column":9}},"271":{"start":{"line":272,"column":0},"end":{"line":272,"column":7}},"272":{"start":{"line":273,"column":0},"end":{"line":273,"column":7}},"274":{"start":{"line":275,"column":0},"end":{"line":275,"column":29}},"275":{"start":{"line":276,"column":0},"end":{"line":276,"column":29}},"276":{"start":{"line":277,"column":0},"end":{"line":277,"column":5}},"277":{"start":{"line":278,"column":0},"end":{"line":278,"column":3}},"282":{"start":{"line":283,"column":0},"end":{"line":283,"column":59}},"283":{"start":{"line":284,"column":0},"end":{"line":284,"column":49}},"284":{"start":{"line":285,"column":0},"end":{"line":285,"column":17}},"285":{"start":{"line":286,"column":0},"end":{"line":286,"column":85}},"286":{"start":{"line":287,"column":0},"end":{"line":287,"column":19}},"287":{"start":{"line":288,"column":0},"end":{"line":288,"column":5}},"289":{"start":{"line":290,"column":0},"end":{"line":290,"column":27}},"290":{"start":{"line":291,"column":0},"end":{"line":291,"column":36}},"291":{"start":{"line":292,"column":0},"end":{"line":292,"column":31}},"293":{"start":{"line":294,"column":0},"end":{"line":294,"column":34}},"295":{"start":{"line":296,"column":0},"end":{"line":296,"column":28}},"296":{"start":{"line":297,"column":0},"end":{"line":297,"column":81}},"297":{"start":{"line":298,"column":0},"end":{"line":298,"column":45}},"299":{"start":{"line":300,"column":0},"end":{"line":300,"column":36}},"300":{"start":{"line":301,"column":0},"end":{"line":301,"column":40}},"301":{"start":{"line":302,"column":0},"end":{"line":302,"column":89}},"302":{"start":{"line":303,"column":0},"end":{"line":303,"column":5}},"304":{"start":{"line":305,"column":0},"end":{"line":305,"column":27}},"305":{"start":{"line":306,"column":0},"end":{"line":306,"column":16}},"306":{"start":{"line":307,"column":0},"end":{"line":307,"column":3}},"311":{"start":{"line":312,"column":0},"end":{"line":312,"column":44}},"312":{"start":{"line":313,"column":0},"end":{"line":313,"column":18}},"313":{"start":{"line":314,"column":0},"end":{"line":314,"column":58}},"315":{"start":{"line":316,"column":0},"end":{"line":316,"column":28}},"316":{"start":{"line":317,"column":0},"end":{"line":317,"column":43}},"317":{"start":{"line":318,"column":0},"end":{"line":318,"column":16}},"318":{"start":{"line":319,"column":0},"end":{"line":319,"column":7}},"319":{"start":{"line":320,"column":0},"end":{"line":320,"column":7}},"321":{"start":{"line":322,"column":0},"end":{"line":322,"column":17}},"322":{"start":{"line":323,"column":0},"end":{"line":323,"column":3}},"324":{"start":{"line":325,"column":0},"end":{"line":325,"column":63}},"325":{"start":{"line":326,"column":0},"end":{"line":326,"column":28}},"326":{"start":{"line":327,"column":0},"end":{"line":327,"column":15}},"327":{"start":{"line":328,"column":0},"end":{"line":328,"column":22}},"328":{"start":{"line":329,"column":0},"end":{"line":329,"column":15}},"329":{"start":{"line":330,"column":0},"end":{"line":330,"column":7}},"332":{"start":{"line":333,"column":0},"end":{"line":333,"column":42}},"333":{"start":{"line":334,"column":0},"end":{"line":334,"column":57}},"334":{"start":{"line":335,"column":0},"end":{"line":335,"column":5}},"335":{"start":{"line":336,"column":0},"end":{"line":336,"column":3}},"344":{"start":{"line":345,"column":0},"end":{"line":345,"column":11}},"345":{"start":{"line":346,"column":0},"end":{"line":346,"column":18}},"346":{"start":{"line":347,"column":0},"end":{"line":347,"column":21}},"347":{"start":{"line":348,"column":0},"end":{"line":348,"column":19}},"348":{"start":{"line":349,"column":0},"end":{"line":349,"column":23}},"349":{"start":{"line":350,"column":0},"end":{"line":350,"column":11}},"350":{"start":{"line":351,"column":0},"end":{"line":351,"column":34}},"351":{"start":{"line":352,"column":0},"end":{"line":352,"column":12}},"352":{"start":{"line":353,"column":0},"end":{"line":353,"column":31}},"353":{"start":{"line":354,"column":0},"end":{"line":354,"column":29}},"354":{"start":{"line":355,"column":0},"end":{"line":355,"column":13}},"355":{"start":{"line":356,"column":0},"end":{"line":356,"column":65}},"356":{"start":{"line":357,"column":0},"end":{"line":357,"column":7}},"357":{"start":{"line":358,"column":0},"end":{"line":358,"column":76}},"358":{"start":{"line":359,"column":0},"end":{"line":359,"column":3}},"363":{"start":{"line":364,"column":0},"end":{"line":364,"column":35}},"364":{"start":{"line":365,"column":0},"end":{"line":365,"column":36}},"365":{"start":{"line":366,"column":0},"end":{"line":366,"column":67}},"366":{"start":{"line":367,"column":0},"end":{"line":367,"column":3}},"371":{"start":{"line":372,"column":0},"end":{"line":372,"column":45}},"372":{"start":{"line":373,"column":0},"end":{"line":373,"column":53}},"373":{"start":{"line":374,"column":0},"end":{"line":374,"column":35}},"376":{"start":{"line":377,"column":0},"end":{"line":377,"column":71}},"377":{"start":{"line":378,"column":0},"end":{"line":378,"column":38}},"378":{"start":{"line":379,"column":0},"end":{"line":379,"column":19}},"379":{"start":{"line":380,"column":0},"end":{"line":380,"column":5}},"381":{"start":{"line":382,"column":0},"end":{"line":382,"column":16}},"382":{"start":{"line":383,"column":0},"end":{"line":383,"column":3}},"391":{"start":{"line":392,"column":0},"end":{"line":392,"column":30}},"392":{"start":{"line":393,"column":0},"end":{"line":393,"column":66}},"393":{"start":{"line":394,"column":0},"end":{"line":394,"column":60}},"394":{"start":{"line":395,"column":0},"end":{"line":395,"column":20}},"395":{"start":{"line":396,"column":0},"end":{"line":396,"column":16}},"396":{"start":{"line":397,"column":0},"end":{"line":397,"column":18}},"397":{"start":{"line":398,"column":0},"end":{"line":398,"column":14}},"398":{"start":{"line":399,"column":0},"end":{"line":399,"column":8}},"401":{"start":{"line":402,"column":0},"end":{"line":402,"column":68}},"402":{"start":{"line":403,"column":0},"end":{"line":403,"column":69}},"403":{"start":{"line":404,"column":0},"end":{"line":404,"column":7}},"406":{"start":{"line":407,"column":0},"end":{"line":407,"column":39}},"407":{"start":{"line":408,"column":0},"end":{"line":408,"column":7}},"408":{"start":{"line":409,"column":0},"end":{"line":409,"column":3}},"413":{"start":{"line":414,"column":0},"end":{"line":414,"column":48}},"414":{"start":{"line":415,"column":0},"end":{"line":415,"column":65}},"415":{"start":{"line":416,"column":0},"end":{"line":416,"column":3}},"420":{"start":{"line":421,"column":0},"end":{"line":421,"column":51}},"421":{"start":{"line":422,"column":0},"end":{"line":422,"column":73}},"422":{"start":{"line":423,"column":0},"end":{"line":423,"column":3}},"427":{"start":{"line":428,"column":0},"end":{"line":428,"column":36}},"428":{"start":{"line":429,"column":0},"end":{"line":429,"column":18}},"429":{"start":{"line":430,"column":0},"end":{"line":430,"column":40}},"430":{"start":{"line":431,"column":0},"end":{"line":431,"column":67}},"431":{"start":{"line":432,"column":0},"end":{"line":432,"column":16}},"432":{"start":{"line":433,"column":0},"end":{"line":433,"column":7}},"433":{"start":{"line":434,"column":0},"end":{"line":434,"column":7}},"434":{"start":{"line":435,"column":0},"end":{"line":435,"column":17}},"435":{"start":{"line":436,"column":0},"end":{"line":436,"column":3}},"440":{"start":{"line":441,"column":0},"end":{"line":441,"column":55}},"441":{"start":{"line":442,"column":0},"end":{"line":442,"column":51}},"442":{"start":{"line":443,"column":0},"end":{"line":443,"column":18}},"443":{"start":{"line":444,"column":0},"end":{"line":444,"column":14}},"444":{"start":{"line":445,"column":0},"end":{"line":445,"column":16}},"445":{"start":{"line":446,"column":0},"end":{"line":446,"column":12}},"446":{"start":{"line":447,"column":0},"end":{"line":447,"column":6}},"448":{"start":{"line":449,"column":0},"end":{"line":449,"column":40}},"449":{"start":{"line":450,"column":0},"end":{"line":450,"column":31}},"450":{"start":{"line":451,"column":0},"end":{"line":451,"column":7}},"452":{"start":{"line":453,"column":0},"end":{"line":453,"column":18}},"453":{"start":{"line":454,"column":0},"end":{"line":454,"column":3}},"458":{"start":{"line":459,"column":0},"end":{"line":459,"column":41}},"459":{"start":{"line":460,"column":0},"end":{"line":460,"column":53}},"460":{"start":{"line":461,"column":0},"end":{"line":461,"column":3}},"465":{"start":{"line":466,"column":0},"end":{"line":466,"column":43}},"467":{"start":{"line":468,"column":0},"end":{"line":468,"column":27}},"468":{"start":{"line":469,"column":0},"end":{"line":469,"column":47}},"469":{"start":{"line":470,"column":0},"end":{"line":470,"column":50}},"470":{"start":{"line":471,"column":0},"end":{"line":471,"column":40}},"471":{"start":{"line":472,"column":0},"end":{"line":472,"column":7}},"472":{"start":{"line":473,"column":0},"end":{"line":473,"column":7}},"474":{"start":{"line":475,"column":0},"end":{"line":475,"column":50}},"475":{"start":{"line":476,"column":0},"end":{"line":476,"column":3}},"484":{"start":{"line":485,"column":0},"end":{"line":485,"column":62}},"485":{"start":{"line":486,"column":0},"end":{"line":486,"column":33}},"488":{"start":{"line":489,"column":0},"end":{"line":489,"column":37}},"490":{"start":{"line":491,"column":0},"end":{"line":491,"column":18}},"491":{"start":{"line":492,"column":0},"end":{"line":492,"column":38}},"492":{"start":{"line":493,"column":0},"end":{"line":493,"column":6}},"493":{"start":{"line":494,"column":0},"end":{"line":494,"column":3}},"495":{"start":{"line":496,"column":0},"end":{"line":496,"column":35}},"496":{"start":{"line":497,"column":0},"end":{"line":497,"column":42}},"497":{"start":{"line":498,"column":0},"end":{"line":498,"column":34}},"498":{"start":{"line":499,"column":0},"end":{"line":499,"column":11}},"499":{"start":{"line":500,"column":0},"end":{"line":500,"column":19}},"500":{"start":{"line":501,"column":0},"end":{"line":501,"column":21}},"501":{"start":{"line":502,"column":0},"end":{"line":502,"column":70}},"502":{"start":{"line":503,"column":0},"end":{"line":503,"column":7}},"503":{"start":{"line":504,"column":0},"end":{"line":504,"column":7}},"504":{"start":{"line":505,"column":0},"end":{"line":505,"column":3}},"513":{"start":{"line":514,"column":0},"end":{"line":514,"column":32}},"514":{"start":{"line":515,"column":0},"end":{"line":515,"column":28}},"515":{"start":{"line":516,"column":0},"end":{"line":516,"column":40}},"516":{"start":{"line":517,"column":0},"end":{"line":517,"column":42}},"517":{"start":{"line":518,"column":0},"end":{"line":518,"column":27}},"518":{"start":{"line":519,"column":0},"end":{"line":519,"column":7}},"519":{"start":{"line":520,"column":0},"end":{"line":520,"column":7}},"520":{"start":{"line":521,"column":0},"end":{"line":521,"column":23}},"521":{"start":{"line":522,"column":0},"end":{"line":522,"column":3}},"526":{"start":{"line":527,"column":0},"end":{"line":527,"column":17}},"532":{"start":{"line":533,"column":0},"end":{"line":533,"column":5}},"533":{"start":{"line":534,"column":0},"end":{"line":534,"column":45}},"534":{"start":{"line":535,"column":0},"end":{"line":535,"column":12}},"535":{"start":{"line":536,"column":0},"end":{"line":536,"column":36}},"536":{"start":{"line":537,"column":0},"end":{"line":537,"column":52}},"537":{"start":{"line":538,"column":0},"end":{"line":538,"column":32}},"538":{"start":{"line":539,"column":0},"end":{"line":539,"column":24}},"539":{"start":{"line":540,"column":0},"end":{"line":540,"column":40}},"540":{"start":{"line":541,"column":0},"end":{"line":541,"column":6}},"541":{"start":{"line":542,"column":0},"end":{"line":542,"column":3}},"546":{"start":{"line":547,"column":0},"end":{"line":547,"column":17}},"547":{"start":{"line":548,"column":0},"end":{"line":548,"column":30}},"548":{"start":{"line":549,"column":0},"end":{"line":549,"column":27}},"549":{"start":{"line":550,"column":0},"end":{"line":550,"column":30}},"550":{"start":{"line":551,"column":0},"end":{"line":551,"column":29}},"551":{"start":{"line":552,"column":0},"end":{"line":552,"column":45}},"552":{"start":{"line":553,"column":0},"end":{"line":553,"column":28}},"553":{"start":{"line":554,"column":0},"end":{"line":554,"column":29}},"554":{"start":{"line":555,"column":0},"end":{"line":555,"column":7}},"555":{"start":{"line":556,"column":0},"end":{"line":556,"column":27}},"556":{"start":{"line":557,"column":0},"end":{"line":557,"column":3}},"557":{"start":{"line":558,"column":0},"end":{"line":558,"column":1}}},"s":{"29":1,"30":1,"31":1,"32":1,"33":1,"34":1,"37":1,"41":1,"44":1,"45":1,"49":1,"51":1,"52":22,"53":22,"54":1980,"55":1980,"56":22,"57":22,"62":1,"63":1980,"64":1980,"74":1,"75":1980,"76":1980,"79":1980,"81":1980,"82":1980,"83":1980,"84":1980,"85":1980,"86":1980,"88":0,"89":0,"90":0,"93":1980,"94":0,"95":0,"98":0,"99":0,"100":0,"101":0,"102":0,"105":0,"106":0,"107":0,"109":1980,"110":0,"111":0,"112":0,"113":0,"115":0,"116":0,"117":0,"118":0,"119":0,"120":0,"121":0,"122":0,"123":0,"124":0,"125":0,"126":0,"127":0,"128":0,"129":0,"130":0,"131":0,"132":0,"133":0,"134":0,"136":0,"137":0,"138":0,"139":0,"140":0,"141":0,"142":0,"143":0,"144":0,"145":0,"146":0,"147":0,"148":0,"149":0,"150":0,"151":0,"154":0,"156":0,"158":0,"159":0,"160":0,"161":0,"163":0,"164":0,"165":0,"166":0,"167":0,"168":0,"169":0,"170":0,"171":0,"172":0,"173":1980,"175":1,"176":0,"177":0,"178":0,"179":0,"180":0,"182":0,"183":0,"184":0,"185":0,"186":0,"187":0,"188":0,"189":0,"190":0,"191":0,"192":0,"193":0,"194":0,"203":1,"204":0,"205":0,"207":0,"208":0,"209":0,"210":0,"211":0,"213":1,"214":0,"215":0,"216":0,"217":0,"218":0,"219":0,"220":0,"221":0,"223":0,"224":0,"225":0,"226":0,"227":0,"228":0,"229":0,"230":0,"231":0,"232":0,"233":0,"234":0,"235":0,"237":0,"238":0,"239":0,"240":0,"242":0,"243":0,"244":0,"246":1,"247":0,"249":0,"250":0,"251":0,"252":0,"253":0,"255":0,"256":0,"257":0,"258":0,"260":0,"262":0,"263":0,"264":0,"265":0,"267":0,"268":0,"269":0,"270":0,"271":0,"272":0,"274":0,"275":0,"276":0,"277":0,"282":1,"283":0,"284":0,"285":0,"286":0,"287":0,"289":0,"290":0,"291":0,"293":0,"295":0,"296":0,"297":0,"299":0,"300":0,"301":0,"302":0,"304":0,"305":0,"306":0,"311":1,"312":0,"313":0,"315":0,"316":0,"317":0,"318":0,"319":0,"321":0,"322":0,"324":1,"325":0,"326":0,"327":0,"328":0,"329":0,"332":0,"333":0,"334":0,"335":0,"344":1,"345":0,"346":0,"347":0,"348":0,"349":0,"350":0,"351":0,"352":0,"353":0,"354":0,"355":0,"356":0,"357":0,"358":0,"363":1,"364":0,"365":0,"366":0,"371":1,"372":0,"373":0,"376":0,"377":0,"378":0,"379":0,"381":0,"382":0,"391":1,"392":27,"393":0,"394":0,"395":0,"396":0,"397":0,"398":0,"401":0,"402":0,"403":0,"406":0,"407":27,"408":27,"413":1,"414":0,"415":0,"420":1,"421":0,"422":0,"427":1,"428":1,"429":1,"430":0,"431":0,"432":0,"433":1,"434":1,"435":1,"440":1,"441":1,"442":1,"443":1,"444":1,"445":1,"446":1,"448":1,"449":0,"450":1,"452":1,"453":1,"458":1,"459":0,"460":0,"465":1,"467":0,"468":0,"469":0,"470":0,"471":0,"472":0,"474":0,"475":0,"484":1,"485":22,"488":22,"490":22,"491":0,"492":0,"493":22,"495":1,"496":0,"497":0,"498":0,"499":0,"500":0,"501":0,"502":0,"503":0,"504":0,"513":1,"514":1,"515":1,"516":0,"517":0,"518":0,"519":1,"520":1,"521":1,"526":1,"532":1,"533":1,"534":1,"535":1,"536":1,"537":1,"538":1,"539":1,"540":1,"541":1,"546":1,"547":0,"548":0,"549":0,"550":0,"551":0,"552":0,"553":0,"554":0,"555":0,"556":0,"557":1},"branchMap":{"0":{"type":"branch","line":30,"loc":{"start":{"line":30,"column":26},"end":{"line":558,"column":1}},"locations":[{"start":{"line":30,"column":26},"end":{"line":558,"column":1}}]},"1":{"type":"branch","line":52,"loc":{"start":{"line":52,"column":2},"end":{"line":58,"column":3}},"locations":[{"start":{"line":52,"column":2},"end":{"line":58,"column":3}}]},"2":{"type":"branch","line":54,"loc":{"start":{"line":54,"column":17},"end":{"line":57,"column":5}},"locations":[{"start":{"line":54,"column":17},"end":{"line":57,"column":5}}]},"3":{"type":"branch","line":63,"loc":{"start":{"line":63,"column":10},"end":{"line":65,"column":3}},"locations":[{"start":{"line":63,"column":10},"end":{"line":65,"column":3}}]},"4":{"type":"branch","line":75,"loc":{"start":{"line":75,"column":2},"end":{"line":174,"column":3}},"locations":[{"start":{"line":75,"column":2},"end":{"line":174,"column":3}}]},"5":{"type":"branch","line":77,"loc":{"start":{"line":77,"column":14},"end":{"line":77,"column":21}},"locations":[{"start":{"line":77,"column":14},"end":{"line":77,"column":21}}]},"6":{"type":"branch","line":87,"loc":{"start":{"line":87,"column":4},"end":{"line":91,"column":39}},"locations":[{"start":{"line":87,"column":4},"end":{"line":91,"column":39}}]},"7":{"type":"branch","line":94,"loc":{"start":{"line":94,"column":40},"end":{"line":110,"column":66}},"locations":[{"start":{"line":94,"column":40},"end":{"line":110,"column":66}}]},"8":{"type":"branch","line":110,"loc":{"start":{"line":110,"column":66},"end":{"line":173,"column":5}},"locations":[{"start":{"line":110,"column":66},"end":{"line":173,"column":5}}]},"9":{"type":"branch","line":392,"loc":{"start":{"line":392,"column":2},"end":{"line":409,"column":3}},"locations":[{"start":{"line":392,"column":2},"end":{"line":409,"column":3}}]},"10":{"type":"branch","line":428,"loc":{"start":{"line":428,"column":2},"end":{"line":436,"column":3}},"locations":[{"start":{"line":428,"column":2},"end":{"line":436,"column":3}}]},"11":{"type":"branch","line":441,"loc":{"start":{"line":441,"column":2},"end":{"line":454,"column":3}},"locations":[{"start":{"line":441,"column":2},"end":{"line":454,"column":3}}]},"12":{"type":"branch","line":485,"loc":{"start":{"line":485,"column":2},"end":{"line":494,"column":3}},"locations":[{"start":{"line":485,"column":2},"end":{"line":494,"column":3}}]},"13":{"type":"branch","line":514,"loc":{"start":{"line":514,"column":2},"end":{"line":522,"column":3}},"locations":[{"start":{"line":514,"column":2},"end":{"line":522,"column":3}}]},"14":{"type":"branch","line":527,"loc":{"start":{"line":527,"column":2},"end":{"line":542,"column":3}},"locations":[{"start":{"line":527,"column":2},"end":{"line":542,"column":3}}]}},"b":{"0":[1],"1":[22],"2":[1980],"3":[1980],"4":[1980],"5":[0],"6":[0],"7":[0],"8":[0],"9":[27],"10":[1],"11":[1],"12":[22],"13":[1],"14":[1]},"fnMap":{"0":{"name":"<static_initializer>","decl":{"start":{"line":30,"column":26},"end":{"line":558,"column":1}},"loc":{"start":{"line":30,"column":26},"end":{"line":558,"column":1}},"line":30},"1":{"name":"AlarmManager","decl":{"start":{"line":52,"column":2},"end":{"line":58,"column":3}},"loc":{"start":{"line":52,"column":2},"end":{"line":58,"column":3}},"line":52},"2":{"name":"isInWarmup","decl":{"start":{"line":63,"column":10},"end":{"line":65,"column":3}},"loc":{"start":{"line":63,"column":10},"end":{"line":65,"column":3}},"line":63},"3":{"name":"evaluate","decl":{"start":{"line":75,"column":2},"end":{"line":174,"column":3}},"loc":{"start":{"line":75,"column":2},"end":{"line":174,"column":3}},"line":75},"4":{"name":"checkDeadbandForClear","decl":{"start":{"line":176,"column":10},"end":{"line":195,"column":3}},"loc":{"start":{"line":176,"column":10},"end":{"line":195,"column":3}},"line":176},"5":{"name":"throttledLog","decl":{"start":{"line":204,"column":10},"end":{"line":212,"column":3}},"loc":{"start":{"line":204,"column":10},"end":{"line":212,"column":3}},"line":204},"6":{"name":"raiseAlarm","decl":{"start":{"line":214,"column":10},"end":{"line":245,"column":3}},"loc":{"start":{"line":214,"column":10},"end":{"line":245,"column":3}},"line":214},"7":{"name":"clearAlarm","decl":{"start":{"line":247,"column":10},"end":{"line":278,"column":3}},"loc":{"start":{"line":247,"column":10},"end":{"line":278,"column":3}},"line":247},"8":{"name":"acknowledge","decl":{"start":{"line":283,"column":2},"end":{"line":307,"column":3}},"loc":{"start":{"line":283,"column":2},"end":{"line":307,"column":3}},"line":283},"9":{"name":"acknowledgeAll","decl":{"start":{"line":312,"column":2},"end":{"line":323,"column":3}},"loc":{"start":{"line":312,"column":2},"end":{"line":323,"column":3}},"line":312},"10":{"name":"archiveAlarm","decl":{"start":{"line":325,"column":10},"end":{"line":336,"column":3}},"loc":{"start":{"line":325,"column":10},"end":{"line":336,"column":3}},"line":325},"11":{"name":"suppress","decl":{"start":{"line":345,"column":2},"end":{"line":359,"column":3}},"loc":{"start":{"line":345,"column":2},"end":{"line":359,"column":3}},"line":345},"12":{"name":"unsuppress","decl":{"start":{"line":364,"column":2},"end":{"line":367,"column":3}},"loc":{"start":{"line":364,"column":2},"end":{"line":367,"column":3}},"line":364},"13":{"name":"isAlarmSuppressed","decl":{"start":{"line":372,"column":2},"end":{"line":383,"column":3}},"loc":{"start":{"line":372,"column":2},"end":{"line":383,"column":3}},"line":372},"14":{"name":"getActiveAlarms","decl":{"start":{"line":392,"column":2},"end":{"line":409,"column":3}},"loc":{"start":{"line":392,"column":2},"end":{"line":409,"column":3}},"line":392},"15":{"name":"getAlarmsByState","decl":{"start":{"line":414,"column":2},"end":{"line":416,"column":3}},"loc":{"start":{"line":414,"column":2},"end":{"line":416,"column":3}},"line":414},"16":{"name":"getAlarmsForMachine","decl":{"start":{"line":421,"column":2},"end":{"line":423,"column":3}},"loc":{"start":{"line":421,"column":2},"end":{"line":423,"column":3}},"line":421},"17":{"name":"getUnacknowledgedCount","decl":{"start":{"line":428,"column":2},"end":{"line":436,"column":3}},"loc":{"start":{"line":428,"column":2},"end":{"line":436,"column":3}},"line":428},"18":{"name":"getCountByPriority","decl":{"start":{"line":441,"column":2},"end":{"line":454,"column":3}},"loc":{"start":{"line":441,"column":2},"end":{"line":454,"column":3}},"line":441},"19":{"name":"getAlarmHistory","decl":{"start":{"line":459,"column":2},"end":{"line":461,"column":3}},"loc":{"start":{"line":459,"column":2},"end":{"line":461,"column":3}},"line":459},"20":{"name":"getSuppressedTags","decl":{"start":{"line":466,"column":2},"end":{"line":476,"column":3}},"loc":{"start":{"line":466,"column":2},"end":{"line":476,"column":3}},"line":466},"21":{"name":"subscribe","decl":{"start":{"line":485,"column":2},"end":{"line":494,"column":3}},"loc":{"start":{"line":485,"column":2},"end":{"line":494,"column":3}},"line":485},"22":{"name":"notifyListeners","decl":{"start":{"line":496,"column":10},"end":{"line":505,"column":3}},"loc":{"start":{"line":496,"column":10},"end":{"line":505,"column":3}},"line":496},"23":{"name":"hasCriticalAlarms","decl":{"start":{"line":514,"column":2},"end":{"line":522,"column":3}},"loc":{"start":{"line":514,"column":2},"end":{"line":522,"column":3}},"line":514},"24":{"name":"getSummary","decl":{"start":{"line":527,"column":2},"end":{"line":542,"column":3}},"loc":{"start":{"line":527,"column":2},"end":{"line":542,"column":3}},"line":527},"25":{"name":"reset","decl":{"start":{"line":547,"column":2},"end":{"line":557,"column":3}},"loc":{"start":{"line":547,"column":2},"end":{"line":557,"column":3}},"line":547}},"f":{"0":1,"1":22,"2":1980,"3":1980,"4":0,"5":0,"6":0,"7":0,"8":0,"9":0,"10":0,"11":0,"12":0,"13":0,"14":27,"15":0,"16":0,"17":1,"18":1,"19":0,"20":0,"21":22,"22":0,"23":1,"24":1,"25":0}}
,"/Users/nellwatson/Documents/GitHub/Experiments/src/scada/HistoryStore.ts": {"path":"/Users/nellwatson/Documents/GitHub/Experiments/src/scada/HistoryStore.ts","all":false,"statementMap":{"35":{"start":{"line":36,"column":0},"end":{"line":36,"column":44}},"36":{"start":{"line":37,"column":0},"end":{"line":37,"column":47}},"37":{"start":{"line":38,"column":0},"end":{"line":38,"column":24}},"38":{"start":{"line":39,"column":0},"end":{"line":39,"column":24}},"39":{"start":{"line":40,"column":0},"end":{"line":40,"column":49}},"40":{"start":{"line":41,"column":0},"end":{"line":41,"column":50}},"41":{"start":{"line":42,"column":0},"end":{"line":42,"column":2}},"43":{"start":{"line":44,"column":0},"end":{"line":44,"column":27}},"44":{"start":{"line":45,"column":0},"end":{"line":45,"column":40}},"45":{"start":{"line":46,"column":0},"end":{"line":46,"column":44}},"46":{"start":{"line":47,"column":0},"end":{"line":47,"column":34}},"48":{"start":{"line":49,"column":0},"end":{"line":49,"column":47}},"49":{"start":{"line":50,"column":0},"end":{"line":50,"column":49}},"50":{"start":{"line":51,"column":0},"end":{"line":51,"column":70}},"51":{"start":{"line":52,"column":0},"end":{"line":52,"column":72}},"52":{"start":{"line":53,"column":0},"end":{"line":53,"column":32}},"55":{"start":{"line":56,"column":0},"end":{"line":56,"column":61}},"57":{"start":{"line":58,"column":0},"end":{"line":58,"column":57}},"58":{"start":{"line":59,"column":0},"end":{"line":59,"column":51}},"59":{"start":{"line":60,"column":0},"end":{"line":60,"column":3}},"68":{"start":{"line":69,"column":0},"end":{"line":69,"column":31}},"69":{"start":{"line":70,"column":0},"end":{"line":70,"column":35}},"71":{"start":{"line":72,"column":0},"end":{"line":72,"column":45}},"72":{"start":{"line":73,"column":0},"end":{"line":73,"column":68}},"74":{"start":{"line":75,"column":0},"end":{"line":75,"column":44}},"75":{"start":{"line":76,"column":0},"end":{"line":76,"column":61}},"78":{"start":{"line":79,"column":0},"end":{"line":79,"column":58}},"79":{"start":{"line":80,"column":0},"end":{"line":80,"column":60}},"80":{"start":{"line":81,"column":0},"end":{"line":81,"column":26}},"81":{"start":{"line":82,"column":0},"end":{"line":82,"column":31}},"82":{"start":{"line":83,"column":0},"end":{"line":83,"column":13}},"83":{"start":{"line":84,"column":0},"end":{"line":84,"column":65}},"84":{"start":{"line":85,"column":0},"end":{"line":85,"column":73}},"85":{"start":{"line":86,"column":0},"end":{"line":86,"column":90}},"86":{"start":{"line":87,"column":0},"end":{"line":87,"column":9}},"89":{"start":{"line":90,"column":0},"end":{"line":90,"column":60}},"90":{"start":{"line":91,"column":0},"end":{"line":91,"column":62}},"91":{"start":{"line":92,"column":0},"end":{"line":92,"column":26}},"92":{"start":{"line":93,"column":0},"end":{"line":93,"column":31}},"93":{"start":{"line":94,"column":0},"end":{"line":94,"column":13}},"94":{"start":{"line":95,"column":0},"end":{"line":95,"column":72}},"95":{"start":{"line":96,"column":0},"end":{"line":96,"column":65}},"96":{"start":{"line":97,"column":0},"end":{"line":97,"column":69}},"97":{"start":{"line":98,"column":0},"end":{"line":98,"column":9}},"99":{"start":{"line":100,"column":0},"end":{"line":100,"column":71}},"100":{"start":{"line":101,"column":0},"end":{"line":101,"column":8}},"102":{"start":{"line":103,"column":0},"end":{"line":103,"column":33}},"103":{"start":{"line":104,"column":0},"end":{"line":104,"column":33}},"104":{"start":{"line":105,"column":0},"end":{"line":105,"column":34}},"107":{"start":{"line":108,"column":0},"end":{"line":108,"column":97}},"110":{"start":{"line":111,"column":0},"end":{"line":111,"column":81}},"113":{"start":{"line":114,"column":0},"end":{"line":114,"column":23}},"115":{"start":{"line":116,"column":0},"end":{"line":116,"column":63}},"116":{"start":{"line":117,"column":0},"end":{"line":117,"column":18}},"117":{"start":{"line":118,"column":0},"end":{"line":118,"column":8}},"119":{"start":{"line":120,"column":0},"end":{"line":120,"column":31}},"120":{"start":{"line":121,"column":0},"end":{"line":121,"column":80}},"121":{"start":{"line":122,"column":0},"end":{"line":122,"column":30}},"122":{"start":{"line":123,"column":0},"end":{"line":123,"column":8}},"123":{"start":{"line":124,"column":0},"end":{"line":124,"column":7}},"124":{"start":{"line":125,"column":0},"end":{"line":125,"column":3}},"130":{"start":{"line":131,"column":0},"end":{"line":131,"column":44}},"132":{"start":{"line":133,"column":0},"end":{"line":133,"column":29}},"133":{"start":{"line":134,"column":0},"end":{"line":134,"column":40}},"134":{"start":{"line":135,"column":0},"end":{"line":135,"column":32}},"135":{"start":{"line":136,"column":0},"end":{"line":136,"column":5}},"136":{"start":{"line":137,"column":0},"end":{"line":137,"column":31}},"137":{"start":{"line":138,"column":0},"end":{"line":138,"column":42}},"138":{"start":{"line":139,"column":0},"end":{"line":139,"column":34}},"139":{"start":{"line":140,"column":0},"end":{"line":140,"column":5}},"142":{"start":{"line":143,"column":0},"end":{"line":143,"column":27}},"143":{"start":{"line":144,"column":0},"end":{"line":144,"column":32}},"144":{"start":{"line":145,"column":0},"end":{"line":145,"column":5}},"146":{"start":{"line":147,"column":0},"end":{"line":147,"column":18}},"147":{"start":{"line":148,"column":0},"end":{"line":148,"column":22}},"148":{"start":{"line":149,"column":0},"end":{"line":149,"column":21}},"149":{"start":{"line":150,"column":0},"end":{"line":150,"column":5}},"150":{"start":{"line":151,"column":0},"end":{"line":151,"column":31}},"151":{"start":{"line":152,"column":0},"end":{"line":152,"column":41}},"152":{"start":{"line":153,"column":0},"end":{"line":153,"column":3}},"163":{"start":{"line":164,"column":0},"end":{"line":164,"column":43}},"164":{"start":{"line":165,"column":0},"end":{"line":165,"column":46}},"167":{"start":{"line":168,"column":0},"end":{"line":168,"column":65}},"168":{"start":{"line":169,"column":0},"end":{"line":169,"column":34}},"169":{"start":{"line":170,"column":0},"end":{"line":170,"column":51}},"170":{"start":{"line":171,"column":0},"end":{"line":171,"column":47}},"171":{"start":{"line":172,"column":0},"end":{"line":172,"column":40}},"172":{"start":{"line":173,"column":0},"end":{"line":173,"column":7}},"173":{"start":{"line":174,"column":0},"end":{"line":174,"column":5}},"176":{"start":{"line":177,"column":0},"end":{"line":177,"column":57}},"178":{"start":{"line":179,"column":0},"end":{"line":179,"column":27}},"179":{"start":{"line":180,"column":0},"end":{"line":180,"column":28}},"180":{"start":{"line":181,"column":0},"end":{"line":181,"column":36}},"181":{"start":{"line":182,"column":0},"end":{"line":182,"column":22}},"182":{"start":{"line":183,"column":0},"end":{"line":183,"column":31}},"183":{"start":{"line":184,"column":0},"end":{"line":184,"column":7}},"186":{"start":{"line":187,"column":0},"end":{"line":187,"column":63}},"187":{"start":{"line":188,"column":0},"end":{"line":188,"column":26}},"188":{"start":{"line":189,"column":0},"end":{"line":189,"column":5}},"189":{"start":{"line":190,"column":0},"end":{"line":190,"column":3}},"195":{"start":{"line":196,"column":0},"end":{"line":196,"column":44}},"196":{"start":{"line":197,"column":0},"end":{"line":197,"column":47}},"197":{"start":{"line":198,"column":0},"end":{"line":198,"column":3}},"202":{"start":{"line":203,"column":0},"end":{"line":203,"column":34}},"203":{"start":{"line":204,"column":0},"end":{"line":204,"column":27}},"204":{"start":{"line":205,"column":0},"end":{"line":205,"column":24}},"205":{"start":{"line":206,"column":0},"end":{"line":206,"column":25}},"206":{"start":{"line":207,"column":0},"end":{"line":207,"column":23}},"207":{"start":{"line":208,"column":0},"end":{"line":208,"column":25}},"208":{"start":{"line":209,"column":0},"end":{"line":209,"column":31}},"209":{"start":{"line":210,"column":0},"end":{"line":210,"column":25}},"210":{"start":{"line":211,"column":0},"end":{"line":211,"column":33}},"211":{"start":{"line":212,"column":0},"end":{"line":212,"column":32}},"212":{"start":{"line":213,"column":0},"end":{"line":213,"column":43}},"213":{"start":{"line":214,"column":0},"end":{"line":214,"column":33}},"214":{"start":{"line":215,"column":0},"end":{"line":215,"column":42}},"215":{"start":{"line":216,"column":0},"end":{"line":216,"column":7}},"216":{"start":{"line":217,"column":0},"end":{"line":217,"column":3}},"221":{"start":{"line":222,"column":0},"end":{"line":222,"column":47}},"222":{"start":{"line":223,"column":0},"end":{"line":223,"column":23}},"223":{"start":{"line":224,"column":0},"end":{"line":224,"column":20}},"226":{"start":{"line":227,"column":0},"end":{"line":227,"column":38}},"227":{"start":{"line":228,"column":0},"end":{"line":228,"column":44}},"228":{"start":{"line":229,"column":0},"end":{"line":229,"column":28}},"230":{"start":{"line":231,"column":0},"end":{"line":231,"column":11}},"231":{"start":{"line":232,"column":0},"end":{"line":232,"column":70}},"232":{"start":{"line":233,"column":0},"end":{"line":233,"column":60}},"234":{"start":{"line":235,"column":0},"end":{"line":235,"column":35}},"235":{"start":{"line":236,"column":0},"end":{"line":236,"column":28}},"236":{"start":{"line":237,"column":0},"end":{"line":237,"column":11}},"238":{"start":{"line":239,"column":0},"end":{"line":239,"column":54}},"239":{"start":{"line":240,"column":0},"end":{"line":240,"column":51}},"240":{"start":{"line":241,"column":0},"end":{"line":241,"column":64}},"241":{"start":{"line":242,"column":0},"end":{"line":242,"column":11}},"242":{"start":{"line":243,"column":0},"end":{"line":243,"column":21}},"243":{"start":{"line":244,"column":0},"end":{"line":244,"column":74}},"245":{"start":{"line":246,"column":0},"end":{"line":246,"column":42}},"246":{"start":{"line":247,"column":0},"end":{"line":247,"column":7}},"247":{"start":{"line":248,"column":0},"end":{"line":248,"column":5}},"250":{"start":{"line":251,"column":0},"end":{"line":251,"column":38}},"251":{"start":{"line":252,"column":0},"end":{"line":252,"column":44}},"252":{"start":{"line":253,"column":0},"end":{"line":253,"column":28}},"254":{"start":{"line":255,"column":0},"end":{"line":255,"column":11}},"255":{"start":{"line":256,"column":0},"end":{"line":256,"column":72}},"256":{"start":{"line":257,"column":0},"end":{"line":257,"column":62}},"258":{"start":{"line":259,"column":0},"end":{"line":259,"column":35}},"259":{"start":{"line":260,"column":0},"end":{"line":260,"column":28}},"260":{"start":{"line":261,"column":0},"end":{"line":261,"column":11}},"262":{"start":{"line":263,"column":0},"end":{"line":263,"column":54}},"263":{"start":{"line":264,"column":0},"end":{"line":264,"column":51}},"264":{"start":{"line":265,"column":0},"end":{"line":265,"column":64}},"265":{"start":{"line":266,"column":0},"end":{"line":266,"column":11}},"266":{"start":{"line":267,"column":0},"end":{"line":267,"column":21}},"267":{"start":{"line":268,"column":0},"end":{"line":268,"column":76}},"268":{"start":{"line":269,"column":0},"end":{"line":269,"column":42}},"269":{"start":{"line":270,"column":0},"end":{"line":270,"column":7}},"270":{"start":{"line":271,"column":0},"end":{"line":271,"column":5}},"271":{"start":{"line":272,"column":0},"end":{"line":272,"column":3}},"280":{"start":{"line":281,"column":0},"end":{"line":281,"column":19}},"281":{"start":{"line":282,"column":0},"end":{"line":282,"column":18}},"282":{"start":{"line":283,"column":0},"end":{"line":283,"column":22}},"283":{"start":{"line":284,"column":0},"end":{"line":284,"column":32}},"284":{"start":{"line":285,"column":0},"end":{"line":285,"column":33}},"285":{"start":{"line":286,"column":0},"end":{"line":286,"column":23}},"286":{"start":{"line":287,"column":0},"end":{"line":287,"column":23}},"288":{"start":{"line":289,"column":0},"end":{"line":289,"column":45}},"289":{"start":{"line":290,"column":0},"end":{"line":290,"column":67}},"290":{"start":{"line":291,"column":0},"end":{"line":291,"column":58}},"291":{"start":{"line":292,"column":0},"end":{"line":292,"column":51}},"293":{"start":{"line":294,"column":0},"end":{"line":294,"column":38}},"294":{"start":{"line":295,"column":0},"end":{"line":295,"column":27}},"295":{"start":{"line":296,"column":0},"end":{"line":296,"column":24}},"296":{"start":{"line":297,"column":0},"end":{"line":297,"column":8}},"298":{"start":{"line":299,"column":0},"end":{"line":299,"column":70}},"300":{"start":{"line":301,"column":0},"end":{"line":301,"column":33}},"301":{"start":{"line":302,"column":0},"end":{"line":302,"column":42}},"302":{"start":{"line":303,"column":0},"end":{"line":303,"column":33}},"303":{"start":{"line":304,"column":0},"end":{"line":304,"column":25}},"304":{"start":{"line":305,"column":0},"end":{"line":305,"column":28}},"305":{"start":{"line":306,"column":0},"end":{"line":306,"column":13}},"306":{"start":{"line":307,"column":0},"end":{"line":307,"column":8}},"308":{"start":{"line":309,"column":0},"end":{"line":309,"column":52}},"309":{"start":{"line":310,"column":0},"end":{"line":310,"column":7}},"310":{"start":{"line":311,"column":0},"end":{"line":311,"column":3}},"315":{"start":{"line":316,"column":0},"end":{"line":316,"column":30}},"316":{"start":{"line":317,"column":0},"end":{"line":317,"column":21}},"317":{"start":{"line":318,"column":0},"end":{"line":318,"column":22}},"318":{"start":{"line":319,"column":0},"end":{"line":319,"column":32}},"319":{"start":{"line":320,"column":0},"end":{"line":320,"column":49}},"320":{"start":{"line":321,"column":0},"end":{"line":321,"column":57}},"322":{"start":{"line":323,"column":0},"end":{"line":323,"column":22}},"323":{"start":{"line":324,"column":0},"end":{"line":324,"column":33}},"324":{"start":{"line":325,"column":0},"end":{"line":325,"column":73}},"325":{"start":{"line":326,"column":0},"end":{"line":326,"column":8}},"326":{"start":{"line":327,"column":0},"end":{"line":327,"column":6}},"328":{"start":{"line":329,"column":0},"end":{"line":329,"column":18}},"329":{"start":{"line":330,"column":0},"end":{"line":330,"column":3}},"334":{"start":{"line":335,"column":0},"end":{"line":335,"column":72}},"335":{"start":{"line":336,"column":0},"end":{"line":336,"column":23}},"336":{"start":{"line":337,"column":0},"end":{"line":337,"column":25}},"338":{"start":{"line":339,"column":0},"end":{"line":339,"column":45}},"339":{"start":{"line":340,"column":0},"end":{"line":340,"column":67}},"340":{"start":{"line":341,"column":0},"end":{"line":341,"column":58}},"341":{"start":{"line":342,"column":0},"end":{"line":342,"column":51}},"343":{"start":{"line":344,"column":0},"end":{"line":344,"column":38}},"344":{"start":{"line":345,"column":0},"end":{"line":345,"column":19}},"345":{"start":{"line":346,"column":0},"end":{"line":346,"column":27}},"346":{"start":{"line":347,"column":0},"end":{"line":347,"column":8}},"348":{"start":{"line":349,"column":0},"end":{"line":349,"column":54}},"350":{"start":{"line":351,"column":0},"end":{"line":351,"column":33}},"351":{"start":{"line":352,"column":0},"end":{"line":352,"column":38}},"352":{"start":{"line":353,"column":0},"end":{"line":353,"column":21}},"353":{"start":{"line":354,"column":0},"end":{"line":354,"column":19}},"354":{"start":{"line":355,"column":0},"end":{"line":355,"column":46}},"355":{"start":{"line":356,"column":0},"end":{"line":356,"column":38}},"356":{"start":{"line":357,"column":0},"end":{"line":357,"column":41}},"357":{"start":{"line":358,"column":0},"end":{"line":358,"column":13}},"358":{"start":{"line":359,"column":0},"end":{"line":359,"column":16}},"359":{"start":{"line":360,"column":0},"end":{"line":360,"column":24}},"360":{"start":{"line":361,"column":0},"end":{"line":361,"column":9}},"361":{"start":{"line":362,"column":0},"end":{"line":362,"column":8}},"363":{"start":{"line":364,"column":0},"end":{"line":364,"column":52}},"364":{"start":{"line":365,"column":0},"end":{"line":365,"column":7}},"365":{"start":{"line":366,"column":0},"end":{"line":366,"column":3}},"370":{"start":{"line":371,"column":0},"end":{"line":371,"column":24}},"371":{"start":{"line":372,"column":0},"end":{"line":372,"column":22}},"372":{"start":{"line":373,"column":0},"end":{"line":373,"column":33}},"373":{"start":{"line":374,"column":0},"end":{"line":374,"column":15}},"374":{"start":{"line":375,"column":0},"end":{"line":375,"column":36}},"375":{"start":{"line":376,"column":0},"end":{"line":376,"column":23}},"376":{"start":{"line":377,"column":0},"end":{"line":377,"column":23}},"378":{"start":{"line":379,"column":0},"end":{"line":379,"column":45}},"379":{"start":{"line":380,"column":0},"end":{"line":380,"column":69}},"380":{"start":{"line":381,"column":0},"end":{"line":381,"column":60}},"381":{"start":{"line":382,"column":0},"end":{"line":382,"column":45}},"383":{"start":{"line":384,"column":0},"end":{"line":384,"column":58}},"384":{"start":{"line":385,"column":0},"end":{"line":385,"column":47}},"386":{"start":{"line":387,"column":0},"end":{"line":387,"column":54}},"388":{"start":{"line":389,"column":0},"end":{"line":389,"column":33}},"389":{"start":{"line":390,"column":0},"end":{"line":390,"column":38}},"390":{"start":{"line":391,"column":0},"end":{"line":391,"column":47}},"391":{"start":{"line":392,"column":0},"end":{"line":392,"column":37}},"392":{"start":{"line":393,"column":0},"end":{"line":393,"column":28}},"393":{"start":{"line":394,"column":0},"end":{"line":394,"column":16}},"394":{"start":{"line":395,"column":0},"end":{"line":395,"column":27}},"395":{"start":{"line":396,"column":0},"end":{"line":396,"column":9}},"396":{"start":{"line":397,"column":0},"end":{"line":397,"column":8}},"398":{"start":{"line":399,"column":0},"end":{"line":399,"column":52}},"399":{"start":{"line":400,"column":0},"end":{"line":400,"column":7}},"400":{"start":{"line":401,"column":0},"end":{"line":401,"column":3}},"405":{"start":{"line":406,"column":0},"end":{"line":406,"column":29}},"410":{"start":{"line":411,"column":0},"end":{"line":411,"column":6}},"411":{"start":{"line":412,"column":0},"end":{"line":412,"column":23}},"412":{"start":{"line":413,"column":0},"end":{"line":413,"column":14}},"413":{"start":{"line":414,"column":0},"end":{"line":414,"column":14}},"414":{"start":{"line":415,"column":0},"end":{"line":415,"column":27}},"415":{"start":{"line":416,"column":0},"end":{"line":416,"column":29}},"416":{"start":{"line":417,"column":0},"end":{"line":417,"column":30}},"417":{"start":{"line":418,"column":0},"end":{"line":418,"column":29}},"418":{"start":{"line":419,"column":0},"end":{"line":419,"column":8}},"419":{"start":{"line":420,"column":0},"end":{"line":420,"column":5}},"421":{"start":{"line":422,"column":0},"end":{"line":422,"column":62}},"422":{"start":{"line":423,"column":0},"end":{"line":423,"column":47}},"423":{"start":{"line":424,"column":0},"end":{"line":424,"column":66}},"424":{"start":{"line":425,"column":0},"end":{"line":425,"column":57}},"425":{"start":{"line":426,"column":0},"end":{"line":426,"column":38}},"426":{"start":{"line":427,"column":0},"end":{"line":427,"column":58}},"427":{"start":{"line":428,"column":0},"end":{"line":428,"column":54}},"428":{"start":{"line":429,"column":0},"end":{"line":429,"column":9}},"429":{"start":{"line":430,"column":0},"end":{"line":430,"column":6}},"431":{"start":{"line":432,"column":0},"end":{"line":432,"column":61}},"432":{"start":{"line":433,"column":0},"end":{"line":433,"column":47}},"433":{"start":{"line":434,"column":0},"end":{"line":434,"column":69}},"434":{"start":{"line":435,"column":0},"end":{"line":435,"column":60}},"435":{"start":{"line":436,"column":0},"end":{"line":436,"column":47}},"436":{"start":{"line":437,"column":0},"end":{"line":437,"column":43}},"437":{"start":{"line":438,"column":0},"end":{"line":438,"column":35}},"438":{"start":{"line":439,"column":0},"end":{"line":439,"column":40}},"439":{"start":{"line":440,"column":0},"end":{"line":440,"column":58}},"440":{"start":{"line":441,"column":0},"end":{"line":441,"column":10}},"441":{"start":{"line":442,"column":0},"end":{"line":442,"column":54}},"442":{"start":{"line":443,"column":0},"end":{"line":443,"column":9}},"443":{"start":{"line":444,"column":0},"end":{"line":444,"column":6}},"445":{"start":{"line":446,"column":0},"end":{"line":446,"column":60}},"446":{"start":{"line":447,"column":0},"end":{"line":447,"column":47}},"447":{"start":{"line":448,"column":0},"end":{"line":448,"column":69}},"448":{"start":{"line":449,"column":0},"end":{"line":449,"column":60}},"449":{"start":{"line":450,"column":0},"end":{"line":450,"column":47}},"450":{"start":{"line":451,"column":0},"end":{"line":451,"column":55}},"451":{"start":{"line":452,"column":0},"end":{"line":452,"column":35}},"452":{"start":{"line":453,"column":0},"end":{"line":453,"column":40}},"453":{"start":{"line":454,"column":0},"end":{"line":454,"column":58}},"454":{"start":{"line":455,"column":0},"end":{"line":455,"column":10}},"455":{"start":{"line":456,"column":0},"end":{"line":456,"column":54}},"456":{"start":{"line":457,"column":0},"end":{"line":457,"column":9}},"457":{"start":{"line":458,"column":0},"end":{"line":458,"column":6}},"459":{"start":{"line":460,"column":0},"end":{"line":460,"column":82}},"460":{"start":{"line":461,"column":0},"end":{"line":461,"column":25}},"461":{"start":{"line":462,"column":0},"end":{"line":462,"column":31}},"462":{"start":{"line":463,"column":0},"end":{"line":463,"column":33}},"463":{"start":{"line":464,"column":0},"end":{"line":464,"column":28}},"464":{"start":{"line":465,"column":0},"end":{"line":465,"column":26}},"465":{"start":{"line":466,"column":0},"end":{"line":466,"column":9}},"467":{"start":{"line":468,"column":0},"end":{"line":468,"column":12}},"468":{"start":{"line":469,"column":0},"end":{"line":469,"column":22}},"469":{"start":{"line":470,"column":0},"end":{"line":470,"column":24}},"470":{"start":{"line":471,"column":0},"end":{"line":471,"column":22}},"471":{"start":{"line":472,"column":0},"end":{"line":472,"column":21}},"472":{"start":{"line":473,"column":0},"end":{"line":473,"column":6}},"473":{"start":{"line":474,"column":0},"end":{"line":474,"column":3}},"482":{"start":{"line":483,"column":0},"end":{"line":483,"column":20}},"483":{"start":{"line":484,"column":0},"end":{"line":484,"column":21}},"484":{"start":{"line":485,"column":0},"end":{"line":485,"column":22}},"485":{"start":{"line":486,"column":0},"end":{"line":486,"column":32}},"486":{"start":{"line":487,"column":0},"end":{"line":487,"column":22}},"487":{"start":{"line":488,"column":0},"end":{"line":488,"column":51}},"489":{"start":{"line":490,"column":0},"end":{"line":490,"column":33}},"490":{"start":{"line":491,"column":0},"end":{"line":491,"column":71}},"491":{"start":{"line":492,"column":0},"end":{"line":492,"column":28}},"492":{"start":{"line":493,"column":0},"end":{"line":493,"column":69}},"493":{"start":{"line":494,"column":0},"end":{"line":494,"column":9}},"494":{"start":{"line":495,"column":0},"end":{"line":495,"column":5}},"496":{"start":{"line":497,"column":0},"end":{"line":497,"column":27}},"497":{"start":{"line":498,"column":0},"end":{"line":498,"column":3}},"502":{"start":{"line":503,"column":0},"end":{"line":503,"column":21}},"503":{"start":{"line":504,"column":0},"end":{"line":504,"column":21}},"504":{"start":{"line":505,"column":0},"end":{"line":505,"column":22}},"505":{"start":{"line":506,"column":0},"end":{"line":506,"column":33}},"506":{"start":{"line":507,"column":0},"end":{"line":507,"column":25}},"507":{"start":{"line":508,"column":0},"end":{"line":508,"column":27}},"508":{"start":{"line":509,"column":0},"end":{"line":509,"column":55}},"510":{"start":{"line":511,"column":0},"end":{"line":511,"column":33}},"511":{"start":{"line":512,"column":0},"end":{"line":512,"column":69}},"512":{"start":{"line":513,"column":0},"end":{"line":513,"column":5}},"514":{"start":{"line":515,"column":0},"end":{"line":515,"column":33}},"515":{"start":{"line":516,"column":0},"end":{"line":516,"column":29}},"516":{"start":{"line":517,"column":0},"end":{"line":517,"column":16}},"517":{"start":{"line":518,"column":0},"end":{"line":518,"column":14}},"518":{"start":{"line":519,"column":0},"end":{"line":519,"column":39}},"519":{"start":{"line":520,"column":0},"end":{"line":520,"column":10}},"520":{"start":{"line":521,"column":0},"end":{"line":521,"column":6}},"522":{"start":{"line":523,"column":0},"end":{"line":523,"column":24}},"523":{"start":{"line":524,"column":0},"end":{"line":524,"column":75}},"524":{"start":{"line":525,"column":0},"end":{"line":525,"column":5}},"526":{"start":{"line":527,"column":0},"end":{"line":527,"column":18}},"527":{"start":{"line":528,"column":0},"end":{"line":528,"column":3}},"532":{"start":{"line":533,"column":0},"end":{"line":533,"column":65}},"533":{"start":{"line":534,"column":0},"end":{"line":534,"column":84}},"534":{"start":{"line":535,"column":0},"end":{"line":535,"column":38}},"535":{"start":{"line":536,"column":0},"end":{"line":536,"column":70}},"536":{"start":{"line":537,"column":0},"end":{"line":537,"column":7}},"537":{"start":{"line":538,"column":0},"end":{"line":538,"column":42}},"539":{"start":{"line":540,"column":0},"end":{"line":540,"column":42}},"540":{"start":{"line":541,"column":0},"end":{"line":541,"column":17}},"541":{"start":{"line":542,"column":0},"end":{"line":542,"column":26}},"542":{"start":{"line":543,"column":0},"end":{"line":543,"column":33}},"543":{"start":{"line":544,"column":0},"end":{"line":544,"column":14}},"544":{"start":{"line":545,"column":0},"end":{"line":545,"column":33}},"545":{"start":{"line":546,"column":0},"end":{"line":546,"column":29}},"546":{"start":{"line":547,"column":0},"end":{"line":547,"column":3}},"555":{"start":{"line":556,"column":0},"end":{"line":556,"column":42}},"556":{"start":{"line":557,"column":0},"end":{"line":557,"column":23}},"557":{"start":{"line":558,"column":0},"end":{"line":558,"column":20}},"559":{"start":{"line":560,"column":0},"end":{"line":560,"column":56}},"560":{"start":{"line":561,"column":0},"end":{"line":561,"column":25}},"563":{"start":{"line":564,"column":0},"end":{"line":564,"column":9}},"564":{"start":{"line":565,"column":0},"end":{"line":565,"column":68}},"565":{"start":{"line":566,"column":0},"end":{"line":566,"column":58}},"566":{"start":{"line":567,"column":0},"end":{"line":567,"column":45}},"568":{"start":{"line":569,"column":0},"end":{"line":569,"column":51}},"569":{"start":{"line":570,"column":0},"end":{"line":570,"column":46}},"571":{"start":{"line":572,"column":0},"end":{"line":572,"column":33}},"572":{"start":{"line":573,"column":0},"end":{"line":573,"column":38}},"573":{"start":{"line":574,"column":0},"end":{"line":574,"column":21}},"574":{"start":{"line":575,"column":0},"end":{"line":575,"column":26}},"575":{"start":{"line":576,"column":0},"end":{"line":576,"column":25}},"576":{"start":{"line":577,"column":0},"end":{"line":577,"column":28}},"577":{"start":{"line":578,"column":0},"end":{"line":578,"column":9}},"578":{"start":{"line":579,"column":0},"end":{"line":579,"column":8}},"580":{"start":{"line":581,"column":0},"end":{"line":581,"column":52}},"581":{"start":{"line":582,"column":0},"end":{"line":582,"column":49}},"582":{"start":{"line":583,"column":0},"end":{"line":583,"column":62}},"583":{"start":{"line":584,"column":0},"end":{"line":584,"column":9}},"585":{"start":{"line":586,"column":0},"end":{"line":586,"column":29}},"586":{"start":{"line":587,"column":0},"end":{"line":587,"column":89}},"587":{"start":{"line":588,"column":0},"end":{"line":588,"column":7}},"588":{"start":{"line":589,"column":0},"end":{"line":589,"column":19}},"589":{"start":{"line":590,"column":0},"end":{"line":590,"column":59}},"590":{"start":{"line":591,"column":0},"end":{"line":591,"column":5}},"593":{"start":{"line":594,"column":0},"end":{"line":594,"column":61}},"594":{"start":{"line":595,"column":0},"end":{"line":595,"column":9}},"595":{"start":{"line":596,"column":0},"end":{"line":596,"column":70}},"596":{"start":{"line":597,"column":0},"end":{"line":597,"column":60}},"597":{"start":{"line":598,"column":0},"end":{"line":598,"column":45}},"599":{"start":{"line":600,"column":0},"end":{"line":600,"column":56}},"600":{"start":{"line":601,"column":0},"end":{"line":601,"column":46}},"601":{"start":{"line":602,"column":0},"end":{"line":602,"column":32}},"603":{"start":{"line":604,"column":0},"end":{"line":604,"column":33}},"604":{"start":{"line":605,"column":0},"end":{"line":605,"column":38}},"605":{"start":{"line":606,"column":0},"end":{"line":606,"column":21}},"606":{"start":{"line":607,"column":0},"end":{"line":607,"column":26}},"607":{"start":{"line":608,"column":0},"end":{"line":608,"column":30}},"608":{"start":{"line":609,"column":0},"end":{"line":609,"column":28}},"609":{"start":{"line":610,"column":0},"end":{"line":610,"column":9}},"610":{"start":{"line":611,"column":0},"end":{"line":611,"column":8}},"612":{"start":{"line":613,"column":0},"end":{"line":613,"column":52}},"613":{"start":{"line":614,"column":0},"end":{"line":614,"column":49}},"614":{"start":{"line":615,"column":0},"end":{"line":615,"column":62}},"615":{"start":{"line":616,"column":0},"end":{"line":616,"column":9}},"617":{"start":{"line":618,"column":0},"end":{"line":618,"column":34}},"618":{"start":{"line":619,"column":0},"end":{"line":619,"column":96}},"619":{"start":{"line":620,"column":0},"end":{"line":620,"column":7}},"620":{"start":{"line":621,"column":0},"end":{"line":621,"column":19}},"621":{"start":{"line":622,"column":0},"end":{"line":622,"column":65}},"622":{"start":{"line":623,"column":0},"end":{"line":623,"column":5}},"623":{"start":{"line":624,"column":0},"end":{"line":624,"column":3}},"628":{"start":{"line":629,"column":0},"end":{"line":629,"column":35}},"629":{"start":{"line":630,"column":0},"end":{"line":630,"column":23}},"630":{"start":{"line":631,"column":0},"end":{"line":631,"column":20}},"632":{"start":{"line":633,"column":0},"end":{"line":633,"column":62}},"633":{"start":{"line":634,"column":0},"end":{"line":634,"column":47}},"634":{"start":{"line":635,"column":0},"end":{"line":635,"column":67}},"635":{"start":{"line":636,"column":0},"end":{"line":636,"column":57}},"636":{"start":{"line":637,"column":0},"end":{"line":637,"column":38}},"637":{"start":{"line":638,"column":0},"end":{"line":638,"column":44}},"638":{"start":{"line":639,"column":0},"end":{"line":639,"column":54}},"639":{"start":{"line":640,"column":0},"end":{"line":640,"column":9}},"640":{"start":{"line":641,"column":0},"end":{"line":641,"column":6}},"642":{"start":{"line":643,"column":0},"end":{"line":643,"column":23}},"643":{"start":{"line":644,"column":0},"end":{"line":644,"column":31}},"644":{"start":{"line":645,"column":0},"end":{"line":645,"column":32}},"645":{"start":{"line":646,"column":0},"end":{"line":646,"column":7}},"647":{"start":{"line":648,"column":0},"end":{"line":648,"column":54}},"648":{"start":{"line":649,"column":0},"end":{"line":649,"column":3}},"649":{"start":{"line":650,"column":0},"end":{"line":650,"column":1}}},"s":{"35":1,"36":1,"37":1,"38":1,"39":1,"40":1,"41":1,"43":1,"44":1,"45":1,"46":1,"48":1,"49":1,"50":1,"51":1,"52":1,"55":1,"57":1,"58":22,"59":22,"68":1,"69":22,"71":22,"72":22,"74":22,"75":22,"78":22,"79":22,"80":22,"81":22,"82":22,"83":22,"84":22,"85":22,"86":22,"89":22,"90":22,"91":22,"92":22,"93":22,"94":22,"95":22,"96":22,"97":22,"99":22,"100":22,"102":22,"103":22,"104":22,"107":22,"110":22,"113":22,"115":22,"116":22,"117":22,"119":22,"120":0,"121":0,"122":0,"123":22,"124":22,"130":1,"132":23,"133":22,"134":22,"135":22,"136":23,"137":22,"138":22,"139":22,"142":23,"143":22,"144":22,"146":23,"147":22,"148":22,"149":22,"150":23,"151":23,"152":23,"163":1,"164":1980,"167":1980,"168":1980,"169":990,"170":990,"171":685,"172":685,"173":990,"176":1295,"178":1295,"179":1295,"180":1295,"181":1295,"182":1295,"183":1295,"186":1980,"187":0,"188":0,"189":1980,"195":1,"196":22,"197":22,"202":1,"203":0,"204":0,"205":0,"206":0,"207":0,"208":0,"209":0,"210":0,"211":0,"212":0,"213":0,"214":0,"215":0,"216":0,"221":1,"222":22,"223":22,"226":22,"227":11,"228":11,"230":11,"231":11,"232":11,"234":11,"235":1295,"236":11,"238":11,"239":11,"240":11,"241":11,"242":11,"243":0,"245":0,"246":0,"247":11,"250":22,"251":0,"252":0,"254":0,"255":0,"256":0,"258":0,"259":0,"260":0,"262":0,"263":0,"264":0,"265":0,"266":0,"267":0,"268":0,"269":0,"270":0,"271":22,"280":1,"281":3,"282":3,"283":3,"284":3,"285":3,"286":3,"288":3,"289":3,"290":3,"291":3,"293":3,"294":3,"295":3,"296":3,"298":3,"300":3,"301":3,"302":0,"303":0,"304":0,"305":3,"306":3,"308":3,"309":3,"310":3,"315":1,"316":1,"317":1,"318":1,"319":1,"320":1,"322":1,"323":1,"324":2,"325":1,"326":1,"328":1,"329":1,"334":1,"335":0,"336":0,"338":0,"339":0,"340":0,"341":0,"343":0,"344":0,"345":0,"346":0,"348":0,"350":0,"351":0,"352":0,"353":0,"354":0,"355":0,"356":0,"357":0,"358":0,"359":0,"360":0,"361":0,"363":0,"364":0,"365":0,"370":1,"371":0,"372":0,"373":0,"374":0,"375":0,"376":0,"378":0,"379":0,"380":0,"381":0,"383":0,"384":0,"386":0,"388":0,"389":0,"390":0,"391":0,"392":0,"393":0,"394":0,"395":0,"396":0,"398":0,"399":0,"400":0,"405":1,"410":0,"411":0,"412":0,"413":0,"414":0,"415":0,"416":0,"417":0,"418":0,"419":0,"421":0,"422":0,"423":0,"424":0,"425":0,"426":0,"427":0,"428":0,"429":0,"431":0,"432":0,"433":0,"434":0,"435":0,"436":0,"437":0,"438":0,"439":0,"440":0,"441":0,"442":0,"443":0,"445":0,"446":0,"447":0,"448":0,"449":0,"450":0,"451":0,"452":0,"453":0,"454":0,"455":0,"456":0,"457":0,"459":0,"460":0,"461":0,"462":0,"463":0,"464":0,"465":0,"467":0,"468":0,"469":0,"470":0,"471":0,"472":0,"473":0,"482":1,"483":0,"484":0,"485":0,"486":0,"487":0,"489":0,"490":0,"491":0,"492":0,"493":0,"494":0,"496":0,"497":0,"502":1,"503":0,"504":0,"505":0,"506":0,"507":0,"508":0,"510":0,"511":0,"512":0,"514":0,"515":0,"516":0,"517":0,"518":0,"519":0,"520":0,"522":0,"523":0,"524":0,"526":0,"527":0,"532":1,"533":0,"534":0,"535":0,"536":0,"537":0,"539":0,"540":0,"541":0,"542":0,"543":0,"544":0,"545":0,"546":0,"555":1,"556":22,"557":22,"559":22,"560":22,"563":22,"564":22,"565":22,"566":22,"568":22,"569":22,"571":22,"572":22,"573":22,"574":0,"575":0,"576":0,"577":0,"578":22,"580":22,"581":22,"582":22,"583":22,"585":22,"586":0,"587":0,"588":22,"589":0,"590":0,"593":22,"594":22,"595":22,"596":22,"597":22,"599":22,"600":22,"601":22,"603":22,"604":21,"605":21,"606":0,"607":0,"608":0,"609":0,"610":21,"612":22,"613":22,"614":22,"615":22,"617":22,"618":0,"619":0,"620":22,"621":0,"622":0,"623":22,"628":1,"629":0,"630":0,"632":0,"633":0,"634":0,"635":0,"636":0,"637":0,"638":0,"639":0,"640":0,"642":0,"643":0,"644":0,"645":0,"647":0,"648":0,"649":1},"branchMap":{"0":{"type":"branch","line":58,"loc":{"start":{"line":58,"column":2},"end":{"line":60,"column":3}},"locations":[{"start":{"line":58,"column":2},"end":{"line":60,"column":3}}]},"1":{"type":"branch","line":69,"loc":{"start":{"line":69,"column":2},"end":{"line":125,"column":3}},"locations":[{"start":{"line":69,"column":2},"end":{"line":125,"column":3}}]},"2":{"type":"branch","line":70,"loc":{"start":{"line":70,"column":28},"end":{"line":70,"column":35}},"locations":[{"start":{"line":70,"column":28},"end":{"line":70,"column":35}}]},"3":{"type":"branch","line":72,"loc":{"start":{"line":72,"column":23},"end":{"line":124,"column":5}},"locations":[{"start":{"line":72,"column":23},"end":{"line":124,"column":5}}]},"4":{"type":"branch","line":75,"loc":{"start":{"line":75,"column":32},"end":{"line":101,"column":8}},"locations":[{"start":{"line":75,"column":32},"end":{"line":101,"column":8}}]},"5":{"type":"branch","line":103,"loc":{"start":{"line":103,"column":26},"end":{"line":118,"column":8}},"locations":[{"start":{"line":103,"column":26},"end":{"line":118,"column":8}}]},"6":{"type":"branch","line":131,"loc":{"start":{"line":131,"column":2},"end":{"line":153,"column":3}},"locations":[{"start":{"line":131,"column":2},"end":{"line":153,"column":3}}]},"7":{"type":"branch","line":133,"loc":{"start":{"line":133,"column":28},"end":{"line":136,"column":5}},"locations":[{"start":{"line":133,"column":28},"end":{"line":136,"column":5}}]},"8":{"type":"branch","line":137,"loc":{"start":{"line":137,"column":30},"end":{"line":140,"column":5}},"locations":[{"start":{"line":137,"column":30},"end":{"line":140,"column":5}}]},"9":{"type":"branch","line":143,"loc":{"start":{"line":143,"column":26},"end":{"line":145,"column":5}},"locations":[{"start":{"line":143,"column":26},"end":{"line":145,"column":5}}]},"10":{"type":"branch","line":147,"loc":{"start":{"line":147,"column":17},"end":{"line":150,"column":5}},"locations":[{"start":{"line":147,"column":17},"end":{"line":150,"column":5}}]},"11":{"type":"branch","line":164,"loc":{"start":{"line":164,"column":2},"end":{"line":190,"column":3}},"locations":[{"start":{"line":164,"column":2},"end":{"line":190,"column":3}}]},"12":{"type":"branch","line":169,"loc":{"start":{"line":169,"column":33},"end":{"line":174,"column":5}},"locations":[{"start":{"line":169,"column":33},"end":{"line":174,"column":5}}]},"13":{"type":"branch","line":171,"loc":{"start":{"line":171,"column":46},"end":{"line":173,"column":7}},"locations":[{"start":{"line":171,"column":46},"end":{"line":173,"column":7}}]},"14":{"type":"branch","line":174,"loc":{"start":{"line":174,"column":4},"end":{"line":187,"column":62}},"locations":[{"start":{"line":174,"column":4},"end":{"line":187,"column":62}}]},"15":{"type":"branch","line":187,"loc":{"start":{"line":187,"column":62},"end":{"line":189,"column":5}},"locations":[{"start":{"line":187,"column":62},"end":{"line":189,"column":5}}]},"16":{"type":"branch","line":196,"loc":{"start":{"line":196,"column":2},"end":{"line":198,"column":3}},"locations":[{"start":{"line":196,"column":2},"end":{"line":198,"column":3}}]},"17":{"type":"branch","line":197,"loc":{"start":{"line":197,"column":19},"end":{"line":197,"column":45}},"locations":[{"start":{"line":197,"column":19},"end":{"line":197,"column":45}}]},"18":{"type":"branch","line":222,"loc":{"start":{"line":222,"column":2},"end":{"line":272,"column":3}},"locations":[{"start":{"line":222,"column":2},"end":{"line":272,"column":3}}]},"19":{"type":"branch","line":224,"loc":{"start":{"line":224,"column":13},"end":{"line":224,"column":20}},"locations":[{"start":{"line":224,"column":13},"end":{"line":224,"column":20}}]},"20":{"type":"branch","line":227,"loc":{"start":{"line":227,"column":37},"end":{"line":248,"column":5}},"locations":[{"start":{"line":227,"column":37},"end":{"line":248,"column":5}}]},"21":{"type":"branch","line":243,"loc":{"start":{"line":243,"column":6},"end":{"line":247,"column":7}},"locations":[{"start":{"line":243,"column":6},"end":{"line":247,"column":7}}]},"22":{"type":"branch","line":251,"loc":{"start":{"line":251,"column":37},"end":{"line":271,"column":5}},"locations":[{"start":{"line":251,"column":37},"end":{"line":271,"column":5}}]},"23":{"type":"branch","line":235,"loc":{"start":{"line":235,"column":24},"end":{"line":237,"column":9}},"locations":[{"start":{"line":235,"column":24},"end":{"line":237,"column":9}}]},"24":{"type":"branch","line":239,"loc":{"start":{"line":239,"column":32},"end":{"line":242,"column":9}},"locations":[{"start":{"line":239,"column":32},"end":{"line":242,"column":9}}]},"25":{"type":"branch","line":240,"loc":{"start":{"line":240,"column":35},"end":{"line":240,"column":51}},"locations":[{"start":{"line":240,"column":35},"end":{"line":240,"column":51}}]},"26":{"type":"branch","line":281,"loc":{"start":{"line":281,"column":2},"end":{"line":311,"column":3}},"locations":[{"start":{"line":281,"column":2},"end":{"line":311,"column":3}}]},"27":{"type":"branch","line":287,"loc":{"start":{"line":287,"column":13},"end":{"line":287,"column":23}},"locations":[{"start":{"line":287,"column":13},"end":{"line":287,"column":23}}]},"28":{"type":"branch","line":289,"loc":{"start":{"line":289,"column":23},"end":{"line":310,"column":5}},"locations":[{"start":{"line":289,"column":23},"end":{"line":310,"column":5}}]},"29":{"type":"branch","line":301,"loc":{"start":{"line":301,"column":26},"end":{"line":307,"column":8}},"locations":[{"start":{"line":301,"column":26},"end":{"line":307,"column":8}}]},"30":{"type":"branch","line":316,"loc":{"start":{"line":316,"column":2},"end":{"line":330,"column":3}},"locations":[{"start":{"line":316,"column":2},"end":{"line":330,"column":3}}]},"31":{"type":"branch","line":324,"loc":{"start":{"line":324,"column":17},"end":{"line":326,"column":7}},"locations":[{"start":{"line":324,"column":17},"end":{"line":326,"column":7}}]},"32":{"type":"branch","line":556,"loc":{"start":{"line":556,"column":2},"end":{"line":624,"column":3}},"locations":[{"start":{"line":556,"column":2},"end":{"line":624,"column":3}}]},"33":{"type":"branch","line":558,"loc":{"start":{"line":558,"column":13},"end":{"line":558,"column":20}},"locations":[{"start":{"line":558,"column":13},"end":{"line":558,"column":20}}]},"34":{"type":"branch","line":586,"loc":{"start":{"line":586,"column":28},"end":{"line":588,"column":7}},"locations":[{"start":{"line":586,"column":28},"end":{"line":588,"column":7}}]},"35":{"type":"branch","line":589,"loc":{"start":{"line":589,"column":4},"end":{"line":591,"column":5}},"locations":[{"start":{"line":589,"column":4},"end":{"line":591,"column":5}}]},"36":{"type":"branch","line":616,"loc":{"start":{"line":616,"column":7},"end":{"line":618,"column":33}},"locations":[{"start":{"line":616,"column":7},"end":{"line":618,"column":33}}]},"37":{"type":"branch","line":618,"loc":{"start":{"line":618,"column":33},"end":{"line":620,"column":7}},"locations":[{"start":{"line":618,"column":33},"end":{"line":620,"column":7}}]},"38":{"type":"branch","line":621,"loc":{"start":{"line":621,"column":4},"end":{"line":623,"column":5}},"locations":[{"start":{"line":621,"column":4},"end":{"line":623,"column":5}}]},"39":{"type":"branch","line":572,"loc":{"start":{"line":572,"column":26},"end":{"line":579,"column":8}},"locations":[{"start":{"line":572,"column":26},"end":{"line":579,"column":8}}]},"40":{"type":"branch","line":574,"loc":{"start":{"line":574,"column":20},"end":{"line":578,"column":9}},"locations":[{"start":{"line":574,"column":20},"end":{"line":578,"column":9}}]},"41":{"type":"branch","line":581,"loc":{"start":{"line":581,"column":30},"end":{"line":584,"column":7}},"locations":[{"start":{"line":581,"column":30},"end":{"line":584,"column":7}}]},"42":{"type":"branch","line":582,"loc":{"start":{"line":582,"column":33},"end":{"line":582,"column":49}},"locations":[{"start":{"line":582,"column":33},"end":{"line":582,"column":49}}]},"43":{"type":"branch","line":604,"loc":{"start":{"line":604,"column":26},"end":{"line":611,"column":8}},"locations":[{"start":{"line":604,"column":26},"end":{"line":611,"column":8}}]},"44":{"type":"branch","line":606,"loc":{"start":{"line":606,"column":20},"end":{"line":610,"column":9}},"locations":[{"start":{"line":606,"column":20},"end":{"line":610,"column":9}}]},"45":{"type":"branch","line":613,"loc":{"start":{"line":613,"column":30},"end":{"line":616,"column":7}},"locations":[{"start":{"line":613,"column":30},"end":{"line":616,"column":7}}]},"46":{"type":"branch","line":614,"loc":{"start":{"line":614,"column":33},"end":{"line":614,"column":49}},"locations":[{"start":{"line":614,"column":33},"end":{"line":614,"column":49}}]}},"b":{"0":[22],"1":[22],"2":[0],"3":[22],"4":[22],"5":[22],"6":[23],"7":[22],"8":[22],"9":[22],"10":[22],"11":[1980],"12":[990],"13":[685],"14":[1295],"15":[0],"16":[22],"17":[1980],"18":[22],"19":[0],"20":[11],"21":[0],"22":[0],"23":[1295],"24":[11],"25":[11],"26":[3],"27":[0],"28":[3],"29":[3],"30":[1],"31":[2],"32":[22],"33":[0],"34":[0],"35":[0],"36":[21],"37":[0],"38":[0],"39":[22],"40":[0],"41":[22],"42":[22],"43":[21],"44":[0],"45":[22],"46":[21]},"fnMap":{"0":{"name":"HistoryStore","decl":{"start":{"line":58,"column":2},"end":{"line":60,"column":3}},"loc":{"start":{"line":58,"column":2},"end":{"line":60,"column":3}},"line":58},"1":{"name":"init","decl":{"start":{"line":69,"column":2},"end":{"line":125,"column":3}},"loc":{"start":{"line":69,"column":2},"end":{"line":125,"column":3}},"line":69},"2":{"name":"request.onupgradeneeded","decl":{"start":{"line":75,"column":32},"end":{"line":101,"column":8}},"loc":{"start":{"line":75,"column":32},"end":{"line":101,"column":8}},"line":75},"3":{"name":"request.onsuccess","decl":{
[...]
,"end":{"line":146,"column":3}},"147":{"start":{"line":148,"column":0},"end":{"line":148,"column":14}},"148":{"start":{"line":149,"column":0},"end":{"line":149,"column":1}},"156":{"start":{"line":157,"column":0},"end":{"line":157,"column":49}},"157":{"start":{"line":158,"column":0},"end":{"line":158,"column":48}},"158":{"start":{"line":159,"column":0},"end":{"line":159,"column":17}},"159":{"start":{"line":160,"column":0},"end":{"line":160,"column":3}},"161":{"start":{"line":162,"column":0},"end":{"line":162,"column":43}},"164":{"start":{"line":165,"column":0},"end":{"line":165,"column":60}},"165":{"start":{"line":166,"column":0},"end":{"line":166,"column":17}},"166":{"start":{"line":167,"column":0},"end":{"line":167,"column":3}},"168":{"start":{"line":169,"column":0},"end":{"line":169,"column":35}},"169":{"start":{"line":170,"column":0},"end":{"line":170,"column":84}},"170":{"start":{"line":171,"column":0},"end":{"line":171,"column":17}},"171":{"start":{"line":172,"column":0},"end":{"line":172,"column":3}},"173":{"start":{"line":174,"column":0},"end":{"line":174,"column":38}},"174":{"start":{"line":175,"column":0},"end":{"line":175,"column":17}},"175":{"start":{"line":176,"column":0},"end":{"line":176,"column":3}},"177":{"start":{"line":178,"column":0},"end":{"line":178,"column":40}},"178":{"start":{"line":179,"column":0},"end":{"line":179,"column":17}},"179":{"start":{"line":180,"column":0},"end":{"line":180,"column":3}},"181":{"start":{"line":182,"column":0},"end":{"line":182,"column":14}},"182":{"start":{"line":183,"column":0},"end":{"line":183,"column":1}},"190":{"start":{"line":191,"column":0},"end":{"line":191,"column":75}},"191":{"start":{"line":192,"column":0},"end":{"line":192,"column":50}},"192":{"start":{"line":193,"column":0},"end":{"line":193,"column":17}},"193":{"start":{"line":194,"column":0},"end":{"line":194,"column":3}},"195":{"start":{"line":196,"column":0},"end":{"line":196,"column":50}},"198":{"start":{"line":199,"column":0},"end":{"line":199,"column":72}},"199":{"start":{"line":200,"column":0},"end":{"line":200,"column":17}},"200":{"start":{"line":201,"column":0},"end":{"line":201,"column":3}},"202":{"start":{"line":203,"column":0},"end":{"line":203,"column":41}},"203":{"start":{"line":204,"column":0},"end":{"line":204,"column":84}},"204":{"start":{"line":205,"column":0},"end":{"line":205,"column":17}},"205":{"start":{"line":206,"column":0},"end":{"line":206,"column":3}},"207":{"start":{"line":208,"column":0},"end":{"line":208,"column":44}},"208":{"start":{"line":209,"column":0},"end":{"line":209,"column":17}},"209":{"start":{"line":210,"column":0},"end":{"line":210,"column":3}},"211":{"start":{"line":212,"column":0},"end":{"line":212,"column":46}},"212":{"start":{"line":213,"column":0},"end":{"line":213,"column":17}},"213":{"start":{"line":214,"column":0},"end":{"line":214,"column":3}},"216":{"start":{"line":217,"column":0},"end":{"line":217,"column":93}},"217":{"start":{"line":218,"column":0},"end":{"line":218,"column":17}},"218":{"start":{"line":219,"column":0},"end":{"line":219,"column":3}},"220":{"start":{"line":221,"column":0},"end":{"line":221,"column":14}},"221":{"start":{"line":222,"column":0},"end":{"line":222,"column":1}},"226":{"start":{"line":227,"column":0},"end":{"line":227,"column":51}},"227":{"start":{"line":228,"column":0},"end":{"line":228,"column":14}},"228":{"start":{"line":229,"column":0},"end":{"line":229,"column":20}},"229":{"start":{"line":230,"column":0},"end":{"line":230,"column":42}},"230":{"start":{"line":231,"column":0},"end":{"line":231,"column":50}},"231":{"start":{"line":232,"column":0},"end":{"line":232,"column":5}},"232":{"start":{"line":233,"column":0},"end":{"line":233,"column":19}},"233":{"start":{"line":234,"column":0},"end":{"line":234,"column":41}},"234":{"start":{"line":235,"column":0},"end":{"line":235,"column":3}},"235":{"start":{"line":236,"column":0},"end":{"line":236,"column":1}}},"s":{"42":1,"43":25,"44":4,"45":4,"47":21,"50":25,"51":1,"52":1,"54":20,"55":20,"56":20,"57":20,"58":20,"59":20,"60":20,"61":20,"62":20,"63":20,"64":20,"66":25,"67":1,"68":1,"71":19,"72":25,"74":7,"75":2,"76":2,"78":5,"79":5,"80":5,"81":0,"82":0,"83":5,"84":5,"86":25,"88":3,"89":0,"90":0,"91":3,"92":1,"93":1,"94":2,"95":3,"96":1,"97":1,"98":1,"100":25,"101":25,"103":3,"104":1,"105":1,"106":3,"107":1,"108":1,"109":1,"111":25,"112":25,"114":3,"115":1,"116":1,"118":3,"119":3,"120":1,"121":1,"122":3,"123":1,"125":25,"127":1,"128":0,"129":0,"130":1,"132":25,"133":25,"135":2,"136":25,"139":25,"140":1,"141":1,"143":25,"144":1,"145":1,"147":9,"148":9,"156":3,"157":3,"158":0,"159":0,"161":3,"164":3,"165":0,"166":0,"168":3,"169":3,"170":0,"171":0,"173":3,"174":0,"175":0,"177":3,"178":1,"179":1,"181":2,"182":2,"190":1,"191":17,"192":4,"193":4,"195":13,"198":17,"199":2,"200":2,"202":11,"203":17,"204":2,"205":2,"207":17,"208":2,"209":2,"211":17,"212":2,"213":2,"216":17,"217":1,"218":1,"220":4,"221":4,"226":1,"227":1,"228":2,"229":2,"230":2,"231":2,"232":2,"233":2,"234":2,"235":1},"branchMap":{"0":{"type":"branch","line":43,"loc":{"start":{"line":43,"column":7},"end":{"line":149,"column":1}},"locations":[{"start":{"line":43,"column":7},"end":{"line":149,"column":1}}]},"1":{"type":"branch","line":44,"loc":{"start":{"line":44,"column":22},"end":{"line":44,"column":49}},"locations":[{"start":{"line":44,"column":22},"end":{"line":44,"column":49}}]},"2":{"type":"branch","line":44,"loc":{"start":{"line":44,"column":49},"end":{"line":46,"column":3}},"locations":[{"start":{"line":44,"column":49},"end":{"line":46,"column":3}}]},"3":{"type":"branch","line":46,"loc":{"start":{"line":46,"column":2},"end":{"line":51,"column":36}},"locations":[{"start":{"line":46,"column":2},"end":{"line":51,"column":36}}]},"4":{"type":"branch","line":51,"loc":{"start":{"line":51,"column":36},"end":{"line":53,"column":3}},"locations":[{"start":{"line":51,"column":36},"end":{"line":53,"column":3}}]},"5":{"type":"branch","line":53,"loc":{"start":{"line":53,"column":2},"end":{"line":67,"column":55}},"locations":[{"start":{"line":53,"column":2},"end":{"line":67,"column":55}}]},"6":{"type":"branch","line":67,"loc":{"start":{"line":67,"column":55},"end":{"line":69,"column":3}},"locations":[{"start":{"line":67,"column":55},"end":{"line":69,"column":3}}]},"7":{"type":"branch","line":69,"loc":{"start":{"line":69,"column":2},"end":{"line":72,"column":21}},"locations":[{"start":{"line":69,"column":2},"end":{"line":72,"column":21}}]},"8":{"type":"branch","line":73,"loc":{"start":{"line":73,"column":4},"end":{"line":85,"column":12}},"locations":[{"start":{"line":73,"column":4},"end":{"line":85,"column":12}}]},"9":{"type":"branch","line":75,"loc":{"start":{"line":75,"column":31},"end":{"line":75,"column":67}},"locations":[{"start":{"line":75,"column":31},"end":{"line":75,"column":67}}]},"10":{"type":"branch","line":75,"loc":{"start":{"line":75,"column":67},"end":{"line":77,"column":7}},"locations":[{"start":{"line":75,"column":67},"end":{"line":77,"column":7}}]},"11":{"type":"branch","line":77,"loc":{"start":{"line":77,"column":6},"end":{"line":85,"column":12}},"locations":[{"start":{"line":77,"column":6},"end":{"line":85,"column":12}}]},"12":{"type":"branch","line":81,"loc":{"start":{"line":81,"column":26},"end":{"line":81,"column":65}},"locations":[{"start":{"line":81,"column":26},"end":{"line":81,"column":65}}]},"13":{"type":"branch","line":81,"loc":{"start":{"line":81,"column":52},"end":{"line":81,"column":89}},"locations":[{"start":{"line":81,"column":52},"end":{"line":81,"column":89}}]},"14":{"type":"branch","line":81,"loc":{"start":{"line":81,"column":89},"end":{"line":83,"column":9}},"locations":[{"start":{"line":81,"column":89},"end":{"line":83,"column":9}}]},"15":{"type":"branch","line":87,"loc":{"start":{"line":87,"column":4},"end":{"line":99,"column":12}},"locations":[{"start":{"line":87,"column":4},"end":{"line":99,"column":12}}]},"16":{"type":"branch","line":89,"loc":{"start":{"line":89,"column":67},"end":{"line":91,"column":7}},"locations":[{"start":{"line":89,"column":67},"end":{"line":91,"column":7}}]},"17":{"type":"branch","line":92,"loc":{"start":{"line":92,"column":35},"end":{"line":94,"column":7}},"locations":[{"start":{"line":92,"column":35},"end":{"line":94,"column":7}}]},"18":{"type":"branch","line":94,"loc":{"start":{"line":94,"column":6},"end":{"line":96,"column":36}},"locations":[{"start":{"line":94,"column":6},"end":{"line":96,"column":36}}]},"19":{"type":"branch","line":96,"loc":{"start":{"line":96,"column":24},"end":{"line":96,"column":63}},"locations":[{"start":{"line":96,"column":24},"end":{"line":96,"column":63}}]},"20":{"type":"branch","line":96,"loc":{"start":{"line":96,"column":50},"end":{"line":96,"column":87}},"locations":[{"start":{"line":96,"column":50},"end":{"line":96,"column":87}}]},"21":{"type":"branch","line":96,"loc":{"start":{"line":96,"column":87},"end":{"line":99,"column":12}},"locations":[{"start":{"line":96,"column":87},"end":{"line":99,"column":12}}]},"22":{"type":"branch","line":101,"loc":{"start":{"line":101,"column":4},"end":{"line":101,"column":21}},"locations":[{"start":{"line":101,"column":4},"end":{"line":101,"column":21}}]},"23":{"type":"branch","line":102,"loc":{"start":{"line":102,"column":4},"end":{"line":110,"column":12}},"locations":[{"start":{"line":102,"column":4},"end":{"line":110,"column":12}}]},"24":{"type":"branch","line":104,"loc":{"start":{"line":104,"column":38},"end":{"line":106,"column":7}},"locations":[{"start":{"line":104,"column":38},"end":{"line":106,"column":7}}]},"25":{"type":"branch","line":106,"loc":{"start":{"line":106,"column":6},"end":{"line":107,"column":76}},"locations":[{"start":{"line":106,"column":6},"end":{"line":107,"column":76}}]},"26":{"type":"branch","line":107,"loc":{"start":{"line":107,"column":76},"end":{"line":110,"column":12}},"locations":[{"start":{"line":107,"column":76},"end":{"line":110,"column":12}}]},"27":{"type":"branch","line":112,"loc":{"start":{"line":112,"column":4},"end":{"line":112,"column":17}},"locations":[{"start":{"line":112,"column":4},"end":{"line":112,"column":17}}]},"28":{"type":"branch","line":113,"loc":{"start":{"line":113,"column":4},"end":{"line":124,"column":12}},"locations":[{"start":{"line":113,"column":4},"end":{"line":124,"column":12}}]},"29":{"type":"branch","line":115,"loc":{"start":{"line":115,"column":36},"end":{"line":117,"column":7}},"locations":[{"start":{"line":115,"column":36},"end":{"line":117,"column":7}}]},"30":{"type":"branch","line":117,"loc":{"start":{"line":117,"column":6},"end":{"line":119,"column":34}},"locations":[{"start":{"line":117,"column":6},"end":{"line":119,"column":34}}]},"31":{"type":"branch","line":120,"loc":{"start":{"line":120,"column":35},"end":{"line":122,"column":9}},"locations":[{"start":{"line":120,"column":35},"end":{"line":122,"column":9}}]},"32":{"type":"branch","line":123,"loc":{"start":{"line":123,"column":6},"end":{"line":124,"column":12}},"locations":[{"start":{"line":123,"column":6},"end":{"line":124,"column":12}}]},"33":{"type":"branch","line":126,"loc":{"start":{"line":126,"column":4},"end":{"line":131,"column":12}},"locations":[{"start":{"line":126,"column":4},"end":{"line":131,"column":12}}]},"34":{"type":"branch","line":128,"loc":{"start":{"line":128,"column":68},"end":{"line":130,"column":7}},"locations":[{"start":{"line":128,"column":68},"end":{"line":130,"column":7}}]},"35":{"type":"branch","line":133,"loc":{"start":{"line":133,"column":4},"end":{"line":133,"column":16}},"locations":[{"start":{"line":133,"column":4},"end":{"line":133,"column":16}}]},"36":{"type":"branch","line":134,"loc":{"start":{"line":134,"column":4},"end":{"line":136,"column":12}},"locations":[{"start":{"line":134,"column":4},"end":{"line":136,"column":12}}]},"37":{"type":"branch","line":137,"loc":{"start":{"line":137,"column":2},"end":{"line":140,"column":35}},"locations":[{"start":{"line":137,"column":2},"end":{"line":140,"column":35}}]},"38":{"type":"branch","line":140,"loc":{"start":{"line":140,"column":22},"end":{"line":140,"column":68}},"locations":[{"start":{"line":140,"column":22},"end":{"line":140,"column":68}}]},"39":{"type":"branch","line":140,"loc":{"start":{"line":140,"column":68},"end":{"line":142,"column":3}},"locations":[{"start":{"line":140,"column":68},"end":{"line":142,"column":3}}]},"40":{"type":"branch","line":142,"loc":{"start":{"line":142,"column":2},"end":{"line":144,"column":37}},"locations":[{"start":{"line":142,"column":2},"end":{"line":144,"column":37}}]},"41":{"type":"branch","line":144,"loc":{"start":{"line":144,"column":24},"end":{"line":144,"column":72}},"locations":[{"start":{"line":144,"column":24},"end":{"line":144,"column":72}}]},"42":{"type":"branch","line":144,"loc":{"start":{"line":144,"column":72},"end":{"line":146,"column":3}},"locations":[{"start":{"line":144,"column":72},"end":{"line":146,"column":3}}]},"43":{"type":"branch","line":146,"loc":{"start":{"line":146,"column":2},"end":{"line":149,"column":1}},"locations":[{"start":{"line":146,"column":2},"end":{"line":149,"column":1}}]},"44":{"type":"branch","line":107,"loc":{"start":{"line":107,"column":28},"end":{"line":107,"column":73}},"locations":[{"start":{"line":107,"column":28},"end":{"line":107,"column":73}}]},"45":{"type":"branch","line":107,"loc":{"start":{"line":107,"column":48},"end":{"line":107,"column":73}},"locations":[{"start":{"line":107,"column":48},"end":{"line":107,"column":73}}]},"46":{"type":"branch","line":157,"loc":{"start":{"line":157,"column":0},"end":{"line":183,"column":1}},"locations":[{"start":{"line":157,"column":0},"end":{"line":183,"column":1}}]},"47":{"type":"branch","line":158,"loc":{"start":{"line":158,"column":47},"end":{"line":160,"column":3}},"locations":[{"start":{"line":158,"column":47},"end":{"line":160,"column":3}}]},"48":{"type":"branch","line":165,"loc":{"start":{"line":165,"column":59},"end":{"line":167,"column":3}},"locations":[{"start":{"line":165,"column":59},"end":{"line":167,"column":3}}]},"49":{"type":"branch","line":170,"loc":{"start":{"line":170,"column":20},"end":{"line":170,"column":59}},"locations":[{"start":{"line":170,"column":20},"end":{"line":170,"column":59}}]},"50":{"type":"branch","line":170,"loc":{"start":{"line":170,"column":46},"end":{"line":170,"column":83}},"locations":[{"start":{"line":170,"column":46},"end":{"line":170,"column":83}}]},"51":{"type":"branch","line":170,"loc":{"start":{"line":170,"column":83},"end":{"line":172,"column":3}},"locations":[{"start":{"line":170,"column":83},"end":{"line":172,"column":3}}]},"52":{"type":"branch","line":174,"loc":{"start":{"line":174,"column":37},"end":{"line":176,"column":3}},"locations":[{"start":{"line":174,"column":37},"end":{"line":176,"column":3}}]},"53":{"type":"branch","line":178,"loc":{"start":{"line":178,"column":39},"end":{"line":180,"column":3}},"locations":[{"start":{"line":178,"column":39},"end":{"line":180,"column":3}}]},"54":{"type":"branch","line":180,"loc":{"start":{"line":180,"column":2},"end":{"line":183,"column":1}},"locations":[{"start":{"line":180,"column":2},"end":{"line":183,"column":1}}]},"55":{"type":"branch","line":191,"loc":{"start":{"line":191,"column":7},"end":{"line":222,"column":1}},"locations":[{"start":{"line":191,"column":7},"end":{"line":222,"column":1}}]},"56":{"type":"branch","line":192,"loc":{"start":{"line":192,"column":22},"end":{"line":192,"column":49}},"locations":[{"start":{"line":192,"column":22},"end":{"line":192,"column":49}}]},"57":{"type":"branch","line":192,"loc":{"start":{"line":192,"column":49},"end":{"line":194,"column":3}},"locations":[{"start":{"line":192,"column":49},"end":{"line":194,"column":3}}]},"58":{"type":"branch","line":194,"loc":{"start":{"line":194,"column":2},"end":{"line":199,"column":43}},"locations":[{"start":{"line":194,"column":2},"end":{"line":199,"column":43}}]},"59":{"type":"branch","line":199,"loc":{"start":{"line":199,"column":31},"end":{"line":199,"column":71}},"locations":[{"start":{"line":199,"column":31},"end":{"line":199,"column":71}}]},"60":{"type":"branch","line":199,"loc":{"start":{"line":199,"column":71},"end":{"line":201,"column":3}},"locations":[{"start":{"line":199,"column":71},"end":{"line":201,"column":3}}]},"61":{"type":"branch","line":201,"loc":{"start":{"line":201,"column":2},"end":{"line":204,"column":32}},"locations":[{"start":{"line":201,"column":2},"end":{"line":204,"column":32}}]},"62":{"type":"branch","line":204,"loc":{"start":{"line":204,"column":20},"end":{"line":204,"column":59}},"locations":[{"start":{"line":204,"column":20},"end":{"line":204,"column":59}}]},"63":{"type":"branch","line":204,"loc":{"start":{"line":204,"column":46},"end":{"line":204,"column":83}},"locations":[{"start":{"line":204,"column":46},"end":{"line":204,"column":83}}]},"64":{"type":"branch","line":204,"loc":{"start":{"line":204,"column":83},"end":{"line":206,"column":3}},"locations":[{"start":{"line":204,"column":83},"end":{"line":206,"column":3}}]},"65":{"type":"branch","line":206,"loc":{"start":{"line":206,"column":2},"end":{"line":208,"column":43}},"locations":[{"start":{"line":206,"column":2},"end":{"line":208,"column":43}}]},"66":{"type":"branch","line":208,"loc":{"start":{"line":208,"column":43},"end":{"line":210,"column":3}},"locations":[{"start":{"line":208,"column":43},"end":{"line":210,"column":3}}]},"67":{"type":"branch","line":210,"loc":{"start":{"line":210,"column":2},"end":{"line":212,"column":45}},"locations":[{"start":{"line":210,"column":2},"end":{"line":212,"column":45}}]},"68":{"type":"branch","line":212,"loc":{"start":{"line":212,"column":45},"end":{"line":214,"column":3}},"locations":[{"start":{"line":212,"column":45},"end":{"line":214,"column":3}}]},"69":{"type":"branch","line":214,"loc":{"start":{"line":214,"column":2},"end":{"line":217,"column":47}},"locations":[{"start":{"line":214,"column":2},"end":{"line":217,"column":47}}]},"70":{"type":"branch","line":217,"loc":{"start":{"line":217,"column":34},"end":{"line":217,"column":92}},"locations":[{"start":{"line":217,"column":34},"end":{"line":217,"column":92}}]},"71":{"type":"branch","line":217,"loc":{"start":{"line":217,"column":92},"end":{"line":219,"column":3}},"locations":[{"start":{"line":217,"column":92},"end":{"line":219,"column":3}}]},"72":{"type":"branch","line":219,"loc":{"start":{"line":219,"column":2},"end":{"line":222,"column":1}},"locations":[{"start":{"line":219,"column":2},"end":{"line":222,"column":1}}]},"73":{"type":"branch","line":228,"loc":{"start":{"line":228,"column":2},"end":{"line":235,"column":3}},"locations":[{"start":{"line":228,"column":2},"end":{"line":235,"column":3}}]}},"b":{"0":[25],"1":[22],"2":[4],"3":[21],"4":[1],"5":[20],"6":[1],"7":[19],"8":[7],"9":[6],"10":[2],"11":[5],"12":[2],"13":[1],"14":[0],"15":[3],"16":[0],"17":[1],"18":[2],"19":[1],"20":[1],"21":[1],"22":[3],"23":[3],"24":[1],"25":[2],"26":[1],"27":[3],"28":[3],"29":[1],"30":[2],"31":[1],"32":[1],"33":[1],"34":[0],"35":[1],"36":[2],"37":[11],"38":[5],"39":[1],"40":[10],"41":[4],"42":[1],"43":[9],"44":[5],"45":[4],"46":[3],"47":[0],"48":[0],"49":[0],"50":[0],"51":[0],"52":[0],"53":[1],"54":[2],"55":[17],"56":[14],"57":[4],"58":[13],"59":[12],"60":[2],"61":[11],"62":[4],"63":[3],"64":[2],"65":[9],"66":[2],"67":[7],"68":[2],"69":[5],"70":[2],"71":[1],"72":[4],"73":[2]},"fnMap":{"0":{"name":"isValidWSMessage","decl":{"start":{"line":43,"column":7},"end":{"line":149,"column":1}},"loc":{"start":{"line":43,"column":7},"end":{"line":149,"column":1}},"line":43},"1":{"name":"isValidBatchTag","decl":{"start":{"line":157,"column":0},"end":{"line":183,"column":1}},"loc":{"start":{"line":157,"column":0},"end":{"line":183,"column":1}},"line":157},"2":{"name":"isValidMQTTPayload","decl":{"start":{"line":191,"column":7},"end":{"line":222,"column":1}},"loc":{"start":{"line":191,"column":7},"end":{"line":222,"column":1}},"line":191},"3":{"name":"MessageValidationError","decl":{"start":{"line":228,"column":2},"end":{"line":235,"column":3}},"loc":{"start":{"line":228,"column":2},"end":{"line":235,"column":3}},"line":228}},"f":{"0":25,"1":3,"2":17,"3":2}}
}
