TN:
SF:src/scada/AlarmManager.ts
FN:47,(anonymous_0)
FN:49,(anonymous_1)
FN:58,(anonymous_2)
FN:70,(anonymous_3)
FN:174,(anonymous_4)
FN:202,(anonymous_5)
FN:212,(anonymous_6)
FN:248,(anonymous_7)
FN:251,(anonymous_8)
FN:257,(anonymous_9)
FN:290,(anonymous_10)
FN:319,(anonymous_11)
FN:323,(anonymous_12)
FN:332,(anonymous_13)
FN:352,(anonymous_14)
FN:366,(anonymous_15)
FN:374,(anonymous_16)
FN:394,(anonymous_17)
FN:395,(anonymous_18)
FN:416,(anonymous_19)
FN:417,(anonymous_20)
FN:423,(anonymous_21)
FN:424,(anonymous_22)
FN:430,(anonymous_23)
FN:432,(anonymous_24)
FN:443,(anonymous_25)
FN:451,(anonymous_26)
FN:461,(anonymous_27)
FN:468,(anonymous_28)
FN:470,(anonymous_29)
FN:480,(anonymous_30)
FN:493,(anonymous_31)
FN:499,(anonymous_32)
FN:504,(anonymous_33)
FN:508,(anonymous_34)
FN:524,(anonymous_35)
FN:526,(anonymous_36)
FN:537,(anonymous_37)
FN:557,(anonymous_38)
FN:563,(anonymous_39)
FNF:40
FNH:12
FNDA:17,(anonymous_0)
FNDA:1530,(anonymous_1)
FNDA:0,(anonymous_2)
FNDA:0,(anonymous_3)
FNDA:0,(anonymous_4)
FNDA:0,(anonymous_5)
FNDA:0,(anonymous_6)
FNDA:0,(anonymous_7)
FNDA:0,(anonymous_8)
FNDA:0,(anonymous_9)
FNDA:0,(anonymous_10)
FNDA:0,(anonymous_11)
FNDA:0,(anonymous_12)
FNDA:0,(anonymous_13)
FNDA:0,(anonymous_14)
FNDA:0,(anonymous_15)
FNDA:0,(anonymous_16)
FNDA:39,(anonymous_17)
FNDA:0,(anonymous_18)
FNDA:0,(anonymous_19)
FNDA:0,(anonymous_20)
FNDA:0,(anonymous_21)
FNDA:0,(anonymous_22)
FNDA:1,(anonymous_23)
FNDA:0,(anonymous_24)
FNDA:1,(anonymous_25)
FNDA:0,(anonymous_26)
FNDA:0,(anonymous_27)
FNDA:0,(anonymous_28)
FNDA:0,(anonymous_29)
FNDA:0,(anonymous_30)
FNDA:17,(anonymous_31)
FNDA:17,(anonymous_32)
FNDA:18,(anonymous_33)
FNDA:0,(anonymous_34)
FNDA:1,(anonymous_35)
FNDA:0,(anonymous_36)
FNDA:1,(anonymous_37)
FNDA:18,(anonymous_38)
FNDA:1620,(anonymous_39)
DA:23,17
DA:24,17
DA:25,17
DA:26,17
DA:27,17
DA:30,17
DA:40,17
DA:41,1
DA:45,1
DA:48,17
DA:49,17
DA:50,1530
DA:51,1530
DA:59,0
DA:71,0
DA:72,0
DA:75,0
DA:78,0
DA:80,0
DA:81,0
DA:82,0
DA:84,0
DA:87,0
DA:88,0
DA:89,0
DA:92,0
DA:93,0
DA:97,0
DA:98,0
DA:99,0
DA:100,0
DA:104,0
DA:105,0
DA:106,0
DA:108,0
DA:109,0
DA:110,0
DA:111,0
DA:112,0
DA:114,0
DA:115,0
DA:116,0
DA:117,0
DA:118,0
DA:120,0
DA:121,0
DA:122,0
DA:125,0
DA:126,0
DA:127,0
DA:129,0
DA:130,0
DA:131,0
DA:132,0
DA:133,0
DA:135,0
DA:136,0
DA:137,0
DA:138,0
DA:139,0
DA:141,0
DA:142,0
DA:143,0
DA:146,0
DA:147,0
DA:148,0
DA:153,0
DA:155,0
DA:157,0
DA:159,0
DA:162,0
DA:163,0
DA:164,0
DA:165,0
DA:166,0
DA:169,0
DA:179,0
DA:181,0
DA:183,0
DA:185,0
DA:187,0
DA:189,0
DA:191,0
DA:203,0
DA:204,0
DA:206,0
DA:207,0
DA:208,0
DA:219,0
DA:220,0
DA:222,0
DA:223,0
DA:236,0
DA:237,0
DA:241,0
DA:244,0
DA:249,0
DA:251,0
DA:252,0
DA:253,0
DA:257,0
DA:258,0
DA:259,0
DA:260,0
DA:262,0
DA:264,0
DA:265,0
DA:266,0
DA:270,0
DA:272,0
DA:273,0
DA:274,0
DA:282,0
DA:283,0
DA:291,0
DA:292,0
DA:293,0
DA:294,0
DA:297,0
DA:298,0
DA:299,0
DA:301,0
DA:303,0
DA:304,0
DA:305,0
DA:307,0
DA:308,0
DA:309,0
DA:312,0
DA:313,0
DA:320,0
DA:321,0
DA:323,0
DA:324,0
DA:325,0
DA:329,0
DA:333,0
DA:340,0
DA:341,0
DA:353,0
DA:360,0
DA:367,0
DA:368,0
DA:375,0
DA:376,0
DA:379,0
DA:380,0
DA:381,0
DA:384,0
DA:395,39
DA:396,0
DA:404,0
DA:405,0
DA:409,0
DA:417,0
DA:424,0
DA:431,1
DA:432,1
DA:433,0
DA:434,0
DA:437,1
DA:444,1
DA:451,1
DA:452,0
DA:455,1
DA:462,0
DA:469,0
DA:470,0
DA:471,0
DA:472,0
DA:482,0
DA:483,0
DA:494,17
DA:497,17
DA:499,17
DA:500,17
DA:505,18
DA:507,18
DA:508,18
DA:509,0
DA:510,0
DA:512,0
DA:525,1
DA:526,1
DA:527,0
DA:528,0
DA:531,1
DA:544,1
DA:545,1
DA:558,18
DA:559,18
DA:560,18
DA:561,18
DA:562,18
DA:563,18
DA:564,1620
DA:565,1620
DA:567,18
LF:198
LH:41
BRDA:72,0,0,0
BRDA:72,0,1,0
BRDA:78,1,0,0
BRDA:78,1,1,0
BRDA:81,2,0,0
BRDA:81,2,1,0
BRDA:89,3,0,0
BRDA:89,3,1,0
BRDA:92,4,0,0
BRDA:92,4,1,0
BRDA:97,5,0,0
BRDA:97,5,1,0
BRDA:108,6,0,0
BRDA:108,6,1,0
BRDA:108,7,0,0
BRDA:108,7,1,0
BRDA:112,8,0,0
BRDA:112,8,1,0
BRDA:112,9,0,0
BRDA:112,9,1,0
BRDA:114,10,0,0
BRDA:114,10,1,0
BRDA:115,11,0,0
BRDA:115,11,1,0
BRDA:129,12,0,0
BRDA:129,12,1,0
BRDA:129,13,0,0
BRDA:129,13,1,0
BRDA:133,14,0,0
BRDA:133,14,1,0
BRDA:133,15,0,0
BRDA:133,15,1,0
BRDA:135,16,0,0
BRDA:135,16,1,0
BRDA:136,17,0,0
BRDA:136,17,1,0
BRDA:153,18,0,0
BRDA:153,18,1,0
BRDA:155,19,0,0
BRDA:155,19,1,0
BRDA:155,20,0,0
BRDA:155,20,1,0
BRDA:162,21,0,0
BRDA:162,21,1,0
BRDA:164,22,0,0
BRDA:164,22,1,0
BRDA:179,23,0,0
BRDA:179,23,1,0
BRDA:181,24,0,0
BRDA:181,24,1,0
BRDA:181,24,2,0
BRDA:181,24,3,0
BRDA:181,24,4,0
BRDA:183,25,0,0
BRDA:183,25,1,0
BRDA:185,26,0,0
BRDA:185,26,1,0
BRDA:187,27,0,0
BRDA:187,27,1,0
BRDA:189,28,0,0
BRDA:189,28,1,0
BRDA:204,29,0,0
BRDA:204,29,1,0
BRDA:206,30,0,0
BRDA:206,30,1,0
BRDA:222,31,0,0
BRDA:222,31,1,0
BRDA:252,32,0,0
BRDA:252,32,1,0
BRDA:259,33,0,0
BRDA:259,33,1,0
BRDA:262,34,0,0
BRDA:262,34,1,0
BRDA:270,35,0,0
BRDA:270,35,1,0
BRDA:282,36,0,0
BRDA:282,36,1,0
BRDA:292,37,0,0
BRDA:292,37,1,0
BRDA:301,38,0,0
BRDA:301,38,1,0
BRDA:305,39,0,0
BRDA:305,39,1,0
BRDA:324,40,0,0
BRDA:324,40,1,0
BRDA:340,41,0,0
BRDA:340,41,1,0
BRDA:358,42,0,0
BRDA:358,42,1,0
BRDA:376,43,0,0
BRDA:376,43,1,0
BRDA:379,44,0,0
BRDA:379,44,1,0
BRDA:379,45,0,0
BRDA:379,45,1,0
BRDA:404,46,0,0
BRDA:404,46,1,0
BRDA:433,47,0,0
BRDA:433,47,1,0
BRDA:433,48,0,0
BRDA:433,48,1,0
BRDA:461,49,0,0
BRDA:471,50,0,0
BRDA:471,50,1,0
BRDA:471,51,0,0
BRDA:471,51,1,0
BRDA:527,52,0,0
BRDA:527,52,1,0
BRF:108
BRH:0
end_of_record
TN:
SF:src/scada/HistoryStore.ts
FN:47,(anonymous_0)
FN:48,(anonymous_1)
FN:49,(anonymous_2)
FN:71,(anonymous_3)
FN:82,(anonymous_4)
FN:93,(anonymous_5)
FN:96,(anonymous_6)
FN:124,(anonymous_7)
FN:129,(anonymous_8)
FN:132,(anonymous_9)
FN:141,(anonymous_10)
FN:154,(anonymous_11)
FN:193,(anonymous_12)
FN:227,(anonymous_13)
FN:228,(anonymous_14)
FN:234,(anonymous_15)
FN:255,(anonymous_16)
FN:277,(anonymous_17)
FN:281,(anonymous_18)
FN:282,(anonymous_19)
FN:283,(anonymous_20)
FN:287,(anonymous_21)
FN:302,(anonymous_22)
FN:306,(anonymous_23)
FN:307,(anonymous_24)
FN:308,(anonymous_25)
FN:312,(anonymous_26)
FN:334,(anonymous_27)
FN:344,(anonymous_28)
FN:353,(anonymous_29)
FN:355,(anonymous_30)
FN:363,(anonymous_31)
FN:372,(anonymous_32)
FN:382,(anonymous_33)
FN:393,(anonymous_34)
FN:399,(anonymous_35)
FN:408,(anonymous_36)
FN:421,(anonymous_37)
FN:430,(anonymous_38)
FN:440,(anonymous_39)
FN:450,(anonymous_40)
FN:460,(anonymous_41)
FN:469,(anonymous_42)
FN:494,(anonymous_43)
FN:495,(anonymous_44)
FN:499,(anonymous_45)
FN:500,(anonymous_46)
FN:504,(anonymous_47)
FN:505,(anonymous_48)
FN:510,(anonymous_49)
FN:514,(anonymous_50)
FN:518,(anonymous_51)
FN:519,(anonymous_52)
FN:524,(anonymous_53)
FN:528,(anonymous_54)
FN:555,(anonymous_55)
FN:566,(anonymous_56)
FN:577,(anonymous_57)
FN:617,(anonymous_58)
FN:640,(anonymous_59)
FN:658,(anonymous_60)
FN:667,(anonymous_61)
FN:668,(anonymous_62)
FN:669,(anonymous_63)
FN:690,(anonymous_64)
FN:699,(anonymous_65)
FN:700,(anonymous_66)
FN:701,(anonymous_67)
FN:715,(anonymous_68)
FN:721,(anonymous_69)
FN:722,(anonymous_70)
FN:726,(anonymous_71)
FN:727,(anonymous_72)
FNF:73
FNH:23
FNDA:3,(anonymous_0)
FNDA:3,(anonymous_1)
FNDA:0,(anonymous_2)
FNDA:18,(anonymous_3)
FNDA:18,(anonymous_4)
FNDA:17,(anonymous_5)
FNDA:17,(anonymous_6)
FNDA:17,(anonymous_7)
FNDA:0,(anonymous_8)
FNDA:0,(anonymous_9)
FNDA:0,(anonymous_10)
FNDA:18,(anonymous_11)
FNDA:1,(anonymous_12)
FNDA:0,(anonymous_13)
FNDA:0,(anonymous_14)
FNDA:0,(anonymous_15)
FNDA:17,(anonymous_16)
FNDA:0,(anonymous_17)
FNDA:0,(anonymous_18)
FNDA:0,(anonymous_19)
FNDA:0,(anonymous_20)
FNDA:0,(anonymous_21)
FNDA:0,(anonymous_22)
FNDA:0,(anonymous_23)
FNDA:0,(anonymous_24)
FNDA:0,(anonymous_25)
FNDA:0,(anonymous_26)
FNDA:4,(anonymous_27)
FNDA:3,(anonymous_28)
FNDA:3,(anonymous_29)
FNDA:0,(anonymous_30)
FNDA:0,(anonymous_31)
FNDA:1,(anonymous_32)
FNDA:2,(anonymous_33)
FNDA:0,(anonymous_34)
FNDA:0,(anonymous_35)
FNDA:0,(anonymous_36)
FNDA:0,(anonymous_37)
FNDA:1,(anonymous_38)
FNDA:0,(anonymous_39)
FNDA:0,(anonymous_40)
FNDA:0,(anonymous_41)
FNDA:0,(anonymous_42)
FNDA:0,(anonymous_43)
FNDA:0,(anonymous_44)
FNDA:0,(anonymous_45)
FNDA:0,(anonymous_46)
FNDA:0,(anonymous_47)
FNDA:0,(anonymous_48)
FNDA:0,(anonymous_49)
FNDA:0,(anonymous_50)
FNDA:0,(anonymous_51)
FNDA:0,(anonymous_52)
FNDA:0,(anonymous_53)
FNDA:0,(anonymous_54)
FNDA:0,(anonymous_55)
FNDA:0,(anonymous_56)
FNDA:0,(anonymous_57)
FNDA:0,(anonymous_58)
FNDA:17,(anonymous_59)
FNDA:17,(anonymous_60)
FNDA:17,(anonymous_61)
FNDA:17,(anonymous_62)
FNDA:0,(anonymous_63)
FNDA:17,(anonymous_64)
FNDA:17,(anonymous_65)
FNDA:17,(anonymous_66)
FNDA:0,(anonymous_67)
FNDA:0,(anonymous_68)
FNDA:0,(anonymous_69)
FNDA:0,(anonymous_70)
FNDA:0,(anonymous_71)
FNDA:0,(anonymous_72)
DA:36,2
DA:47,2
DA:48,3
DA:49,3
DA:51,3
DA:55,18
DA:56,18
DA:57,18
DA:59,18
DA:60,18
DA:61,18
DA:62,18
DA:63,18
DA:64,18
DA:65,18
DA:66,18
DA:69,18
DA:72,18
DA:83,18
DA:86,18
DA:87,1
DA:88,1
DA:89,1
DA:90,1
DA:93,17
DA:94,17
DA:96,17
DA:97,17
DA:100,17
DA:101,17
DA:105,17
DA:106,17
DA:107,17
DA:111,17
DA:112,17
DA:116,17
DA:117,17
DA:118,17
DA:121,17
DA:124,17
DA:125,17
DA:126,17
DA:129,17
DA:132,17
DA:135,17
DA:137,17
DA:138,17
DA:141,17
DA:142,0
DA:143,0
DA:144,0
DA:145,0
DA:156,18
DA:157,17
DA:158,17
DA:160,18
DA:161,17
DA:162,17
DA:166,18
DA:167,17
DA:170,18
DA:171,17
DA:172,17
DA:175,18
DA:176,18
DA:177,18
DA:178,18
DA:179,18
DA:180,18
DA:181,18
DA:194,1
DA:196,0
DA:199,0
DA:200,0
DA:201,0
DA:202,0
DA:203,0
DA:208,0
DA:210,0
DA:218,0
DA:219,0
DA:228,0
DA:235,0
DA:237,0
DA:256,17
DA:258,17
DA:259,17
DA:262,17
DA:263,0
DA:264,0
DA:266,17
DA:268,17
DA:270,17
DA:271,0
DA:273,0
DA:274,0
DA:275,0
DA:277,0
DA:278,0
DA:281,0
DA:282,0
DA:283,0
DA:287,0
DA:289,0
DA:295,17
DA:296,0
DA:298,0
DA:299,0
DA:300,0
DA:302,0
DA:303,0
DA:306,0
DA:307,0
DA:308,0
DA:312,0
DA:314,0
DA:319,17
DA:320,17
DA:321,0
DA:322,0
DA:339,4
DA:341,3
DA:342,3
DA:344,3
DA:345,3
DA:346,3
DA:347,3
DA:349,3
DA:351,3
DA:353,3
DA:354,3
DA:355,0
DA:363,3
DA:366,3
DA:377,1
DA:379,1
DA:381,1
DA:383,2
DA:387,1
DA:394,0
DA:396,0
DA:397,0
DA:399,0
DA:400,0
DA:401,0
DA:402,0
DA:404,0
DA:406,0
DA:408,0
DA:409,0
DA:410,0
DA:411,0
DA:417,0
DA:421,0
DA:424,0
DA:435,1
DA:437,0
DA:438,0
DA:440,0
DA:441,0
DA:442,0
DA:443,0
DA:445,0
DA:446,0
DA:448,0
DA:450,0
DA:451,0
DA:452,0
DA:453,0
DA:454,0
DA:456,0
DA:460,0
DA:463,0
DA:475,0
DA:476,0
DA:484,0
DA:485,0
DA:486,0
DA:494,0
DA:495,0
DA:496,0
DA:497,0
DA:498,0
DA:499,0
DA:500,0
DA:504,0
DA:505,0
DA:506,0
DA:507,0
DA:508,0
DA:509,0
DA:510,0
DA:511,0
DA:512,0
DA:514,0
DA:518,0
DA:519,0
DA:520,0
DA:521,0
DA:522,0
DA:523,0
DA:524,0
DA:525,0
DA:526,0
DA:528,0
DA:533,0
DA:540,0
DA:560,0
DA:562,0
DA:564,0
DA:565,0
DA:566,0
DA:567,0
DA:571,0
DA:583,0
DA:584,0
DA:593,0
DA:595,0
DA:596,0
DA:599,0
DA:607,0
DA:608,0
DA:611,0
DA:618,0
DA:619,0
DA:622,0
DA:624,0
DA:625,0
DA:626,0
DA:627,0
DA:628,0
DA:629,0
DA:630,0
DA:641,17
DA:643,17
DA:644,17
DA:646,17
DA:647,17
DA:650,17
DA:651,17
DA:652,17
DA:653,17
DA:655,17
DA:656,17
DA:658,17
DA:659,17
DA:660,17
DA:661,0
DA:662,0
DA:663,0
DA:667,17
DA:668,17
DA:669,17
DA:672,17
DA:673,0
DA:676,0
DA:680,17
DA:681,17
DA:682,17
DA:683,17
DA:684,17
DA:686,17
DA:687,17
DA:688,17
DA:690,17
DA:691,17
DA:692,17
DA:693,0
DA:694,0
DA:695,0
DA:699,17
DA:700,17
DA:701,17
DA:704,17
DA:705,0
DA:708,0
DA:716,0
DA:718,0
DA:719,0
DA:721,0
DA:722,0
DA:723,0
DA:724,0
DA:725,0
DA:726,0
DA:727,0
DA:731,0
DA:733,0
LF:288
LH:129
BRDA:71,0,0,18
BRDA:83,1,0,0
BRDA:83,1,1,18
BRDA:86,2,0,1
BRDA:86,2,1,17
BRDA:100,3,0,17
BRDA:100,3,1,0
BRDA:111,4,0,17
BRDA:111,4,1,0
BRDA:154,5,0,18
BRDA:156,6,0,17
BRDA:156,6,1,1
BRDA:160,7,0,17
BRDA:160,7,1,1
BRDA:166,8,0,17
BRDA:166,8,1,1
BRDA:166,9,0,18
BRDA:166,9,1,18
BRDA:170,10,0,17
BRDA:170,10,1,1
BRDA:194,11,0,1
BRDA:194,11,1,0
BRDA:200,12,0,0
BRDA:200,12,1,0
BRDA:202,13,0,0
BRDA:202,13,1,0
BRDA:218,14,0,0
BRDA:218,14,1,0
BRDA:235,15,0,0
BRDA:235,15,1,0
BRDA:256,16,0,0
BRDA:256,16,1,17
BRDA:259,17,0,0
BRDA:259,17,1,17
BRDA:262,18,0,0
BRDA:262,18,1,17
BRDA:270,19,0,0
BRDA:270,19,1,17
BRDA:295,20,0,0
BRDA:295,20,1,17
BRDA:320,21,0,0
BRDA:320,21,1,17
BRDA:337,22,0,4
BRDA:339,23,0,1
BRDA:339,23,1,3
BRDA:342,24,0,0
BRDA:342,24,1,3
BRDA:375,25,0,1
BRDA:377,26,0,0
BRDA:377,26,1,1
BRDA:394,27,0,0
BRDA:394,27,1,0
BRDA:397,28,0,0
BRDA:397,28,1,0
BRDA:410,29,0,0
BRDA:410,29,1,0
BRDA:432,30,0,1
BRDA:433,31,0,1
BRDA:435,32,0,1
BRDA:435,32,1,0
BRDA:438,33,0,0
BRDA:438,33,1,0
BRDA:452,34,0,0
BRDA:452,34,1,0
BRDA:452,35,0,0
BRDA:452,35,1,0
BRDA:475,36,0,0
BRDA:475,36,1,0
BRDA:485,37,0,0
BRDA:485,37,1,0
BRDA:512,38,0,0
BRDA:512,38,1,0
BRDA:526,39,0,0
BRDA:526,39,1,0
BRDA:558,40,0,0
BRDA:560,41,0,0
BRDA:560,41,1,0
BRDA:580,42,0,0
BRDA:581,43,0,0
BRDA:583,44,0,0
BRDA:583,44,1,0
BRDA:607,45,0,0
BRDA:607,45,1,0
BRDA:618,46,0,0
BRDA:618,46,1,0
BRDA:620,47,0,0
BRDA:620,47,1,0
BRDA:641,48,0,0
BRDA:641,48,1,17
BRDA:644,49,0,0
BRDA:644,49,1,17
BRDA:660,50,0,0
BRDA:660,50,1,17
BRDA:672,51,0,0
BRDA:672,51,1,17
BRDA:692,52,0,0
BRDA:692,52,1,17
BRDA:704,53,0,0
BRDA:704,53,1,17
BRDA:716,54,0,0
BRDA:716,54,1,0
BRDA:719,55,0,0
BRDA:719,55,1,0
BRF:103
BRH:39
end_of_record
TN:
SF:src/scada/SCADABridge.ts
FN:21,lerpColor
FN:44,temperatureToColor
FN:72,vibrationToColor
FN:95,levelToColor
FN:152,getMachineTagPrefix
FN:205,getNumericValue
FN:213,calculateMachineVisuals
FN:221,(anonymous_7)
FN:255,(anonymous_8)
FN:268,(anonymous_9)
FN:282,(anonymous_10)
FN:310,(anonymous_11)
FN:381,scadaToStoreMetrics
FN:425,(anonymous_13)
FN:426,(anonymous_14)
FN:428,(anonymous_15)
FN:446,getMachineIdFromTag
FN:447,(anonymous_17)
FN:454,getTagIdsForMachine
FN:455,(anonymous_19)
FN:473,getAlarmVisualConfig
FNF:21
FNH:16
FNDA:7,lerpColor
FNDA:7,temperatureToColor
FNDA:5,vibrationToColor
FNDA:6,levelToColor
FNDA:10,getMachineTagPrefix
FNDA:40,getNumericValue
FNDA:6,calculateMachineVisuals
FNDA:1,(anonymous_7)
FNDA:2,(anonymous_8)
FNDA:3,(anonymous_9)
FNDA:1,(anonymous_10)
FNDA:1,(anonymous_11)
FNDA:4,scadaToStoreMetrics
FNDA:1,(anonymous_13)
FNDA:1,(anonymous_14)
FNDA:0,(anonymous_15)
FNDA:0,getMachineIdFromTag
FNDA:0,(anonymous_17)
FNDA:0,getTagIdsForMachine
FNDA:0,(anonymous_19)
FNDA:5,getAlarmVisualConfig
DA:22,7
DA:23,7
DA:25,7
DA:26,7
DA:27,7
DA:29,7
DA:30,7
DA:31,7
DA:33,7
DA:34,7
DA:35,7
DA:37,7
DA:50,7
DA:52,2
DA:53,5
DA:55,2
DA:56,2
DA:57,3
DA:59,2
DA:60,2
DA:63,1
DA:64,1
DA:78,5
DA:79,2
DA:80,3
DA:81,1
DA:82,1
DA:83,2
DA:84,1
DA:85,1
DA:87,1
DA:96,6
DA:97,1
DA:98,5
DA:99,1
DA:100,4
DA:101,2
DA:102,2
DA:103,1
DA:105,1
DA:154,10
DA:155,10
DA:156,1
DA:157,1
DA:158,1
DA:163,9
DA:164,6
DA:165,6
DA:169,3
DA:170,1
DA:174,2
DA:175,0
DA:176,0
DA:179,2
DA:180,0
DA:181,0
DA:182,0
DA:187,2
DA:188,0
DA:189,0
DA:192,2
DA:193,0
DA:194,0
DA:195,0
DA:199,2
DA:206,40
DA:207,9
DA:219,6
DA:220,6
DA:221,6
DA:224,6
DA:240,6
DA:243,5
DA:244,5
DA:245,5
DA:246,5
DA:247,5
DA:250,5
DA:251,5
DA:252,1
DA:255,2
DA:256,1
DA:257,1
DA:259,1
DA:260,1
DA:264,5
DA:265,5
DA:266,1
DA:268,3
DA:269,1
DA:270,1
DA:272,1
DA:274,1
DA:278,5
DA:279,5
DA:280,1
DA:282,1
DA:283,1
DA:286,1
DA:290,5
DA:291,5
DA:292,0
DA:296,5
DA:297,5
DA:298,1
DA:299,1
DA:300,1
DA:304,5
DA:305,1
DA:308,1
DA:309,1
DA:310,1
DA:311,1
DA:312,1
DA:313,1
DA:318,1
DA:320,1
DA:321,1
DA:322,1
DA:323,1
DA:325,0
DA:326,0
DA:327,0
DA:328,0
DA:330,0
DA:331,0
DA:332,0
DA:333,0
DA:335,0
DA:336,0
DA:337,0
DA:341,4
DA:343,4
DA:344,4
DA:346,0
DA:347,0
DA:349,0
DA:350,0
DA:351,0
DA:353,0
DA:354,0
DA:355,0
DA:359,5
DA:387,4
DA:388,4
DA:390,3
DA:396,3
DA:397,3
DA:398,3
DA:399,3
DA:400,3
DA:403,3
DA:404,3
DA:406,3
DA:407,3
DA:409,3
DA:410,3
DA:412,3
DA:413,3
DA:414,0
DA:415,0
DA:418,3
DA:419,3
DA:421,0
DA:425,3
DA:426,3
DA:427,1
DA:428,2
DA:429,0
DA:430,2
DA:431,2
DA:432,0
DA:433,0
DA:436,3
DA:447,0
DA:448,0
DA:455,0
DA:477,5
DA:478,5
DA:480,5
DA:511,5
LF:181
LH:142
BRDA:46,0,0,7
BRDA:47,1,0,7
BRDA:48,2,0,7
BRDA:50,3,0,2
BRDA:50,3,1,5
BRDA:53,4,0,2
BRDA:53,4,1,3
BRDA:57,5,0,2
BRDA:57,5,1,1
BRDA:74,6,0,5
BRDA:75,7,0,5
BRDA:76,8,0,5
BRDA:78,9,0,2
BRDA:78,9,1,3
BRDA:80,10,0,1
BRDA:80,10,1,2
BRDA:83,11,0,1
BRDA:83,11,1,1
BRDA:96,12,0,1
BRDA:96,12,1,5
BRDA:98,13,0,1
BRDA:98,13,1,4
BRDA:100,14,0,2
BRDA:100,14,1,2
BRDA:102,15,0,1
BRDA:102,15,1,1
BRDA:155,16,0,1
BRDA:155,16,1,9
BRDA:157,17,0,1
BRDA:157,17,1,0
BRDA:157,18,0,1
BRDA:157,18,1,1
BRDA:163,19,0,6
BRDA:163,19,1,3
BRDA:169,20,0,1
BRDA:169,20,1,2
BRDA:169,21,0,3
BRDA:169,21,1,1
BRDA:174,22,0,0
BRDA:174,22,1,2
BRDA:179,23,0,0
BRDA:179,23,1,2
BRDA:179,24,0,2
BRDA:179,24,1,0
BRDA:181,25,0,0
BRDA:181,25,1,0
BRDA:187,26,0,0
BRDA:187,26,1,2
BRDA:192,27,0,0
BRDA:192,27,1,2
BRDA:192,28,0,2
BRDA:192,28,1,0
BRDA:193,29,0,0
BRDA:193,29,1,0
BRDA:194,30,0,0
BRDA:194,30,1,0
BRDA:206,31,0,31
BRDA:206,31,1,9
BRDA:206,32,0,40
BRDA:206,32,1,9
BRDA:207,33,0,9
BRDA:207,33,1,0
BRDA:217,34,0,6
BRDA:240,35,0,1
BRDA:240,35,1,5
BRDA:251,36,0,1
BRDA:251,36,1,4
BRDA:256,37,0,1
BRDA:256,37,1,0
BRDA:257,38,0,1
BRDA:257,38,1,0
BRDA:265,39,0,1
BRDA:265,39,1,4
BRDA:269,40,0,1
BRDA:269,40,1,0
BRDA:270,41,0,1
BRDA:270,41,1,0
BRDA:279,42,0,1
BRDA:279,42,1,4
BRDA:283,43,0,1
BRDA:283,43,1,0
BRDA:291,44,0,0
BRDA:291,44,1,5
BRDA:297,45,0,1
BRDA:297,45,1,4
BRDA:304,46,0,1
BRDA:304,46,1,4
BRDA:311,47,0,1
BRDA:311,47,1,0
BRDA:318,48,0,1
BRDA:318,48,1,0
BRDA:318,48,2,0
BRDA:318,48,3,0
BRDA:341,49,0,4
BRDA:341,49,1,0
BRDA:341,49,2,0
BRDA:341,49,3,0
BRDA:388,50,0,1
BRDA:388,50,1,3
BRDA:404,51,0,2
BRDA:404,51,1,1
BRDA:407,52,0,1
BRDA:407,52,1,2
BRDA:410,53,0,2
BRDA:410,53,1,1
BRDA:413,54,0,0
BRDA:413,54,1,3
BRDA:419,55,0,0
BRDA:419,55,1,3
BRDA:419,56,0,3
BRDA:419,56,1,0
BRDA:426,57,0,1
BRDA:426,57,1,2
BRDA:428,58,0,0
BRDA:428,58,1,2
BRDA:428,59,0,0
BRDA:428,59,1,0
BRDA:430,60,0,2
BRDA:430,60,1,0
BRDA:430,61,0,2
BRDA:430,61,1,2
BRDA:432,62,0,0
BRDA:432,62,1,0
BRDA:432,63,0,0
BRDA:432,63,1,0
BRDA:448,64,0,0
BRDA:448,64,1,0
BRDA:477,65,0,5
BRDA:477,65,1,3
BRDA:478,66,0,5
BRDA:478,66,1,3
BRDA:483,67,0,3
BRDA:483,67,1,2
BRDA:486,68,0,3
BRDA:486,68,1,2
BRDA:490,69,0,3
BRDA:490,69,1,2
BRDA:493,70,0,3
BRDA:493,70,1,2
BRDA:497,71,0,3
BRDA:497,71,1,2
BRDA:500,72,0,3
BRDA:500,72,1,2
BRDA:504,73,0,3
BRDA:504,73,1,2
BRDA:507,74,0,3
BRDA:507,74,1,2
BRF:147
BRH:107
end_of_record
TN:
SF:src/scada/SCADAService.ts
FN:72,(anonymous_0)
FN:83,(anonymous_1)
FN:97,(anonymous_2)
FN:125,(anonymous_3)
FN:155,(anonymous_4)
FN:163,(anonymous_5)
FN:194,(anonymous_6)
FN:256,(anonymous_7)
FN:263,(anonymous_8)
FN:289,(anonymous_9)
FN:292,(anonymous_10)
FN:309,(anonymous_11)
FN:318,(anonymous_12)
FN:320,(anonymous_13)
FN:327,(anonymous_14)
FN:343,(anonymous_15)
FN:350,(anonymous_16)
FN:352,(anonymous_17)
FN:353,(anonymous_18)
FN:359,(anonymous_19)
FN:366,(anonymous_20)
FN:373,(anonymous_21)
FN:380,(anonymous_22)
FN:387,(anonymous_23)
FN:394,(anonymous_24)
FN:421,(anonymous_25)
FN:432,(anonymous_26)
FN:443,(anonymous_27)
FN:454,(anonymous_28)
FN:466,(anonymous_29)
FN:477,(anonymous_30)
FN:484,(anonymous_31)
FN:491,(anonymous_32)
FN:498,(anonymous_33)
FN:505,(anonymous_34)
FN:518,(anonymous_35)
FN:525,(anonymous_36)
FN:532,(anonymous_37)
FN:539,(anonymous_38)
FN:545,(anonymous_39)
FN:573,(anonymous_40)
FN:582,(anonymous_41)
FN:590,(anonymous_42)
FN:596,(anonymous_43)
FN:608,(anonymous_44)
FN:623,(anonymous_45)
FN:634,(anonymous_46)
FN:643,(anonymous_47)
FN:652,(anonymous_48)
FN:672,(anonymous_49)
FN:676,(anonymous_50)
FN:685,(anonymous_51)
FN:697,(anonymous_52)
FN:712,(anonymous_53)
FN:724,(anonymous_54)
FN:740,getSCADAService
FN:751,initializeSCADA
FN:766,(anonymous_57)
FN:792,shutdownSCADA
FNF:59
FNH:26
FNDA:17,(anonymous_0)
FNDA:1530,(anonymous_1)
FNDA:17,(anonymous_2)
FNDA:18,(anonymous_3)
FNDA:0,(anonymous_4)
FNDA:17,(anonymous_5)
FNDA:0,(anonymous_6)
FNDA:0,(anonymous_7)
FNDA:0,(anonymous_8)
FNDA:0,(anonymous_9)
FNDA:0,(anonymous_10)
FNDA:0,(anonymous_11)
FNDA:17,(anonymous_12)
FNDA:0,(anonymous_13)
FNDA:0,(anonymous_14)
FNDA:1,(anonymous_15)
FNDA:0,(anonymous_16)
FNDA:0,(anonymous_17)
FNDA:0,(anonymous_18)
FNDA:1,(anonymous_19)
FNDA:0,(anonymous_20)
FNDA:1,(anonymous_21)
FNDA:1,(anonymous_22)
FNDA:0,(anonymous_23)
FNDA:1,(anonymous_24)
FNDA:1,(anonymous_25)
FNDA:1,(anonymous_26)
FNDA:0,(anonymous_27)
FNDA:0,(anonymous_28)
FNDA:0,(anonymous_29)
FNDA:2,(anonymous_30)
FNDA:0,(anonymous_31)
FNDA:0,(anonymous_32)
FNDA:0,(anonymous_33)
FNDA:1,(anonymous_34)
FNDA:0,(anonymous_35)
FNDA:0,(anonymous_36)
FNDA:0,(anonymous_37)
FNDA:0,(anonymous_38)
FNDA:0,(anonymous_39)
FNDA:1,(anonymous_40)
FNDA:1,(anonymous_41)
FNDA:0,(anonymous_42)
FNDA:0,(anonymous_43)
FNDA:1,(anonymous_44)
FNDA:5,(anonymous_45)
FNDA:1,(anonymous_46)
FNDA:3,(anonymous_47)
FNDA:4,(anonymous_48)
FNDA:2,(anonymous_49)
FNDA:0,(anonymous_50)
FNDA:1,(anonymous_51)
FNDA:1,(anonymous_52)
FNDA:0,(anonymous_53)
FNDA:1,(anonymous_54)
FNDA:0,getSCADAService
FNDA:0,initializeSCADA
FNDA:0,(anonymous_57)
FNDA:0,shutdownSCADA
DA:51,17
DA:58,17
DA:61,17
DA:62,17
DA:65,17
DA:69,17
DA:70,17
DA:73,17
DA:80,17
DA:82,17
DA:83,1530
DA:84,17
DA:85,17
DA:98,17
DA:101,17
DA:104,17
DA:106,17
DA:107,17
DA:110,17
DA:111,17
DA:114,17
DA:115,17
DA:118,17
DA:126,18
DA:128,18
DA:129,17
DA:130,17
DA:133,18
DA:134,17
DA:135,17
DA:138,18
DA:139,17
DA:140,17
DA:144,18
DA:146,18
DA:147,18
DA:149,18
DA:156,0
DA:158,0
DA:159,0
DA:160,0
DA:164,17
DA:166,17
DA:168,17
DA:169,17
DA:173,0
DA:174,0
DA:178,0
DA:179,0
DA:181,0
DA:183,0
DA:186,0
DA:187,0
DA:195,0
DA:197,0
DA:198,0
DA:199,0
DA:201,0
DA:202,0
DA:205,0
DA:206,0
DA:209,0
DA:211,0
DA:212,0
DA:215,0
DA:216,0
DA:219,0
DA:221,0
DA:224,0
DA:230,0
DA:231,0
DA:234,0
DA:236,0
DA:241,0
DA:244,0
DA:249,0
DA:257,0
DA:264,0
DA:266,0
DA:267,0
DA:270,0
DA:271,0
DA:274,0
DA:275,0
DA:276,0
DA:277,0
DA:280,0
DA:281,0
DA:290,0
DA:292,0
DA:294,0
DA:297,0
DA:298,0
DA:303,0
DA:304,0
DA:305,0
DA:309,0
DA:310,0
DA:311,0
DA:313,0
DA:320,17
DA:321,0
DA:322,0
DA:327,17
DA:328,0
DA:329,0
DA:331,0
DA:344,1
DA:351,0
DA:352,0
DA:353,0
DA:360,1
DA:367,0
DA:374,1
DA:381,1
DA:388,0
DA:395,1
DA:396,1
DA:397,0
DA:398,0
DA:401,1
DA:402,1
DA:403,1
DA:406,0
DA:407,0
DA:408,0
DA:411,0
DA:426,1
DA:437,1
DA:448,0
DA:460,0
DA:467,0
DA:478,2
DA:485,0
DA:492,0
DA:499,0
DA:512,1
DA:519,0
DA:526,0
DA:533,0
DA:544,0
DA:545,0
DA:546,0
DA:548,0
DA:574,1
DA:577,1
DA:578,1
DA:579,0
DA:582,1
DA:583,1
DA:591,0
DA:594,0
DA:596,0
DA:597,0
DA:615,1
DA:616,1
DA:624,5
DA:625,5
DA:627,0
DA:635,1
DA:636,1
DA:644,3
DA:645,3
DA:659,4
DA:660,4
DA:662,0
DA:673,2
DA:676,0
DA:686,1
DA:698,1
DA:718,0
DA:725,1
DA:733,1
DA:734,1
DA:741,0
DA:742,0
DA:744,0
DA:753,0
DA:754,0
DA:755,0
DA:756,0
DA:761,0
DA:762,0
DA:766,0
DA:767,0
DA:768,0
DA:769,0
DA:771,0
DA:777,0
DA:778,0
DA:779,0
DA:780,0
DA:782,0
DA:786,0
DA:793,0
DA:794,0
DA:795,0
LF:197
LH:77
BRDA:74,0,0,17
BRDA:74,0,1,0
BRDA:75,1,0,17
BRDA:75,1,1,0
BRDA:75,1,2,0
BRDA:76,2,0,17
BRDA:76,2,1,0
BRDA:77,3,0,17
BRDA:77,3,1,0
BRDA:78,4,0,17
BRDA:78,4,1,0
BRDA:106,5,0,17
BRDA:106,5,1,0
BRDA:114,6,0,17
BRDA:114,6,1,0
BRDA:128,7,0,17
BRDA:128,7,1,1
BRDA:133,8,0,17
BRDA:133,8,1,1
BRDA:138,9,0,17
BRDA:138,9,1,1
BRDA:156,10,0,0
BRDA:156,10,1,0
BRDA:164,11,0,17
BRDA:164,11,1,0
BRDA:166,12,0,17
BRDA:166,12,1,0
BRDA:166,12,2,0
BRDA:166,12,3,0
BRDA:178,13,0,0
BRDA:178,13,1,0
BRDA:195,14,0,0
BRDA:195,14,1,0
BRDA:195,14,2,0
BRDA:195,14,3,0
BRDA:195,14,4,0
BRDA:195,14,5,0
BRDA:195,14,6,0
BRDA:197,15,0,0
BRDA:197,15,1,0
BRDA:205,16,0,0
BRDA:205,16,1,0
BRDA:215,17,0,0
BRDA:215,17,1,0
BRDA:215,18,0,0
BRDA:215,18,1,0
BRDA:222,19,0,0
BRDA:222,19,1,0
BRDA:230,20,0,0
BRDA:230,20,1,0
BRDA:230,21,0,0
BRDA:230,21,1,0
BRDA:239,22,0,0
BRDA:239,22,1,0
BRDA:264,23,0,0
BRDA:264,23,1,0
BRDA:266,24,0,0
BRDA:266,24,1,0
BRDA:274,25,0,0
BRDA:274,25,1,0
BRDA:276,26,0,0
BRDA:276,26,1,0
BRDA:280,27,0,0
BRDA:280,27,1,0
BRDA:297,28,0,0
BRDA:297,28,1,0
BRDA:303,29,0,0
BRDA:303,29,1,0
BRDA:321,30,0,0
BRDA:321,30,1,0
BRDA:321,31,0,0
BRDA:321,31,1,0
BRDA:396,32,0,0
BRDA:396,32,1,1
BRDA:401,33,0,1
BRDA:401,33,1,0
BRDA:406,34,0,0
BRDA:406,34,1,0
BRDA:424,35,0,1
BRDA:435,36,0,1
BRDA:446,37,0,0
BRDA:457,38,0,0
BRDA:458,39,0,0
BRDA:541,40,0,0
BRDA:542,41,0,0
BRDA:549,42,0,0
BRDA:549,42,1,0
BRDA:551,43,0,0
BRDA:551,43,1,0
BRDA:553,44,0,0
BRDA:553,44,1,0
BRDA:578,45,0,0
BRDA:578,45,1,1
BRDA:615,46,0,1
BRDA:615,46,1,0
BRDA:624,47,0,5
BRDA:624,47,1,0
BRDA:635,48,0,1
BRDA:635,48,1,0
BRDA:644,49,0,3
BRDA:644,49,1,0
BRDA:659,50,0,4
BRDA:659,50,1,0
BRDA:675,51,0,2
BRDA:675,51,1,1
BRDA:687,52,0,1
BRDA:687,52,1,0
BRDA:699,53,0,1
BRDA:699,53,1,0
BRDA:741,54,0,0
BRDA:741,54,1,0
BRDA:753,55,0,0
BRDA:753,55,1,0
BRDA:755,56,0,0
BRDA:755,56,1,0
BRDA:761,57,0,0
BRDA:761,57,1,0
BRDA:768,58,0,0
BRDA:768,58,1,0
BRDA:773,59,0,0
BRDA:773,59,1,0
BRDA:793,60,0,0
BRDA:793,60,1,0
BRF:123
BRH:29
end_of_record
TN:
SF:src/scada/tagDatabase.ts
FN:28,(anonymous_0)
FN:134,(anonymous_1)
FN:279,(anonymous_2)
FN:381,(anonymous_3)
FN:703,getTagsByMachine
FN:704,(anonymous_5)
FN:708,getTagsByGroup
FN:709,(anonymous_7)
FN:713,getTagById
FN:714,(anonymous_9)
FN:718,getWritableTags
FN:719,(anonymous_11)
FN:723,getTagsWithAlarms
FN:725,(anonymous_13)
FNF:14
FNH:8
FNDA:15,(anonymous_0)
FNDA:18,(anonymous_1)
FNDA:9,(anonymous_2)
FNDA:9,(anonymous_3)
FNDA:7,getTagsByMachine
FNDA:630,(anonymous_5)
FNDA:1,getTagsByGroup
FNDA:90,(anonymous_7)
FNDA:0,getTagById
FNDA:0,(anonymous_9)
FNDA:0,getWritableTags
FNDA:0,(anonymous_11)
FNDA:0,getTagsWithAlarms
FNDA:0,(anonymous_13)
DA:24,3
DA:25,3
DA:26,3
DA:28,15
DA:131,3
DA:132,3
DA:134,18
DA:276,3
DA:277,3
DA:279,9
DA:378,3
DA:379,3
DA:381,9
DA:475,3
DA:694,3
DA:704,630
DA:709,90
DA:714,0
DA:719,0
DA:724,0
DA:726,0
DA:734,3
DA:735,3
DA:736,3
DA:737,3
DA:738,3
DA:739,3
LF:27
LH:23
BRDA:726,0,0,0
BRDA:726,0,1,0
BRDA:726,0,2,0
BRDA:726,0,3,0
BRF:4
BRH:0
end_of_record
TN:
SF:src/scada/types.ts
FNF:0
FNH:0
LF:0
LH:0
BRF:0
BRH:0
end_of_record
TN:
SF:src/scada/useSCADA.ts
FN:62,notifyListeners
FN:63,(anonymous_1)
FN:67,notifyTagListeners
FN:68,(anonymous_3)
FN:69,(anonymous_4)
FN:74,notifyMachineListeners
FN:75,(anonymous_6)
FN:76,(anonymous_7)
FN:81,notifyAlarmListeners
FN:82,(anonymous_9)
FN:86,subscribe
FN:88,(anonymous_11)
FN:92,subscribeToTag
FN:97,(anonymous_13)
FN:101,subscribeToMachine
FN:106,(anonymous_15)
FN:110,subscribeToAlarms
FN:112,(anonymous_17)
FN:116,getSnapshot
FN:121,getAlarmSnapshot
FN:130,initializeSharedSCADA
FN:133,(anonymous_21)
FN:138,(anonymous_22)
FN:143,(anonymous_23)
FN:148,(anonymous_24)
FN:163,(anonymous_25)
FN:183,shutdownSharedSCADA
FN:244,useSCADA
FN:245,(anonymous_28)
FN:253,(anonymous_29)
FN:256,(anonymous_30)
FN:267,(anonymous_31)
FN:278,(anonymous_32)
FN:284,(anonymous_33)
FN:302,(anonymous_34)
FN:310,(anonymous_35)
FN:311,(anonymous_36)
FN:311,(anonymous_37)
FN:314,(anonymous_38)
FN:315,(anonymous_39)
FN:321,(anonymous_40)
FN:326,(anonymous_41)
FN:344,(anonymous_42)
FN:352,(anonymous_43)
FN:359,(anonymous_44)
FN:370,(anonymous_45)
FN:379,(anonymous_46)
FN:389,(anonymous_47)
FN:398,(anonymous_48)
FN:405,(anonymous_49)
FN:406,(anonymous_50)
FN:411,(anonymous_51)
FN:424,(anonymous_52)
FN:464,useSCADAMachine
FN:471,(anonymous_54)
FN:475,(anonymous_55)
FN:476,(anonymous_56)
FN:476,(anonymous_57)
FN:478,(anonymous_58)
FN:479,(anonymous_59)
FN:485,(anonymous_60)
FN:485,(anonymous_61)
FN:488,(anonymous_62)
FN:490,(anonymous_63)
FN:490,(anonymous_64)
FN:506,useSCADATag
FN:516,(anonymous_66)
FN:520,(anonymous_67)
FN:525,(anonymous_68)
FN:525,(anonymous_69)
FN:528,(anonymous_70)
FN:545,useSCADAAlarms
FN:555,(anonymous_72)
FN:561,(anonymous_73)
FN:566,(anonymous_74)
FN:575,(anonymous_75)
FN:580,(anonymous_76)
FN:585,(anonymous_77)
FN:593,(anonymous_78)
FNF:79
FNH:0
FNDA:0,notifyListeners
FNDA:0,(anonymous_1)
FNDA:0,notifyTagListeners
FNDA:0,(anonymous_3)
FNDA:0,(anonymous_4)
FNDA:0,notifyMachineListeners
FNDA:0,(anonymous_6)
FNDA:0,(anonymous_7)
FNDA:0,notifyAlarmListeners
FNDA:0,(anonymous_9)
FNDA:0,subscribe
FNDA:0,(anonymous_11)
FNDA:0,subscribeToTag
FNDA:0,(anonymous_13)
FNDA:0,subscribeToMachine
FNDA:0,(anonymous_15)
FNDA:0,subscribeToAlarms
FNDA:0,(anonymous_17)
FNDA:0,getSnapshot
FNDA:0,getAlarmSnapshot
FNDA:0,initializeSharedSCADA
FNDA:0,(anonymous_21)
FNDA:0,(anonymous_22)
FNDA:0,(anonymous_23)
FNDA:0,(anonymous_24)
FNDA:0,(anonymous_25)
FNDA:0,shutdownSharedSCADA
FNDA:0,useSCADA
FNDA:0,(anonymous_28)
FNDA:0,(anonymous_29)
FNDA:0,(anonymous_30)
FNDA:0,(anonymous_31)
FNDA:0,(anonymous_32)
FNDA:0,(anonymous_33)
FNDA:0,(anonymous_34)
FNDA:0,(anonymous_35)
FNDA:0,(anonymous_36)
FNDA:0,(anonymous_37)
FNDA:0,(anonymous_38)
FNDA:0,(anonymous_39)
FNDA:0,(anonymous_40)
FNDA:0,(anonymous_41)
FNDA:0,(anonymous_42)
FNDA:0,(anonymous_43)
FNDA:0,(anonymous_44)
FNDA:0,(anonymous_45)
FNDA:0,(anonymous_46)
FNDA:0,(anonymous_47)
FNDA:0,(anonymous_48)
FNDA:0,(anonymous_49)
FNDA:0,(anonymous_50)
FNDA:0,(anonymous_51)
FNDA:0,(anonymous_52)
FNDA:0,useSCADAMachine
FNDA:0,(anonymous_54)
FNDA:0,(anonymous_55)
FNDA:0,(anonymous_56)
FNDA:0,(anonymous_57)
FNDA:0,(anonymous_58)
FNDA:0,(anonymous_59)
FNDA:0,(anonymous_60)
FNDA:0,(anonymous_61)
FNDA:0,(anonymous_62)
FNDA:0,(anonymous_63)
FNDA:0,(anonymous_64)
FNDA:0,useSCADATag
FNDA:0,(anonymous_66)
FNDA:0,(anonymous_67)
FNDA:0,(anonymous_68)
FNDA:0,(anonymous_69)
FNDA:0,(anonymous_70)
FNDA:0,useSCADAAlarms
FNDA:0,(anonymous_72)
FNDA:0,(anonymous_73)
FNDA:0,(anonymous_74)
FNDA:0,(anonymous_75)
FNDA:0,(anonymous_76)
FNDA:0,(anonymous_77)
FNDA:0,(anonymous_78)
DA:38,0
DA:50,0
DA:53,0
DA:56,0
DA:59,0
DA:63,0
DA:68,0
DA:69,0
DA:75,0
DA:76,0
DA:82,0
DA:87,0
DA:88,0
DA:93,0
DA:94,0
DA:96,0
DA:97,0
DA:102,0
DA:103,0
DA:105,0
DA:106,0
DA:111,0
DA:112,0
DA:117,0
DA:122,0
DA:126,0
DA:127,0
DA:131,0
DA:133,0
DA:134,0
DA:135,0
DA:138,0
DA:139,0
DA:140,0
DA:141,0
DA:143,0
DA:144,0
DA:145,0
DA:148,0
DA:149,0
DA:150,0
DA:154,0
DA:157,0
DA:158,0
DA:159,0
DA:163,0
DA:164,0
DA:165,0
DA:166,0
DA:169,0
DA:170,0
DA:171,0
DA:173,0
DA:174,0
DA:175,0
DA:179,0
DA:184,0
DA:185,0
DA:186,0
DA:192,0
DA:193,0
DA:245,0
DA:248,0
DA:250,0
DA:253,0
DA:256,0
DA:257,0
DA:258,0
DA:262,0
DA:265,0
DA:267,0
DA:269,0
DA:270,0
DA:271,0
DA:272,0
DA:278,0
DA:279,0
DA:281,0
DA:282,0
DA:288,0
DA:301,0
DA:303,0
DA:309,0
DA:311,0
DA:313,0
DA:314,0
DA:315,0
DA:321,0
DA:322,0
DA:323,0
DA:324,0
DA:326,0
DA:327,0
DA:328,0
DA:330,0
DA:331,0
DA:334,0
DA:343,0
DA:345,0
DA:346,0
DA:352,0
DA:353,0
DA:354,0
DA:358,0
DA:360,0
DA:361,0
DA:362,0
DA:363,0
DA:369,0
DA:371,0
DA:372,0
DA:378,0
DA:380,0
DA:381,0
DA:382,0
DA:383,0
DA:388,0
DA:390,0
DA:391,0
DA:392,0
DA:393,0
DA:398,0
DA:399,0
DA:400,0
DA:401,0
DA:405,0
DA:406,0
DA:410,0
DA:412,0
DA:413,0
DA:414,0
DA:415,0
DA:416,0
DA:417,0
DA:418,0
DA:423,0
DA:425,0
DA:426,0
DA:427,0
DA:428,0
DA:429,0
DA:430,0
DA:431,0
DA:436,0
DA:470,0
DA:471,0
DA:475,0
DA:476,0
DA:477,0
DA:478,0
DA:479,0
DA:483,0
DA:485,0
DA:488,0
DA:489,0
DA:490,0
DA:493,0
DA:499,0
DA:512,0
DA:515,0
DA:516,0
DA:520,0
DA:523,0
DA:525,0
DA:527,0
DA:529,0
DA:530,0
DA:531,0
DA:532,0
DA:533,0
DA:538,0
DA:555,0
DA:557,0
DA:558,0
DA:561,0
DA:562,0
DA:563,0
DA:564,0
DA:566,0
DA:567,0
DA:568,0
DA:569,0
DA:572,0
DA:575,0
DA:576,0
DA:577,0
DA:580,0
DA:581,0
DA:582,0
DA:585,0
DA:586,0
DA:587,0
DA:588,0
DA:590,0
DA:593,0
DA:594,0
DA:595,0
DA:596,0
DA:599,0
LF:199
LH:0
BRDA:93,0,0,0
BRDA:93,0,1,0
BRDA:102,1,0,0
BRDA:102,1,1,0
BRDA:131,2,0,0
BRDA:131,2,1,0
BRDA:149,3,0,0
BRDA:149,3,1,0
BRDA:184,4,0,0
BRDA:184,4,1,0
BRDA:257,5,0,0
BRDA:257,5,1,0
BRDA:270,6,0,0
BRDA:270,6,1,0
BRDA:279,7,0,0
BRDA:279,7,1,0
BRDA:279,8,0,0
BRDA:279,8,1,0
BRDA:327,9,0,0
BRDA:327,9,1,0
BRDA:327,10,0,0
BRDA:327,10,1,0
BRDA:330,11,0,0
BRDA:330,11,1,0
BRDA:331,12,0,0
BRDA:331,12,1,0
BRDA:345,13,0,0
BRDA:345,13,1,0
BRDA:353,14,0,0
BRDA:353,14,1,0
BRDA:359,15,0,0
BRDA:360,16,0,0
BRDA:360,16,1,0
BRDA:371,17,0,0
BRDA:371,17,1,0
BRDA:380,18,0,0
BRDA:380,18,1,0
BRDA:383,19,0,0
BRDA:383,19,1,0
BRDA:390,20,0,0
BRDA:390,20,1,0
BRDA:393,21,0,0
BRDA:393,21,1,0
BRDA:399,22,0,0
BRDA:399,22,1,0
BRDA:412,23,0,0
BRDA:412,23,1,0
BRDA:425,24,0,0
BRDA:425,24,1,0
BRDA:529,25,0,0
BRDA:529,25,1,0
BRDA:567,26,0,0
BRDA:567,26,1,0
BRDA:567,27,0,0
BRDA:567,27,1,0
BRDA:568,28,0,0
BRDA:568,28,1,0
BRDA:569,29,0,0
BRDA:569,29,1,0
BRDA:576,30,0,0
BRDA:576,30,1,0
BRDA:581,31,0,0
BRDA:581,31,1,0
BRDA:586,32,0,0
BRDA:586,32,1,0
BRDA:594,33,0,0
BRDA:594,33,1,0
BRF:67
BRH:0
end_of_record
TN:
SF:src/scada/useSCADAVisuals.ts
FN:23,useSCADAMachineVisuals
FN:30,(anonymous_1)
FN:38,useSCADAAllMachineVisuals
FN:43,(anonymous_3)
FN:59,useSCADASync
FN:66,(anonymous_5)
FN:71,(anonymous_6)
FN:73,(anonymous_7)
FN:74,(anonymous_8)
FN:84,useSCADAAlarmVisuals
FN:91,(anonymous_10)
FN:92,(anonymous_11)
FN:94,(anonymous_12)
FN:103,(anonymous_13)
FN:110,(anonymous_14)
FN:125,useSCADATemperatureColor
FN:132,(anonymous_16)
FN:163,useSCADACriticalStatus
FN:170,(anonymous_18)
FN:172,(anonymous_19)
FN:176,(anonymous_20)
FN:176,(anonymous_21)
FNF:22
FNH:0
FNDA:0,useSCADAMachineVisuals
FNDA:0,(anonymous_1)
FNDA:0,useSCADAAllMachineVisuals
FNDA:0,(anonymous_3)
FNDA:0,useSCADASync
FNDA:0,(anonymous_5)
FNDA:0,(anonymous_6)
FNDA:0,(anonymous_7)
FNDA:0,(anonymous_8)
FNDA:0,useSCADAAlarmVisuals
FNDA:0,(anonymous_10)
FNDA:0,(anonymous_11)
FNDA:0,(anonymous_12)
FNDA:0,(anonymous_13)
FNDA:0,(anonymous_14)
FNDA:0,useSCADATemperatureColor
FNDA:0,(anonymous_16)
FNDA:0,useSCADACriticalStatus
FNDA:0,(anonymous_18)
FNDA:0,(anonymous_19)
FNDA:0,(anonymous_20)
FNDA:0,(anonymous_21)
DA:27,0
DA:29,0
DA:30,0
DA:41,0
DA:43,0
DA:44,0
DA:46,0
DA:47,0
DA:48,0
DA:51,0
DA:63,0
DA:65,0
DA:66,0
DA:70,0
DA:72,0
DA:73,0
DA:74,0
DA:78,0
DA:89,0
DA:91,0
DA:92,0
DA:94,0
DA:100,0
DA:101,0
DA:102,0
DA:103,0
DA:104,0
DA:105,0
DA:109,0
DA:110,0
DA:113,0
DA:130,0
DA:132,0
DA:133,0
DA:134,0
DA:135,0
DA:138,0
DA:142,0
DA:144,0
DA:145,0
DA:146,0
DA:147,0
DA:148,0
DA:149,0
DA:150,0
DA:152,0
DA:153,0
DA:156,0
DA:168,0
DA:170,0
DA:171,0
DA:172,0
DA:175,0
DA:176,0
DA:179,0
LF:55
LH:0
BRDA:25,0,0,0
BRDA:103,1,0,0
BRDA:103,1,1,0
BRDA:110,2,0,0
BRDA:110,2,1,0
BRDA:134,3,0,0
BRDA:134,3,1,0
BRDA:134,4,0,0
BRDA:134,4,1,0
BRDA:134,4,2,0
BRDA:144,5,0,0
BRDA:144,5,1,0
BRDA:146,6,0,0
BRDA:146,6,1,0
BRDA:148,7,0,0
BRDA:148,7,1,0
BRDA:172,8,0,0
BRDA:172,8,1,0
BRDA:172,8,2,0
BRF:19
BRH:0
end_of_record
TN:
SF:src/scada/adapters/MQTTAdapter.ts
FN:60,(anonymous_0)
FN:65,(anonymous_1)
FN:72,(anonymous_2)
FN:77,(anonymous_3)
FN:81,(anonymous_4)
FN:85,(anonymous_5)
FN:94,(anonymous_6)
FN:99,(anonymous_7)
FN:106,(anonymous_8)
FN:127,(anonymous_9)
FN:142,(anonymous_10)
FN:146,(anonymous_11)
FN:155,(anonymous_12)
FN:167,(anonymous_13)
FN:206,(anonymous_14)
FN:241,(anonymous_15)
FN:264,(anonymous_16)
FN:285,(anonymous_17)
FN:299,(anonymous_18)
FN:317,(anonymous_19)
FN:319,(anonymous_20)
FN:330,(anonymous_21)
FN:349,(anonymous_22)
FN:357,(anonymous_23)
FN:359,(anonymous_24)
FN:368,(anonymous_25)
FN:399,(anonymous_26)
FN:401,(anonymous_27)
FN:408,(anonymous_28)
FN:426,(anonymous_29)
FN:430,(anonymous_30)
FN:435,(anonymous_31)
FN:450,(anonymous_32)
FN:462,(anonymous_33)
FN:479,(anonymous_34)
FN:487,(anonymous_35)
FN:504,(anonymous_36)
FN:505,(anonymous_37)
FN:508,(anonymous_38)
FN:510,(anonymous_39)
FN:517,(anonymous_40)
FN:557,(anonymous_41)
FN:560,(anonymous_42)
FN:565,(anonymous_43)
FN:572,(anonymous_44)
FN:573,(anonymous_45)
FN:583,(anonymous_46)
FN:593,(anonymous_47)
FN:608,(anonymous_48)
FN:640,(anonymous_49)
FN:650,(anonymous_50)
FN:658,(anonymous_51)
FN:672,(anonymous_52)
FN:673,(anonymous_53)
FN:685,(anonymous_54)
FN:687,(anonymous_55)
FN:698,(anonymous_56)
FN:701,(anonymous_57)
FN:710,(anonymous_58)
FNF:59
FNH:0
FNDA:0,(anonymous_0)
FNDA:0,(anonymous_1)
FNDA:0,(anonymous_2)
FNDA:0,(anonymous_3)
FNDA:0,(anonymous_4)
FNDA:0,(anonymous_5)
FNDA:0,(anonymous_6)
FNDA:0,(anonymous_7)
FNDA:0,(anonymous_8)
FNDA:0,(anonymous_9)
FNDA:0,(anonymous_10)
FNDA:0,(anonymous_11)
FNDA:0,(anonymous_12)
FNDA:0,(anonymous_13)
FNDA:0,(anonymous_14)
FNDA:0,(anonymous_15)
FNDA:0,(anonymous_16)
FNDA:0,(anonymous_17)
FNDA:0,(anonymous_18)
FNDA:0,(anonymous_19)
FNDA:0,(anonymous_20)
FNDA:0,(anonymous_21)
FNDA:0,(anonymous_22)
FNDA:0,(anonymous_23)
FNDA:0,(anonymous_24)
FNDA:0,(anonymous_25)
FNDA:0,(anonymous_26)
FNDA:0,(anonymous_27)
FNDA:0,(anonymous_28)
FNDA:0,(anonymous_29)
FNDA:0,(anonymous_30)
FNDA:0,(anonymous_31)
FNDA:0,(anonymous_32)
FNDA:0,(anonymous_33)
FNDA:0,(anonymous_34)
FNDA:0,(anonymous_35)
FNDA:0,(anonymous_36)
FNDA:0,(anonymous_37)
FNDA:0,(anonymous_38)
FNDA:0,(anonymous_39)
FNDA:0,(anonymous_40)
FNDA:0,(anonymous_41)
FNDA:0,(anonymous_42)
FNDA:0,(anonymous_43)
FNDA:0,(anonymous_44)
FNDA:0,(anonymous_45)
FNDA:0,(anonymous_46)
FNDA:0,(anonymous_47)
FNDA:0,(anonymous_48)
FNDA:0,(anonymous_49)
FNDA:0,(anonymous_50)
FNDA:0,(anonymous_51)
FNDA:0,(anonymous_52)
FNDA:0,(anonymous_53)
FNDA:0,(anonymous_54)
FNDA:0,(anonymous_55)
FNDA:0,(anonymous_56)
FNDA:0,(anonymous_57)
FNDA:0,(anonymous_58)
DA:47,0
DA:50,0
DA:51,0
DA:52,0
DA:53,0
DA:54,0
DA:61,0
DA:62,0
DA:66,0
DA:67,0
DA:69,0
DA:70,0
DA:72,0
DA:73,0
DA:74,0
DA:75,0
DA:77,0
DA:78,0
DA:81,0
DA:82,0
DA:85,0
DA:86,0
DA:87,0
DA:88,0
DA:89,0
DA:90,0
DA:94,0
DA:95,0
DA:99,0
DA:100,0
DA:101,0
DA:102,0
DA:105,0
DA:106,0
DA:107,0
DA:109,0
DA:110,0
DA:111,0
DA:112,0
DA:113,0
DA:114,0
DA:115,0
DA:116,0
DA:120,0
DA:121,0
DA:122,0
DA:128,0
DA:130,0
DA:131,0
DA:132,0
DA:134,0
DA:135,0
DA:137,0
DA:138,0
DA:139,0
DA:143,0
DA:147,0
DA:148,0
DA:150,0
DA:152,0
DA:156,0
DA:157,0
DA:158,0
DA:159,0
DA:160,0
DA:162,0
DA:168,0
DA:169,0
DA:172,0
DA:173,0
DA:176,0
DA:177,0
DA:179,0
DA:180,0
DA:182,0
DA:183,0
DA:186,0
DA:187,0
DA:190,0
DA:191,0
DA:194,0
DA:195,0
DA:196,0
DA:197,0
DA:201,0
DA:203,0
DA:207,0
DA:209,0
DA:210,0
DA:213,0
DA:224,0
DA:230,0
DA:232,0
DA:233,0
DA:234,0
DA:235,0
DA:236,0
DA:238,0
DA:242,0
DA:244,0
DA:245,0
DA:247,0
DA:248,0
DA:249,0
DA:251,0
DA:252,0
DA:253,0
DA:254,0
DA:255,0
DA:256,0
DA:257,0
DA:258,0
DA:259,0
DA:261,0
DA:265,0
DA:267,0
DA:268,0
DA:270,0
DA:271,0
DA:272,0
DA:274,0
DA:275,0
DA:276,0
DA:277,0
DA:278,0
DA:279,0
DA:280,0
DA:282,0
DA:286,0
DA:287,0
DA:289,0
DA:291,0
DA:292,0
DA:295,0
DA:300,0
DA:303,0
DA:306,0
DA:307,0
DA:310,0
DA:311,0
DA:314,0
DA:317,0
DA:318,0
DA:319,0
DA:320,0
DA:321,0
DA:323,0
DA:331,0
DA:332,0
DA:334,0
DA:335,0
DA:336,0
DA:338,0
DA:339,0
DA:341,0
DA:342,0
DA:346,0
DA:350,0
DA:351,0
DA:352,0
DA:353,0
DA:354,0
DA:358,0
DA:359,0
DA:360,0
DA:362,0
DA:363,0
DA:369,0
DA:370,0
DA:371,0
DA:378,0
DA:379,0
DA:380,0
DA:381,0
DA:382,0
DA:383,0
DA:384,0
DA:385,0
DA:386,0
DA:388,0
DA:389,0
DA:392,0
DA:400,0
DA:401,0
DA:409,0
DA:411,0
DA:412,0
DA:415,0
DA:416,0
DA:417,0
DA:421,0
DA:423,0
DA:424,0
DA:426,0
DA:427,0
DA:430,0
DA:431,0
DA:432,0
DA:435,0
DA:436,0
DA:437,0
DA:438,0
DA:441,0
DA:443,0
DA:444,0
DA:445,0
DA:446,0
DA:449,0
DA:450,0
DA:451,0
DA:454,0
DA:456,0
DA:457,0
DA:458,0
DA:463,0
DA:464,0
DA:465,0
DA:468,0
DA:469,0
DA:470,0
DA:473,0
DA:474,0
DA:475,0
DA:476,0
DA:480,0
DA:489,0
DA:490,0
DA:492,0
DA:500,0
DA:501,0
DA:505,0
DA:509,0
DA:510,0
DA:518,0
DA:519,0
DA:520,0
DA:523,0
DA:524,0
DA:525,0
DA:526,0
DA:529,0
DA:530,0
DA:531,0
DA:534,0
DA:535,0
DA:536,0
DA:537,0
DA:543,0
DA:544,0
DA:545,0
DA:547,0
DA:548,0
DA:549,0
DA:558,0
DA:559,0
DA:560,0
DA:561,0
DA:565,0
DA:566,0
DA:567,0
DA:569,0
DA:572,0
DA:573,0
DA:574,0
DA:584,0
DA:594,0
DA:595,0
DA:609,0
DA:611,0
DA:614,0
DA:615,0
DA:618,0
DA:619,0
DA:621,0
DA:622,0
DA:625,0
DA:627,0
DA:628,0
DA:634,0
DA:636,0
DA:641,0
DA:651,0
DA:652,0
DA:653,0
DA:655,0
DA:659,0
DA:660,0
DA:661,0
DA:663,0
DA:665,0
DA:666,0
DA:668,0
DA:672,0
DA:673,0
DA:674,0
DA:678,0
DA:679,0
DA:687,0
DA:688,0
DA:689,0
DA:691,0
DA:696,0
DA:698,0
DA:699,0
DA:700,0
DA:701,0
DA:702,0
DA:703,0
DA:705,0
DA:710,0
DA:711,0
DA:712,0
DA:714,0
LF:313
LH:0
BRDA:66,0,0,0
BRDA:66,0,1,0
BRDA:67,1,0,0
BRDA:67,1,1,0
BRDA:67,2,0,0
BRDA:67,2,1,0
BRDA:88,3,0,0
BRDA:88,3,1,0
BRDA:95,4,0,0
BRDA:95,4,1,0
BRDA:109,5,0,0
BRDA:109,5,1,0
BRDA:128,6,0,0
BRDA:128,6,1,0
BRDA:130,7,0,0
BRDA:130,7,1,0
BRDA:147,8,0,0
BRDA:147,8,1,0
BRDA:157,9,0,0
BRDA:157,9,1,0
BRDA:159,10,0,0
BRDA:159,10,1,0
BRDA:167,11,0,0
BRDA:168,12,0,0
BRDA:168,12,1,0
BRDA:168,13,0,0
BRDA:168,13,1,0
BRDA:177,14,0,0
BRDA:177,14,1,0
BRDA:194,15,0,0
BRDA:194,15,1,0
BRDA:207,16,0,0
BRDA:207,16,1,0
BRDA:242,17,0,0
BRDA:242,17,1,0
BRDA:242,18,0,0
BRDA:242,18,1,0
BRDA:265,19,0,0
BRDA:265,19,1,0
BRDA:265,20,0,0
BRDA:265,20,1,0
BRDA:289,21,0,0
BRDA:289,21,1,0
BRDA:318,22,0,0
BRDA:318,22,1,0
BRDA:335,23,0,0
BRDA:335,23,1,0
BRDA:338,24,0,0
BRDA:338,24,1,0
BRDA:341,25,0,0
BRDA:341,25,1,0
BRDA:360,26,0,0
BRDA:360,26,1,0
BRDA:369,27,0,0
BRDA:369,27,1,0
BRDA:409,28,0,0
BRDA:409,28,1,0
BRDA:411,29,0,0
BRDA:411,29,1,0
BRDA:416,30,0,0
BRDA:416,30,1,0
BRDA:421,31,0,0
BRDA:421,31,1,0
BRDA:449,32,0,0
BRDA:449,32,1,0
BRDA:456,33,0,0
BRDA:456,33,1,0
BRDA:463,34,0,0
BRDA:463,34,1,0
BRDA:468,35,0,0
BRDA:468,35,1,0
BRDA:480,36,0,0
BRDA:480,36,1,0
BRDA:480,36,2,0
BRDA:490,37,0,0
BRDA:490,37,1,0
BRDA:518,38,0,0
BRDA:518,38,1,0
BRDA:518,39,0,0
BRDA:518,39,1,0
BRDA:524,40,0,0
BRDA:524,40,1,0
BRDA:529,41,0,0
BRDA:529,41,1,0
BRDA:535,42,0,0
BRDA:535,42,1,0
BRDA:558,43,0,0
BRDA:558,43,1,0
BRDA:566,44,0,0
BRDA:566,44,1,0
BRDA:586,45,0,0
BRDA:586,45,1,0
BRDA:587,46,0,0
BRDA:587,46,1,0
BRDA:594,47,0,0
BRDA:594,47,1,0
BRDA:596,48,0,0
BRDA:596,48,1,0
BRDA:597,49,0,0
BRDA:597,49,1,0
BRDA:614,50,0,0
BRDA:614,50,1,0
BRDA:627,51,0,0
BRDA:627,51,1,0
BRDA:652,52,0,0
BRDA:652,52,1,0
BRDA:652,53,0,0
BRDA:652,53,1,0
BRDA:652,53,2,0
BRDA:652,53,3,0
BRDA:663,54,0,0
BRDA:663,54,1,0
BRDA:700,55,0,0
BRDA:700,55,1,0
BRDA:702,56,0,0
BRDA:702,56,1,0
BRF:116
BRH:0
end_of_record
TN:
SF:src/scada/adapters/RESTAdapter.ts
FN:66,(anonymous_0)
FN:68,(anonymous_1)
FN:75,(anonymous_2)
FN:97,(anonymous_3)
FN:110,(anonymous_4)
FN:125,(anonymous_5)
FN:133,(anonymous_6)
FN:159,(anonymous_7)
FN:174,(anonymous_8)
FN:176,(anonymous_9)
FN:187,(anonymous_10)
FN:196,(anonymous_11)
FN:236,(anonymous_12)
FN:240,(anonymous_13)
FN:245,(anonymous_14)
FN:252,(anonymous_15)
FN:253,(anonymous_16)
FN:263,(anonymous_17)
FN:273,(anonymous_18)
FN:289,(anonymous_19)
FN:301,(anonymous_20)
FN:316,(anonymous_21)
FN:318,(anonymous_22)
FN:329,(anonymous_23)
FN:346,(anonymous_24)
FN:356,(anonymous_25)
FN:364,(anonymous_26)
FN:369,(anonymous_27)
FN:371,(anonymous_28)
FN:382,(anonymous_29)
FN:385,(anonymous_30)
FN:394,(anonymous_31)
FNF:32
FNH:0
FNDA:0,(anonymous_0)
FNDA:0,(anonymous_1)
FNDA:0,(anonymous_2)
FNDA:0,(anonymous_3)
FNDA:0,(anonymous_4)
FNDA:0,(anonymous_5)
FNDA:0,(anonymous_6)
FNDA:0,(anonymous_7)
FNDA:0,(anonymous_8)
FNDA:0,(anonymous_9)
FNDA:0,(anonymous_10)
FNDA:0,(anonymous_11)
FNDA:0,(anonymous_12)
FNDA:0,(anonymous_13)
FNDA:0,(anonymous_14)
FNDA:0,(anonymous_15)
FNDA:0,(anonymous_16)
FNDA:0,(anonymous_17)
FNDA:0,(anonymous_18)
FNDA:0,(anonymous_19)
FNDA:0,(anonymous_20)
FNDA:0,(anonymous_21)
FNDA:0,(anonymous_22)
FNDA:0,(anonymous_23)
FNDA:0,(anonymous_24)
FNDA:0,(anonymous_25)
FNDA:0,(anonymous_26)
FNDA:0,(anonymous_27)
FNDA:0,(anonymous_28)
FNDA:0,(anonymous_29)
FNDA:0,(anonymous_30)
FNDA:0,(anonymous_31)
DA:45,0
DA:46,0
DA:47,0
DA:48,0
DA:49,0
DA:50,0
DA:51,0
DA:52,0
DA:53,0
DA:55,0
DA:58,0
DA:67,0
DA:68,0
DA:76,0
DA:78,0
DA:79,0
DA:80,0
DA:83,0
DA:85,0
DA:86,0
DA:87,0
DA:90,0
DA:91,0
DA:92,0
DA:93,0
DA:96,0
DA:97,0
DA:100,0
DA:102,0
DA:104,0
DA:105,0
DA:106,0
DA:111,0
DA:112,0
DA:113,0
DA:115,0
DA:116,0
DA:117,0
DA:119,0
DA:120,0
DA:121,0
DA:122,0
DA:126,0
DA:134,0
DA:136,0
DA:137,0
DA:141,0
DA:142,0
DA:145,0
DA:146,0
DA:148,0
DA:149,0
DA:150,0
DA:152,0
DA:154,0
DA:155,0
DA:160,0
DA:162,0
DA:163,0
DA:169,0
DA:170,0
DA:173,0
DA:174,0
DA:176,0
DA:177,0
DA:178,0
DA:180,0
DA:182,0
DA:183,0
DA:188,0
DA:189,0
DA:197,0
DA:198,0
DA:199,0
DA:200,0
DA:203,0
DA:204,0
DA:205,0
DA:208,0
DA:209,0
DA:210,0
DA:219,0
DA:220,0
DA:223,0
DA:224,0
DA:226,0
DA:227,0
DA:228,0
DA:237,0
DA:239,0
DA:240,0
DA:241,0
DA:245,0
DA:246,0
DA:247,0
DA:249,0
DA:252,0
DA:253,0
DA:254,0
DA:264,0
DA:274,0
DA:275,0
DA:290,0
DA:292,0
DA:293,0
DA:294,0
DA:296,0
DA:297,0
DA:303,0
DA:305,0
DA:306,0
DA:308,0
DA:309,0
DA:310,0
DA:313,0
DA:314,0
DA:316,0
DA:317,0
DA:318,0
DA:319,0
DA:331,0
DA:332,0
DA:334,0
DA:337,0
DA:339,0
DA:340,0
DA:343,0
DA:347,0
DA:357,0
DA:358,0
DA:359,0
DA:361,0
DA:365,0
DA:366,0
DA:371,0
DA:372,0
DA:373,0
DA:375,0
DA:380,0
DA:382,0
DA:383,0
DA:384,0
DA:385,0
DA:386,0
DA:387,0
DA:389,0
DA:394,0
DA:395,0
DA:396,0
DA:398,0
LF:150
LH:0
BRDA:76,0,0,0
BRDA:76,0,1,0
BRDA:79,1,0,0
BRDA:79,1,1,0
BRDA:86,2,0,0
BRDA:86,2,1,0
BRDA:96,3,0,0
BRDA:96,3,1,0
BRDA:104,4,0,0
BRDA:104,4,1,0
BRDA:111,5,0,0
BRDA:111,5,1,0
BRDA:115,6,0,0
BRDA:115,6,1,0
BRDA:141,7,0,0
BRDA:141,7,1,0
BRDA:169,8,0,0
BRDA:169,8,1,0
BRDA:198,9,0,0
BRDA:198,9,1,0
BRDA:203,10,0,0
BRDA:203,10,1,0
BRDA:219,11,0,0
BRDA:219,11,1,0
BRDA:237,12,0,0
BRDA:237,12,1,0
BRDA:246,13,0,0
BRDA:246,13,1,0
BRDA:266,14,0,0
BRDA:266,14,1,0
BRDA:267,15,0,0
BRDA:267,15,1,0
BRDA:274,16,0,0
BRDA:274,16,1,0
BRDA:276,17,0,0
BRDA:276,17,1,0
BRDA:277,18,0,0
BRDA:277,18,1,0
BRDA:279,19,0,0
BRDA:279,19,1,0
BRDA:290,20,0,0
BRDA:290,20,1,0
BRDA:303,21,0,0
BRDA:303,21,1,0
BRDA:308,22,0,0
BRDA:308,22,1,0
BRDA:329,23,0,0
BRDA:339,24,0,0
BRDA:339,24,1,0
BRDA:358,25,0,0
BRDA:358,25,1,0
BRDA:358,26,0,0
BRDA:358,26,1,0
BRDA:358,26,2,0
BRDA:358,26,3,0
BRDA:384,27,0,0
BRDA:384,27,1,0
BRDA:386,28,0,0
BRDA:386,28,1,0
BRF:59
BRH:0
end_of_record
TN:
SF:src/scada/adapters/SimulationAdapter.ts
FN:59,(anonymous_0)
FN:60,(anonymous_1)
FN:65,(anonymous_2)
FN:71,(anonymous_3)
FN:85,(anonymous_4)
FN:89,(anonymous_5)
FN:101,(anonymous_6)
FN:108,(anonymous_7)
FN:119,(anonymous_8)
FN:127,(anonymous_9)
FN:141,(anonymous_10)
FN:142,(anonymous_11)
FN:145,(anonymous_12)
FN:147,(anonymous_13)
FN:154,(anonymous_14)
FN:187,(anonymous_15)
FN:188,(anonymous_16)
FN:196,(anonymous_17)
FN:197,(anonymous_18)
FN:207,(anonymous_19)
FN:215,(anonymous_20)
FN:234,(anonymous_21)
FN:241,(anonymous_22)
FN:254,(anonymous_23)
FN:257,(anonymous_24)
FN:273,(anonymous_25)
FN:287,(anonymous_26)
FN:295,(anonymous_27)
FN:303,(anonymous_28)
FN:311,(anonymous_29)
FN:316,(anonymous_30)
FN:323,(anonymous_31)
FN:417,(anonymous_32)
FN:463,(anonymous_33)
FN:467,(anonymous_34)
FN:488,(anonymous_35)
FN:492,(anonymous_36)
FN:495,(anonymous_37)
FN:505,(anonymous_38)
FN:514,(anonymous_39)
FNF:40
FNH:28
FNDA:36,(anonymous_0)
FNDA:1674,(anonymous_1)
FNDA:1674,(anonymous_2)
FNDA:360,(anonymous_3)
FNDA:35,(anonymous_4)
FNDA:1581,(anonymous_5)
FNDA:0,(anonymous_6)
FNDA:36,(anonymous_7)
FNDA:5,(anonymous_8)
FNDA:7,(anonymous_9)
FNDA:1,(anonymous_10)
FNDA:2,(anonymous_11)
FNDA:1,(anonymous_12)
FNDA:3,(anonymous_13)
FNDA:3,(anonymous_14)
FNDA:18,(anonymous_15)
FNDA:1531,(anonymous_16)
FNDA:18,(anonymous_17)
FNDA:1531,(anonymous_18)
FNDA:3,(anonymous_19)
FNDA:2,(anonymous_20)
FNDA:3,(anonymous_21)
FNDA:6,(anonymous_22)
FNDA:2,(anonymous_23)
FNDA:4,(anonymous_24)
FNDA:8,(anonymous_25)
FNDA:2,(anonymous_26)
FNDA:4,(anonymous_27)
FNDA:8,(anonymous_28)
FNDA:0,(anonymous_29)
FNDA:0,(anonymous_30)
FNDA:0,(anonymous_31)
FNDA:0,(anonymous_32)
FNDA:0,(anonymous_33)
FNDA:0,(anonymous_34)
FNDA:0,(anonymous_35)
FNDA:0,(anonymous_36)
FNDA:0,(anonymous_37)
FNDA:0,(anonymous_38)
FNDA:0,(anonymous_39)
DA:42,36
DA:43,36
DA:44,36
DA:45,36
DA:46,36
DA:47,36
DA:48,36
DA:49,36
DA:52,36
DA:60,1674
DA:64,36
DA:65,36
DA:66,1674
DA:67,1674
DA:71,36
DA:72,360
DA:86,35
DA:89,34
DA:90,1581
DA:91,1581
DA:101,34
DA:102,34
DA:103,34
DA:105,34
DA:109,36
DA:110,34
DA:111,34
DA:113,36
DA:114,36
DA:115,36
DA:116,36
DA:120,5
DA:128,7
DA:129,7
DA:131,7
DA:132,7
DA:133,1
DA:134,1
DA:137,6
DA:138,6
DA:142,2
DA:146,1
DA:147,3
DA:155,3
DA:157,3
DA:158,3
DA:159,1
DA:160,1
DA:163,2
DA:164,1
DA:165,1
DA:169,1
DA:170,1
DA:173,1
DA:180,1
DA:188,18
DA:189,1531
DA:190,1531
DA:192,1531
DA:196,18
DA:197,18
DA:198,1531
DA:208,3
DA:216,2
DA:217,2
DA:241,3
DA:242,6
DA:255,2
DA:256,2
DA:257,2
DA:258,4
DA:259,3
DA:260,3
DA:263,2
DA:274,8
DA:281,8
DA:288,2
DA:289,2
DA:296,4
DA:297,4
DA:304,8
DA:312,0
DA:313,0
DA:316,0
DA:317,0
DA:318,0
DA:323,0
DA:324,0
DA:325,0
DA:327,0
DA:328,0
DA:330,0
DA:331,0
DA:334,0
DA:335,0
DA:338,0
DA:341,0
DA:342,0
DA:343,0
DA:344,0
DA:345,0
DA:349,0
DA:350,0
DA:351,0
DA:353,0
DA:354,0
DA:356,0
DA:361,0
DA:362,0
DA:365,0
DA:367,0
DA:369,0
DA:370,0
DA:374,0
DA:375,0
DA:382,0
DA:383,0
DA:387,0
DA:390,0
DA:391,0
DA:392,0
DA:397,0
DA:398,0
DA:402,0
DA:409,0
DA:410,0
DA:414,0
DA:422,0
DA:424,0
DA:428,0
DA:435,0
DA:436,0
DA:444,0
DA:448,0
DA:449,0
DA:456,0
DA:459,0
DA:464,0
DA:465,0
DA:467,0
DA:468,0
DA:469,0
DA:471,0
DA:473,0
DA:479,0
DA:481,0
DA:485,0
DA:490,0
DA:492,0
DA:493,0
DA:494,0
DA:495,0
DA:496,0
DA:497,0
DA:499,0
DA:505,0
DA:506,0
DA:507,0
DA:509,0
DA:516,0
LF:160
LH:81
BRDA:66,0,0,1674
BRDA:66,0,1,0
BRDA:86,1,0,1
BRDA:86,1,1,34
BRDA:90,2,0,1581
BRDA:90,2,1,0
BRDA:109,3,0,34
BRDA:109,3,1,2
BRDA:132,4,0,1
BRDA:132,4,1,6
BRDA:158,5,0,1
BRDA:158,5,1,2
BRDA:163,6,0,1
BRDA:163,6,1,1
BRDA:169,7,0,1
BRDA:169,7,1,0
BRDA:189,8,0,1531
BRDA:189,8,1,0
BRDA:216,9,0,2
BRDA:216,9,1,0
BRDA:218,10,0,0
BRDA:218,10,1,2
BRDA:219,11,0,0
BRDA:219,11,1,2
BRDA:258,12,0,3
BRDA:258,12,1,1
BRDA:263,13,0,2
BRDA:263,13,1,0
BRDA:278,14,0,8
BRDA:278,14,1,8
BRDA:279,15,0,8
BRDA:279,15,1,6
BRDA:317,16,0,0
BRDA:317,16,1,0
BRDA:317,17,0,0
BRDA:317,17,1,0
BRDA:325,18,0,0
BRDA:325,18,1,0
BRDA:328,19,0,0
BRDA:328,19,1,0
BRDA:341,20,0,0
BRDA:341,20,1,0
BRDA:345,21,0,0
BRDA:345,21,1,0
BRDA:347,22,0,0
BRDA:347,22,1,0
BRDA:349,23,0,0
BRDA:349,23,1,0
BRDA:349,24,0,0
BRDA:349,24,1,0
BRDA:351,25,0,0
BRDA:351,25,1,0
BRDA:356,26,0,0
BRDA:356,26,1,0
BRDA:365,27,0,0
BRDA:365,27,1,0
BRDA:365,28,0,0
BRDA:365,28,1,0
BRDA:374,29,0,0
BRDA:374,29,1,0
BRDA:382,30,0,0
BRDA:382,30,1,0
BRDA:382,31,0,0
BRDA:382,31,1,0
BRDA:390,32,0,0
BRDA:390,32,1,0
BRDA:397,33,0,0
BRDA:397,33,1,0
BRDA:397,34,0,0
BRDA:397,34,1,0
BRDA:422,35,0,0
BRDA:422,35,1,0
BRDA:422,35,2,0
BRDA:422,35,3,0
BRDA:422,35,4,0
BRDA:422,35,5,0
BRDA:422,35,6,0
BRDA:471,36,0,0
BRDA:471,36,1,0
BRDA:471,37,0,0
BRDA:471,37,1,0
BRDA:494,38,0,0
BRDA:494,38,1,0
BRDA:496,39,0,0
BRDA:496,39,1,0
BRF:85
BRH:24
end_of_record
TN:
SF:src/scada/adapters/WebSocketAdapter.ts
FN:67,(anonymous_0)
FN:69,(anonymous_1)
FN:76,(anonymous_2)
FN:87,(anonymous_3)
FN:91,(anonymous_4)
FN:96,(anonymous_5)
FN:116,(anonymous_6)
FN:120,(anonymous_7)
FN:131,(anonymous_8)
FN:142,(anonymous_9)
FN:157,(anonymous_10)
FN:165,(anonymous_11)
FN:180,(anonymous_12)
FN:181,(anonymous_13)
FN:184,(anonymous_14)
FN:186,(anonymous_15)
FN:193,(anonymous_16)
FN:229,(anonymous_17)
FN:232,(anonymous_18)
FN:237,(anonymous_19)
FN:244,(anonymous_20)
FN:245,(anonymous_21)
FN:255,(anonymous_22)
FN:265,(anonymous_23)
FN:280,(anonymous_24)
FN:318,(anonymous_25)
FN:324,(anonymous_26)
FN:353,(anonymous_27)
FN:362,(anonymous_28)
FN:370,(anonymous_29)
FN:377,(anonymous_30)
FN:395,(anonymous_31)
FN:396,(anonymous_32)
FN:405,(anonymous_33)
FN:412,(anonymous_34)
FN:413,(anonymous_35)
FN:420,(anonymous_36)
FN:427,(anonymous_37)
FN:430,(anonymous_38)
FN:448,(anonymous_39)
FN:451,(anonymous_40)
FN:461,(anonymous_41)
FN:468,(anonymous_42)
FNF:43
FNH:0
FNDA:0,(anonymous_0)
FNDA:0,(anonymous_1)
FNDA:0,(anonymous_2)
FNDA:0,(anonymous_3)
FNDA:0,(anonymous_4)
FNDA:0,(anonymous_5)
FNDA:0,(anonymous_6)
FNDA:0,(anonymous_7)
FNDA:0,(anonymous_8)
FNDA:0,(anonymous_9)
FNDA:0,(anonymous_10)
FNDA:0,(anonymous_11)
FNDA:0,(anonymous_12)
FNDA:0,(anonymous_13)
FNDA:0,(anonymous_14)
FNDA:0,(anonymous_15)
FNDA:0,(anonymous_16)
FNDA:0,(anonymous_17)
FNDA:0,(anonymous_18)
FNDA:0,(anonymous_19)
FNDA:0,(anonymous_20)
FNDA:0,(anonymous_21)
FNDA:0,(anonymous_22)
FNDA:0,(anonymous_23)
FNDA:0,(anonymous_24)
FNDA:0,(anonymous_25)
FNDA:0,(anonymous_26)
FNDA:0,(anonymous_27)
FNDA:0,(anonymous_28)
FNDA:0,(anonymous_29)
FNDA:0,(anonymous_30)
FNDA:0,(anonymous_31)
FNDA:0,(anonymous_32)
FNDA:0,(anonymous_33)
FNDA:0,(anonymous_34)
FNDA:0,(anonymous_35)
FNDA:0,(anonymous_36)
FNDA:0,(anonymous_37)
FNDA:0,(anonymous_38)
FNDA:0,(anonymous_39)
FNDA:0,(anonymous_40)
FNDA:0,(anonymous_41)
FNDA:0,(anonymous_42)
DA:45,0
DA:46,0
DA:47,0
DA:48,0
DA:49,0
DA:50,0
DA:51,0
DA:52,0
DA:53,0
DA:55,0
DA:56,0
DA:59,0
DA:68,0
DA:69,0
DA:77,0
DA:79,0
DA:80,0
DA:81,0
DA:85,0
DA:87,0
DA:88,0
DA:89,0
DA:91,0
DA:92,0
DA:93,0
DA:96,0
DA:97,0
DA:98,0
DA:99,0
DA:100,0
DA:101,0
DA:104,0
DA:107,0
DA:112,0
DA:113,0
DA:116,0
DA:117,0
DA:120,0
DA:121,0
DA:122,0
DA:123,0
DA:125,0
DA:126,0
DA:127,0
DA:131,0
DA:132,0
DA:135,0
DA:136,0
DA:137,0
DA:143,0
DA:144,0
DA:146,0
DA:147,0
DA:148,0
DA:151,0
DA:152,0
DA:153,0
DA:154,0
DA:158,0
DA:166,0
DA:167,0
DA:168,0
DA:176,0
DA:177,0
DA:181,0
DA:185,0
DA:186,0
DA:194,0
DA:195,0
DA:196,0
DA:199,0
DA:200,0
DA:201,0
DA:202,0
DA:205,0
DA:206,0
DA:207,0
DA:210,0
DA:211,0
DA:216,0
DA:217,0
DA:219,0
DA:220,0
DA:221,0
DA:230,0
DA:231,0
DA:232,0
DA:233,0
DA:237,0
DA:238,0
DA:239,0
DA:241,0
DA:244,0
DA:245,0
DA:246,0
DA:256,0
DA:266,0
DA:267,0
DA:281,0
DA:283,0
DA:286,0
DA:287,0
DA:295,0
DA:296,0
DA:297,0
DA:304,0
DA:306,0
DA:308,0
DA:309,0
DA:310,0
DA:311,0
DA:313,0
DA:317,0
DA:318,0
DA:324,0
DA:325,0
DA:327,0
DA:330,0
DA:331,0
DA:332,0
DA:337,0
DA:340,0
DA:341,0
DA:347,0
DA:349,0
DA:354,0
DA:363,0
DA:364,0
DA:365,0
DA:367,0
DA:371,0
DA:372,0
DA:373,0
DA:378,0
DA:379,0
DA:380,0
DA:381,0
DA:383,0
DA:386,0
DA:387,0
DA:388,0
DA:389,0
DA:391,0
DA:395,0
DA:396,0
DA:397,0
DA:401,0
DA:406,0
DA:407,0
DA:408,0
DA:413,0
DA:414,0
DA:415,0
DA:421,0
DA:422,0
DA:423,0
DA:429,0
DA:430,0
DA:431,0
DA:432,0
DA:434,0
DA:436,0
DA:437,0
DA:445,0
DA:447,0
DA:448,0
DA:449,0
DA:450,0
DA:451,0
DA:452,0
DA:453,0
DA:455,0
DA:461,0
DA:462,0
DA:463,0
DA:465,0
DA:467,0
DA:468,0
DA:469,0
LF:179
LH:0
BRDA:77,0,0,0
BRDA:77,0,1,0
BRDA:79,1,0,0
BRDA:79,1,1,0
BRDA:80,2,0,0
BRDA:80,2,1,0
BRDA:125,3,0,0
BRDA:125,3,1,0
BRDA:132,4,0,0
BRDA:132,4,1,0
BRDA:135,5,0,0
BRDA:135,5,1,0
BRDA:146,6,0,0
BRDA:146,6,1,0
BRDA:158,7,0,0
BRDA:158,7,1,0
BRDA:167,8,0,0
BRDA:167,8,1,0
BRDA:194,9,0,0
BRDA:194,9,1,0
BRDA:194,10,0,0
BRDA:194,10,1,0
BRDA:200,11,0,0
BRDA:200,11,1,0
BRDA:205,12,0,0
BRDA:205,12,1,0
BRDA:230,13,0,0
BRDA:230,13,1,0
BRDA:238,14,0,0
BRDA:238,14,1,0
BRDA:258,15,0,0
BRDA:258,15,1,0
BRDA:259,16,0,0
BRDA:259,16,1,0
BRDA:266,17,0,0
BRDA:266,17,1,0
BRDA:268,18,0,0
BRDA:268,18,1,0
BRDA:269,19,0,0
BRDA:269,19,1,0
BRDA:286,20,0,0
BRDA:286,20,1,0
BRDA:296,21,0,0
BRDA:296,21,1,0
BRDA:296,22,0,0
BRDA:296,22,1,0
BRDA:306,23,0,0
BRDA:306,23,1,0
BRDA:306,23,2,0
BRDA:306,23,3,0
BRDA:306,23,4,0
BRDA:308,24,0,0
BRDA:308,24,1,0
BRDA:317,25,0,0
BRDA:317,25,1,0
BRDA:340,26,0,0
BRDA:340,26,1,0
BRDA:356,27,0,0
BRDA:356,27,1,0
BRDA:357,28,0,0
BRDA:357,28,1,0
BRDA:358,29,0,0
BRDA:358,29,1,0
BRDA:364,30,0,0
BRDA:364,30,1,0
BRDA:364,31,0,0
BRDA:364,31,1,0
BRDA:364,31,2,0
BRDA:364,31,3,0
BRDA:371,32,0,0
BRDA:371,32,1,0
BRDA:386,33,0,0
BRDA:386,33,1,0
BRDA:406,34,0,0
BRDA:406,34,1,0
BRDA:414,35,0,0
BRDA:414,35,1,0
BRDA:421,36,0,0
BRDA:421,36,1,0
BRDA:450,37,0,0
BRDA:450,37,1,0
BRDA:452,38,0,0
BRDA:452,38,1,0
BRF:83
BRH:0
end_of_record
TN:
SF:src/scada/adapters/messageValidation.ts
FN:52,isValidWSMessage
FN:117,(anonymous_1)
FN:167,isValidBatchTag
FN:201,isValidMQTTPayload
FN:238,(anonymous_4)
FNF:5
FNH:5
FNDA:25,isValidWSMessage
FNDA:5,(anonymous_1)
FNDA:3,isValidBatchTag
FNDA:17,isValidMQTTPayload
FNDA:2,(anonymous_4)
DA:53,25
DA:54,4
DA:57,21
DA:60,21
DA:61,1
DA:64,20
DA:76,20
DA:77,1
DA:81,19
DA:84,7
DA:85,2
DA:88,5
DA:89,5
DA:90,5
DA:91,0
DA:94,5
DA:98,3
DA:99,0
DA:101,3
DA:102,1
DA:104,2
DA:105,2
DA:106,1
DA:108,1
DA:114,3
DA:115,1
DA:117,5
DA:118,1
DA:120,1
DA:125,3
DA:126,1
DA:129,2
DA:130,3
DA:131,1
DA:134,1
DA:138,1
DA:139,0
DA:141,1
DA:146,2
DA:150,11
DA:151,1
DA:154,10
DA:155,1
DA:158,9
DA:168,3
DA:169,0
DA:172,3
DA:175,3
DA:176,0
DA:179,3
DA:180,3
DA:181,0
DA:184,3
DA:185,0
DA:188,3
DA:189,1
DA:192,2
DA:202,17
DA:203,4
DA:206,13
DA:209,13
DA:210,2
DA:213,11
DA:214,11
DA:215,2
DA:218,9
DA:219,2
DA:222,7
DA:223,2
DA:227,5
DA:228,1
DA:231,4
DA:240,2
DA:241,2
DA:243,2
DA:244,2
LF:76
LH:69
BRDA:53,0,0,4
BRDA:53,0,1,21
BRDA:53,1,0,25
BRDA:53,1,1,22
BRDA:60,2,0,1
BRDA:60,2,1,20
BRDA:76,3,0,1
BRDA:76,3,1,19
BRDA:81,4,0,19
BRDA:81,4,1,3
BRDA:81,4,2,3
BRDA:81,4,3,3
BRDA:81,4,4,3
BRDA:81,4,5,3
BRDA:81,4,6,1
BRDA:81,4,7,1
BRDA:81,4,8,2
BRDA:84,5,0,2
BRDA:84,5,1,5
BRDA:84,6,0,7
BRDA:84,6,1,6
BRDA:88,7,0,5
BRDA:88,7,1,0
BRDA:90,8,0,0
BRDA:90,8,1,5
BRDA:90,9,0,5
BRDA:90,9,1,2
BRDA:90,9,2,1
BRDA:98,10,0,0
BRDA:98,10,1,3
BRDA:98,11,0,3
BRDA:98,11,1,3
BRDA:101,12,0,1
BRDA:101,12,1,2
BRDA:105,13,0,1
BRDA:105,13,1,1
BRDA:105,14,0,2
BRDA:105,14,1,1
BRDA:105,14,2,1
BRDA:114,15,0,1
BRDA:114,15,1,2
BRDA:117,16,0,1
BRDA:117,16,1,1
BRDA:117,17,0,5
BRDA:117,17,1,4
BRDA:125,18,0,1
BRDA:125,18,1,2
BRDA:130,19,0,1
BRDA:130,19,1,2
BRDA:138,20,0,0
BRDA:138,20,1,1
BRDA:138,21,0,1
BRDA:138,21,1,1
BRDA:150,22,0,1
BRDA:150,22,1,10
BRDA:150,23,0,11
BRDA:150,23,1,5
BRDA:154,24,0,1
BRDA:154,24,1,9
BRDA:154,25,0,10
BRDA:154,25,1,4
BRDA:168,26,0,0
BRDA:168,26,1,3
BRDA:168,27,0,3
BRDA:168,27,1,3
BRDA:175,28,0,0
BRDA:175,28,1,3
BRDA:175,29,0,3
BRDA:175,29,1,3
BRDA:180,30,0,0
BRDA:180,30,1,3
BRDA:180,31,0,3
BRDA:180,31,1,0
BRDA:180,31,2,0
BRDA:184,32,0,0
BRDA:184,32,1,3
BRDA:188,33,0,1
BRDA:188,33,1,2
BRDA:202,34,0,4
BRDA:202,34,1,13
BRDA:202,35,0,17
BRDA:202,35,1,14
BRDA:209,36,0,2
BRDA:209,36,1,11
BRDA:209,37,0,13
BRDA:209,37,1,12
BRDA:214,38,0,2
BRDA:214,38,1,9
BRDA:214,39,0,11
BRDA:214,39,1,4
BRDA:214,39,2,3
BRDA:218,40,0,2
BRDA:218,40,1,7
BRDA:222,41,0,2
BRDA:222,41,1,5
BRDA:227,42,0,1
BRDA:227,42,1,4
BRDA:227,43,0,5
BRDA:227,43,1,2
BRF:99
BRH:89
end_of_record
