TN:
SF:src/scada/AlarmManager.ts
FN:30,<static_initializer>
FN:52,AlarmManager
FN:63,isInWarmup
FN:75,evaluate
FN:176,checkDeadbandForClear
FN:204,throttledLog
FN:214,raiseAlarm
FN:247,clearAlarm
FN:283,acknowledge
FN:312,acknowledgeAll
FN:325,archiveAlarm
FN:345,suppress
FN:364,unsuppress
FN:372,isAlarmSuppressed
FN:392,getActiveAlarms
FN:414,getAlarmsByState
FN:421,getAlarmsForMachine
FN:428,getUnacknowledgedCount
FN:441,getCountByPriority
FN:459,getAlarmHistory
FN:466,getSuppressedTags
FN:485,subscribe
FN:496,notifyListeners
FN:514,hasCriticalAlarms
FN:527,getSummary
FN:547,reset
FNF:26
FNH:10
FNDA:1,<static_initializer>
FNDA:22,AlarmManager
FNDA:1980,isInWarmup
FNDA:1980,evaluate
FNDA:0,checkDeadbandForClear
FNDA:0,throttledLog
FNDA:0,raiseAlarm
FNDA:0,clearAlarm
FNDA:0,acknowledge
FNDA:0,acknowledgeAll
FNDA:0,archiveAlarm
FNDA:0,suppress
FNDA:0,unsuppress
FNDA:0,isAlarmSuppressed
FNDA:27,getActiveAlarms
FNDA:0,getAlarmsByState
FNDA:0,getAlarmsForMachine
FNDA:1,getUnacknowledgedCount
FNDA:1,getCountByPriority
FNDA:0,getAlarmHistory
FNDA:0,getSuppressedTags
FNDA:22,subscribe
FNDA:0,notifyListeners
FNDA:1,hasCriticalAlarms
FNDA:1,getSummary
FNDA:0,reset
DA:30,1
DA:31,1
DA:32,1
DA:33,1
DA:34,1
DA:35,1
DA:38,1
DA:42,1
DA:45,1
DA:46,1
DA:50,1
DA:52,1
DA:53,22
DA:54,22
DA:55,1980
DA:56,1980
DA:57,22
DA:58,22
DA:63,1
DA:64,1980
DA:65,1980
DA:75,1
DA:76,1980
DA:77,1980
DA:80,1980
DA:82,1980
DA:83,1980
DA:84,1980
DA:85,1980
DA:86,1980
DA:87,1980
DA:89,0
DA:90,0
DA:91,0
DA:94,1980
DA:95,0
DA:96,0
DA:99,0
DA:100,0
DA:101,0
DA:102,0
DA:103,0
DA:106,0
DA:107,0
DA:108,0
DA:110,1980
DA:111,0
DA:112,0
DA:113,0
DA:114,0
DA:116,0
DA:117,0
DA:118,0
DA:119,0
DA:120,0
DA:121,0
DA:122,0
DA:123,0
DA:124,0
DA:125,0
DA:126,0
DA:127,0
DA:128,0
DA:129,0
DA:130,0
DA:131,0
DA:132,0
DA:133,0
DA:134,0
DA:135,0
DA:137,0
DA:138,0
DA:139,0
DA:140,0
DA:141,0
DA:142,0
DA:143,0
DA:144,0
DA:145,0
DA:146,0
DA:147,0
DA:148,0
DA:149,0
DA:150,0
DA:151,0
DA:152,0
DA:155,0
DA:157,0
DA:159,0
DA:160,0
DA:161,0
DA:162,0
DA:164,0
DA:165,0
DA:166,0
DA:167,0
DA:168,0
DA:169,0
DA:170,0
DA:171,0
DA:172,0
DA:173,0
DA:174,1980
DA:176,1
DA:177,0
DA:178,0
DA:179,0
DA:180,0
DA:181,0
DA:183,0
DA:184,0
DA:185,0
DA:186,0
DA:187,0
DA:188,0
DA:189,0
DA:190,0
DA:191,0
DA:192,0
DA:193,0
DA:194,0
DA:195,0
DA:204,1
DA:205,0
DA:206,0
DA:208,0
DA:209,0
DA:210,0
DA:211,0
DA:212,0
DA:214,1
DA:215,0
DA:216,0
DA:217,0
DA:218,0
DA:219,0
DA:220,0
DA:221,0
DA:222,0
DA:224,0
DA:225,0
DA:226,0
DA:227,0
DA:228,0
DA:229,0
DA:230,0
DA:231,0
DA:232,0
DA:233,0
DA:234,0
DA:235,0
DA:236,0
DA:238,0
DA:239,0
DA:240,0
DA:241,0
DA:243,0
DA:244,0
DA:245,0
DA:247,1
DA:248,0
DA:250,0
DA:251,0
DA:252,0
DA:253,0
DA:254,0
DA:256,0
DA:257,0
DA:258,0
DA:259,0
DA:261,0
DA:263,0
DA:264,0
DA:265,0
DA:266,0
DA:268,0
DA:269,0
DA:270,0
DA:271,0
DA:272,0
DA:273,0
DA:275,0
DA:276,0
DA:277,0
DA:278,0
DA:283,1
DA:284,0
DA:285,0
DA:286,0
DA:287,0
DA:288,0
DA:290,0
DA:291,0
DA:292,0
DA:294,0
DA:296,0
DA:297,0
DA:298,0
DA:300,0
DA:301,0
DA:302,0
DA:303,0
DA:305,0
DA:306,0
DA:307,0
DA:312,1
DA:313,0
DA:314,0
DA:316,0
DA:317,0
DA:318,0
DA:319,0
DA:320,0
DA:322,0
DA:323,0
DA:325,1
DA:326,0
DA:327,0
DA:328,0
DA:329,0
DA:330,0
DA:333,0
DA:334,0
DA:335,0
DA:336,0
DA:345,1
DA:346,0
DA:347,0
DA:348,0
DA:349,0
DA:350,0
DA:351,0
DA:352,0
DA:353,0
DA:354,0
DA:355,0
DA:356,0
DA:357,0
DA:358,0
DA:359,0
DA:364,1
DA:365,0
DA:366,0
DA:367,0
DA:372,1
DA:373,0
DA:374,0
DA:377,0
DA:378,0
DA:379,0
DA:380,0
DA:382,0
DA:383,0
DA:392,1
DA:393,27
DA:394,0
DA:395,0
DA:396,0
DA:397,0
DA:398,0
DA:399,0
DA:402,0
DA:403,0
DA:404,0
DA:407,0
DA:408,27
DA:409,27
DA:414,1
DA:415,0
DA:416,0
DA:421,1
DA:422,0
DA:423,0
DA:428,1
DA:429,1
DA:430,1
DA:431,0
DA:432,0
DA:433,0
DA:434,1
DA:435,1
DA:436,1
DA:441,1
DA:442,1
DA:443,1
DA:444,1
DA:445,1
DA:446,1
DA:447,1
DA:449,1
DA:450,0
DA:451,1
DA:453,1
DA:454,1
DA:459,1
DA:460,0
DA:461,0
DA:466,1
DA:468,0
DA:469,0
DA:470,0
DA:471,0
DA:472,0
DA:473,0
DA:475,0
DA:476,0
DA:485,1
DA:486,22
DA:489,22
DA:491,22
DA:492,0
DA:493,0
DA:494,22
DA:496,1
DA:497,0
DA:498,0
DA:499,0
DA:500,0
DA:501,0
DA:502,0
DA:503,0
DA:504,0
DA:505,0
DA:514,1
DA:515,1
DA:516,1
DA:517,0
DA:518,0
DA:519,0
DA:520,1
DA:521,1
DA:522,1
DA:527,1
DA:533,1
DA:534,1
DA:535,1
DA:536,1
DA:537,1
DA:538,1
DA:539,1
DA:540,1
DA:541,1
DA:542,1
DA:547,1
DA:548,0
DA:549,0
DA:550,0
DA:551,0
DA:552,0
DA:553,0
DA:554,0
DA:555,0
DA:556,0
DA:557,0
DA:558,1
LF:355
LH:94
BRDA:30,0,0,1
BRDA:52,1,0,22
BRDA:54,2,0,1980
BRDA:63,3,0,1980
BRDA:75,4,0,1980
BRDA:77,5,0,0
BRDA:87,6,0,0
BRDA:94,7,0,0
BRDA:110,8,0,0
BRDA:392,9,0,27
BRDA:428,10,0,1
BRDA:441,11,0,1
BRDA:485,12,0,22
BRDA:514,13,0,1
BRDA:527,14,0,1
BRF:15
BRH:11
end_of_record
TN:
SF:src/scada/HistoryStore.ts
FN:58,HistoryStore
FN:69,init
FN:75,request.onupgradeneeded
FN:103,request.onsuccess
FN:120,request.onerror
FN:131,close
FN:164,writeTagValue
FN:196,writeTagValues
FN:203,writeAlarm
FN:222,flushBuffers
FN:240,transaction.oncomplete
FN:241,transaction.onerror
FN:281,getHistory
FN:301,request.onsuccess
FN:309,request.onerror
FN:316,getMultipleTagHistory
FN:335,getLatestValue
FN:371,getAlarmHistory
FN:406,getStats
FN:483,exportToCSV
FN:503,exportToJSON
FN:533,downloadExport
FN:556,cleanup
FN:572,request.onsuccess
FN:582,transaction.oncomplete
FN:583,transaction.onerror
FN:604,request.onsuccess
FN:614,transaction.oncomplete
FN:615,transaction.onerror
FN:629,clearAll
FNF:30
FNH:17
FNDA:22,HistoryStore
FNDA:22,init
FNDA:22,request.onupgradeneeded
FNDA:22,request.onsuccess
FNDA:0,request.onerror
FNDA:23,close
FNDA:1980,writeTagValue
FNDA:22,writeTagValues
FNDA:0,writeAlarm
FNDA:22,flushBuffers
FNDA:11,transaction.oncomplete
FNDA:0,transaction.onerror
FNDA:3,getHistory
FNDA:3,request.onsuccess
FNDA:0,request.onerror
FNDA:1,getMultipleTagHistory
FNDA:0,getLatestValue
FNDA:0,getAlarmHistory
FNDA:0,getStats
FNDA:0,exportToCSV
FNDA:0,exportToJSON
FNDA:0,downloadExport
FNDA:22,cleanup
FNDA:22,request.onsuccess
FNDA:22,transaction.oncomplete
FNDA:0,transaction.onerror
FNDA:21,request.onsuccess
FNDA:21,transaction.oncomplete
FNDA:0,transaction.onerror
FNDA:0,clearAll
DA:36,1
DA:37,1
DA:38,1
DA:39,1
DA:40,1
DA:41,1
DA:42,1
DA:44,1
DA:45,1
DA:46,1
DA:47,1
DA:49,1
DA:50,1
DA:51,1
DA:52,1
DA:53,1
DA:56,1
DA:58,1
DA:59,22
DA:60,22
DA:69,1
DA:70,22
DA:72,22
DA:73,22
DA:75,22
DA:76,22
DA:79,22
DA:80,22
DA:81,22
DA:82,22
DA:83,22
DA:84,22
DA:85,22
DA:86,22
DA:87,22
DA:90,22
DA:91,22
DA:92,22
DA:93,22
DA:94,22
DA:95,22
DA:96,22
DA:97,22
DA:98,22
DA:100,22
DA:101,22
DA:103,22
DA:104,22
DA:105,22
DA:108,22
DA:111,22
DA:114,22
DA:116,22
DA:117,22
DA:118,22
DA:120,22
DA:121,0
DA:122,0
DA:123,0
DA:124,22
DA:125,22
DA:131,1
DA:133,23
DA:134,22
DA:135,22
DA:136,22
DA:137,23
DA:138,22
DA:139,22
DA:140,22
DA:143,23
DA:144,22
DA:145,22
DA:147,23
DA:148,22
DA:149,22
DA:150,22
DA:151,23
DA:152,23
DA:153,23
DA:164,1
DA:165,1980
DA:168,1980
DA:169,1980
DA:170,990
DA:171,990
DA:172,685
DA:173,685
DA:174,990
DA:177,1295
DA:179,1295
DA:180,1295
DA:181,1295
DA:182,1295
DA:183,1295
DA:184,1295
DA:187,1980
DA:188,0
DA:189,0
DA:190,1980
DA:196,1
DA:197,22
DA:198,22
DA:203,1
DA:204,0
DA:205,0
DA:206,0
DA:207,0
DA:208,0
DA:209,0
DA:210,0
DA:211,0
DA:212,0
DA:213,0
DA:214,0
DA:215,0
DA:216,0
DA:217,0
DA:222,1
DA:223,22
DA:224,22
DA:227,22
DA:228,11
DA:229,11
DA:231,11
DA:232,11
DA:233,11
DA:235,11
DA:236,1295
DA:237,11
DA:239,11
DA:240,11
DA:241,11
DA:242,11
DA:243,11
DA:244,0
DA:246,0
DA:247,0
DA:248,11
DA:251,22
DA:252,0
DA:253,0
DA:255,0
DA:256,0
DA:257,0
DA:259,0
DA:260,0
DA:261,0
DA:263,0
DA:264,0
DA:265,0
DA:266,0
DA:267,0
DA:268,0
DA:269,0
DA:270,0
DA:271,0
DA:272,22
DA:281,1
DA:282,3
DA:283,3
DA:284,3
DA:285,3
DA:286,3
DA:287,3
DA:289,3
DA:290,3
DA:291,3
DA:292,3
DA:294,3
DA:295,3
DA:296,3
DA:297,3
DA:299,3
DA:301,3
DA:302,3
DA:303,0
DA:304,0
DA:305,0
DA:306,3
DA:307,3
DA:309,3
DA:310,3
DA:311,3
DA:316,1
DA:317,1
DA:318,1
DA:319,1
DA:320,1
DA:321,1
DA:323,1
DA:324,1
DA:325,2
DA:326,1
DA:327,1
DA:329,1
DA:330,1
DA:335,1
DA:336,0
DA:337,0
DA:339,0
DA:340,0
DA:341,0
DA:342,0
DA:344,0
DA:345,0
DA:346,0
DA:347,0
DA:349,0
DA:351,0
DA:352,0
DA:353,0
DA:354,0
DA:355,0
DA:356,0
DA:357,0
DA:358,0
DA:359,0
DA:360,0
DA:361,0
DA:362,0
DA:364,0
DA:365,0
DA:366,0
DA:371,1
DA:372,0
DA:373,0
DA:374,0
DA:375,0
DA:376,0
DA:377,0
DA:379,0
DA:380,0
DA:381,0
DA:382,0
DA:384,0
DA:385,0
DA:387,0
DA:389,0
DA:390,0
DA:391,0
DA:392,0
DA:393,0
DA:394,0
DA:395,0
DA:396,0
DA:397,0
DA:399,0
DA:400,0
DA:401,0
DA:406,1
DA:411,0
DA:412,0
DA:413,0
DA:414,0
DA:415,0
DA:416,0
DA:417,0
DA:418,0
DA:419,0
DA:420,0
DA:422,0
DA:423,0
DA:424,0
DA:425,0
DA:426,0
DA:427,0
DA:428,0
DA:429,0
DA:430,0
DA:432,0
DA:433,0
DA:434,0
DA:435,0
DA:436,0
DA:437,0
DA:438,0
DA:439,0
DA:440,0
DA:441,0
DA:442,0
DA:443,0
DA:444,0
DA:446,0
DA:447,0
DA:448,0
DA:449,0
DA:450,0
DA:451,0
DA:452,0
DA:453,0
DA:454,0
DA:455,0
DA:456,0
DA:457,0
DA:458,0
DA:460,0
DA:461,0
DA:462,0
DA:463,0
DA:464,0
DA:465,0
DA:466,0
DA:468,0
DA:469,0
DA:470,0
DA:471,0
DA:472,0
DA:473,0
DA:474,0
DA:483,1
DA:484,0
DA:485,0
DA:486,0
DA:487,0
DA:488,0
DA:490,0
DA:491,0
DA:492,0
DA:493,0
DA:494,0
DA:495,0
DA:497,0
DA:498,0
DA:503,1
DA:504,0
DA:505,0
DA:506,0
DA:507,0
DA:508,0
DA:509,0
DA:511,0
DA:512,0
DA:513,0
DA:515,0
DA:516,0
DA:517,0
DA:518,0
DA:519,0
DA:520,0
DA:521,0
DA:523,0
DA:524,0
DA:525,0
DA:527,0
DA:528,0
DA:533,1
DA:534,0
DA:535,0
DA:536,0
DA:537,0
DA:538,0
DA:540,0
DA:541,0
DA:542,0
DA:543,0
DA:544,0
DA:545,0
DA:546,0
DA:547,0
DA:556,1
DA:557,22
DA:558,22
DA:560,22
DA:561,22
DA:564,22
DA:565,22
DA:566,22
DA:567,22
DA:569,22
DA:570,22
DA:572,22
DA:573,22
DA:574,22
DA:575,0
DA:576,0
DA:577,0
DA:578,0
DA:579,22
DA:581,22
DA:582,22
DA:583,22
DA:584,22
DA:586,22
DA:587,0
DA:588,0
DA:589,22
DA:590,0
DA:591,0
DA:594,22
DA:595,22
DA:596,22
DA:597,22
DA:598,22
DA:600,22
DA:601,22
DA:602,22
DA:604,22
DA:605,21
DA:606,21
DA:607,0
DA:608,0
DA:609,0
DA:610,0
DA:611,21
DA:613,22
DA:614,22
DA:615,22
DA:616,22
DA:618,22
DA:619,0
DA:620,0
DA:621,22
DA:622,0
DA:623,0
DA:624,22
DA:629,1
DA:630,0
DA:631,0
DA:633,0
DA:634,0
DA:635,0
DA:636,0
DA:637,0
DA:638,0
DA:639,0
DA:640,0
DA:641,0
DA:643,0
DA:644,0
DA:645,0
DA:646,0
DA:648,0
DA:649,0
DA:650,1
LF:435
LH:203
BRDA:58,0,0,22
BRDA:69,1,0,22
BRDA:70,2,0,0
BRDA:72,3,0,22
BRDA:75,4,0,22
BRDA:103,5,0,22
BRDA:131,6,0,23
BRDA:133,7,0,22
BRDA:137,8,0,22
BRDA:143,9,0,22
BRDA:147,10,0,22
BRDA:164,11,0,1980
BRDA:169,12,0,990
BRDA:171,13,0,685
BRDA:174,14,0,1295
BRDA:187,15,0,0
BRDA:196,16,0,22
BRDA:197,17,0,1980
BRDA:222,18,0,22
BRDA:224,19,0,0
BRDA:227,20,0,11
BRDA:243,21,0,0
BRDA:251,22,0,0
BRDA:235,23,0,1295
BRDA:239,24,0,11
BRDA:240,25,0,11
BRDA:281,26,0,3
BRDA:287,27,0,0
BRDA:289,28,0,3
BRDA:301,29,0,3
BRDA:316,30,0,1
BRDA:324,31,0,2
BRDA:556,32,0,22
BRDA:558,33,0,0
BRDA:586,34,0,0
BRDA:589,35,0,0
BRDA:616,36,0,21
BRDA:618,37,0,0
BRDA:621,38,0,0
BRDA:572,39,0,22
BRDA:574,40,0,0
BRDA:581,41,0,22
BRDA:582,42,0,22
BRDA:604,43,0,21
BRDA:606,44,0,0
BRDA:613,45,0,22
BRDA:614,46,0,21
BRF:47
BRH:34
end_of_record
TN:
SF:src/scada/SCADABridge.ts
FN:21,lerpColor
FN:44,temperatureToColor
FN:72,vibrationToColor
FN:95,levelToColor
FN:152,getMachineTagPrefix
FN:186,getNumericValue
FN:194,calculateMachineVisuals
FN:362,scadaToStoreMetrics
FN:427,getMachineIdFromTag
FN:435,getTagIdsForMachine
FN:454,getAlarmVisualConfig
FNF:11
FNH:9
FNDA:7,lerpColor
FNDA:7,temperatureToColor
FNDA:5,vibrationToColor
FNDA:6,levelToColor
FNDA:9,getMachineTagPrefix
FNDA:35,getNumericValue
FNDA:6,calculateMachineVisuals
FNDA:3,scadaToStoreMetrics
FNDA:0,getMachineIdFromTag
FNDA:0,getTagIdsForMachine
FNDA:5,getAlarmVisualConfig
DA:1,1
DA:21,7
DA:22,7
DA:23,7
DA:25,7
DA:26,7
DA:27,7
DA:29,7
DA:30,7
DA:31,7
DA:33,7
DA:34,7
DA:35,7
DA:37,7
DA:38,7
DA:44,1
DA:45,7
DA:46,7
DA:47,7
DA:48,7
DA:49,7
DA:50,7
DA:52,2
DA:53,7
DA:55,2
DA:56,2
DA:57,5
DA:59,2
DA:60,2
DA:61,3
DA:63,1
DA:64,1
DA:65,1
DA:66,7
DA:72,1
DA:73,5
DA:74,5
DA:75,5
DA:76,5
DA:77,5
DA:78,5
DA:79,2
DA:80,5
DA:81,1
DA:82,1
DA:83,3
DA:84,1
DA:85,1
DA:86,1
DA:87,1
DA:88,1
DA:89,5
DA:95,1
DA:96,6
DA:97,1
DA:98,6
DA:99,1
DA:100,5
DA:101,2
DA:102,2
DA:103,1
DA:104,1
DA:105,1
DA:106,1
DA:107,6
DA:152,9
DA:154,9
DA:155,9
DA:156,1
DA:157,1
DA:158,1
DA:159,1
DA:160,1
DA:163,9
DA:164,6
DA:165,6
DA:166,6
DA:169,9
DA:170,0
DA:171,0
DA:172,0
DA:175,9
DA:176,0
DA:177,0
DA:178,0
DA:180,2
DA:181,2
DA:186,35
DA:187,35
DA:188,35
DA:189,35
DA:194,1
DA:195,6
DA:196,6
DA:197,6
DA:198,6
DA:199,6
DA:200,6
DA:201,6
DA:202,6
DA:205,6
DA:206,6
DA:207,6
DA:208,6
DA:209,6
DA:210,6
DA:211,6
DA:212,6
DA:213,6
DA:214,6
DA:215,6
DA:216,6
DA:217,6
DA:218,6
DA:219,6
DA:221,6
DA:224,5
DA:225,5
DA:226,5
DA:227,5
DA:228,5
DA:231,5
DA:232,6
DA:233,1
DA:236,1
DA:237,1
DA:238,1
DA:240,1
DA:241,1
DA:242,1
DA:245,5
DA:246,6
DA:247,1
DA:249,1
DA:250,1
DA:251,1
DA:253,1
DA:255,1
DA:256,1
DA:259,5
DA:260,6
DA:261,1
DA:263,1
DA:264,1
DA:267,1
DA:268,1
DA:271,5
DA:272,6
DA:273,0
DA:274,0
DA:277,5
DA:278,6
DA:279,1
DA:280,1
DA:281,1
DA:282,1
DA:285,6
DA:286,1
DA:289,1
DA:290,1
DA:291,1
DA:292,1
DA:293,1
DA:294,1
DA:295,1
DA:296,1
DA:299,1
DA:300,1
DA:301,1
DA:302,1
DA:303,1
DA:304,1
DA:305,1
DA:306,0
DA:307,0
DA:308,0
DA:309,0
DA:310,1
DA:311,0
DA:312,0
DA:313,0
DA:314,0
DA:315,1
DA:316,0
DA:317,0
DA:318,0
DA:319,1
DA:320,6
DA:322,4
DA:323,4
DA:324,4
DA:325,4
DA:326,4
DA:327,0
DA:328,0
DA:329,4
DA:330,0
DA:331,0
DA:332,0
DA:333,4
DA:334,0
DA:335,0
DA:336,0
DA:337,4
DA:338,4
DA:340,5
DA:341,5
DA:362,1
DA:363,3
DA:364,3
DA:365,3
DA:366,3
DA:367,3
DA:368,3
DA:370,2
DA:371,2
DA:372,2
DA:373,2
DA:376,2
DA:377,2
DA:378,2
DA:379,2
DA:380,2
DA:381,2
DA:384,2
DA:385,3
DA:387,2
DA:388,3
DA:390,2
DA:391,3
DA:393,2
DA:394,3
DA:395,0
DA:396,0
DA:397,0
DA:399,2
DA:400,3
DA:402,0
DA:403,0
DA:406,2
DA:407,3
DA:408,1
DA:409,1
DA:410,0
DA:411,1
DA:412,1
DA:413,1
DA:414,0
DA:415,0
DA:417,2
DA:418,2
DA:427,1
DA:428,0
DA:429,0
DA:430,0
DA:435,1
DA:436,0
DA:437,0
DA:454,1
DA:455,5
DA:456,5
DA:457,5
DA:458,5
DA:459,5
DA:461,5
DA:462,5
DA:463,5
DA:464,5
DA:465,5
DA:466,5
DA:467,5
DA:468,5
DA:469,5
DA:470,5
DA:471,5
DA:472,5
DA:473,5
DA:474,5
DA:475,5
DA:476,5
DA:477,5
DA:478,5
DA:479,5
DA:480,5
DA:481,5
DA:482,5
DA:483,5
DA:484,5
DA:485,5
DA:486,5
DA:487,5
DA:488,5
DA:489,5
DA:490,5
DA:492,5
DA:493,5
LF:296
LH:256
BRDA:21,0,0,7
BRDA:44,1,0,7
BRDA:50,2,0,2
BRDA:53,3,0,5
BRDA:53,4,0,2
BRDA:57,5,0,3
BRDA:57,6,0,2
BRDA:61,7,0,1
BRDA:72,8,0,5
BRDA:78,9,0,2
BRDA:80,10,0,3
BRDA:80,11,0,1
BRDA:83,12,0,2
BRDA:83,13,0,1
BRDA:95,14,0,6
BRDA:96,15,0,1
BRDA:98,16,0,5
BRDA:98,17,0,1
BRDA:100,18,0,4
BRDA:100,19,0,2
BRDA:102,20,0,1
BRDA:152,21,0,9
BRDA:155,22,0,1
BRDA:160,23,0,8
BRDA:163,24,0,6
BRDA:166,25,0,2
BRDA:169,26,0,0
BRDA:172,27,0,2
BRDA:175,28,0,0
BRDA:178,29,0,2
BRDA:186,30,0,35
BRDA:187,31,0,7
BRDA:187,32,0,28
BRDA:187,33,0,7
BRDA:188,34,0,0
BRDA:194,35,0,6
BRDA:221,36,0,1
BRDA:221,37,0,5
BRDA:232,38,0,1
BRDA:237,39,0,0
BRDA:238,40,0,0
BRDA:242,41,0,5
BRDA:246,42,0,1
BRDA:250,43,0,0
BRDA:251,44,0,0
BRDA:256,45,0,5
BRDA:260,46,0,1
BRDA:264,47,0,0
BRDA:268,48,0,5
BRDA:272,49,0,0
BRDA:274,50,0,5
BRDA:278,51,0,1
BRDA:282,52,0,5
BRDA:285,53,0,1
BRDA:305,54,0,0
BRDA:310,55,0,0
BRDA:315,56,0,0
BRDA:320,57,0,4
BRDA:326,58,0,0
BRDA:329,59,0,0
BRDA:333,60,0,0
BRDA:338,61,0,5
BRDA:202,62,0,1
BRDA:236,63,0,2
BRDA:249,64,0,3
BRDA:263,65,0,1
BRDA:291,66,0,1
BRDA:362,67,0,3
BRDA:368,68,0,1
BRDA:368,69,0,2
BRDA:385,70,0,1
BRDA:385,71,0,2
BRDA:388,72,0,1
BRDA:388,73,0,2
BRDA:391,74,0,1
BRDA:391,75,0,2
BRDA:394,76,0,0
BRDA:397,77,0,2
BRDA:400,78,0,0
BRDA:400,79,0,0
BRDA:403,80,0,2
BRDA:407,81,0,1
BRDA:409,82,0,0
BRDA:413,83,0,0
BRDA:415,84,0,2
BRDA:406,85,0,1
BRDA:407,86,0,1
BRDA:454,87,0,5
BRDA:458,88,0,3
BRDA:459,89,0,3
BRDA:464,90,0,3
BRDA:464,91,0,2
BRDA:467,92,0,3
BRDA:467,93,0,2
BRDA:471,94,0,3
BRDA:471,95,0,2
BRDA:474,96,0,3
BRDA:474,97,0,2
BRDA:478,98,0,3
BRDA:478,99,0,2
BRDA:481,100,0,3
BRDA:481,101,0,2
BRDA:485,102,0,3
BRDA:485,103,0,2
BRDA:488,104,0,3
BRDA:488,105,0,2
BRF:106
BRH:86
end_of_record
TN:
SF:src/scada/SCADAService.ts
FN:70,SCADAService
FN:94,start
FN:125,stop
FN:147,setMode
FN:155,createAdapter
FN:186,createAdapterForConnection
FN:237,getConnectionConfig
FN:244,setConnectionConfig
FN:269,handleTagUpdates
FN:298,handleAlarmUpdates
FN:323,getValue
FN:330,getValues
FN:339,getAllValues
FN:346,getTagDefinition
FN:353,getTagsForMachine
FN:360,getTagsForGroup
FN:367,getAllTags
FN:374,writeSetpoint
FN:401,getHistory
FN:412,getMultipleHistory
FN:423,exportToCSV
FN:434,exportToJSON
FN:446,downloadExport
FN:457,getActiveAlarms
FN:464,getAlarmsForMachine
FN:471,acknowledgeAlarm
FN:478,acknowledgeAllAlarms
FN:485,getAlarmSummary
FN:498,suppressAlarms
FN:510,unsuppressAlarms
FN:517,getAlarmHistory
FN:532,subscribeToValues
FN:549,subscribeToAlarms
FN:567,updateMachineStates
FN:580,injectFault
FN:591,clearFault
FN:600,clearAllFaults
FN:609,getActiveFaults
FN:623,getState
FN:636,getConnectionStatus
FN:646,getStatistics
FN:659,getHistoryStats
FN:671,hasCriticalAlarms
FN:686,getSCADAService
FN:697,initializeSCADA
FN:731,shutdownSCADA
FNF:46
FNH:25
FNDA:22,SCADAService
FNDA:22,start
FNDA:23,stop
FNDA:0,setMode
FNDA:22,createAdapter
FNDA:0,createAdapterForConnection
FNDA:0,getConnectionConfig
FNDA:0,setConnectionConfig
FNDA:22,handleTagUpdates
FNDA:22,handleAlarmUpdates
FNDA:4,getValue
FNDA:0,getValues
FNDA:3,getAllValues
FNDA:0,getTagDefinition
FNDA:1,getTagsForMachine
FNDA:1,getTagsForGroup
FNDA:0,getAllTags
FNDA:2,writeSetpoint
FNDA:1,getHistory
FNDA:1,getMultipleHistory
FNDA:0,exportToCSV
FNDA:0,exportToJSON
FNDA:0,downloadExport
FNDA:2,getActiveAlarms
FNDA:0,getAlarmsForMachine
FNDA:0,acknowledgeAlarm
FNDA:0,acknowledgeAllAlarms
FNDA:1,getAlarmSummary
FNDA:0,suppressAlarms
FNDA:0,unsuppressAlarms
FNDA:0,getAlarmHistory
FNDA:2,subscribeToValues
FNDA:0,subscribeToAlarms
FNDA:1,updateMachineStates
FNDA:5,injectFault
FNDA:1,clearFault
FNDA:3,clearAllFaults
FNDA:4,getActiveFaults
FNDA:3,getState
FNDA:1,getConnectionStatus
FNDA:1,getStatistics
FNDA:0,getHistoryStats
FNDA:1,hasCriticalAlarms
FNDA:0,getSCADAService
FNDA:0,initializeSCADA
FNDA:0,shutdownSCADA
DA:1,1
DA:49,1
DA:50,1
DA:57,1
DA:60,1
DA:61,1
DA:64,1
DA:68,1
DA:70,1
DA:71,22
DA:72,22
DA:73,22
DA:74,22
DA:75,22
DA:76,22
DA:77,22
DA:79,22
DA:80,22
DA:81,22
DA:82,22
DA:83,22
DA:84,22
DA:85,22
DA:94,1
DA:95,22
DA:98,22
DA:101,22
DA:103,22
DA:104,22
DA:107,22
DA:108,22
DA:109,22
DA:110,22
DA:111,22
DA:114,22
DA:115,22
DA:116,22
DA:118,22
DA:119,22
DA:120,22
DA:125,1
DA:126,23
DA:128,23
DA:129,22
DA:130,22
DA:131,22
DA:133,23
DA:134,22
DA:135,22
DA:136,22
DA:138,23
DA:139,23
DA:141,23
DA:142,23
DA:147,1
DA:148,0
DA:150,0
DA:151,0
DA:152,0
DA:153,0
DA:155,1
DA:156,22
DA:158,22
DA:159,22
DA:160,22
DA:161,22
DA:163,22
DA:165,0
DA:166,0
DA:168,22
DA:170,0
DA:171,0
DA:172,0
DA:173,0
DA:174,0
DA:175,0
DA:177,22
DA:178,0
DA:179,0
DA:180,22
DA:181,22
DA:186,1
DA:187,0
DA:188,0
DA:189,0
DA:190,0
DA:191,0
DA:192,0
DA:193,0
DA:194,0
DA:196,0
DA:197,0
DA:198,0
DA:199,0
DA:200,0
DA:201,0
DA:202,0
DA:204,0
DA:205,0
DA:206,0
DA:207,0
DA:208,0
DA:209,0
DA:210,0
DA:212,0
DA:213,0
DA:216,0
DA:217,0
DA:218,0
DA:219,0
DA:220,0
DA:221,0
DA:222,0
DA:223,0
DA:224,0
DA:225,0
DA:226,0
DA:228,0
DA:229,0
DA:230,0
DA:231,0
DA:232,0
DA:237,1
DA:238,0
DA:239,0
DA:244,1
DA:245,0
DA:247,0
DA:248,0
DA:249,0
DA:251,0
DA:254,0
DA:255,0
DA:256,0
DA:257,0
DA:258,0
DA:260,0
DA:261,0
DA:262,0
DA:263,0
DA:269,1
DA:270,22
DA:272,22
DA:274,1980
DA:277,1980
DA:278,1980
DA:279,1980
DA:280,22
DA:283,22
DA:284,22
DA:285,22
DA:286,22
DA:289,22
DA:290,3
DA:291,3
DA:292,3
DA:293,0
DA:294,0
DA:295,22
DA:296,22
DA:298,1
DA:300,22
DA:301,0
DA:302,0
DA:303,0
DA:304,22
DA:307,22
DA:308,0
DA:309,0
DA:310,0
DA:311,0
DA:312,0
DA:313,22
DA:314,22
DA:323,1
DA:324,4
DA:325,4
DA:330,1
DA:331,0
DA:332,0
DA:333,0
DA:334,0
DA:339,1
DA:340,3
DA:341,3
DA:346,1
DA:347,0
DA:348,0
DA:353,1
DA:354,1
DA:355,1
DA:360,1
DA:361,1
DA:362,1
DA:367,1
DA:368,0
DA:369,0
DA:374,1
DA:375,2
DA:376,2
DA:377,0
DA:378,0
DA:379,0
DA:381,2
DA:382,1
DA:383,1
DA:384,1
DA:386,2
DA:387,0
DA:388,0
DA:389,0
DA:391,1
DA:392,2
DA:401,1
DA:402,1
DA:403,1
DA:404,1
DA:405,1
DA:406,1
DA:407,1
DA:412,1
DA:413,1
DA:414,1
DA:415,1
DA:416,1
DA:417,1
DA:418,1
DA:423,1
DA:424,0
DA:425,0
DA:426,0
DA:427,0
DA:428,0
DA:429,0
DA:434,1
DA:435,0
DA:436,0
DA:437,0
DA:438,0
DA:439,0
DA:440,0
DA:441,0
DA:446,1
DA:447,0
DA:448,0
DA:457,1
DA:458,2
DA:459,2
DA:464,1
DA:465,0
DA:466,0
DA:471,1
DA:472,0
DA:473,0
DA:478,1
DA:479,0
DA:480,0
DA:485,1
DA:491,1
DA:492,1
DA:493,1
DA:498,1
DA:499,0
DA:500,0
DA:501,0
DA:502,0
DA:503,0
DA:504,0
DA:505,0
DA:510,1
DA:511,0
DA:512,0
DA:517,1
DA:518,0
DA:519,0
DA:520,0
DA:521,0
DA:522,0
DA:523,0
DA:532,1
DA:533,2
DA:536,2
DA:537,2
DA:538,1
DA:539,1
DA:541,2
DA:542,2
DA:543,2
DA:544,2
DA:549,1
DA:550,0
DA:553,0
DA:555,0
DA:556,0
DA:557,0
DA:558,0
DA:567,1
DA:571,1
DA:572,1
DA:573,1
DA:574,1
DA:575,1
DA:580,1
DA:581,5
DA:582,5
DA:583,5
DA:584,0
DA:585,0
DA:586,5
DA:591,1
DA:592,1
DA:593,1
DA:594,1
DA:595,1
DA:600,1
DA:601,3
DA:602,3
DA:603,3
DA:604,3
DA:609,1
DA:610,4
DA:611,4
DA:612,4
DA:613,0
DA:614,4
DA:623,1
DA:624,3
DA:625,3
DA:626,3
DA:627,3
DA:628,3
DA:629,3
DA:630,3
DA:631,3
DA:636,1
DA:637,1
DA:638,0
DA:639,0
DA:640,0
DA:641,1
DA:646,1
DA:647,1
DA:648,0
DA:649,0
DA:650,0
DA:651,0
DA:652,0
DA:653,0
DA:654,1
DA:659,1
DA:664,0
DA:665,0
DA:666,0
DA:671,1
DA:672,1
DA:673,1
DA:674,1
DA:680,1
DA:681,1
DA:686,1
DA:687,0
DA:688,0
DA:689,0
DA:690,0
DA:691,0
DA:697,0
DA:699,0
DA:700,0
DA:701,0
DA:702,0
DA:703,0
DA:704,0
DA:707,0
DA:708,0
DA:709,0
DA:712,0
DA:713,0
DA:714,0
DA:715,0
DA:716,0
DA:717,0
DA:718,0
DA:719,0
DA:720,0
DA:721,0
DA:722,0
DA:723,0
DA:725,0
DA:726,0
DA:731,0
DA:732,0
DA:733,0
DA:734,0
DA:735,0
DA:736,0
LF:395
LH:208
BRDA:70,0,0,22
BRDA:72,1,0,0
BRDA:73,2,0,0
BRDA:74,3,0,0
BRDA:75,4,0,0
BRDA:76,5,0,0
BRDA:80,6,0,1980
BRDA:94,7,0,22
BRDA:125,8,0,23
BRDA:128,9,0,22
BRDA:133,10,0,22
BRDA:155,11,0,22
BRDA:156,12,0,0
BRDA:163,13,0,0
BRDA:168,14,0,0
BRDA:177,15,0,0
BRDA:269,16,0,22
BRDA:272,17,0,1980
BRDA:289,18,0,3
BRDA:292,19,0,0
BRDA:298,20,0,22
BRDA:323,21,0,4
BRDA:339,22,0,3
BRDA:353,23,0,1
BRDA:360,24,0,1
BRDA:374,25,0,2
BRDA:376,26,0,0
BRDA:381,27,0,1
BRDA:386,28,0,0
BRDA:389,29,0,1
BRDA:401,30,0,1
BRDA:412,31,0,1
BRDA:457,32,0,2
BRDA:485,33,0,1
BRDA:532,34,0,2
BRDA:537,35,0,1
BRDA:541,36,0,2
BRDA:567,37,0,1
BRDA:580,38,0,5
BRDA:583,39,0,0
BRDA:591,40,0,1
BRDA:600,41,0,3
BRDA:609,42,0,4
BRDA:612,43,0,0
BRDA:623,44,0,3
BRDA:626,45,0,2
BRDA:626,46,0,1
BRDA:627,47,0,90
BRDA:636,48,0,1
BRDA:637,49,0,0
BRDA:646,50,0,1
BRDA:647,51,0,0
BRDA:671,52,0,1
BRF:53
BRH:37
end_of_record
TN:
SF:src/scada/tagDatabase.ts
FN:703,getTagsByMachine
FN:708,getTagsByGroup
FN:713,getTagById
FN:718,getWritableTags
FN:723,getTagsWithAlarms
FNF:5
FNH:2
FNDA:7,getTagsByMachine
FNDA:1,getTagsByGroup
FNDA:0,getTagById
FNDA:0,getWritableTags
FNDA:0,getTagsWithAlarms
DA:24,1
DA:25,1
DA:26,1
DA:28,1
DA:30,10
DA:31,10
DA:32,10
DA:33,10
DA:34,10
DA:35,10
DA:36,10
DA:37,10
DA:38,10
DA:39,10
DA:40,10
DA:41,10
DA:42,10
DA:43,10
DA:44,10
DA:45,10
DA:46,10
DA:47,10
DA:48,10
DA:49,10
DA:50,10
DA:51,10
DA:52,10
DA:53,10
DA:55,10
DA:56,10
DA:57,10
DA:58,10
DA:59,10
DA:60,10
DA:61,10
DA:62,10
DA:63,10
DA:64,10
DA:65,10
DA:66,10
DA:67,10
DA:68,10
DA:69,10
DA:70,10
DA:71,10
DA:72,10
DA:73,10
DA:74,10
DA:75,10
DA:76,10
DA:77,10
DA:79,10
DA:80,10
DA:81,10
DA:82,10
DA:83,10
DA:84,10
DA:85,10
DA:86,10
DA:87,10
DA:88,10
DA:89,10
DA:90,10
DA:91,10
DA:92,10
DA:93,10
DA:94,10
DA:95,10
DA:96,10
DA:97,10
DA:98,10
DA:99,10
DA:100,10
DA:101,10
DA:103,10
DA:104,10
DA:105,10
DA:106,10
DA:107,10
DA:108,10
DA:109,10
DA:110,10
DA:111,10
DA:112,10
DA:113,10
DA:114,10
DA:115,10
DA:116,10
DA:117,10
DA:118,10
DA:119,10
DA:120,10
DA:121,10
DA:122,10
DA:123,10
DA:124,10
DA:125,10
DA:131,1
DA:132,1
DA:134,1
DA:136,12
DA:137,12
DA:138,12
DA:139,12
DA:140,12
DA:141,12
DA:142,12
DA:143,12
DA:144,12
DA:145,12
DA:146,12
DA:147,12
DA:148,12
DA:149,12
DA:150,12
DA:151,12
DA:152,12
DA:153,12
DA:154,12
DA:155,12
DA:156,12
DA:157,12
DA:158,12
DA:159,12
DA:161,12
DA:162,12
DA:163,12
DA:164,12
DA:165,12
DA:166,12
DA:167,12
DA:168,12
DA:169,12
DA:170,12
DA:171,12
DA:172,12
DA:173,12
DA:174,12
DA:175,12
DA:176,12
DA:177,12
DA:178,12
DA:179,12
DA:180,12
DA:181,12
DA:182,12
DA:184,12
DA:185,12
DA:186,12
DA:187,12
DA:188,12
DA:189,12
DA:190,12
DA:191,12
DA:192,12
DA:193,12
DA:194,12
DA:195,12
DA:196,12
DA:197,12
DA:198,12
DA:199,12
DA:200,12
DA:201,12
DA:202,12
DA:203,12
DA:204,12
DA:205,12
DA:206,12
DA:208,12
DA:209,12
DA:210,12
DA:211,12
DA:212,12
DA:213,12
DA:214,12
DA:215,12
DA:216,12
DA:217,12
DA:218,12
DA:219,12
DA:220,12
DA:221,12
DA:222,12
DA:223,12
DA:224,12
DA:225,12
DA:226,12
DA:227,12
DA:228,12
DA:229,12
DA:231,12
DA:232,12
DA:233,12
DA:234,12
DA:235,12
DA:236,12
DA:237,12
DA:238,12
DA:239,12
DA:240,12
DA:241,12
DA:242,12
DA:243,12
DA:244,12
DA:245,12
DA:246,12
DA:247,12
DA:248,12
DA:249,12
DA:250,12
DA:251,12
DA:253,12
DA:254,12
DA:255,12
DA:256,12
DA:257,12
DA:258,12
DA:259,12
DA:260,12
DA:261,12
DA:262,12
DA:263,12
DA:264,12
DA:265,12
DA:266,12
DA:267,12
DA:268,12
DA:269,12
DA:270,12
DA:276,1
DA:277,1
DA:279,1
DA:281,6
DA:282,6
DA:283,6
DA:284,6
DA:285,6
DA:286,6
DA:287,6
DA:288,6
DA:289,6
DA:290,6
DA:291,6
DA:292,6
DA:293,6
DA:294,6
DA:295,6
DA:296,6
DA:297,6
DA:298,6
DA:299,6
DA:300,6
DA:301,6
DA:302,6
DA:303,6
DA:305,6
DA:306,6
DA:307,6
DA:308,6
DA:309,6
DA:310,6
DA:311,6
DA:312,6
DA:313,6
DA:314,6
DA:315,6
DA:316,6
DA:317,6
DA:318,6
DA:319,6
DA:320,6
DA:321,6
DA:322,6
DA:323,6
DA:324,6
DA:325,6
DA:326,6
DA:328,6
DA:329,6
DA:330,6
DA:331,6
DA:332,6
DA:333,6
DA:334,6
DA:335,6
DA:336,6
DA:337,6
DA:338,6
DA:339,6
DA:340,6
DA:341,6
DA:342,6
DA:343,6
DA:344,6
DA:345,6
DA:346,6
DA:347,6
DA:348,6
DA:349,6
DA:351,6
DA:352,6
DA:353,6
DA:354,6
DA:355,6
DA:356,6
DA:357,6
DA:358,6
DA:359,6
DA:360,6
DA:361,6
DA:362,6
DA:363,6
DA:364,6
DA:365,6
DA:366,6
DA:367,6
DA:368,6
DA:369,6
DA:370,6
DA:371,6
DA:372,6
DA:378,1
DA:379,1
DA:381,1
DA:383,6
DA:384,6
DA:385,6
DA:386,6
DA:387,6
DA:388,6
DA:389,6
DA:390,6
DA:391,6
DA:392,6
DA:393,6
DA:394,6
DA:395,6
DA:396,6
DA:397,6
DA:398,6
DA:399,6
DA:400,6
DA:402,6
DA:403,6
DA:404,6
DA:405,6
DA:406,6
DA:407,6
DA:408,6
DA:409,6
DA:410,6
DA:411,6
DA:412,6
DA:413,6
DA:414,6
DA:415,6
DA:416,6
DA:417,6
DA:418,6
DA:419,6
DA:420,6
DA:421,6
DA:422,6
DA:423,6
DA:424,6
DA:426,6
DA:427,6
DA:428,6
DA:429,6
DA:430,6
DA:431,6
DA:432,6
DA:433,6
DA:434,6
DA:435,6
DA:436,6
DA:437,6
DA:438,6
DA:439,6
DA:440,6
DA:441,6
DA:442,6
DA:443,6
DA:444,6
DA:445,6
DA:446,6
DA:448,6
DA:449,6
DA:450,6
DA:451,6
DA:452,6
DA:453,6
DA:454,6
DA:455,6
DA:456,6
DA:457,6
DA:458,6
DA:459,6
DA:460,6
DA:461,6
DA:462,6
DA:463,6
DA:464,6
DA:465,6
DA:466,6
DA:467,6
DA:468,6
DA:469,6
DA:475,1
DA:477,1
DA:478,1
DA:479,1
DA:480,1
DA:481,1
DA:482,1
DA:483,1
DA:484,1
DA:485,1
DA:486,1
DA:487,1
DA:488,1
DA:489,1
DA:490,1
DA:491,1
DA:492,1
DA:493,1
DA:494,1
DA:495,1
DA:496,1
DA:497,1
DA:498,1
DA:500,1
DA:501,1
DA:502,1
DA:503,1
DA:504,1
DA:505,1
DA:506,1
DA:507,1
DA:508,1
DA:509,1
DA:510,1
DA:511,1
DA:512,1
DA:513,1
DA:514,1
DA:515,1
DA:516,1
DA:517,1
DA:518,1
DA:519,1
DA:520,1
DA:521,1
DA:523,1
DA:524,1
DA:525,1
DA:526,1
DA:527,1
DA:528,1
DA:529,1
DA:530,1
DA:531,1
DA:532,1
DA:533,1
DA:534,1
DA:535,1
DA:536,1
DA:537,1
DA:538,1
DA:539,1
DA:541,1
DA:542,1
DA:543,1
DA:544,1
DA:545,1
DA:546,1
DA:547,1
DA:548,1
DA:549,1
DA:550,1
DA:551,1
DA:552,1
DA:553,1
DA:554,1
DA:555,1
DA:556,1
DA:557,1
DA:558,1
DA:559,1
DA:560,1
DA:561,1
DA:562,1
DA:564,1
DA:565,1
DA:566,1
DA:567,1
DA:568,1
DA:569,1
DA:570,1
DA:571,1
DA:572,1
DA:573,1
DA:574,1
DA:575,1
DA:576,1
DA:577,1
DA:578,1
DA:579,1
DA:580,1
DA:581,1
DA:582,1
DA:583,1
DA:585,1
DA:586,1
DA:587,1
DA:588,1
DA:589,1
DA:590,1
DA:591,1
DA:592,1
DA:593,1
DA:594,1
DA:595,1
DA:596,1
DA:597,1
DA:598,1
DA:599,1
DA:600,1
DA:601,1
DA:602,1
DA:603,1
DA:604,1
DA:606,1
DA:607,1
DA:608,1
DA:609,1
DA:610,1
DA:611,1
DA:612,1
DA:613,1
DA:614,1
DA:615,1
DA:616,1
DA:617,1
DA:618,1
DA:619,1
DA:620,1
DA:621,1
DA:622,1
DA:623,1
DA:624,1
DA:625,1
DA:627,1
DA:628,1
DA:629,1
DA:630,1
DA:631,1
DA:632,1
DA:633,1
DA:634,1
DA:635,1
DA:636,1
DA:637,1
DA:638,1
DA:639,1
DA:640,1
DA:641,1
DA:642,1
DA:643,1
DA:644,1
DA:645,1
DA:647,1
DA:648,1
DA:649,1
DA:650,1
DA:651,1
DA:652,1
DA:653,1
DA:654,1
DA:655,1
DA:656,1
DA:657,1
DA:658,1
DA:659,1
DA:660,1
DA:661,1
DA:662,1
DA:663,1
DA:664,1
DA:665,1
DA:667,1
DA:668,1
DA:669,1
DA:670,1
DA:671,1
DA:672,1
DA:673,1
DA:674,1
DA:675,1
DA:676,1
DA:677,1
DA:678,1
DA:679,1
DA:680,1
DA:681,1
DA:682,1
DA:683,1
DA:684,1
DA:685,1
DA:686,1
DA:687,1
DA:694,1
DA:695,1
DA:696,1
DA:697,1
DA:698,1
DA:699,1
DA:700,1
DA:703,1
DA:704,7
DA:705,7
DA:708,1
DA:709,1
DA:710,1
DA:713,1
DA:714,0
DA:715,0
DA:718,1
DA:719,0
DA:720,0
DA:723,1
DA:724,0
DA:725,0
DA:726,0
DA:727,0
DA:728,0
DA:729,0
DA:730,0
DA:733,1
DA:734,1
DA:735,1
DA:736,1
DA:737,1
DA:738,1
LF:645
LH:634
BRDA:28,0,0,10
BRDA:134,1,0,12
BRDA:279,2,0,6
BRDA:381,3,0,6
BRDA:703,4,0,7
BRDA:704,5,0,630
BRDA:708,6,0,1
BRDA:709,7,0,90
BRF:8
BRH:8
end_of_record
TN:
SF:src/scada/types.ts
FN:1,(empty-report)
FNF:1
FNH:1
FNDA:1,(empty-report)
LF:0
LH:0
BRDA:1,0,0,1
BRF:1
BRH:1
end_of_record
TN:
SF:src/scada/useSCADA.ts
FN:1,(empty-report)
FNF:1
FNH:0
FNDA:0,(empty-report)
DA:1,0
DA:41,0
DA:42,0
DA:43,0
DA:44,0
DA:45,0
DA:46,0
DA:53,0
DA:56,0
DA:59,0
DA:62,0
DA:65,0
DA:66,0
DA:67,0
DA:70,0
DA:71,0
DA:72,0
DA:73,0
DA:74,0
DA:77,0
DA:78,0
DA:79,0
DA:80,0
DA:81,0
DA:84,0
DA:85,0
DA:86,0
DA:89,0
DA:90,0
DA:91,0
DA:92,0
DA:95,0
DA:96,0
DA:97,0
DA:98,0
DA:99,0
DA:100,0
DA:101,0
DA:104,0
DA:105,0
DA:106,0
DA:107,0
DA:108,0
DA:109,0
DA:110,0
DA:113,0
DA:114,0
DA:115,0
DA:116,0
DA:119,0
DA:120,0
DA:121,0
DA:124,0
DA:125,0
DA:126,0
DA:129,0
DA:130,0
DA:131,0
DA:134,0
DA:135,0
DA:136,0
DA:139,0
DA:140,0
DA:141,0
DA:143,0
DA:144,0
DA:147,0
DA:148,0
DA:149,0
DA:150,0
DA:152,0
DA:153,0
DA:154,0
DA:157,0
DA:158,0
DA:159,0
DA:160,0
DA:161,0
DA:163,0
DA:166,0
DA:167,0
DA:168,0
DA:169,0
DA:172,0
DA:173,0
DA:174,0
DA:175,0
DA:176,0
DA:178,0
DA:179,0
DA:180,0
DA:181,0
DA:182,0
DA:183,0
DA:184,0
DA:185,0
DA:186,0
DA:189,0
DA:190,0
DA:191,0
DA:192,0
DA:193,0
DA:194,0
DA:195,0
DA:196,0
DA:197,0
DA:198,0
DA:199,0
DA:200,0
DA:250,0
DA:252,0
DA:254,0
DA:257,0
DA:260,0
DA:262,0
DA:265,0
DA:267,0
DA:269,0
DA:270,0
DA:271,0
DA:272,0
DA:273,0
DA:274,0
DA:275,0
DA:278,0
DA:279,0
DA:281,0
DA:282,0
DA:283,0
DA:284,0
DA:285,0
DA:286,0
DA:287,0
DA:288,0
DA:289,0
DA:290,0
DA:291,0
DA:292,0
DA:295,0
DA:296,0
DA:297,0
DA:300,0
DA:301,0
DA:302,0
DA:303,0
DA:305,0
DA:306,0
DA:307,0
DA:308,0
DA:311,0
DA:312,0
DA:313,0
DA:314,0
DA:316,0
DA:317,0
DA:318,0
DA:319,0
DA:320,0
DA:321,0
DA:322,0
DA:324,0
DA:325,0
DA:326,0
DA:327,0
DA:328,0
DA:329,0
DA:330,0
DA:333,0
DA:334,0
DA:335,0
DA:336,0
DA:339,0
DA:340,0
DA:341,0
DA:342,0
DA:345,0
DA:346,0
DA:347,0
DA:348,0
DA:349,0
DA:350,0
DA:351,0
DA:352,0
DA:353,0
DA:356,0
DA:357,0
DA:358,0
DA:359,0
DA:360,0
DA:361,0
DA:362,0
DA:365,0
DA:366,0
DA:367,0
DA:368,0
DA:369,0
DA:370,0
DA:372,0
DA:373,0
DA:374,0
DA:375,0
DA:376,0
DA:377,0
DA:379,0
DA:380,0
DA:381,0
DA:382,0
DA:383,0
DA:386,0
DA:387,0
DA:388,0
DA:391,0
DA:392,0
DA:393,0
DA:394,0
DA:395,0
DA:396,0
DA:397,0
DA:398,0
DA:399,0
DA:401,0
DA:402,0
DA:403,0
DA:404,0
DA:405,0
DA:406,0
DA:407,0
DA:408,0
DA:409,0
DA:411,0
DA:412,0
DA:413,0
DA:414,0
DA:415,0
DA:416,0
DA:417,0
DA:418,0
DA:419,0
DA:420,0
DA:421,0
DA:422,0
DA:423,0
DA:424,0
DA:425,0
DA:426,0
DA:427,0
DA:428,0
DA:429,0
DA:430,0
DA:431,0
DA:432,0
DA:433,0
DA:439,0
DA:443,0
DA:445,0
DA:446,0
DA:447,0
DA:448,0
DA:450,0
DA:451,0
DA:452,0
DA:453,0
DA:454,0
DA:455,0
DA:456,0
DA:457,0
DA:460,0
DA:462,0
DA:463,0
DA:464,0
DA:465,0
DA:468,0
DA:469,0
DA:470,0
DA:471,0
DA:472,0
DA:473,0
DA:474,0
DA:475,0
DA:476,0
DA:478,0
DA:479,0
DA:485,0
DA:490,0
DA:491,0
DA:494,0
DA:495,0
DA:496,0
DA:497,0
DA:499,0
DA:500,0
DA:501,0
DA:502,0
DA:505,0
DA:507,0
DA:509,0
DA:510,0
DA:511,0
DA:512,0
DA:513,0
DA:514,0
DA:515,0
DA:517,0
DA:518,0
DA:524,0
DA:530,0
DA:532,0
DA:533,0
DA:534,0
DA:535,0
DA:537,0
DA:540,0
DA:541,0
DA:542,0
DA:543,0
DA:545,0
DA:546,0
DA:547,0
DA:548,0
DA:549,0
DA:551,0
DA:552,0
DA:554,0
DA:555,0
DA:556,0
DA:557,0
DA:559,0
DA:560,0
DA:561,0
DA:562,0
DA:564,0
DA:565,0
DA:566,0
DA:567,0
DA:568,0
DA:569,0
DA:570,0
DA:571,0
LF:338
LH:0
BRDA:1,0,0,0
BRF:1
BRH:0
end_of_record
TN:
SF:src/scada/useSCADAVisuals.ts
FN:1,(empty-report)
FNF:1
FNH:0
FNDA:0,(empty-report)
DA:1,0
DA:23,0
DA:24,0
DA:25,0
DA:26,0
DA:27,0
DA:29,0
DA:30,0
DA:31,0
DA:32,0
DA:33,0
DA:38,0
DA:39,0
DA:40,0
DA:41,0
DA:43,0
DA:44,0
DA:46,0
DA:47,0
DA:48,0
DA:49,0
DA:50,0
DA:51,0
DA:52,0
DA:53,0
DA:54,0
DA:56,0
DA:57,0
DA:58,0
DA:64,0
DA:67,0
DA:68,0
DA:70,0
DA:71,0
DA:72,0
DA:73,0
DA:75,0
DA:76,0
DA:77,0
DA:78,0
DA:79,0
DA:80,0
DA:81,0
DA:83,0
DA:84,0
DA:89,0
DA:93,0
DA:94,0
DA:96,0
DA:97,0
DA:99,0
DA:100,0
DA:101,0
DA:102,0
DA:105,0
DA:106,0
DA:107,0
DA:108,0
DA:109,0
DA:110,0
DA:111,0
DA:112,0
DA:114,0
DA:115,0
DA:116,0
DA:118,0
DA:119,0
DA:120,0
DA:121,0
DA:122,0
DA:123,0
DA:124,0
DA:130,0
DA:131,0
DA:132,0
DA:133,0
DA:135,0
DA:136,0
DA:137,0
DA:138,0
DA:139,0
DA:141,0
DA:144,0
DA:145,0
DA:147,0
DA:148,0
DA:149,0
DA:150,0
DA:151,0
DA:152,0
DA:153,0
DA:154,0
DA:155,0
DA:156,0
DA:157,0
DA:159,0
DA:160,0
DA:161,0
DA:166,0
DA:170,0
DA:171,0
DA:173,0
DA:174,0
DA:175,0
DA:176,0
DA:178,0
DA:179,0
DA:180,0
DA:182,0
DA:183,0
DA:184,0
DA:185,0
DA:186,0
DA:187,0
DA:188,0
LF:115
LH:0
BRDA:1,0,0,0
BRF:1
BRH:0
end_of_record
TN:
SF:src/scada/adapters/MQTTAdapter.ts
FN:60,MQTTWebSocketClient
FN:65,connect
FN:121,disconnect
FN:135,isConnected
FN:139,subscribe
FN:148,unsubscribe
FN:160,publish
FN:199,sendConnectPacket
FN:232,sendSubscribePacket
FN:255,sendUnsubscribePacket
FN:276,handleMessage
FN:290,handlePublish
FN:321,topicMatches
FN:340,handleDisconnect
FN:347,startKeepAlive
FN:357,stopKeepAlive
FN:387,MQTTAdapter
FN:396,connect
FN:445,disconnect
FN:462,isConnected
FN:470,readTag
FN:487,readTags
FN:491,readAllTags
FN:500,writeTag
FN:540,subscribe
FN:566,getConnectionStatus
FN:576,getStatistics
FN:591,handleTagMessage
FN:627,parseTagPayload
FN:637,parseQuality
FN:645,handleDisconnect
FN:667,notifySubscribers
FNF:32
FNH:0
FNDA:0,MQTTWebSocketClient
FNDA:0,connect
FNDA:0,disconnect
FNDA:0,isConnected
FNDA:0,subscribe
FNDA:0,unsubscribe
FNDA:0,publish
FNDA:0,sendConnectPacket
FNDA:0,sendSubscribePacket
FNDA:0,sendUnsubscribePacket
FNDA:0,handleMessage
FNDA:0,handlePublish
FNDA:0,topicMatches
FNDA:0,handleDisconnect
FNDA:0,startKeepAlive
FNDA:0,stopKeepAlive
FNDA:0,MQTTAdapter
FNDA:0,connect
FNDA:0,disconnect
FNDA:0,isConnected
FNDA:0,readTag
FNDA:0,readTags
FNDA:0,readAllTags
FNDA:0,writeTag
FNDA:0,subscribe
FNDA:0,getConnectionStatus
FNDA:0,getStatistics
FNDA:0,handleTagMessage
FNDA:0,parseTagPayload
FNDA:0,parseQuality
FNDA:0,handleDisconnect
FNDA:0,notifySubscribers
DA:1,1
DA:46,1
DA:47,1
DA:50,1
DA:51,1
DA:52,1
DA:53,1
DA:54,1
DA:60,1
DA:61,0
DA:62,0
DA:63,0
DA:65,1
DA:66,0
DA:68,0
DA:70,0
DA:71,0
DA:72,0
DA:73,0
DA:75,0
DA:76,0
DA:77,0
DA:79,0
DA:80,0
DA:81,0
DA:83,0
DA:84,0
DA:85,0
DA:86,0
DA:87,0
DA:88,0
DA:89,0
DA:91,0
DA:92,0
DA:93,0
DA:96,0
DA:97,0
DA:98,0
DA:99,0
DA:101,0
DA:102,0
DA:103,0
DA:105,0
DA:106,0
DA:107,0
DA:108,0
DA:109,0
DA:110,0
DA:111,0
DA:112,0
DA:113,0
DA:114,0
DA:115,0
DA:116,0
DA:117,0
DA:118,0
DA:119,0
DA:121,1
DA:122,0
DA:124,0
DA:125,0
DA:126,0
DA:127,0
DA:128,0
DA:129,0
DA:130,0
DA:131,0
DA:132,0
DA:133,0
DA:135,1
DA:136,0
DA:137,0
DA:139,1
DA:140,0
DA:141,0
DA:143,0
DA:144,0
DA:145,0
DA:146,0
DA:148,1
DA:149,0
DA:150,0
DA:151,0
DA:152,0
DA:153,0
DA:155,0
DA:156,0
DA:157,0
DA:158,0
DA:160,1
DA:161,0
DA:162,0
DA:163,0
DA:165,0
DA:166,0
DA:169,0
DA:170,0
DA:172,0
DA:173,0
DA:175,0
DA:176,0
DA:179,0
DA:180,0
DA:183,0
DA:184,0
DA:187,0
DA:188,0
DA:189,0
DA:190,0
DA:191,0
DA:194,0
DA:196,0
DA:197,0
DA:199,1
DA:200,0
DA:202,0
DA:203,0
DA:206,0
DA:207,0
DA:208,0
DA:209,0
DA:210,0
DA:211,0
DA:212,0
DA:215,0
DA:216,0
DA:217,0
DA:218,0
DA:219,0
DA:221,0
DA:223,0
DA:224,0
DA:225,0
DA:226,0
DA:227,0
DA:229,0
DA:230,0
DA:232,1
DA:233,0
DA:235,0
DA:236,0
DA:238,0
DA:239,0
DA:240,0
DA:242,0
DA:243,0
DA:244,0
DA:245,0
DA:246,0
DA:247,0
DA:248,0
DA:249,0
DA:250,0
DA:252,0
DA:253,0
DA:255,1
DA:256,0
DA:258,0
DA:259,0
DA:261,0
DA:262,0
DA:263,0
DA:265,0
DA:266,0
DA:267,0
DA:268,0
DA:269,0
DA:270,0
DA:271,0
DA:273,0
DA:274,0
DA:276,1
DA:277,0
DA:278,0
DA:280,0
DA:281,0
DA:282,0
DA:283,0
DA:284,0
DA:286,0
DA:287,0
DA:288,0
DA:290,1
DA:291,0
DA:294,0
DA:297,0
DA:298,0
DA:301,0
DA:302,0
DA:305,0
DA:308,0
DA:309,0
DA:310,0
DA:311,0
DA:312,0
DA:313,0
DA:314,0
DA:315,0
DA:316,0
DA:317,0
DA:318,0
DA:319,0
DA:321,1
DA:322,0
DA:323,0
DA:325,0
DA:326,0
DA:327,0
DA:328,0
DA:329,0
DA:330,0
DA:331,0
DA:332,0
DA:333,0
DA:334,0
DA:335,0
DA:337,0
DA:338,0
DA:340,1
DA:341,0
DA:342,0
DA:343,0
DA:344,0
DA:345,0
DA:347,1
DA:348,0
DA:349,0
DA:351,0
DA:352,0
DA:353,0
DA:354,0
DA:355,0
DA:357,1
DA:358,0
DA:359,0
DA:360,0
DA:361,0
DA:362,0
DA:363,1
DA:365,1
DA:367,1
DA:368,1
DA:369,1
DA:370,1
DA:371,1
DA:372,1
DA:373,1
DA:374,1
DA:375,1
DA:377,1
DA:380,1
DA:381,1
DA:382,1
DA:383,1
DA:384,1
DA:385,1
DA:387,1
DA:388,0
DA:389,0
DA:390,0
DA:396,1
DA:397,0
DA:399,0
DA:400,0
DA:401,0
DA:402,0
DA:404,0
DA:406,0
DA:407,0
DA:409,0
DA:410,0
DA:411,0
DA:413,0
DA:414,0
DA:415,0
DA:416,0
DA:418,0
DA:419,0
DA:420,0
DA:421,0
DA:422,0
DA:424,0
DA:426,0
DA:427,0
DA:428,0
DA:429,0
DA:432,0
DA:433,0
DA:434,0
DA:435,0
DA:437,0
DA:438,0
DA:439,0
DA:440,0
DA:441,0
DA:442,0
DA:443,0
DA:445,1
DA:446,0
DA:447,0
DA:448,0
DA:449,0
DA:451,0
DA:452,0
DA:453,0
DA:454,0
DA:456,0
DA:457,0
DA:458,0
DA:459,0
DA:460,0
DA:462,1
DA:463,0
DA:464,0
DA:470,1
DA:472,0
DA:473,0
DA:475,0
DA:476,0
DA:477,0
DA:478,0
DA:479,0
DA:480,0
DA:481,0
DA:483,0
DA:484,0
DA:485,0
DA:487,1
DA:488,0
DA:489,0
DA:491,1
DA:492,0
DA:493,0
DA:494,0
DA:500,1
DA:501,0
DA:502,0
DA:503,0
DA:504,0
DA:506,0
DA:507,0
DA:508,0
DA:509,0
DA:510,0
DA:512,0
DA:513,0
DA:514,0
DA:515,0
DA:517,0
DA:518,0
DA:519,0
DA:520,0
DA:521,0
DA:522,0
DA:523,0
DA:524,0
DA:526,0
DA:527,0
DA:528,0
DA:529,0
DA:530,0
DA:531,0
DA:532,0
DA:533,0
DA:534,0
DA:540,1
DA:541,0
DA:542,0
DA:543,0
DA:544,0
DA:545,0
DA:546,0
DA:548,0
DA:549,0
DA:550,0
DA:551,0
DA:552,0
DA:553,0
DA:555,0
DA:556,0
DA:557,0
DA:558,0
DA:559,0
DA:560,0
DA:566,1
DA:567,0
DA:568,0
DA:569,0
DA:570,0
DA:571,0
DA:572,0
DA:573,0
DA:574,0
DA:576,1
DA:577,0
DA:578,0
DA:579,0
DA:580,0
DA:581,0
DA:582,0
DA:583,0
DA:584,0
DA:585,0
DA:591,1
DA:592,0
DA:594,0
DA:597,0
DA:598,0
DA:599,0
DA:600,0
DA:601,0
DA:602,0
DA:603,0
DA:605,0
DA:606,0
DA:608,0
DA:609,0
DA:612,0
DA:613,0
DA:614,0
DA:615,0
DA:616,0
DA:617,0
DA:618,0
DA:619,0
DA:620,0
DA:621,0
DA:622,0
DA:623,0
DA:624,0
DA:625,0
DA:627,1
DA:628,0
DA:629,0
DA:630,0
DA:631,0
DA:632,0
DA:633,0
DA:634,0
DA:635,0
DA:637,1
DA:638,0
DA:639,0
DA:640,0
DA:641,0
DA:642,0
DA:643,0
DA:645,1
DA:646,0
DA:647,0
DA:648,0
DA:650,0
DA:652,0
DA:653,0
DA:655,0
DA:657,0
DA:658,0
DA:659,0
DA:660,0
DA:661,0
DA:662,0
DA:663,0
DA:664,0
DA:665,0
DA:667,1
DA:669,0
DA:670,0
DA:671,0
DA:672,0
DA:673,0
DA:674,0
DA:675,0
DA:678,0
DA:680,0
DA:681,0
DA:682,0
DA:683,0
DA:684,0
DA:685,0
DA:686,0
DA:687,0
DA:688,0
DA:689,0
DA:690,0
DA:692,0
DA:693,0
DA:694,0
DA:695,0
DA:696,0
DA:697,0
DA:698,0
DA:699,0
DA:700,1
LF:493
LH:59
BRF:0
BRH:0
end_of_record
TN:
SF:src/scada/adapters/RESTAdapter.ts
FN:65,RESTAdapter
FN:74,connect
FN:109,disconnect
FN:120,isConnected
FN:128,readTag
FN:154,readTags
FN:185,readAllTags
FN:194,writeTag
FN:234,subscribe
FN:261,getConnectionStatus
FN:271,getStatistics
FN:288,poll
FN:300,handleConnectionError
FN:318,fetchWithAuth
FN:328,parseTagResponse
FN:338,parseQuality
FN:346,updateLatency
FN:351,notifySubscribers
FNF:18
FNH:0
FNDA:0,RESTAdapter
FNDA:0,connect
FNDA:0,disconnect
FNDA:0,isConnected
FNDA:0,readTag
FNDA:0,readTags
FNDA:0,readAllTags
FNDA:0,writeTag
FNDA:0,subscribe
FNDA:0,getConnectionStatus
FNDA:0,getStatistics
FNDA:0,poll
FNDA:0,handleConnectionError
FNDA:0,fetchWithAuth
FNDA:0,parseTagResponse
FNDA:0,parseQuality
FNDA:0,updateLatency
FNDA:0,notifySubscribers
DA:43,1
DA:45,1
DA:46,1
DA:47,1
DA:48,1
DA:49,1
DA:50,1
DA:51,1
DA:52,1
DA:53,1
DA:57,1
DA:58,1
DA:59,1
DA:60,1
DA:61,1
DA:62,1
DA:63,1
DA:65,1
DA:66,0
DA:67,0
DA:68,0
DA:74,1
DA:75,0
DA:77,0
DA:78,0
DA:79,0
DA:80,0
DA:82,0
DA:84,0
DA:85,0
DA:86,0
DA:87,0
DA:89,0
DA:90,0
DA:91,0
DA:92,0
DA:95,0
DA:96,0
DA:99,0
DA:101,0
DA:102,0
DA:103,0
DA:104,0
DA:105,0
DA:106,0
DA:107,0
DA:109,1
DA:110,0
DA:111,0
DA:112,0
DA:113,0
DA:114,0
DA:115,0
DA:116,0
DA:117,0
DA:118,0
DA:120,1
DA:121,0
DA:122,0
DA:128,1
DA:129,0
DA:131,0
DA:132,0
DA:133,0
DA:134,0
DA:136,0
DA:137,0
DA:138,0
DA:140,0
DA:141,0
DA:143,0
DA:144,0
DA:145,0
DA:147,0
DA:148,0
DA:149,0
DA:150,0
DA:151,0
DA:152,0
DA:154,1
DA:155,0
DA:157,0
DA:158,0
DA:159,0
DA:160,0
DA:161,0
DA:162,0
DA:163,0
DA:164,0
DA:165,0
DA:167,0
DA:168,0
DA:169,0
DA:171,0
DA:172,0
DA:174,0
DA:175,0
DA:176,0
DA:178,0
DA:179,0
DA:180,0
DA:181,0
DA:182,0
DA:183,0
DA:185,1
DA:186,0
DA:187,0
DA:188,0
DA:194,1
DA:195,0
DA:196,0
DA:197,0
DA:198,0
DA:199,0
DA:201,0
DA:202,0
DA:203,0
DA:204,0
DA:206,0
DA:207,0
DA:208,0
DA:209,0
DA:210,0
DA:211,0
DA:212,0
DA:213,0
DA:214,0
DA:215,0
DA:217,0
DA:218,0
DA:219,0
DA:221,0
DA:222,0
DA:223,0
DA:224,0
DA:225,0
DA:226,0
DA:227,0
DA:228,0
DA:234,1
DA:235,0
DA:237,0
DA:238,0
DA:239,0
DA:240,0
DA:241,0
DA:243,0
DA:244,0
DA:245,0
DA:246,0
DA:247,0
DA:248,0
DA:250,0
DA:251,0
DA:252,0
DA:253,0
DA:254,0
DA:255,0
DA:261,1
DA:262,0
DA:263,0
DA:264,0
DA:265,0
DA:266,0
DA:267,0
DA:268,0
DA:269,0
DA:271,1
DA:272,0
DA:273,0
DA:274,0
DA:275,0
DA:276,0
DA:277,0
DA:278,0
DA:279,0
DA:280,0
DA:281,0
DA:282,0
DA:288,1
DA:289,0
DA:291,0
DA:292,0
DA:293,0
DA:294,0
DA:295,0
DA:296,0
DA:297,0
DA:298,0
DA:300,1
DA:301,0
DA:302,0
DA:304,0
DA:305,0
DA:306,0
DA:307,0
DA:309,0
DA:310,0
DA:311,0
DA:312,0
DA:318,1
DA:319,0
DA:321,0
DA:322,0
DA:323,0
DA:325,0
DA:326,0
DA:328,1
DA:329,0
DA:330,0
DA:331,0
DA:332,0
DA:333,0
DA:334,0
DA:335,0
DA:336,0
DA:338,1
DA:339,0
DA:340,0
DA:341,0
DA:342,0
DA:343,0
DA:344,0
DA:346,1
DA:347,0
DA:348,0
DA:349,0
DA:351,1
DA:353,0
DA:354,0
DA:355,0
DA:356,0
DA:357,0
DA:358,0
DA:359,0
DA:362,0
DA:364,0
DA:365,0
DA:366,0
DA:367,0
DA:368,0
DA:369,0
DA:370,0
DA:371,0
DA:372,0
DA:373,0
DA:374,0
DA:376,0
DA:377,0
DA:378,0
DA:379,0
DA:380,0
DA:381,0
DA:382,0
DA:383,0
DA:384,1
LF:256
LH:36
BRF:0
BRH:0
end_of_record
TN:
SF:src/scada/adapters/SimulationAdapter.ts
FN:59,SimulationAdapter
FN:85,connect
FN:107,disconnect
FN:118,isConnected
FN:126,readTag
FN:140,readTags
FN:144,readAllTags
FN:153,writeTag
FN:186,subscribe
FN:206,getConnectionStatus
FN:214,getStatistics
FN:233,updateMachineStates
FN:251,getPlantLoad
FN:270,injectFault
FN:284,clearFault
FN:292,clearAllFaults
FN:300,getActiveFaults
FN:308,tick
FN:413,applyFault
FN:457,applyCorrelations
FN:486,notifySubscribers
FN:512,getDefaultValue
FNF:22
FNH:21
FNDA:44,SimulationAdapter
FNDA:43,connect
FNDA:44,disconnect
FNDA:6,isConnected
FNDA:8,readTag
FNDA:1,readTags
FNDA:1,readAllTags
FNDA:4,writeTag
FNDA:24,subscribe
FNDA:3,getConnectionStatus
FNDA:2,getStatistics
FNDA:3,updateMachineStates
FNDA:2,getPlantLoad
FNDA:10,injectFault
FNDA:2,clearFault
FNDA:4,clearAllFaults
FNDA:11,getActiveFaults
FNDA:28,tick
FNDA:5,applyFault
FNDA:417,applyCorrelations
FNDA:28,notifySubscribers
FNDA:0,getDefaultValue
DA:41,1
DA:42,1
DA:43,1
DA:44,1
DA:45,1
DA:46,1
DA:47,1
DA:48,1
DA:49,1
DA:52,1
DA:53,1
DA:54,1
DA:55,1
DA:56,1
DA:57,1
DA:59,1
DA:60,44
DA:64,44
DA:65,44
DA:66,2133
DA:67,2133
DA:68,2133
DA:69,44
DA:71,44
DA:72,458
DA:73,458
DA:74,458
DA:75,458
DA:76,458
DA:77,458
DA:78,44
DA:79,44
DA:85,1
DA:86,43
DA:89,42
DA:90,2040
DA:91,2040
DA:92,2040
DA:93,2040
DA:94,2040
DA:95,2040
DA:96,2040
DA:97,42
DA:100,42
DA:101,42
DA:102,42
DA:104,42
DA:105,43
DA:107,1
DA:108,44
DA:109,42
DA:110,42
DA:111,42
DA:112,44
DA:113,44
DA:114,44
DA:115,44
DA:116,44
DA:118,1
DA:119,6
DA:120,6
DA:126,1
DA:127,8
DA:128,8
DA:130,8
DA:131,8
DA:132,1
DA:133,1
DA:134,1
DA:136,7
DA:137,7
DA:138,8
DA:140,1
DA:141,1
DA:142,1
DA:144,1
DA:145,1
DA:146,1
DA:147,1
DA:153,1
DA:154,4
DA:156,4
DA:157,4
DA:158,1
DA:159,1
DA:160,1
DA:162,4
DA:163,1
DA:164,1
DA:165,1
DA:168,2
DA:169,2
DA:170,2
DA:172,2
DA:173,2
DA:174,2
DA:175,2
DA:176,2
DA:177,2
DA:179,2
DA:180,4
DA:186,1
DA:187,24
DA:188,1982
DA:189,1982
DA:190,1982
DA:191,1982
DA:192,24
DA:195,24
DA:196,24
DA:197,1982
DA:198,24
DA:199,24
DA:200,24
DA:206,1
DA:207,3
DA:208,3
DA:209,3
DA:210,3
DA:211,3
DA:212,3
DA:214,1
DA:215,2
DA:216,2
DA:217,2
DA:218,2
DA:219,2
DA:220,2
DA:221,2
DA:222,2
DA:223,2
DA:233,1
DA:237,3
DA:238,3
DA:239,6
DA:240,6
DA:241,6
DA:242,6
DA:243,6
DA:244,6
DA:245,3
DA:246,3
DA:251,1
DA:252,2
DA:253,2
DA:254,2
DA:255,4
DA:256,3
DA:257,3
DA:258,3
DA:259,2
DA:260,2
DA:261,2
DA:270,1
DA:271,10
DA:272,10
DA:273,10
DA:274,10
DA:275,10
DA:276,10
DA:277,10
DA:278,10
DA:279,10
DA:284,1
DA:285,2
DA:286,2
DA:287,2
DA:292,1
DA:293,4
DA:294,4
DA:295,4
DA:300,1
DA:301,11
DA:302,11
DA:308,1
DA:309,28
DA:310,28
DA:311,28
DA:314,28
DA:315,6
DA:316,1
DA:317,1
DA:318,28
DA:321,28
DA:322,1998
DA:323,1998
DA:325,1998
DA:326,1998
DA:328,1998
DA:329,1998
DA:332,1998
DA:333,1998
DA:336,1998
DA:339,1998
DA:340,5
DA:341,5
DA:342,5
DA:343,5
DA:345,1993
DA:347,5
DA:348,2
DA:349,5
DA:351,1
DA:352,1
DA:353,1
DA:354,5
DA:355,5
DA:357,1988
DA:359,1988
DA:360,1988
DA:363,1988
DA:365,878
DA:366,878
DA:367,878
DA:370,1988
DA:371,1784
DA:372,1784
DA:378,1988
DA:379,417
DA:380,417
DA:383,1988
DA:386,1988
DA:387,0
DA:388,0
DA:389,0
DA:390,1988
DA:393,1998
DA:394,66
DA:395,66
DA:398,1998
DA:399,1998
DA:400,1998
DA:401,1998
DA:402,1998
DA:403,1998
DA:405,1998
DA:406,1998
DA:407,28
DA:410,28
DA:411,28
DA:413,1
DA:414,5
DA:415,5
DA:416,5
DA:417,5
DA:418,5
DA:419,5
DA:420,3
DA:422,5
DA:424,2
DA:425,2
DA:426,2
DA:427,2
DA:429,5
DA:431,0
DA:432,0
DA:433,0
DA:434,0
DA:435,0
DA:437,5
DA:439,0
DA:441,5
DA:443,0
DA:444,0
DA:445,0
DA:446,0
DA:447,0
DA:449,5
DA:450,0
DA:452,5
DA:453,0
DA:454,5
DA:455,5
DA:457,1
DA:458,417
DA:459,417
DA:460,417
DA:461,417
DA:462,417
DA:463,417
DA:465,417
DA:466,417
DA:467,417
DA:469,417
DA:471,417
DA:472,417
DA:473,417
DA:476,417
DA:477,417
DA:479,417
DA:480,417
DA:481,417
DA:483,417
DA:484,417
DA:486,1
DA:488,28
DA:490,28
DA:491,1998
DA:492,1998
DA:493,1983
DA:494,1982
DA:495,24
DA:496,24
DA:497,1982
DA:498,1983
DA:499,1983
DA:500,28
DA:503,28
DA:504,24
DA:505,24
DA:506,24
DA:507,0
DA:508,0
DA:509,28
DA:510,28
DA:512,1
DA:514,0
DA:515,0
DA:516,1
LF:319
LH:299
BRDA:59,0,0,44
BRDA:60,1,0,2133
BRDA:65,2,0,2133
BRDA:71,3,0,458
BRDA:85,4,0,43
BRDA:86,5,0,1
BRDA:86,6,0,42
BRDA:89,7,0,2040
BRDA:90,8,0,0
BRDA:100,9,0,28
BRDA:107,10,0,44
BRDA:108,11,0,42
BRDA:118,12,0,6
BRDA:126,13,0,8
BRDA:131,14,0,1
BRDA:134,15,0,7
BRDA:140,16,0,1
BRDA:141,17,0,2
BRDA:144,18,0,1
BRDA:146,19,0,3
BRDA:153,20,0,4
BRDA:157,21,0,1
BRDA:160,22,0,3
BRDA:162,23,0,2
BRDA:162,24,0,1
BRDA:186,25,0,24
BRDA:187,26,0,1982
BRDA:195,27,0,24
BRDA:196,28,0,1982
BRDA:206,29,0,3
BRDA:214,30,0,2
BRDA:215,31,0,0
BRDA:217,32,0,0
BRDA:218,33,0,0
BRDA:233,34,0,3
BRDA:238,35,0,6
BRDA:251,36,0,2
BRDA:260,37,0,0
BRDA:254,38,0,4
BRDA:255,39,0,3
BRDA:270,40,0,10
BRDA:275,41,0,9
BRDA:276,42,0,8
BRDA:284,43,0,2
BRDA:292,44,0,4
BRDA:300,45,0,11
BRDA:308,46,0,28
BRDA:314,47,0,6
BRDA:315,48,0,1
BRDA:315,49,0,1
BRDA:321,50,0,1998
BRDA:323,51,0,0
BRDA:326,52,0,0
BRDA:339,53,0,5
BRDA:343,54,0,1993
BRDA:345,55,0,1123
BRDA:345,56,0,5
BRDA:347,57,0,4
BRDA:347,58,0,2
BRDA:349,59,0,3
BRDA:349,60,0,1
BRDA:354,61,0,0
BRDA:355,62,0,1988
BRDA:363,63,0,878
BRDA:363,64,0,878
BRDA:370,65,0,1784
BRDA:378,66,0,417
BRDA:378,67,0,417
BRDA:386,68,0,0
BRDA:393,69,0,66
BRDA:413,70,0,5
BRDA:419,71,0,3
BRDA:422,72,0,2
BRDA:429,73,0,0
BRDA:437,74,0,0
BRDA:441,75,0,0
BRDA:449,76,0,0
BRDA:452,77,0,0
BRDA:454,78,0,0
BRDA:457,79,0,417
BRDA:465,80,0,417
BRDA:486,81,0,28
BRDA:490,82,0,1998
BRDA:492,83,0,1983
BRDA:493,84,0,1982
BRDA:494,85,0,24
BRDA:503,86,0,24
BRDA:506,87,0,0
BRF:88
BRH:72
end_of_record
TN:
SF:src/scada/adapters/WebSocketAdapter.ts
FN:67,WebSocketAdapter
FN:76,connect
FN:142,disconnect
FN:157,isConnected
FN:165,readTag
FN:180,readTags
FN:184,readAllTags
FN:193,writeTag
FN:229,subscribe
FN:255,getConnectionStatus
FN:265,getStatistics
FN:280,handleMessage
FN:344,parseTagValue
FN:353,parseQuality
FN:361,sendMessage
FN:368,handleDisconnect
FN:394,stopReconnect
FN:401,startHeartbeat
FN:409,stopHeartbeat
FN:416,notifySubscribers
FNF:20
FNH:0
FNDA:0,WebSocketAdapter
FNDA:0,connect
FNDA:0,disconnect
FNDA:0,isConnected
FNDA:0,readTag
FNDA:0,readTags
FNDA:0,readAllTags
FNDA:0,writeTag
FNDA:0,subscribe
FNDA:0,getConnectionStatus
FNDA:0,getStatistics
FNDA:0,handleMessage
FNDA:0,parseTagValue
FNDA:0,parseQuality
FNDA:0,sendMessage
FNDA:0,handleDisconnect
FNDA:0,stopReconnect
FNDA:0,startHeartbeat
FNDA:0,stopHeartbeat
FNDA:0,notifySubscribers
DA:1,1
DA:43,1
DA:45,1
DA:46,1
DA:47,1
DA:48,1
DA:49,1
DA:50,1
DA:51,1
DA:52,1
DA:53,1
DA:55,1
DA:56,1
DA:59,1
DA:60,1
DA:61,1
DA:62,1
DA:63,1
DA:64,1
DA:65,1
DA:67,1
DA:68,0
DA:69,0
DA:70,0
DA:76,1
DA:77,0
DA:79,0
DA:80,0
DA:81,0
DA:82,0
DA:85,0
DA:87,0
DA:88,0
DA:89,0
DA:91,0
DA:92,0
DA:93,0
DA:94,0
DA:96,0
DA:97,0
DA:98,0
DA:99,0
DA:100,0
DA:101,0
DA:104,0
DA:107,0
DA:108,0
DA:109,0
DA:110,0
DA:112,0
DA:113,0
DA:114,0
DA:116,0
DA:117,0
DA:118,0
DA:120,0
DA:121,0
DA:122,0
DA:123,0
DA:125,0
DA:126,0
DA:127,0
DA:128,0
DA:129,0
DA:131,0
DA:132,0
DA:133,0
DA:134,0
DA:135,0
DA:136,0
DA:137,0
DA:138,0
DA:139,0
DA:140,0
DA:142,1
DA:143,0
DA:144,0
DA:146,0
DA:147,0
DA:148,0
DA:149,0
DA:151,0
DA:152,0
DA:153,0
DA:154,0
DA:155,0
DA:157,1
DA:158,0
DA:159,0
DA:165,1
DA:166,0
DA:167,0
DA:168,0
DA:169,0
DA:170,0
DA:171,0
DA:172,0
DA:173,0
DA:174,0
DA:176,0
DA:177,0
DA:178,0
DA:180,1
DA:181,0
DA:182,0
DA:184,1
DA:185,0
DA:186,0
DA:187,0
DA:193,1
DA:194,0
DA:195,0
DA:196,0
DA:197,0
DA:199,0
DA:200,0
DA:201,0
DA:202,0
DA:203,0
DA:205,0
DA:206,0
DA:207,0
DA:208,0
DA:210,0
DA:211,0
DA:212,0
DA:213,0
DA:214,0
DA:215,0
DA:216,0
DA:217,0
DA:218,0
DA:219,0
DA:220,0
DA:221,0
DA:222,0
DA:223,0
DA:229,1
DA:230,0
DA:231,0
DA:232,0
DA:233,0
DA:234,0
DA:235,0
DA:237,0
DA:238,0
DA:239,0
DA:240,0
DA:241,0
DA:242,0
DA:244,0
DA:245,0
DA:246,0
DA:247,0
DA:248,0
DA:249,0
DA:255,1
DA:256,0
DA:257,0
DA:258,0
DA:259,0
DA:260,0
DA:261,0
DA:262,0
DA:263,0
DA:265,1
DA:266,0
DA:267,0
DA:268,0
DA:269,0
DA:270,0
DA:271,0
DA:272,0
DA:273,0
DA:274,0
DA:280,1
DA:281,0
DA:283,0
DA:286,0
DA:287,0
DA:288,0
DA:289,0
DA:290,0
DA:291,0
DA:292,0
DA:294,0
DA:295,0
DA:297,0
DA:298,0
DA:299,0
DA:300,0
DA:301,0
DA:302,0
DA:303,0
DA:304,0
DA:306,0
DA:307,0
DA:308,0
DA:309,0
DA:310,0
DA:311,0
DA:312,0
DA:313,0
DA:314,0
DA:315,0
DA:316,0
DA:317,0
DA:318,0
DA:320,0
DA:321,0
DA:322,0
DA:323,0
DA:325,0
DA:326,0
DA:328,0
DA:329,0
DA:330,0
DA:331,0
DA:332,0
DA:333,0
DA:334,0
DA:335,0
DA:336,0
DA:337,0
DA:338,0
DA:339,0
DA:340,0
DA:341,0
DA:342,0
DA:344,1
DA:345,0
DA:346,0
DA:347,0
DA:348,0
DA:349,0
DA:350,0
DA:351,0
DA:353,1
DA:354,0
DA:355,0
DA:356,0
DA:357,0
DA:358,0
DA:359,0
DA:361,1
DA:362,0
DA:363,0
DA:364,0
DA:365,0
DA:366,0
DA:368,1
DA:369,0
DA:370,0
DA:371,0
DA:372,0
DA:374,0
DA:377,0
DA:378,0
DA:379,0
DA:380,0
DA:382,0
DA:384,0
DA:385,0
DA:386,0
DA:387,0
DA:388,0
DA:389,0
DA:390,0
DA:391,0
DA:392,0
DA:394,1
DA:395,0
DA:396,0
DA:397,0
DA:398,0
DA:399,0
DA:401,1
DA:402,0
DA:403,0
DA:404,0
DA:405,0
DA:406,0
DA:407,0
DA:409,1
DA:410,0
DA:411,0
DA:412,0
DA:413,0
DA:414,0
DA:416,1
DA:418,0
DA:419,0
DA:420,0
DA:421,0
DA:422,0
DA:423,0
DA:424,0
DA:427,0
DA:429,0
DA:430,0
DA:431,0
DA:432,0
DA:433,0
DA:434,0
DA:435,0
DA:436,0
DA:437,0
DA:438,0
DA:439,0
DA:441,0
DA:442,0
DA:443,0
DA:444,0
DA:445,0
DA:446,0
DA:447,0
DA:448,0
DA:449,1
LF:318
LH:41
BRF:0
BRH:0
end_of_record
TN:
SF:src/scada/adapters/messageValidation.ts
FN:43,isValidWSMessage
FN:157,isValidBatchTag
FN:191,isValidMQTTPayload
FN:228,MessageValidationError
FNF:4
FNH:4
FNDA:25,isValidWSMessage
FNDA:3,isValidBatchTag
FNDA:17,isValidMQTTPayload
FNDA:2,MessageValidationError
DA:43,1
DA:44,25
DA:45,4
DA:46,4
DA:48,21
DA:51,25
DA:52,1
DA:53,1
DA:55,20
DA:56,20
DA:57,20
DA:58,20
DA:59,20
DA:60,20
DA:61,20
DA:62,20
DA:63,20
DA:64,20
DA:65,20
DA:67,25
DA:68,1
DA:69,1
DA:72,19
DA:73,25
DA:75,7
DA:76,2
DA:77,2
DA:79,5
DA:80,5
DA:81,5
DA:82,0
DA:83,0
DA:84,5
DA:85,5
DA:87,25
DA:89,3
DA:90,0
DA:91,0
DA:92,3
DA:93,1
DA:94,1
DA:95,2
DA:96,3
DA:97,1
DA:98,1
DA:99,1
DA:101,25
DA:102,25
DA:104,3
DA:105,1
DA:106,1
DA:107,3
DA:108,1
DA:109,1
DA:110,1
DA:112,25
DA:113,25
DA:115,3
DA:116,1
DA:117,1
DA:119,3
DA:120,3
DA:121,1
DA:122,1
DA:123,3
DA:124,1
DA:126,25
DA:128,1
DA:129,0
DA:130,0
DA:131,1
DA:133,25
DA:134,25
DA:136,2
DA:137,25
DA:140,25
DA:141,1
DA:142,1
DA:144,25
DA:145,1
DA:146,1
DA:148,9
DA:149,9
DA:157,3
DA:158,3
DA:159,0
DA:160,0
DA:162,3
DA:165,3
DA:166,0
DA:167,0
DA:169,3
DA:170,3
DA:171,0
DA:172,0
DA:174,3
DA:175,0
DA:176,0
DA:178,3
DA:179,1
DA:180,1
DA:182,2
DA:183,2
DA:191,1
DA:192,17
DA:193,4
DA:194,4
DA:196,13
DA:199,17
DA:200,2
DA:201,2
DA:203,11
DA:204,17
DA:205,2
DA:206,2
DA:208,17
DA:209,2
DA:210,2
DA:212,17
DA:213,2
DA:214,2
DA:217,17
DA:218,1
DA:219,1
DA:221,4
DA:222,4
DA:227,1
DA:228,1
DA:229,2
DA:230,2
DA:231,2
DA:232,2
DA:233,2
DA:234,2
DA:235,2
DA:236,1
LF:136
LH:122
BRDA:43,0,0,25
BRDA:44,1,0,22
BRDA:44,2,0,4
BRDA:46,3,0,21
BRDA:51,4,0,1
BRDA:53,5,0,20
BRDA:67,6,0,1
BRDA:69,7,0,19
BRDA:73,8,0,7
BRDA:75,9,0,6
BRDA:75,10,0,2
BRDA:77,11,0,5
BRDA:81,12,0,2
BRDA:81,13,0,1
BRDA:81,14,0,0
BRDA:87,15,0,3
BRDA:89,16,0,0
BRDA:92,17,0,1
BRDA:94,18,0,2
BRDA:96,19,0,1
BRDA:96,20,0,1
BRDA:96,21,0,1
BRDA:101,22,0,3
BRDA:102,23,0,3
BRDA:104,24,0,1
BRDA:106,25,0,2
BRDA:107,26,0,1
BRDA:112,27,0,3
BRDA:113,28,0,3
BRDA:115,29,0,1
BRDA:117,30,0,2
BRDA:120,31,0,1
BRDA:123,32,0,1
BRDA:126,33,0,1
BRDA:128,34,0,0
BRDA:133,35,0,1
BRDA:134,36,0,2
BRDA:137,37,0,11
BRDA:140,38,0,5
BRDA:140,39,0,1
BRDA:142,40,0,10
BRDA:144,41,0,4
BRDA:144,42,0,1
BRDA:146,43,0,9
BRDA:107,44,0,5
BRDA:107,45,0,4
BRDA:157,46,0,3
BRDA:158,47,0,0
BRDA:165,48,0,0
BRDA:170,49,0,0
BRDA:170,50,0,0
BRDA:170,51,0,0
BRDA:174,52,0,0
BRDA:178,53,0,1
BRDA:180,54,0,2
BRDA:191,55,0,17
BRDA:192,56,0,14
BRDA:192,57,0,4
BRDA:194,58,0,13
BRDA:199,59,0,12
BRDA:199,60,0,2
BRDA:201,61,0,11
BRDA:204,62,0,4
BRDA:204,63,0,3
BRDA:204,64,0,2
BRDA:206,65,0,9
BRDA:208,66,0,2
BRDA:210,67,0,7
BRDA:212,68,0,2
BRDA:214,69,0,5
BRDA:217,70,0,2
BRDA:217,71,0,1
BRDA:219,72,0,4
BRDA:228,73,0,2
BRF:74
BRH:65
end_of_record
